Log file open, 10/05/20 14:51:52
LogInit: Display: Running engine for game: SimpleRobotDemo_BP
LogPlatformFile: Not using cached read wrapper
LogTaskGraph: Started task graph with 5 named threads and 11 total threads with 3 sets of task threads.
LogStats: Stats thread started at 1.043708
LogD3D11RHI: Loaded GFSDK_Aftermath_Lib.x64.dll
LogICUInternationalization: ICU TimeZone Detection - Raw Offset: +5:30, Platform Override: ''
LogPluginManager: Mounting plugin Paper2D
LogPluginManager: Mounting plugin AISupport
LogPluginManager: Mounting plugin LightPropagationVolume
LogPluginManager: Mounting plugin CameraShakePreviewer
LogPluginManager: Mounting plugin ActorLayerUtilities
LogPluginManager: Mounting plugin AnimationSharing
LogPluginManager: Mounting plugin CLionSourceCodeAccess
LogPluginManager: Mounting plugin CodeLiteSourceCodeAccess
LogPluginManager: Mounting plugin GitSourceControl
LogPluginManager: Mounting plugin KDevelopSourceCodeAccess
LogPluginManager: Mounting plugin NullSourceCodeAccess
LogPluginManager: Mounting plugin PerforceSourceControl
LogPluginManager: Mounting plugin PlasticSourceControl
LogPluginManager: Mounting plugin RiderSourceCodeAccess
LogPluginManager: Mounting plugin SubversionSourceControl
LogPluginManager: Mounting plugin UObjectPlugin
LogPluginManager: Mounting plugin VisualStudioCodeSourceCodeAccess
LogPluginManager: Mounting plugin VisualStudioSourceCodeAccess
LogPluginManager: Mounting plugin XCodeSourceCodeAccess
LogPluginManager: Mounting plugin AssetManagerEditor
LogPluginManager: Mounting plugin CryptoKeys
LogPluginManager: Mounting plugin CurveEditorTools
LogPluginManager: Mounting plugin DataValidation
LogPluginManager: Mounting plugin EditorScriptingUtilities
LogPluginManager: Mounting plugin FacialAnimation
LogPluginManager: Mounting plugin GameplayTagsEditor
LogPluginManager: Mounting plugin GeometryMode
LogPluginManager: Mounting plugin MacGraphicsSwitching
LogPluginManager: Mounting plugin MaterialAnalyzer
LogPluginManager: Mounting plugin MobileLauncherProfileWizard
LogPluginManager: Mounting plugin PluginBrowser
LogPluginManager: Mounting plugin SpeedTreeImporter
LogPluginManager: Mounting plugin DatasmithContent
LogPluginManager: Mounting plugin VariantManagerContent
LogPluginManager: Mounting plugin AlembicImporter
LogPluginManager: Mounting plugin AutomationUtils
LogPluginManager: Mounting plugin BackChannel
LogPluginManager: Mounting plugin ChaosCloth
LogPluginManager: Mounting plugin ChaosClothEditor
LogPluginManager: Mounting plugin ChaosEditor
LogPluginManager: Mounting plugin ChaosNiagara
LogPluginManager: Mounting plugin ChaosSolverPlugin
LogPluginManager: Mounting plugin CharacterAI
LogPluginManager: Mounting plugin GeometryCache
LogPluginManager: Mounting plugin GeometryCollectionPlugin
LogPluginManager: Mounting plugin GeometryProcessing
LogPluginManager: Mounting plugin PlanarCut
LogPluginManager: Mounting plugin PlatformCrypto
LogPluginManager: Mounting plugin ProxyLODPlugin
LogPluginManager: Mounting plugin SkeletalReduction
LogPluginManager: Mounting plugin Niagara
LogPluginManager: Mounting plugin MagicLeap
LogPluginManager: Mounting plugin MagicLeapLightEstimation
LogPluginManager: Mounting plugin MagicLeapMedia
LogPluginManager: Mounting plugin MagicLeapPassableWorld
LogPluginManager: Mounting plugin MLSDK
LogPluginManager: Mounting plugin AndroidMedia
LogPluginManager: Mounting plugin AvfMedia
LogPluginManager: Mounting plugin ImgMedia
LogPluginManager: Mounting plugin MediaCompositing
LogPluginManager: Mounting plugin MediaPlayerEditor
LogPluginManager: Mounting plugin WebMMedia
LogPluginManager: Mounting plugin WmfMedia
LogPluginManager: Mounting plugin MeshPainting
LogPluginManager: Mounting plugin TcpMessaging
LogPluginManager: Mounting plugin UdpMessaging
LogPluginManager: Mounting plugin ActorSequence
LogPluginManager: Mounting plugin LevelSequenceEditor
LogPluginManager: Mounting plugin MatineeToLevelSequence
LogPluginManager: Mounting plugin MovieRenderPipeline
LogPluginManager: Mounting plugin TemplateSequence
LogPluginManager: Mounting plugin NetcodeUnitTest
LogPluginManager: Mounting plugin NUTUnrealEngine4
LogPluginManager: Mounting plugin OnlineSubsystemGooglePlay
LogPluginManager: Mounting plugin OnlineSubsystemIOS
LogPluginManager: Mounting plugin OnlineSubsystem
LogPluginManager: Mounting plugin OnlineSubsystemNull
LogPluginManager: Mounting plugin OnlineSubsystemSteam
LogPluginManager: Mounting plugin OnlineSubsystemUtils
LogPluginManager: Mounting plugin LauncherChunkInstaller
LogPluginManager: Mounting plugin AndroidDeviceProfileSelector
LogPluginManager: Mounting plugin AndroidMoviePlayer
LogPluginManager: Mounting plugin AndroidPermission
LogPluginManager: Mounting plugin AppleImageUtils
LogPluginManager: Mounting plugin AppleMoviePlayer
LogPluginManager: Mounting plugin ArchVisCharacter
LogPluginManager: Mounting plugin AssetTags
LogPluginManager: Mounting plugin AudioCapture
LogPluginManager: Mounting plugin CableComponent
LogPluginManager: Mounting plugin CustomMeshComponent
LogPluginManager: Mounting plugin EditableMesh
LogPluginManager: Mounting plugin ExampleDeviceProfileSelector
LogPluginManager: Mounting plugin GoogleCloudMessaging
LogPluginManager: Mounting plugin GooglePAD
LogPluginManager: Mounting plugin IOSDeviceProfileSelector
LogPluginManager: Mounting plugin LinuxDeviceProfileSelector
LogPluginManager: Mounting plugin LocationServicesBPLibrary
LogPluginManager: Mounting plugin MobilePatchingUtils
LogPluginManager: Mounting plugin OculusVR
LogPluginManager: Mounting plugin PhysXVehicles
LogPluginManager: Mounting plugin PostSplashScreen
LogPluginManager: Mounting plugin ProceduralMeshComponent
LogPluginManager: Mounting plugin RuntimePhysXCooking
LogPluginManager: Mounting plugin SignificanceManager
LogPluginManager: Mounting plugin SoundFields
LogPluginManager: Mounting plugin SteamController
LogPluginManager: Mounting plugin SteamShared
LogPluginManager: Mounting plugin SteamSockets
LogPluginManager: Mounting plugin SteamVR
LogPluginManager: Mounting plugin Synthesis
LogPluginManager: Mounting plugin WebMMoviePlayer
LogPluginManager: Mounting plugin WindowsMoviePlayer
LogPluginManager: Mounting plugin ScreenshotTools
LogInit: Using libcurl 7.55.1-DEV
LogInit:  - built for x86_64-pc-win32
LogInit:  - supports SSL with OpenSSL/1.1.1
LogInit:  - supports HTTP deflate (compression) using libz 1.2.8
LogInit:  - other features:
LogInit:      CURL_VERSION_SSL
LogInit:      CURL_VERSION_LIBZ
LogInit:      CURL_VERSION_IPV6
LogInit:      CURL_VERSION_ASYNCHDNS
LogInit:      CURL_VERSION_LARGEFILE
LogInit:      CURL_VERSION_IDN
LogInit:  CurlRequestOptions (configurable via config and command line):
LogInit:  - bVerifyPeer = true  - Libcurl will verify peer certificate
LogInit:  - bUseHttpProxy = false  - Libcurl will NOT use HTTP proxy
LogInit:  - bDontReuseConnections = false  - Libcurl will reuse connections
LogInit:  - MaxHostConnections = 16  - Libcurl will limit the number of connections to a host
LogInit:  - LocalHostAddr = Default
LogInit:  - BufferSize = 65536
LogOnline: OSS: Creating online subsystem instance for: NULL
LogInit: WinSock: version 1.1 (2.2), MaxSocks=32767, MaxUdp=65467
LogOnline: OSS: TryLoadSubsystemAndSetDefault: Loaded subsystem for module [NULL]
LogInit: Build: ++UE4+Release-4.25-CL-13942748
LogInit: Engine Version: 4.25.3-13942748+++UE4+Release-4.25
LogInit: Compatible Engine Version: 4.25.0-13144385+++UE4+Release-4.25
LogInit: Net CL: 13144385
LogInit: OS: Windows 10 (Release 1903) (), CPU: Intel(R) Core(TM) i5-4200U CPU @ 1.60GHz, GPU: Intel(R) HD Graphics Family
LogInit: Compiled (64-bit): Jul 25 2020 02:07:48
LogInit: Compiled with Visual C++: 19.24.28315.00
LogInit: Build Configuration: Development
LogInit: Branch Name: ++UE4+Release-4.25
LogInit: Command Line:  /Game/ThirdPersonBP/Maps/ThirdPersonExampleMap?Listen -game -PIEVIACONSOLE -Multiprocess GameUserSettingsINI=C:/Users/Nandita/Desktop/Demo2020/NewUnrealDemo/RobotDemo/SimpleRobotDemo_BP/Saved/Config/Windows/PIEGameUserSettings0.ini -MultiprocessSaveConfig -MultiprocessOSS -messaging -SessionName="Play in Standalone Game" -port=17777 -PktEmulationProfile=Average -windowed -ResX=1280 -ResY=720
LogInit: Base Directory: C:/Program Files/Epic Games/UE_4.25/Engine/Binaries/Win64/
LogInit: Allocator: TBB
LogInit: Installed Engine Build: 1
LogDevObjectVersion: Number of dev versions registered: 26
LogDevObjectVersion:   Dev-Blueprints (B0D832E4-1F89-4F0D-ACCF-7EB736FD4AA2): 10
LogDevObjectVersion:   Dev-Build (E1C64328-A22C-4D53-A36C-8E866417BD8C): 0
LogDevObjectVersion:   Dev-Core (375EC13C-06E4-48FB-B500-84F0262A717E): 4
LogDevObjectVersion:   Dev-Editor (E4B068ED-F494-42E9-A231-DA0B2E46BB41): 38
LogDevObjectVersion:   Dev-Framework (CFFC743F-43B0-4480-9391-14DF171D2073): 37
LogDevObjectVersion:   Dev-Mobile (B02B49B5-BB20-44E9-A304-32B752E40360): 2
LogDevObjectVersion:   Dev-Networking (A4E4105C-59A1-49B5-A7C5-40C4547EDFEE): 0
LogDevObjectVersion:   Dev-Online (39C831C9-5AE6-47DC-9A44-9C173E1C8E7C): 0
LogDevObjectVersion:   Dev-Physics (78F01B33-EBEA-4F98-B9B4-84EACCB95AA2): 4
LogDevObjectVersion:   Dev-Platform (6631380F-2D4D-43E0-8009-CF276956A95A): 0
LogDevObjectVersion:   Dev-Rendering (12F88B9F-8875-4AFC-A67C-D90C383ABD29): 43
LogDevObjectVersion:   Dev-Sequencer (7B5AE74C-D270-4C10-A958-57980B212A5A): 12
LogDevObjectVersion:   Dev-VR (D7296918-1DD6-4BDD-9DE2-64A83CC13884): 3
LogDevObjectVersion:   Dev-LoadTimes (C2A15278-BFE7-4AFE-6C17-90FF531DF755): 1
LogDevObjectVersion:   Private-Geometry (6EACA3D4-40EC-4CC1-B786-8BED09428FC5): 3
LogDevObjectVersion:   Dev-AnimPhys (29E575DD-E0A3-4627-9D10-D276232CDCEA): 17
LogDevObjectVersion:   Dev-Anim (AF43A65D-7FD3-4947-9873-3E8ED9C1BB05): 7
LogDevObjectVersion:   Dev-ReflectionCapture (6B266CEC-1EC7-4B8F-A30B-E4D90942FC07): 1
LogDevObjectVersion:   Dev-Automation (0DF73D61-A23F-47EA-B727-89E90C41499A): 1
LogDevObjectVersion:   FortniteMain (601D1886-AC64-4F84-AA16-D3DE0DEAC7D6): 31
LogDevObjectVersion:   Dev-Enterprise (9DFFBCD6-494F-0158-E221-12823C92A888): 10
LogDevObjectVersion:   Dev-Niagara (F2AED0AC-9AFE-416F-8664-AA7FFA26D6FC): 1
LogDevObjectVersion:   Dev-Destruction (174F1F0B-B4C6-45A5-B13F-2EE8D0FB917D): 10
LogDevObjectVersion:   Dev-Physics-Ext (35F94A83-E258-406C-A318-09F59610247C): 37
LogDevObjectVersion:   Dev-PhysicsMaterial-Chaos (B68FC16E-8B1B-42E2-B453-215C058844FE): 1
LogDevObjectVersion:   Dev-CineCamera (B2E18506-4273-CFC2-A54E-F4BB758BBA07): 1
LogInit: Presizing for max 25165824 objects, including 0 objects not considered by GC, pre-allocating 0 bytes for permanent pool.
LogConfig: Applying CVar settings from Section [/Script/Engine.StreamingSettings] File [C:/Users/Nandita/Desktop/Demo2020/NewUnrealDemo/RobotDemo/SimpleRobotDemo_BP/Saved/Config/Windows/Engine.ini]
LogConfig: Setting CVar [[s.MinBulkDataSizeForAsyncLoading:131072]]
LogConfig: Setting CVar [[s.AsyncLoadingThreadEnabled:0]]
LogConfig: Setting CVar [[s.EventDrivenLoaderEnabled:1]]
LogConfig: Setting CVar [[s.WarnIfTimeLimitExceeded:0]]
LogConfig: Setting CVar [[s.TimeLimitExceededMultiplier:1.5]]
LogConfig: Setting CVar [[s.TimeLimitExceededMinTime:0.005]]
LogConfig: Setting CVar [[s.UseBackgroundLevelStreaming:1]]
LogConfig: Setting CVar [[s.PriorityAsyncLoadingExtraTime:15.0]]
LogConfig: Setting CVar [[s.LevelStreamingActorsUpdateTimeLimit:5.0]]
LogConfig: Setting CVar [[s.PriorityLevelStreamingActorsUpdateExtraTime:5.0]]
LogConfig: Setting CVar [[s.LevelStreamingComponentsRegistrationGranularity:10]]
LogConfig: Setting CVar [[s.UnregisterComponentsTimeLimit:1.0]]
LogConfig: Setting CVar [[s.LevelStreamingComponentsUnregistrationGranularity:5]]
LogConfig: Setting CVar [[s.FlushStreamingOnExit:1]]
LogInit: Object subsystem initialized
LogConfig: Setting CVar [[con.DebugEarlyDefault:1]]
LogConfig: Setting CVar [[r.setres:1280x720]]
[2020.10.05-09.21.55:985][  0]LogConfig: Setting CVar [[con.DebugEarlyDefault:1]]
[2020.10.05-09.21.55:985][  0]LogConfig: Setting CVar [[r.setres:1280x720]]
[2020.10.05-09.21.55:986][  0]LogConfig: Applying CVar settings from Section [/Script/Engine.RendererSettings] File [C:/Users/Nandita/Desktop/Demo2020/NewUnrealDemo/RobotDemo/SimpleRobotDemo_BP/Saved/Config/Windows/Engine.ini]
[2020.10.05-09.21.55:986][  0]LogConfig: Setting CVar [[r.GPUCrashDebugging:0]]
[2020.10.05-09.21.55:986][  0]LogConfig: Applying CVar settings from Section [/Script/Engine.RendererOverrideSettings] File [C:/Users/Nandita/Desktop/Demo2020/NewUnrealDemo/RobotDemo/SimpleRobotDemo_BP/Saved/Config/Windows/Engine.ini]
[2020.10.05-09.21.55:986][  0]LogConfig: Applying CVar settings from Section [/Script/Engine.StreamingSettings] File [C:/Users/Nandita/Desktop/Demo2020/NewUnrealDemo/RobotDemo/SimpleRobotDemo_BP/Saved/Config/Windows/Engine.ini]
[2020.10.05-09.21.55:986][  0]LogConfig: Setting CVar [[s.MinBulkDataSizeForAsyncLoading:131072]]
[2020.10.05-09.21.55:986][  0]LogConfig: Setting CVar [[s.AsyncLoadingThreadEnabled:0]]
[2020.10.05-09.21.55:986][  0]LogConfig: Setting CVar [[s.EventDrivenLoaderEnabled:1]]
[2020.10.05-09.21.55:986][  0]LogConfig: Setting CVar [[s.WarnIfTimeLimitExceeded:0]]
[2020.10.05-09.21.55:986][  0]LogConfig: Setting CVar [[s.TimeLimitExceededMultiplier:1.5]]
[2020.10.05-09.21.55:986][  0]LogConfig: Setting CVar [[s.TimeLimitExceededMinTime:0.005]]
[2020.10.05-09.21.55:986][  0]LogConfig: Setting CVar [[s.UseBackgroundLevelStreaming:1]]
[2020.10.05-09.21.55:986][  0]LogConfig: Setting CVar [[s.PriorityAsyncLoadingExtraTime:15.0]]
[2020.10.05-09.21.55:986][  0]LogConfig: Setting CVar [[s.LevelStreamingActorsUpdateTimeLimit:5.0]]
[2020.10.05-09.21.55:986][  0]LogConfig: Setting CVar [[s.PriorityLevelStreamingActorsUpdateExtraTime:5.0]]
[2020.10.05-09.21.55:986][  0]LogConfig: Setting CVar [[s.LevelStreamingComponentsRegistrationGranularity:10]]
[2020.10.05-09.21.55:986][  0]LogConfig: Setting CVar [[s.UnregisterComponentsTimeLimit:1.0]]
[2020.10.05-09.21.55:986][  0]LogConfig: Setting CVar [[s.LevelStreamingComponentsUnregistrationGranularity:5]]
[2020.10.05-09.21.55:986][  0]LogConfig: Setting CVar [[s.FlushStreamingOnExit:1]]
[2020.10.05-09.21.55:986][  0]LogConfig: Applying CVar settings from Section [/Script/Engine.GarbageCollectionSettings] File [C:/Users/Nandita/Desktop/Demo2020/NewUnrealDemo/RobotDemo/SimpleRobotDemo_BP/Saved/Config/Windows/Engine.ini]
[2020.10.05-09.21.55:986][  0]LogConfig: Setting CVar [[gc.MaxObjectsNotConsideredByGC:1]]
[2020.10.05-09.21.55:986][  0]LogConfig: Setting CVar [[gc.SizeOfPermanentObjectPool:0]]
[2020.10.05-09.21.55:986][  0]LogConfig: Setting CVar [[gc.FlushStreamingOnGC:0]]
[2020.10.05-09.21.55:986][  0]LogConfig: Setting CVar [[gc.NumRetriesBeforeForcingGC:10]]
[2020.10.05-09.21.55:986][  0]LogConfig: Setting CVar [[gc.AllowParallelGC:1]]
[2020.10.05-09.21.55:986][  0]LogConfig: Setting CVar [[gc.TimeBetweenPurgingPendingKillObjects:61.1]]
[2020.10.05-09.21.55:986][  0]LogConfig: Setting CVar [[gc.MaxObjectsInEditor:25165824]]
[2020.10.05-09.21.55:986][  0]LogConfig: Setting CVar [[gc.IncrementalBeginDestroyEnabled:1]]
[2020.10.05-09.21.55:986][  0]LogConfig: Setting CVar [[gc.CreateGCClusters:1]]
[2020.10.05-09.21.55:987][  0]LogConfig: Setting CVar [[gc.MinGCClusterSize:5]]
[2020.10.05-09.21.55:987][  0]LogConfig: Setting CVar [[gc.ActorClusteringEnabled:0]]
[2020.10.05-09.21.55:987][  0]LogConfig: Setting CVar [[gc.BlueprintClusteringEnabled:0]]
[2020.10.05-09.21.55:987][  0]LogConfig: Setting CVar [[gc.UseDisregardForGCOnDedicatedServers:0]]
[2020.10.05-09.21.55:987][  0]LogConfig: Applying CVar settings from Section [/Script/Engine.NetworkSettings] File [C:/Users/Nandita/Desktop/Demo2020/NewUnrealDemo/RobotDemo/SimpleRobotDemo_BP/Saved/Config/Windows/Engine.ini]
[2020.10.05-09.21.55:987][  0]LogConfig: Setting CVar [[p.EnableMultiplayerWorldOriginRebasing:1]]
[2020.10.05-09.21.55:987][  0]LogConfig: Applying CVar settings from Section [/Script/UnrealEd.CookerSettings] File [C:/Users/Nandita/Desktop/Demo2020/NewUnrealDemo/RobotDemo/SimpleRobotDemo_BP/Saved/Config/Windows/Engine.ini]
[2020.10.05-09.21.55:992][  0]LogConfig: Applying CVar settings from Section [ViewDistanceQuality@3] File [C:/Users/Nandita/Desktop/Demo2020/NewUnrealDemo/RobotDemo/SimpleRobotDemo_BP/Saved/Config/Windows/Scalability.ini]
[2020.10.05-09.21.55:992][  0]LogConfig: Setting CVar [[r.SkeletalMeshLODBias:0]]
[2020.10.05-09.21.55:992][  0]LogConfig: Setting CVar [[r.ViewDistanceScale:1.0]]
[2020.10.05-09.21.55:992][  0]LogConfig: Applying CVar settings from Section [AntiAliasingQuality@3] File [C:/Users/Nandita/Desktop/Demo2020/NewUnrealDemo/RobotDemo/SimpleRobotDemo_BP/Saved/Config/Windows/Scalability.ini]
[2020.10.05-09.21.55:992][  0]LogConfig: Setting CVar [[r.PostProcessAAQuality:4]]
[2020.10.05-09.21.55:992][  0]LogConfig: Applying CVar settings from Section [ShadowQuality@3] File [C:/Users/Nandita/Desktop/Demo2020/NewUnrealDemo/RobotDemo/SimpleRobotDemo_BP/Saved/Config/Windows/Scalability.ini]
[2020.10.05-09.21.55:992][  0]LogConfig: Setting CVar [[r.LightFunctionQuality:1]]
[2020.10.05-09.21.55:992][  0]LogConfig: Setting CVar [[r.ShadowQuality:5]]
[2020.10.05-09.21.55:992][  0]LogConfig: Setting CVar [[r.Shadow.CSM.MaxCascades:10]]
[2020.10.05-09.21.55:992][  0]LogConfig: Setting CVar [[r.Shadow.MaxResolution:2048]]
[2020.10.05-09.21.55:992][  0]LogConfig: Setting CVar [[r.Shadow.MaxCSMResolution:2048]]
[2020.10.05-09.21.55:992][  0]LogConfig: Setting CVar [[r.Shadow.RadiusThreshold:0.01]]
[2020.10.05-09.21.55:992][  0]LogConfig: Setting CVar [[r.Shadow.DistanceScale:1.0]]
[2020.10.05-09.21.55:992][  0]LogConfig: Setting CVar [[r.Shadow.CSM.TransitionScale:1.0]]
[2020.10.05-09.21.55:993][  0]LogConfig: Setting CVar [[r.Shadow.PreShadowResolutionFactor:1.0]]
[2020.10.05-09.21.55:993][  0]LogConfig: Setting CVar [[r.DistanceFieldShadowing:1]]
[2020.10.05-09.21.55:993][  0]LogConfig: Setting CVar [[r.DistanceFieldAO:1]]
[2020.10.05-09.21.55:993][  0]LogConfig: Setting CVar [[r.AOQuality:2]]
[2020.10.05-09.21.55:993][  0]LogConfig: Setting CVar [[r.VolumetricFog:1]]
[2020.10.05-09.21.55:993][  0]LogConfig: Setting CVar [[r.VolumetricFog.GridPixelSize:8]]
[2020.10.05-09.21.55:993][  0]LogConfig: Setting CVar [[r.VolumetricFog.GridSizeZ:128]]
[2020.10.05-09.21.55:993][  0]LogConfig: Setting CVar [[r.VolumetricFog.HistoryMissSupersampleCount:4]]
[2020.10.05-09.21.55:993][  0]LogConfig: Setting CVar [[r.LightMaxDrawDistanceScale:1]]
[2020.10.05-09.21.55:993][  0]LogConfig: Setting CVar [[r.CapsuleShadows:1]]
[2020.10.05-09.21.55:993][  0]LogConfig: Applying CVar settings from Section [PostProcessQuality@3] File [C:/Users/Nandita/Desktop/Demo2020/NewUnrealDemo/RobotDemo/SimpleRobotDemo_BP/Saved/Config/Windows/Scalability.ini]
[2020.10.05-09.21.55:993][  0]LogConfig: Setting CVar [[r.MotionBlurQuality:4]]
[2020.10.05-09.21.55:993][  0]LogConfig: Setting CVar [[r.AmbientOcclusionMipLevelFactor:0.4]]
[2020.10.05-09.21.55:993][  0]LogConfig: Setting CVar [[r.AmbientOcclusionMaxQuality:100]]
[2020.10.05-09.21.55:993][  0]LogConfig: Setting CVar [[r.AmbientOcclusionLevels:-1]]
[2020.10.05-09.21.55:993][  0]LogConfig: Setting CVar [[r.AmbientOcclusionRadiusScale:1.0]]
[2020.10.05-09.21.55:993][  0]LogConfig: Setting CVar [[r.DepthOfFieldQuality:2]]
[2020.10.05-09.21.55:993][  0]LogConfig: Setting CVar [[r.RenderTargetPoolMin:400]]
[2020.10.05-09.21.55:993][  0]LogConfig: Setting CVar [[r.LensFlareQuality:2]]
[2020.10.05-09.21.55:993][  0]LogConfig: Setting CVar [[r.SceneColorFringeQuality:1]]
[2020.10.05-09.21.55:993][  0]LogConfig: Setting CVar [[r.EyeAdaptationQuality:2]]
[2020.10.05-09.21.55:993][  0]LogConfig: Setting CVar [[r.BloomQuality:5]]
[2020.10.05-09.21.55:993][  0]LogConfig: Setting CVar [[r.FastBlurThreshold:100]]
[2020.10.05-09.21.55:993][  0]LogConfig: Setting CVar [[r.Upscale.Quality:3]]
[2020.10.05-09.21.55:993][  0]LogConfig: Setting CVar [[r.Tonemapper.GrainQuantization:1]]
[2020.10.05-09.21.55:994][  0]LogConfig: Setting CVar [[r.LightShaftQuality:1]]
[2020.10.05-09.21.55:994][  0]LogConfig: Setting CVar [[r.Filter.SizeScale:1]]
[2020.10.05-09.21.55:994][  0]LogConfig: Setting CVar [[r.Tonemapper.Quality:5]]
[2020.10.05-09.21.55:994][  0]LogConfig: Setting CVar [[r.DOF.Gather.AccumulatorQuality:1        ; higher gathering accumulator quality]]
[2020.10.05-09.21.55:994][  0]LogConfig: Setting CVar [[r.DOF.Gather.PostfilterMethod:1          ; Median3x3 postfilering method]]
[2020.10.05-09.21.55:994][  0]LogConfig: Setting CVar [[r.DOF.Gather.EnableBokehSettings:0       ; no bokeh simulation when gathering]]
[2020.10.05-09.21.55:994][  0]LogConfig: Setting CVar [[r.DOF.Gather.RingCount:4                 ; medium number of samples when gathering]]
[2020.10.05-09.21.55:994][  0]LogConfig: Setting CVar [[r.DOF.Scatter.ForegroundCompositing:1    ; additive foreground scattering]]
[2020.10.05-09.21.55:994][  0]LogConfig: Setting CVar [[r.DOF.Scatter.BackgroundCompositing:2    ; additive background scattering]]
[2020.10.05-09.21.55:994][  0]LogConfig: Setting CVar [[r.DOF.Scatter.EnableBokehSettings:1      ; bokeh simulation when scattering]]
[2020.10.05-09.21.55:994][  0]LogConfig: Setting CVar [[r.DOF.Scatter.MaxSpriteRatio:0.1         ; only a maximum of 10% of scattered bokeh]]
[2020.10.05-09.21.55:994][  0]LogConfig: Setting CVar [[r.DOF.Recombine.Quality:1                ; cheap slight out of focus]]
[2020.10.05-09.21.55:994][  0]LogConfig: Setting CVar [[r.DOF.Recombine.EnableBokehSettings:0    ; no bokeh simulation on slight out of focus]]
[2020.10.05-09.21.55:994][  0]LogConfig: Setting CVar [[r.DOF.TemporalAAQuality:1                ; more stable temporal accumulation]]
[2020.10.05-09.21.55:994][  0]LogConfig: Setting CVar [[r.DOF.Kernel.MaxForegroundRadius:0.025]]
[2020.10.05-09.21.55:994][  0]LogConfig: Setting CVar [[r.DOF.Kernel.MaxBackgroundRadius:0.025]]
[2020.10.05-09.21.55:994][  0]LogConfig: Applying CVar settings from Section [TextureQuality@3] File [C:/Users/Nandita/Desktop/Demo2020/NewUnrealDemo/RobotDemo/SimpleRobotDemo_BP/Saved/Config/Windows/Scalability.ini]
[2020.10.05-09.21.55:994][  0]LogConfig: Setting CVar [[r.Streaming.MipBias:0]]
[2020.10.05-09.21.55:994][  0]LogConfig: Setting CVar [[r.Streaming.AmortizeCPUToGPUCopy:0]]
[2020.10.05-09.21.55:994][  0]LogConfig: Setting CVar [[r.Streaming.MaxNumTexturesToStreamPerFrame:0]]
[2020.10.05-09.21.55:994][  0]LogConfig: Setting CVar [[r.Streaming.Boost:1]]
[2020.10.05-09.21.55:994][  0]LogConfig: Setting CVar [[r.MaxAnisotropy:8]]
[2020.10.05-09.21.55:994][  0]LogConfig: Setting CVar [[r.VT.MaxAnisotropy:8]]
[2020.10.05-09.21.55:994][  0]LogConfig: Setting CVar [[r.Streaming.LimitPoolSizeToVRAM:0]]
[2020.10.05-09.21.55:994][  0]LogConfig: Setting CVar [[r.Streaming.PoolSize:1000]]
[2020.10.05-09.21.55:994][  0]LogConfig: Setting CVar [[r.Streaming.MaxEffectiveScreenSize:0]]
[2020.10.05-09.21.55:994][  0]LogConfig: Applying CVar settings from Section [EffectsQuality@3] File [C:/Users/Nandita/Desktop/Demo2020/NewUnrealDemo/RobotDemo/SimpleRobotDemo_BP/Saved/Config/Windows/Scalability.ini]
[2020.10.05-09.21.55:994][  0]LogConfig: Setting CVar [[r.TranslucencyLightingVolumeDim:64]]
[2020.10.05-09.21.55:995][  0]LogConfig: Setting CVar [[r.RefractionQuality:2]]
[2020.10.05-09.21.55:995][  0]LogConfig: Setting CVar [[r.SSR.Quality:3]]
[2020.10.05-09.21.55:995][  0]LogConfig: Setting CVar [[r.SSR.HalfResSceneColor:0]]
[2020.10.05-09.21.55:995][  0]LogConfig: Setting CVar [[r.SceneColorFormat:4]]
[2020.10.05-09.21.55:995][  0]LogConfig: Setting CVar [[r.DetailMode:2]]
[2020.10.05-09.21.55:995][  0]LogConfig: Setting CVar [[r.TranslucencyVolumeBlur:1]]
[2020.10.05-09.21.55:995][  0]LogConfig: Setting CVar [[r.MaterialQualityLevel:1 ; High quality]]
[2020.10.05-09.21.55:995][  0]LogConfig: Setting CVar [[r.SSS.Scale:1]]
[2020.10.05-09.21.55:995][  0]LogConfig: Setting CVar [[r.SSS.SampleSet:2]]
[2020.10.05-09.21.55:995][  0]LogConfig: Setting CVar [[r.SSS.Quality:1]]
[2020.10.05-09.21.55:995][  0]LogConfig: Setting CVar [[r.SSS.HalfRes:0]]
[2020.10.05-09.21.55:995][  0]LogConfig: Setting CVar [[r.SSGI.Quality:3]]
[2020.10.05-09.21.55:995][  0]LogConfig: Setting CVar [[r.EmitterSpawnRateScale:1.0]]
[2020.10.05-09.21.55:995][  0]LogConfig: Setting CVar [[r.ParticleLightQuality:2]]
[2020.10.05-09.21.55:995][  0]LogConfig: Setting CVar [[r.SkyAtmosphere.AerialPerspectiveLUT.FastApplyOnOpaque:1 ; Always have FastSkyLUT 1 in this case to avoid wrong sky]]
[2020.10.05-09.21.55:995][  0]LogConfig: Setting CVar [[r.SkyAtmosphere.AerialPerspectiveLUT.SampleCountPerSlice:1]]
[2020.10.05-09.21.55:996][  0]LogConfig: Setting CVar [[r.SkyAtmosphere.AerialPerspectiveLUT.DepthResolution:16.0]]
[2020.10.05-09.21.55:996][  0]LogConfig: Setting CVar [[r.SkyAtmosphere.FastSkyLUT:1]]
[2020.10.05-09.21.55:996][  0]LogConfig: Setting CVar [[r.SkyAtmosphere.FastSkyLUT.SampleCountMin:4.0]]
[2020.10.05-09.21.55:996][  0]LogConfig: Setting CVar [[r.SkyAtmosphere.FastSkyLUT.SampleCountMax:32.0]]
[2020.10.05-09.21.55:996][  0]LogConfig: Setting CVar [[r.SkyAtmosphere.SampleCountMin:4.0]]
[2020.10.05-09.21.55:996][  0]LogConfig: Setting CVar [[r.SkyAtmosphere.SampleCountMax:32.0]]
[2020.10.05-09.21.55:996][  0]LogConfig: Setting CVar [[r.SkyAtmosphere.TransmittanceLUT.UseSmallFormat:0]]
[2020.10.05-09.21.55:996][  0]LogConfig: Setting CVar [[r.SkyAtmosphere.TransmittanceLUT.SampleCount:10.0]]
[2020.10.05-09.21.55:996][  0]LogConfig: Setting CVar [[r.SkyAtmosphere.MultiScatteringLUT.SampleCount:15.0]]
[2020.10.05-09.21.55:996][  0]LogConfig: Applying CVar settings from Section [FoliageQuality@3] File [C:/Users/Nandita/Desktop/Demo2020/NewUnrealDemo/RobotDemo/SimpleRobotDemo_BP/Saved/Config/Windows/Scalability.ini]
[2020.10.05-09.21.55:996][  0]LogConfig: Setting CVar [[foliage.DensityScale:1.0]]
[2020.10.05-09.21.55:996][  0]LogConfig: Setting CVar [[grass.DensityScale:1.0]]
[2020.10.05-09.21.55:996][  0]LogConfig: Applying CVar settings from Section [ShadingQuality@3] File [C:/Users/Nandita/Desktop/Demo2020/NewUnrealDemo/RobotDemo/SimpleRobotDemo_BP/Saved/Config/Windows/Scalability.ini]
[2020.10.05-09.21.55:996][  0]LogConfig: Setting CVar [[r.HairStrands.SkyLighting.SampleCount:16]]
[2020.10.05-09.21.55:996][  0]LogConfig: Setting CVar [[r.HairStrands.SkyLighting.JitterIntegration:0]]
[2020.10.05-09.21.55:996][  0]LogConfig: Setting CVar [[r.HairStrands.SkyAO.SampleCount:16]]
[2020.10.05-09.21.55:996][  0]LogConfig: Setting CVar [[r.HairStrands.DeepShadow.SuperSampling:0]]
[2020.10.05-09.21.55:996][  0]LogConfig: Setting CVar [[r.HairStrands.VisibilityPPLL:0]]
[2020.10.05-09.21.55:997][  0]LogConfig: Setting CVar [[r.HairStrands.RasterizationScale:0.5]]
[2020.10.05-09.21.55:997][  0]LogConfig: Setting CVar [[r.HairStrands.VelocityRasterizationScale:1]]
[2020.10.05-09.21.55:997][  0]LogInit: Selected Device Profile: [Windows]
[2020.10.05-09.21.55:997][  0]LogInit: Applying CVar settings loaded from the selected device profile: [Windows]
[2020.10.05-09.21.55:997][  0]LogHAL: Display: Platform has ~ 12 GB [12811657216 / 17179869184 / 12], which maps to Larger [LargestMinGB=32, LargerMinGB=12, DefaultMinGB=8, SmallerMinGB=6, SmallestMinGB=0)
[2020.10.05-09.21.55:997][  0]LogInit: Going up to parent DeviceProfile []
[2020.10.05-09.21.55:997][  0]LogConfig: Applying CVar settings from Section [ViewDistanceQuality@3] File [C:/Users/Nandita/Desktop/Demo2020/NewUnrealDemo/RobotDemo/SimpleRobotDemo_BP/Saved/Config/Windows/Scalability.ini]
[2020.10.05-09.21.55:997][  0]LogConfig: Setting CVar [[r.SkeletalMeshLODBias:0]]
[2020.10.05-09.21.55:997][  0]LogConfig: Setting CVar [[r.ViewDistanceScale:1.0]]
[2020.10.05-09.21.55:997][  0]LogConfig: Applying CVar settings from Section [AntiAliasingQuality@3] File [C:/Users/Nandita/Desktop/Demo2020/NewUnrealDemo/RobotDemo/SimpleRobotDemo_BP/Saved/Config/Windows/Scalability.ini]
[2020.10.05-09.21.55:997][  0]LogConfig: Setting CVar [[r.PostProcessAAQuality:4]]
[2020.10.05-09.21.55:997][  0]LogConfig: Applying CVar settings from Section [ShadowQuality@3] File [C:/Users/Nandita/Desktop/Demo2020/NewUnrealDemo/RobotDemo/SimpleRobotDemo_BP/Saved/Config/Windows/Scalability.ini]
[2020.10.05-09.21.55:997][  0]LogConfig: Setting CVar [[r.LightFunctionQuality:1]]
[2020.10.05-09.21.55:997][  0]LogConfig: Setting CVar [[r.ShadowQuality:5]]
[2020.10.05-09.21.55:997][  0]LogConfig: Setting CVar [[r.Shadow.CSM.MaxCascades:10]]
[2020.10.05-09.21.55:997][  0]LogConfig: Setting CVar [[r.Shadow.MaxResolution:2048]]
[2020.10.05-09.21.55:997][  0]LogConfig: Setting CVar [[r.Shadow.MaxCSMResolution:2048]]
[2020.10.05-09.21.55:997][  0]LogConfig: Setting CVar [[r.Shadow.RadiusThreshold:0.01]]
[2020.10.05-09.21.55:997][  0]LogConfig: Setting CVar [[r.Shadow.DistanceScale:1.0]]
[2020.10.05-09.21.55:998][  0]LogConfig: Setting CVar [[r.Shadow.CSM.TransitionScale:1.0]]
[2020.10.05-09.21.55:998][  0]LogConfig: Setting CVar [[r.Shadow.PreShadowResolutionFactor:1.0]]
[2020.10.05-09.21.55:998][  0]LogConfig: Setting CVar [[r.DistanceFieldShadowing:1]]
[2020.10.05-09.21.55:998][  0]LogConfig: Setting CVar [[r.DistanceFieldAO:1]]
[2020.10.05-09.21.55:998][  0]LogConfig: Setting CVar [[r.AOQuality:2]]
[2020.10.05-09.21.55:998][  0]LogConfig: Setting CVar [[r.VolumetricFog:1]]
[2020.10.05-09.21.55:998][  0]LogConfig: Setting CVar [[r.VolumetricFog.GridPixelSize:8]]
[2020.10.05-09.21.55:998][  0]LogConfig: Setting CVar [[r.VolumetricFog.GridSizeZ:128]]
[2020.10.05-09.21.55:998][  0]LogConfig: Setting CVar [[r.VolumetricFog.HistoryMissSupersampleCount:4]]
[2020.10.05-09.21.55:998][  0]LogConfig: Setting CVar [[r.LightMaxDrawDistanceScale:1]]
[2020.10.05-09.21.55:998][  0]LogConfig: Setting CVar [[r.CapsuleShadows:1]]
[2020.10.05-09.21.55:998][  0]LogConfig: Applying CVar settings from Section [PostProcessQuality@3] File [C:/Users/Nandita/Desktop/Demo2020/NewUnrealDemo/RobotDemo/SimpleRobotDemo_BP/Saved/Config/Windows/Scalability.ini]
[2020.10.05-09.21.55:998][  0]LogConfig: Setting CVar [[r.MotionBlurQuality:4]]
[2020.10.05-09.21.55:998][  0]LogConfig: Setting CVar [[r.AmbientOcclusionMipLevelFactor:0.4]]
[2020.10.05-09.21.55:998][  0]LogConfig: Setting CVar [[r.AmbientOcclusionMaxQuality:100]]
[2020.10.05-09.21.55:998][  0]LogConfig: Setting CVar [[r.AmbientOcclusionLevels:-1]]
[2020.10.05-09.21.55:998][  0]LogConfig: Setting CVar [[r.AmbientOcclusionRadiusScale:1.0]]
[2020.10.05-09.21.55:998][  0]LogConfig: Setting CVar [[r.DepthOfFieldQuality:2]]
[2020.10.05-09.21.55:998][  0]LogConfig: Setting CVar [[r.RenderTargetPoolMin:400]]
[2020.10.05-09.21.55:998][  0]LogConfig: Setting CVar [[r.LensFlareQuality:2]]
[2020.10.05-09.21.55:998][  0]LogConfig: Setting CVar [[r.SceneColorFringeQuality:1]]
[2020.10.05-09.21.55:998][  0]LogConfig: Setting CVar [[r.EyeAdaptationQuality:2]]
[2020.10.05-09.21.55:998][  0]LogConfig: Setting CVar [[r.BloomQuality:5]]
[2020.10.05-09.21.55:999][  0]LogConfig: Setting CVar [[r.FastBlurThreshold:100]]
[2020.10.05-09.21.55:999][  0]LogConfig: Setting CVar [[r.Upscale.Quality:3]]
[2020.10.05-09.21.55:999][  0]LogConfig: Setting CVar [[r.Tonemapper.GrainQuantization:1]]
[2020.10.05-09.21.55:999][  0]LogConfig: Setting CVar [[r.LightShaftQuality:1]]
[2020.10.05-09.21.55:999][  0]LogConfig: Setting CVar [[r.Filter.SizeScale:1]]
[2020.10.05-09.21.55:999][  0]LogConfig: Setting CVar [[r.Tonemapper.Quality:5]]
[2020.10.05-09.21.55:999][  0]LogConfig: Setting CVar [[r.DOF.Gather.AccumulatorQuality:1        ; higher gathering accumulator quality]]
[2020.10.05-09.21.55:999][  0]LogConfig: Setting CVar [[r.DOF.Gather.PostfilterMethod:1          ; Median3x3 postfilering method]]
[2020.10.05-09.21.55:999][  0]LogConfig: Setting CVar [[r.DOF.Gather.EnableBokehSettings:0       ; no bokeh simulation when gathering]]
[2020.10.05-09.21.55:999][  0]LogConfig: Setting CVar [[r.DOF.Gather.RingCount:4                 ; medium number of samples when gathering]]
[2020.10.05-09.21.55:999][  0]LogConfig: Setting CVar [[r.DOF.Scatter.ForegroundCompositing:1    ; additive foreground scattering]]
[2020.10.05-09.21.55:999][  0]LogConfig: Setting CVar [[r.DOF.Scatter.BackgroundCompositing:2    ; additive background scattering]]
[2020.10.05-09.21.55:999][  0]LogConfig: Setting CVar [[r.DOF.Scatter.EnableBokehSettings:1      ; bokeh simulation when scattering]]
[2020.10.05-09.21.55:999][  0]LogConfig: Setting CVar [[r.DOF.Scatter.MaxSpriteRatio:0.1         ; only a maximum of 10% of scattered bokeh]]
[2020.10.05-09.21.55:999][  0]LogConfig: Setting CVar [[r.DOF.Recombine.Quality:1                ; cheap slight out of focus]]
[2020.10.05-09.21.55:999][  0]LogConfig: Setting CVar [[r.DOF.Recombine.EnableBokehSettings:0    ; no bokeh simulation on slight out of focus]]
[2020.10.05-09.21.55:999][  0]LogConfig: Setting CVar [[r.DOF.TemporalAAQuality:1                ; more stable temporal accumulation]]
[2020.10.05-09.21.55:999][  0]LogConfig: Setting CVar [[r.DOF.Kernel.MaxForegroundRadius:0.025]]
[2020.10.05-09.21.55:999][  0]LogConfig: Setting CVar [[r.DOF.Kernel.MaxBackgroundRadius:0.025]]
[2020.10.05-09.21.55:999][  0]LogConfig: Applying CVar settings from Section [TextureQuality@3] File [C:/Users/Nandita/Desktop/Demo2020/NewUnrealDemo/RobotDemo/SimpleRobotDemo_BP/Saved/Config/Windows/Scalability.ini]
[2020.10.05-09.21.55:999][  0]LogConfig: Setting CVar [[r.Streaming.MipBias:0]]
[2020.10.05-09.21.55:999][  0]LogConfig: Setting CVar [[r.Streaming.AmortizeCPUToGPUCopy:0]]
[2020.10.05-09.21.55:999][  0]LogConfig: Setting CVar [[r.Streaming.MaxNumTexturesToStreamPerFrame:0]]
[2020.10.05-09.21.55:999][  0]LogConfig: Setting CVar [[r.Streaming.Boost:1]]
[2020.10.05-09.21.55:999][  0]LogConfig: Setting CVar [[r.MaxAnisotropy:8]]
[2020.10.05-09.21.55:999][  0]LogConfig: Setting CVar [[r.VT.MaxAnisotropy:8]]
[2020.10.05-09.21.55:999][  0]LogConfig: Setting CVar [[r.Streaming.LimitPoolSizeToVRAM:0]]
[2020.10.05-09.21.56:000][  0]LogConfig: Setting CVar [[r.Streaming.PoolSize:1000]]
[2020.10.05-09.21.56:000][  0]LogConfig: Setting CVar [[r.Streaming.MaxEffectiveScreenSize:0]]
[2020.10.05-09.21.56:000][  0]LogConfig: Applying CVar settings from Section [EffectsQuality@3] File [C:/Users/Nandita/Desktop/Demo2020/NewUnrealDemo/RobotDemo/SimpleRobotDemo_BP/Saved/Config/Windows/Scalability.ini]
[2020.10.05-09.21.56:000][  0]LogConfig: Setting CVar [[r.TranslucencyLightingVolumeDim:64]]
[2020.10.05-09.21.56:000][  0]LogConfig: Setting CVar [[r.RefractionQuality:2]]
[2020.10.05-09.21.56:000][  0]LogConfig: Setting CVar [[r.SSR.Quality:3]]
[2020.10.05-09.21.56:000][  0]LogConfig: Setting CVar [[r.SSR.HalfResSceneColor:0]]
[2020.10.05-09.21.56:000][  0]LogConfig: Setting CVar [[r.SceneColorFormat:4]]
[2020.10.05-09.21.56:000][  0]LogConfig: Setting CVar [[r.DetailMode:2]]
[2020.10.05-09.21.56:000][  0]LogConfig: Setting CVar [[r.TranslucencyVolumeBlur:1]]
[2020.10.05-09.21.56:000][  0]LogConfig: Setting CVar [[r.MaterialQualityLevel:1 ; High quality]]
[2020.10.05-09.21.56:000][  0]LogConfig: Setting CVar [[r.SSS.Scale:1]]
[2020.10.05-09.21.56:000][  0]LogConfig: Setting CVar [[r.SSS.SampleSet:2]]
[2020.10.05-09.21.56:000][  0]LogConfig: Setting CVar [[r.SSS.Quality:1]]
[2020.10.05-09.21.56:000][  0]LogConfig: Setting CVar [[r.SSS.HalfRes:0]]
[2020.10.05-09.21.56:000][  0]LogConfig: Setting CVar [[r.SSGI.Quality:3]]
[2020.10.05-09.21.56:000][  0]LogConfig: Setting CVar [[r.EmitterSpawnRateScale:1.0]]
[2020.10.05-09.21.56:000][  0]LogConfig: Setting CVar [[r.ParticleLightQuality:2]]
[2020.10.05-09.21.56:000][  0]LogConfig: Setting CVar [[r.SkyAtmosphere.AerialPerspectiveLUT.FastApplyOnOpaque:1 ; Always have FastSkyLUT 1 in this case to avoid wrong sky]]
[2020.10.05-09.21.56:000][  0]LogConfig: Setting CVar [[r.SkyAtmosphere.AerialPerspectiveLUT.SampleCountPerSlice:1]]
[2020.10.05-09.21.56:000][  0]LogConfig: Setting CVar [[r.SkyAtmosphere.AerialPerspectiveLUT.DepthResolution:16.0]]
[2020.10.05-09.21.56:000][  0]LogConfig: Setting CVar [[r.SkyAtmosphere.FastSkyLUT:1]]
[2020.10.05-09.21.56:000][  0]LogConfig: Setting CVar [[r.SkyAtmosphere.FastSkyLUT.SampleCountMin:4.0]]
[2020.10.05-09.21.56:000][  0]LogConfig: Setting CVar [[r.SkyAtmosphere.FastSkyLUT.SampleCountMax:32.0]]
[2020.10.05-09.21.56:000][  0]LogConfig: Setting CVar [[r.SkyAtmosphere.SampleCountMin:4.0]]
[2020.10.05-09.21.56:000][  0]LogConfig: Setting CVar [[r.SkyAtmosphere.SampleCountMax:32.0]]
[2020.10.05-09.21.56:001][  0]LogConfig: Setting CVar [[r.SkyAtmosphere.TransmittanceLUT.UseSmallFormat:0]]
[2020.10.05-09.21.56:001][  0]LogConfig: Setting CVar [[r.SkyAtmosphere.TransmittanceLUT.SampleCount:10.0]]
[2020.10.05-09.21.56:001][  0]LogConfig: Setting CVar [[r.SkyAtmosphere.MultiScatteringLUT.SampleCount:15.0]]
[2020.10.05-09.21.56:001][  0]LogConfig: Applying CVar settings from Section [FoliageQuality@3] File [C:/Users/Nandita/Desktop/Demo2020/NewUnrealDemo/RobotDemo/SimpleRobotDemo_BP/Saved/Config/Windows/Scalability.ini]
[2020.10.05-09.21.56:001][  0]LogConfig: Setting CVar [[foliage.DensityScale:1.0]]
[2020.10.05-09.21.56:001][  0]LogConfig: Setting CVar [[grass.DensityScale:1.0]]
[2020.10.05-09.21.56:001][  0]LogConfig: Applying CVar settings from Section [ShadingQuality@3] File [C:/Users/Nandita/Desktop/Demo2020/NewUnrealDemo/RobotDemo/SimpleRobotDemo_BP/Saved/Config/Windows/Scalability.ini]
[2020.10.05-09.21.56:001][  0]LogConfig: Setting CVar [[r.HairStrands.SkyLighting.SampleCount:16]]
[2020.10.05-09.21.56:001][  0]LogConfig: Setting CVar [[r.HairStrands.SkyLighting.JitterIntegration:0]]
[2020.10.05-09.21.56:001][  0]LogConfig: Setting CVar [[r.HairStrands.SkyAO.SampleCount:16]]
[2020.10.05-09.21.56:001][  0]LogConfig: Setting CVar [[r.HairStrands.DeepShadow.SuperSampling:0]]
[2020.10.05-09.21.56:001][  0]LogConfig: Setting CVar [[r.HairStrands.VisibilityPPLL:0]]
[2020.10.05-09.21.56:001][  0]LogConfig: Setting CVar [[r.HairStrands.RasterizationScale:0.5]]
[2020.10.05-09.21.56:001][  0]LogConfig: Setting CVar [[r.HairStrands.VelocityRasterizationScale:1]]
[2020.10.05-09.21.56:001][  0]LogConfig: Applying CVar settings from Section [Startup] File [../../../Engine/Config/ConsoleVariables.ini]
[2020.10.05-09.21.56:116][  0]LogConfig: Setting CVar [[net.UseAdaptiveNetUpdateFrequency:0]]
[2020.10.05-09.21.56:116][  0]LogConfig: Setting CVar [[p.chaos.AllowCreatePhysxBodies:1]]
[2020.10.05-09.21.56:116][  0]LogConfig: Setting CVar [[fx.SkipVectorVMBackendOptimizations:1]]
[2020.10.05-09.21.56:116][  0]LogConfig: Applying CVar settings from Section [ConsoleVariables] File [C:/Users/Nandita/Desktop/Demo2020/NewUnrealDemo/RobotDemo/SimpleRobotDemo_BP/Saved/Config/Windows/Engine.ini]
[2020.10.05-09.21.56:117][  0]LogInit: Computer: DESKTOP-R9OUND7
[2020.10.05-09.21.56:117][  0]LogInit: User: Nandita
[2020.10.05-09.21.56:117][  0]LogInit: CPU Page size=4096, Cores=2
[2020.10.05-09.21.56:117][  0]LogInit: High frequency timer resolution =10.000000 MHz
[2020.10.05-09.21.56:117][  0]LogMemory: Memory total: Physical=11.9GB (12GB approx)
[2020.10.05-09.21.56:117][  0]LogMemory: Platform Memory Stats for Windows
[2020.10.05-09.21.56:117][  0]LogMemory: Process Physical Memory: 113.36 MB used, 113.36 MB peak
[2020.10.05-09.21.56:117][  0]LogMemory: Process Virtual Memory: 111.26 MB used, 111.26 MB peak
[2020.10.05-09.21.56:117][  0]LogMemory: Physical Memory: 6737.56 MB used,  5480.59 MB free, 12218.15 MB total
[2020.10.05-09.21.56:117][  0]LogMemory: Virtual Memory: 5139.04 MB used,  134212592.00 MB free, 134217728.00 MB total
[2020.10.05-09.21.56:127][  0]LogWindows: WindowsPlatformFeatures enabled
[2020.10.05-09.21.58:510][  0]LogInit: Physics initialised using underlying interface: PhysX
[2020.10.05-09.21.58:510][  0]LogInit: Using OS detected language (en-US).
[2020.10.05-09.21.58:510][  0]LogInit: Using OS detected locale (en-IN).
[2020.10.05-09.21.58:526][  0]LogTextLocalizationManager: No specific localization for 'en-US' exists, so the 'en' localization will be used.
[2020.10.05-09.22.00:846][  0]LogSlate: New Slate User Created.  User Index 0, Is Virtual User: 0
[2020.10.05-09.22.00:846][  0]LogSlate: Slate User Registered.  User Index 0, Is Virtual User: 0
[2020.10.05-09.22.00:910][  0]LogHMD: Failed to initialize OpenVR with code 110
[2020.10.05-09.22.00:910][  0]LogD3D11RHI: D3D11 min allowed feature level: 11_0
[2020.10.05-09.22.00:911][  0]LogD3D11RHI: D3D11 max allowed feature level: 11_0
[2020.10.05-09.22.00:911][  0]LogD3D11RHI: D3D11 adapters:
[2020.10.05-09.22.01:229][  0]LogD3D11RHI:    0. 'NVIDIA GeForce GT 740M' (Feature Level 11_0)
[2020.10.05-09.22.01:229][  0]LogD3D11RHI:       2009/0/6109 MB DedicatedVideo/DedicatedSystem/SharedSystem, Outputs:1, VendorId:0x10de
[2020.10.05-09.22.01:239][  0]LogD3D11RHI:    1. 'Intel(R) HD Graphics Family' (Feature Level 11_0)
[2020.10.05-09.22.01:240][  0]LogD3D11RHI:       112/0/2048 MB DedicatedVideo/DedicatedSystem/SharedSystem, Outputs:0, VendorId:0x8086
[2020.10.05-09.22.01:244][  0]LogD3D11RHI:    2. 'Microsoft Basic Render Driver' (Feature Level 11_0)
[2020.10.05-09.22.01:244][  0]LogD3D11RHI:       0/0/6109 MB DedicatedVideo/DedicatedSystem/SharedSystem, Outputs:0, VendorId:0x1414
[2020.10.05-09.22.01:244][  0]LogD3D11RHI: Chosen D3D11 Adapter: 0
[2020.10.05-09.22.01:301][  0]LogD3D11RHI: Creating new Direct3DDevice
[2020.10.05-09.22.01:301][  0]LogD3D11RHI:     GPU DeviceId: 0x1292 (for the marketing name, search the web for "GPU Device Id")
[2020.10.05-09.22.01:301][  0]LogWindows: EnumDisplayDevices:
[2020.10.05-09.22.01:302][  0]LogWindows:    0. 'Intel(R) HD Graphics Family' (P:1 D:1)
[2020.10.05-09.22.01:302][  0]LogWindows:    1. 'Intel(R) HD Graphics Family' (P:0 D:0)
[2020.10.05-09.22.01:303][  0]LogWindows:    2. 'Intel(R) HD Graphics Family' (P:0 D:0)
[2020.10.05-09.22.01:303][  0]LogWindows: DebugString: PrimaryIsNotTheChoosenAdapter PrimaryIsNotTheChoosenAdapter PrimaryIsNotTheChoosenAdapter FoundDriverCount:0 
[2020.10.05-09.22.01:303][  0]LogD3D11RHI:     Adapter Name: NVIDIA GeForce GT 740M
[2020.10.05-09.22.01:303][  0]LogD3D11RHI:   Driver Version: Unknown (internal:Unknown, unified:Unknown)
[2020.10.05-09.22.01:303][  0]LogD3D11RHI:      Driver Date: Unknown
[2020.10.05-09.22.01:303][  0]LogRHI: Texture pool is 1406 MB (70% of 2009 MB)
[2020.10.05-09.22.01:369][  0]LogD3D11RHI: RHI does not have support for 64 bit atomics
[2020.10.05-09.22.01:369][  0]LogD3D11RHI: Async texture creation enabled
[2020.10.05-09.22.01:401][  0]LogD3D11RHI: GPU Timing Frequency: 1000.000000 (Debug: 2 2)
[2020.10.05-09.22.02:505][  0]LogTargetPlatformManager: Display: Loaded TargetPlatform 'WindowsNoEditor'
[2020.10.05-09.22.02:510][  0]LogTargetPlatformManager: Display: Loaded TargetPlatform 'Windows'
[2020.10.05-09.22.02:521][  0]LogTargetPlatformManager: Display: Loaded TargetPlatform 'WindowsClient'
[2020.10.05-09.22.02:533][  0]LogTargetPlatformManager: Display: Loaded TargetPlatform 'WindowsServer'
[2020.10.05-09.22.02:533][  0]LogTargetPlatformManager: Display: Building Assets For Windows
[2020.10.05-09.22.02:839][  0]LogAudioDebug: Display: Lib vorbis DLL was dynamically loaded.
[2020.10.05-09.22.03:671][  0]LogShaderCompilers: Guid format shader working directory is -44 characters bigger than the processId version (../../../../../../Users/Nandita/Desktop/Demo2020/NewUnrealDemo/RobotDemo/SimpleRobotDemo_BP/Intermediate/Shaders/WorkingDirectory/18736/).
[2020.10.05-09.22.03:672][  0]LogShaderCompilers: Cleaned the shader compiler working directory 'C:/Users/Nandita/AppData/Local/Temp/UnrealShaderWorkingDir/AE9550324FF5764FC0235DABB77475ED/'.
[2020.10.05-09.22.03:672][  0]LogXGEController: Cannot use XGE Controller as Incredibuild is not installed on this machine.
[2020.10.05-09.22.03:672][  0]LogShaderCompilers: Cannot use XGE Shader Compiler as Incredibuild is not installed on this machine.
[2020.10.05-09.22.03:673][  0]LogShaderCompilers: Display: Using Local Shader Compiler.
[2020.10.05-09.22.11:523][  0]LogDerivedDataCache: Display: Max Cache Size: 512 MB
[2020.10.05-09.22.12:869][  0]LogDerivedDataCache: Loaded boot cache 1.35s 83MB C:/Users/Nandita/AppData/Local/UnrealEngine/4.25/DerivedDataCache/Boot.ddc.
[2020.10.05-09.22.12:869][  0]LogDerivedDataCache: Display: Loaded Boot cache: C:/Users/Nandita/AppData/Local/UnrealEngine/4.25/DerivedDataCache/Boot.ddc
[2020.10.05-09.22.12:870][  0]LogDerivedDataCache: FDerivedDataBackendGraph:  Pak pak cache file ../../../../../../Users/Nandita/Desktop/Demo2020/NewUnrealDemo/RobotDemo/SimpleRobotDemo_BP/DerivedDataCache/DDC.ddp not found, will not use a pak cache.
[2020.10.05-09.22.12:870][  0]LogDerivedDataCache: Unable to find inner node Pak for hierarchical cache Hierarchy.
[2020.10.05-09.22.12:870][  0]LogDerivedDataCache: FDerivedDataBackendGraph:  CompressedPak pak cache file ../../../../../../Users/Nandita/Desktop/Demo2020/NewUnrealDemo/RobotDemo/SimpleRobotDemo_BP/DerivedDataCache/Compressed.ddp not found, will not use a pak cache.
[2020.10.05-09.22.12:870][  0]LogDerivedDataCache: Unable to find inner node CompressedPak for hierarchical cache Hierarchy.
[2020.10.05-09.22.12:949][  0]LogDerivedDataCache: Display: Pak cache opened for reading ../../../Engine/DerivedDataCache/Compressed.ddp.
[2020.10.05-09.22.12:949][  0]LogDerivedDataCache: FDerivedDataBackendGraph:  EnterprisePak pak cache file ../../../Enterprise/DerivedDataCache/Compressed.ddp not found, will not use a pak cache.
[2020.10.05-09.22.12:949][  0]LogDerivedDataCache: Unable to find inner node EnterprisePak for hierarchical cache Hierarchy.
[2020.10.05-09.22.12:952][  0]LogDerivedDataCache: Using Local data cache path C:/Users/Nandita/AppData/Local/UnrealEngine/Common/DerivedDataCache: Writable
[2020.10.05-09.22.12:952][  0]LogDerivedDataCache: Shared data cache path not found in *engine.ini, will not use an Shared cache.
[2020.10.05-09.22.12:952][  0]LogDerivedDataCache: Unable to find inner node Shared for hierarchical cache Hierarchy.
[2020.10.05-09.22.13:053][  0]LogSlate: Using FreeType 2.10.0
[2020.10.05-09.22.13:136][  0]LogSlate: SlateFontServices - WITH_FREETYPE: 1, WITH_HARFBUZZ: 1
[2020.10.05-09.22.13:394][  0]LogInit: Using OS detected language (en-US).
[2020.10.05-09.22.13:394][  0]LogInit: Using OS detected locale (en-IN).
[2020.10.05-09.22.13:394][  0]LogTextLocalizationManager: No localization for 'en-US' exists, so 'en' will be used for the language.
[2020.10.05-09.22.13:395][  0]LogTextLocalizationManager: No localization for 'en-IN' exists, so 'en' will be used for the locale.
[2020.10.05-09.22.13:395][  0]LogSlate: FontCache flush requested. Reason: Culture for localization was changed
[2020.10.05-09.22.13:395][  0]LogSlate: FontCache flush requested. Reason: Culture for localization was changed
[2020.10.05-09.22.13:397][  0]LogTextLocalizationManager: Compacting localization data took   0.02ms
[2020.10.05-09.22.13:406][  0]LogAssetRegistry: FAssetRegistry took 0.0041 seconds to start up
[2020.10.05-09.22.13:793][  0]LogPackageLocalizationCache: Processed 19 localized package path(s) for 1 prioritized culture(s) in 0.001197 seconds
[2020.10.05-09.22.13:940][  0]LogInit: Selected Device Profile: [Windows]
[2020.10.05-09.22.14:964][  0]LogMeshReduction: Using QuadricMeshReduction for automatic static mesh reduction
[2020.10.05-09.22.14:964][  0]LogMeshReduction: Using SimplygonMeshReduction for automatic skeletal mesh reduction
[2020.10.05-09.22.14:964][  0]LogMeshReduction: Using ProxyLODMeshReduction for automatic mesh merging
[2020.10.05-09.22.14:964][  0]LogMeshReduction: No distributed automatic mesh merging module available
[2020.10.05-09.22.14:964][  0]LogMeshMerging: No distributed automatic mesh merging module available
[2020.10.05-09.22.15:170][  0]LogNetVersion: SimpleRobotDemo_BP 1.0.0, NetCL: 13144385, EngineNetVer: 14, GameNetVer: 0 (Checksum: 3713622887)
[2020.10.05-09.22.19:377][  0]LogAISub: UAISubsystem::UAISubsystem AISubsystem (000001D94AB47080), frame # 0
[2020.10.05-09.22.19:377][  0]LogAISub: UAISubsystem::UAISubsystem AIPerceptionSystem (000001D94AAFD6C0), frame # 0
[2020.10.05-09.22.19:380][  0]LogAISub: UAISubsystem::UAISubsystem EnvQueryManager (000001D94AB4DE00), frame # 0
[2020.10.05-09.22.20:294][  0]LogCollectionManager: Loaded 0 collections in 0.002924 seconds
[2020.10.05-09.22.20:297][  0]LogFileCache: Scanning file cache for directory 'C:/Users/Nandita/Desktop/Demo2020/NewUnrealDemo/RobotDemo/SimpleRobotDemo_BP/Saved/Collections/' took 0.00s
[2020.10.05-09.22.20:297][  0]LogFileCache: Scanning file cache for directory 'C:/Users/Nandita/Desktop/Demo2020/NewUnrealDemo/RobotDemo/SimpleRobotDemo_BP/Content/Developers/Nandita/Collections/' took 0.00s
[2020.10.05-09.22.20:297][  0]LogFileCache: Scanning file cache for directory 'C:/Users/Nandita/Desktop/Demo2020/NewUnrealDemo/RobotDemo/SimpleRobotDemo_BP/Content/Collections/' took 0.00s
[2020.10.05-09.22.20:297][  0]LogCollectionManager: Fixed up redirectors for 0 collections in 0.000005 seconds (updated 0 objects)
[2020.10.05-09.22.21:315][  0]LogMoviePlayer: Initializing movie player
[2020.10.05-09.22.22:011][  0]LogTcpMessaging: Initializing TcpMessaging bridge
[2020.10.05-09.22.22:018][  0]LogUdpMessaging: Initializing bridge on interface 0.0.0.0:0 to multicast group 230.0.0.1:6666.
[2020.10.05-09.22.22:132][  0]LogSteamShared: Display: Loading Steam SDK 1.47
[2020.10.05-09.22.22:133][  0]LogSteamShared: Steam SDK Loaded!
[2020.10.05-09.22.22:162][  0]SourceControl: Source control is disabled
[2020.10.05-09.22.22:162][  0]SourceControl: Source control is disabled
[2020.10.05-09.22.22:167][  0]SourceControl: Source control is disabled
[2020.10.05-09.22.22:504][  0]LogAndroidPermission: UAndroidPermissionCallbackProxy::GetInstance
[2020.10.05-09.22.22:534][  0]LogAudioCaptureCore: Display: No Audio Capture implementations found. Audio input will be silent.
[2020.10.05-09.22.22:534][  0]LogAudioCaptureCore: Display: No Audio Capture implementations found. Audio input will be silent.
[2020.10.05-09.22.22:901][  0]LogOcInput: OculusInput pre-init called
[2020.10.05-09.22.22:912][  0]LogSockets: SteamSockets: Disabled due to no Steam OSS running.
[2020.10.05-09.22.22:936][  0]LogUObjectArray: 19078 objects as part of root set at end of initial load.
[2020.10.05-09.22.22:936][  0]LogUObjectAllocator: 5037456 out of 0 bytes used by permanent object pool.
[2020.10.05-09.22.22:936][  0]LogUObjectArray: CloseDisregardForGC: 0/0 objects in disregard for GC pool
[2020.10.05-09.22.23:192][  0]LogEngine: Initializing Engine...
[2020.10.05-09.22.23:195][  0]LogHMD: Failed to initialize OpenVR with code 110
[2020.10.05-09.22.23:195][  0]LogMagicLeap: Warning: VR disabled because ZI is not enabled.  To enable, in the editor, Edit -> Project Settings -> Plugins -> Magic Leap Plugin -> Enable Zero Iteration
[2020.10.05-09.22.23:198][  0]LogGameplayTags: NetworkGameplayTagNodeIndexHash is e125c222
[2020.10.05-09.22.23:198][  0]LogStats: UGameplayTagsManager::InitializeManager -  0.001 s
[2020.10.05-09.22.24:171][  0]LogInit: Initializing FReadOnlyCVARCache
[2020.10.05-09.22.24:180][  0]LogAudioMixer: Display: Audio Mixer Platform Settings:
[2020.10.05-09.22.24:180][  0]LogAudioMixer: Display: 	Sample Rate:						  48000
[2020.10.05-09.22.24:180][  0]LogAudioMixer: Display: 	Callback Buffer Frame Size Requested: 1024
[2020.10.05-09.22.24:180][  0]LogAudioMixer: Display: 	Callback Buffer Frame Size To Use:	  1024
[2020.10.05-09.22.24:180][  0]LogAudioMixer: Display: 	Number of buffers to queue:			  2
[2020.10.05-09.22.24:180][  0]LogAudioMixer: Display: 	Max Channels (voices):				  32
[2020.10.05-09.22.24:180][  0]LogAudioMixer: Display: 	Number of Async Source Workers:		  0
[2020.10.05-09.22.24:180][  0]LogAudio: Display: AudioDevice MaxSources: 32
[2020.10.05-09.22.24:181][  0]LogAudio: Display: Using built-in audio occlusion.
[2020.10.05-09.22.24:181][  0]LogAudioMixer: Display: Initializing audio mixer.
[2020.10.05-09.22.24:202][  0]LogAudioMixer: Display: 0: FrontLeft
[2020.10.05-09.22.24:202][  0]LogAudioMixer: Display: 1: FrontRight
[2020.10.05-09.22.24:291][  0]LogAudioMixer: Display: Using Audio Device Speaker/HP (Realtek High Definition Audio)
[2020.10.05-09.22.24:291][  0]LogAudioMixer: Display: Initializing Sound Submixes...
[2020.10.05-09.22.24:467][  0]LogAudioMixer: Display: Creating Master Submix 'MasterSubmixDefault'
[2020.10.05-09.22.24:467][  0]LogAudioMixer: Display: Creating Master Submix 'MasterReverbSubmixDefault'
[2020.10.05-09.22.24:468][  0]LogAudioMixer: Display: Creating Master Submix 'MasterEQSubmixDefault'
[2020.10.05-09.22.24:470][  0]LogInit: FAudioDevice initialized.
[2020.10.05-09.22.24:473][  0]LogNetVersion: Set ProjectVersion to 1.0.0.0. Version Checksum will be recalculated on next use.
[2020.10.05-09.22.24:475][  0]LogInit: Texture streaming: Enabled
[2020.10.05-09.22.25:839][  0]LogSlate: Updating window title bar state: overlay mode, drag disabled, window buttons hidden, title bar hidden
[2020.10.05-09.22.25:841][  0]LogInit: Display: Game Engine Initialized.
[2020.10.05-09.22.25:842][  0]LogGameplayTags: NetworkGameplayTagNodeIndexHash is e125c222
[2020.10.05-09.22.25:842][  0]LogNiagaraEditor: Warning: GEditor isn't valid! Particle reset commands will not work for Niagara components!
[2020.10.05-09.22.25:894][  0]LogInit: Display: Starting Game.
[2020.10.05-09.22.25:894][  0]LogNet: Browse: /Game/ThirdPersonBP/Maps/ThirdPersonExampleMap?Name=Player?Listen
[2020.10.05-09.22.25:894][  0]LogLoad: LoadMap: /Game/ThirdPersonBP/Maps/ThirdPersonExampleMap?Name=Player?Listen
[2020.10.05-09.22.25:894][  0]LogWorld: BeginTearingDown for /Temp/Untitled_0
[2020.10.05-09.22.25:897][  0]LogWorld: UWorld::CleanupWorld for Untitled, bSessionEnded=true, bCleanupResources=true
[2020.10.05-09.22.25:897][  0]LogSlate: InvalidateAllWidgets triggered.  All widgets were invalidated
[2020.10.05-09.22.25:908][  0]LogUObjectHash: Compacting FUObjectHashTables data took   1.18ms
[2020.10.05-09.22.31:161][  0]LogAIModule: Creating AISystem for world ThirdPersonExampleMap
[2020.10.05-09.22.31:161][  0]LogAISub: UAISubsystem::UAISubsystem EnvQueryManager (000001D94E7B9C00), frame # 0
[2020.10.05-09.22.31:161][  0]LogAISub: UAISubsystem::UAISubsystem AIPerceptionSystem (000001D94ED00900), frame # 0
[2020.10.05-09.22.31:226][  0]LogLoad: Game class is 'ThirdPersonGameMode_C'
[2020.10.05-09.22.31:228][  0]LogNet: Applying EmulationProfile Average
[2020.10.05-09.22.31:228][  0]LogNet: Applying EmulationProfile Average
[2020.10.05-09.22.31:228][  0]LogNet: Applying EmulationProfile Average
[2020.10.05-09.22.31:234][  0]LogNet: ReplicationDriverClass is null! Not using ReplicationDriver.
[2020.10.05-09.22.31:234][  0]LogNetCore: DDoS detection status: detection enabled: 0 analytics enabled: 0
[2020.10.05-09.22.31:235][  0]LogInit: WinSock: Socket queue. Rx: 131072 (config 131072) Tx: 131072 (config 131072)
[2020.10.05-09.22.31:235][  0]LogNet: Created socket for bind address: 0.0.0.0 on port 17777
[2020.10.05-09.22.31:235][  0]PacketHandlerLog: Loaded PacketHandler component: Engine.EngineHandlerComponentFactory (StatelessConnectHandlerComponent)
[2020.10.05-09.22.31:235][  0]LogNet: GameNetDriver IpNetDriver_0 IpNetDriver listening on port 17777
[2020.10.05-09.22.31:278][  0]LogWorld: Bringing World /Game/ThirdPersonBP/Maps/ThirdPersonExampleMap.ThirdPersonExampleMap up for play (max tick rate 0) at 2020.10.05-14.52.31
[2020.10.05-09.22.31:280][  0]LogWorld: Bringing up level for play took: 0.043442
[2020.10.05-09.22.31:284][  0]LogOnlineSession: Warning: OSS: No game present to join for session (GameSession)
[2020.10.05-09.22.31:295][  0]LogLoad: Took 5.401419 seconds to LoadMap(/Game/ThirdPersonBP/Maps/ThirdPersonExampleMap)
[2020.10.05-09.22.31:376][  0]LogRenderer: Reallocating scene render targets to support 1280x720 Format 10 NumSamples 1 (Frame:1).
[2020.10.05-09.22.31:376][  0]LogLoad: (Engine Initialization) Total time: 42.49 seconds
[2020.10.05-09.22.31:376][  0]LogLoad: (Engine Initialization) Total Blueprint compile time: 0.00 seconds
[2020.10.05-09.22.31:674][  0]LogSteamShared: Warning: SteamAPI failed to initialize, conditions not met.
[2020.10.05-09.22.31:674][  0]LogSteamController: SteamController is not available
[2020.10.05-09.22.31:690][  0]LogContentStreaming: Texture pool size now 1000 MB
[2020.10.05-09.22.31:705][  0]LogSlate: InvalidateAllWidgets triggered.  All widgets were invalidated
[2020.10.05-09.22.32:216][  0]LogRenderer: Reallocating scene render targets to support 128x128 Format 10 NumSamples 1 (Frame:1).
[2020.10.05-09.22.32:372][  0]LogRenderer: Reallocating scene render targets to support 1280x720 Format 10 NumSamples 1 (Frame:2).
[2020.10.05-09.22.32:436][  1]LogNet: NotifyAcceptingConnection accepted from: 127.0.0.1:65018
[2020.10.05-09.22.32:436][  1]LogHandshake: SendConnectChallenge. Timestamp: 0.867653, Cookie: 077236019019067046186254012174186014046204067219117009008110
[2020.10.05-09.22.32:443][  2]LogNet: NotifyAcceptingConnection accepted from: 127.0.0.1:65018
[2020.10.05-09.22.32:443][  2]LogHandshake: SendChallengeAck. InCookie: 077236019019067046186254012174186014046204067219117009008110
[2020.10.05-09.22.32:443][  2]LogNet: Server accepting post-challenge connection from: 127.0.0.1:65018
[2020.10.05-09.22.32:444][  2]PacketHandlerLog: Loaded PacketHandler component: Engine.EngineHandlerComponentFactory (StatelessConnectHandlerComponent)
[2020.10.05-09.22.32:444][  2]LogNet: NotifyAcceptedConnection: Name: ThirdPersonExampleMap, TimeStamp: 10/05/20 14:52:32, [UNetConnection] RemoteAddr: 127.0.0.1:65018, Name: IpConnection_0, Driver: GameNetDriver IpNetDriver_0, IsServer: YES, PC: NULL, Owner: NULL, UniqueId: INVALID
[2020.10.05-09.22.32:445][  2]LogNet: AddClientConnection: Added client connection: [UNetConnection] RemoteAddr: 127.0.0.1:65018, Name: IpConnection_0, Driver: GameNetDriver IpNetDriver_0, IsServer: YES, PC: NULL, Owner: NULL, UniqueId: INVALID
[2020.10.05-09.22.32:583][  6]LogNet: NotifyAcceptingChannel Control 0 server World /Game/ThirdPersonBP/Maps/ThirdPersonExampleMap.ThirdPersonExampleMap: Accepted
[2020.10.05-09.22.32:583][  6]LogNet: Remote platform little endian=1
[2020.10.05-09.22.32:583][  6]LogNet: This platform little endian=1
[2020.10.05-09.22.32:583][  6]LogNetVersion: SimpleRobotDemo_BP 1.0.0.0, NetCL: 13144385, EngineNetVer: 14, GameNetVer: 0 (Checksum: 733007726)
[2020.10.05-09.22.32:820][ 15]LogNet: Login request: ?Name=DESKTOP-R9OUND7-478A26374320A5C269C3B995C0D7BBD9 userId: NULL:DESKTOP-R9OUND7-478A26374320A5C269C3B995C0D7BBD9 platform: NULL
[2020.10.05-09.22.34:373][ 63]LogNet: Client netspeed is 10000
[2020.10.05-09.22.34:373][ 63]LogNet: Join request: /Game/ThirdPersonBP/Maps/ThirdPersonExampleMap?Name=DESKTOP-R9OUND7-478A26374320A5C269C3B995C0D7BBD9?SplitscreenCount=1
[2020.10.05-09.22.34:374][ 63]LogOnlineSession: Warning: OSS: No game present to join for session (GameSession)
[2020.10.05-09.22.34:384][ 63]LogNet: Join succeeded: DESKTOP-R9OUND7-478A
[2020.10.05-09.22.40:654][ 97]LogNetPlayerMovement: Warning: ServerMove: TimeStamp expired: 0.042925, CurrentTimeStamp: 1.575469, Character: ThirdPersonCharacter_C_0
[2020.10.05-09.22.40:654][ 97]LogNetPlayerMovement: Warning: ServerMove: TimeStamp expired: 0.072815, CurrentTimeStamp: 1.575469, Character: ThirdPersonCharacter_C_0
[2020.10.05-09.22.40:655][ 97]LogNetPlayerMovement: Warning: ServerMove: TimeStamp expired: 0.105736, CurrentTimeStamp: 1.575469, Character: ThirdPersonCharacter_C_0
[2020.10.05-09.22.40:739][ 99]LogNetPlayerMovement: Warning: ServerMove: TimeStamp expired: 0.167200, CurrentTimeStamp: 1.575469, Character: ThirdPersonCharacter_C_0
[2020.10.05-09.22.40:809][101]LogNetPlayerMovement: Warning: ServerMove: TimeStamp expired: 0.206988, CurrentTimeStamp: 1.575469, Character: ThirdPersonCharacter_C_0
[2020.10.05-09.22.40:809][101]LogNetPlayerMovement: Warning: ServerMove: TimeStamp expired: 0.243542, CurrentTimeStamp: 1.575469, Character: ThirdPersonCharacter_C_0
[2020.10.05-09.22.40:953][104]LogNetPlayerMovement: Warning: ServerMove: TimeStamp expired: 0.305347, CurrentTimeStamp: 1.575469, Character: ThirdPersonCharacter_C_0
[2020.10.05-09.22.40:953][104]LogNetPlayerMovement: Warning: ServerMove: TimeStamp expired: 0.357501, CurrentTimeStamp: 1.575469, Character: ThirdPersonCharacter_C_0
[2020.10.05-09.22.41:017][105]LogNetPlayerMovement: Warning: ServerMove: TimeStamp expired: 0.422361, CurrentTimeStamp: 1.575469, Character: ThirdPersonCharacter_C_0
[2020.10.05-09.22.41:018][105]LogNetPlayerMovement: Warning: ServerMove: TimeStamp expired: 0.455438, CurrentTimeStamp: 1.575469, Character: ThirdPersonCharacter_C_0
[2020.10.05-09.22.41:058][106]LogNetPlayerMovement: Warning: ServerMove: TimeStamp expired: 0.518964, CurrentTimeStamp: 1.575469, Character: ThirdPersonCharacter_C_0
[2020.10.05-09.22.41:140][108]LogNetPlayerMovement: Warning: ServerMove: TimeStamp expired: 0.567386, CurrentTimeStamp: 1.575469, Character: ThirdPersonCharacter_C_0
[2020.10.05-09.22.47:514][144]LogD3D11RHI: Timed out while waiting for GPU to catch up. (0.5 s) (ErrorCode 00000001)
[2020.10.05-09.24.05:647][931]LogSlate: Window 'SimpleRobotDemo_BP (64-bit Development PCD3D_SM5) ' being destroyed
[2020.10.05-09.24.05:697][931]LogWindowsTextInputMethodSystem: Display: IME system now deactivated.
[2020.10.05-09.24.05:787][932]LogOnlineSession: Warning: OSS: No game present to leave for session (GameSession)
[2020.10.05-09.24.05:810][932]LogSlate: Updating window title bar state: overlay mode, drag disabled, window buttons hidden, title bar hidden
[2020.10.05-09.24.05:810][932]LogEngine: All Windows Closed
[2020.10.05-09.24.05:810][932]LogWindows: FPlatformMisc::RequestExit(0)
[2020.10.05-09.24.05:810][932]LogCore: Engine exit requested (reason: Win RequestExit)
[2020.10.05-09.24.05:824][933]LogCore: Engine exit requested (reason: EngineExit() was called; note: exit was already requested)
[2020.10.05-09.24.05:924][933]LogAudio: Display: Shutting down audio device while 2 references to it are still alive. For more information, compile with INSTRUMENT_AUDIODEVICE_HANDLES.
[2020.10.05-09.24.06:006][933]LogInit: Display: PreExit Game.
[2020.10.05-09.24.06:221][933]LogWorld: BeginTearingDown for /Game/ThirdPersonBP/Maps/ThirdPersonExampleMap
[2020.10.05-09.24.06:222][933]LogNet: World NetDriver shutdown IpNetDriver_0 [GameNetDriver]
[2020.10.05-09.24.06:222][933]LogNet: DestroyNamedNetDriver IpNetDriver_0 [GameNetDriver]
[2020.10.05-09.24.06:223][933]LogNet: UNetConnection::Cleanup: Closing open connection. [UNetConnection] RemoteAddr: 127.0.0.1:65018, Name: IpConnection_0, Driver: GameNetDriver IpNetDriver_0, IsServer: YES, PC: PlayerController_1, Owner: PlayerController_1, UniqueId: NULL:DESKTOP-R9OUND7-478A26374320A5C269C3B995C0D7BBD9
[2020.10.05-09.24.06:223][933]LogNet: UNetConnection::Close: [UNetConnection] RemoteAddr: 127.0.0.1:65018, Name: IpConnection_0, Driver: GameNetDriver IpNetDriver_0, IsServer: YES, PC: PlayerController_1, Owner: PlayerController_1, UniqueId: NULL:DESKTOP-R9OUND7-478A26374320A5C269C3B995C0D7BBD9, Channels: 14, Time: 2020.10.05-09.24.06
[2020.10.05-09.24.06:223][933]LogNet: UChannel::Close: Sending CloseBunch. ChIndex == 0. Name: [UChannel] ChIndex: 0, Closing: 0 [UNetConnection] RemoteAddr: 127.0.0.1:65018, Name: IpConnection_0, Driver: GameNetDriver IpNetDriver_0, IsServer: YES, PC: PlayerController_1, Owner: PlayerController_1, UniqueId: NULL:DESKTOP-R9OUND7-478A26374320A5C269C3B995C0D7BBD9
[2020.10.05-09.24.06:448][933]LogExit: GameNetDriver IpNetDriver_0 shut down
[2020.10.05-09.24.06:448][933]LogWorld: UWorld::CleanupWorld for ThirdPersonExampleMap, bSessionEnded=true, bCleanupResources=true
[2020.10.05-09.24.06:449][933]LogSlate: InvalidateAllWidgets triggered.  All widgets were invalidated
[2020.10.05-09.24.07:380][933]LogExit: Preparing to exit.
[2020.10.05-09.24.08:094][933]LogMoviePlayer: Shutting down movie player
[2020.10.05-09.24.09:215][933]LogSlate: Updating window title bar state: overlay mode, drag disabled, window buttons hidden, title bar hidden
[2020.10.05-09.24.09:251][933]LogDemo: Cleaned up 0 splitscreen connections with owner deletion
[2020.10.05-09.24.09:666][933]LogExit: Game engine shut down
[2020.10.05-09.24.10:873][933]LogAISub: UAISubsystem::~UAISubsystem AISubsystem (000001D94AB47080), frame # 933
[2020.10.05-09.24.10:873][933]LogAISub: UAISubsystem::~UAISubsystem AIPerceptionSystem (000001D94AAFD6C0), frame # 933
[2020.10.05-09.24.10:884][933]LogAISub: UAISubsystem::~UAISubsystem EnvQueryManager (000001D94AB4DE00), frame # 933
[2020.10.05-09.24.11:794][933]LogAISub: UAISubsystem::~UAISubsystem EnvQueryManager (000001D94E7B9C00), frame # 933
[2020.10.05-09.24.11:794][933]LogAISub: UAISubsystem::~UAISubsystem AIPerceptionSystem (000001D94ED00900), frame # 933
[2020.10.05-09.24.11:941][933]LogExit: Object subsystem successfully closed.
[2020.10.05-09.24.12:310][933]LogShaderCompilers: Display: Shaders left to compile 0
[2020.10.05-09.24.13:751][933]LogModuleManager: Shutting down and abandoning module SequenceRecorderSections (510)
[2020.10.05-09.24.13:824][933]LogModuleManager: Shutting down and abandoning module SequenceRecorder (508)
[2020.10.05-09.24.14:045][933]LogModuleManager: Shutting down and abandoning module AutomationController (506)
[2020.10.05-09.24.14:113][933]LogModuleManager: Shutting down and abandoning module AutomationWorker (504)
[2020.10.05-09.24.14:128][933]LogModuleManager: Shutting down and abandoning module Voice (502)
[2020.10.05-09.24.14:128][933]LogModuleManager: Shutting down and abandoning module AIModule (500)
[2020.10.05-09.24.14:128][933]LogModuleManager: Shutting down and abandoning module GameplayDebugger (499)
[2020.10.05-09.24.14:128][933]LogModuleManager: Shutting down and abandoning module AITestSuite (497)
[2020.10.05-09.24.14:128][933]LogModuleManager: Shutting down and abandoning module NavigationSystem (495)
[2020.10.05-09.24.14:128][933]LogModuleManager: Shutting down and abandoning module OculusMR (492)
[2020.10.05-09.24.14:137][933]LogModuleManager: Shutting down and abandoning module WmfMediaFactory (490)
[2020.10.05-09.24.14:137][933]LogModuleManager: Shutting down and abandoning module WebMMediaFactory (488)
[2020.10.05-09.24.14:137][933]LogModuleManager: Shutting down and abandoning module WebMMedia (486)
[2020.10.05-09.24.14:148][933]LogModuleManager: Shutting down and abandoning module OpenExrWrapper (484)
[2020.10.05-09.24.14:148][933]LogModuleManager: Shutting down and abandoning module ImgMediaFactory (482)
[2020.10.05-09.24.14:148][933]LogModuleManager: Shutting down and abandoning module AvfMediaFactory (480)
[2020.10.05-09.24.14:148][933]LogModuleManager: Shutting down and abandoning module MagicLeapMediaCodecFactory (478)
[2020.10.05-09.24.14:148][933]LogModuleManager: Shutting down and abandoning module MagicLeapMediaFactory (476)
[2020.10.05-09.24.14:148][933]LogModuleManager: Shutting down and abandoning module PlanarCut (474)
[2020.10.05-09.24.14:172][933]LogModuleManager: Shutting down and abandoning module CharacterAI (472)
[2020.10.05-09.24.14:172][933]LogModuleManager: Shutting down and abandoning module SessionServices (470)
[2020.10.05-09.24.14:172][933]LogModuleManager: Shutting down and abandoning module MovieSceneCapture (468)
[2020.10.05-09.24.14:172][933]LogModuleManager: Shutting down and abandoning module LiveCoding (466)
[2020.10.05-09.24.14:186][933]LogModuleManager: Shutting down and abandoning module LevelSequence (464)
[2020.10.05-09.24.14:186][933]LogModuleManager: Shutting down and abandoning module MovieSceneTracks (462)
[2020.10.05-09.24.14:186][933]LogModuleManager: Shutting down and abandoning module MovieScene (460)
[2020.10.05-09.24.14:186][933]LogModuleManager: Shutting down and abandoning module StreamingPauseRendering (458)
[2020.10.05-09.24.14:276][933]LogModuleManager: Shutting down and abandoning module PortalServices (456)
[2020.10.05-09.24.14:276][933]LogModuleManager: Shutting down and abandoning module PortalRpc (454)
[2020.10.05-09.24.14:276][933]LogModuleManager: Shutting down and abandoning module MessagingRpc (452)
[2020.10.05-09.24.14:276][933]LogModuleManager: Shutting down and abandoning module AudioMixerXAudio2 (450)
[2020.10.05-09.24.14:276][933]LogModuleManager: Shutting down and abandoning module AudioMixerCore (449)
[2020.10.05-09.24.14:276][933]LogModuleManager: Shutting down and abandoning module ProfilerService (446)
[2020.10.05-09.24.14:424][933]LogModuleManager: Shutting down and abandoning module TaskGraph (444)
[2020.10.05-09.24.14:453][933]LogModuleManager: Shutting down and abandoning module Synthesis (442)
[2020.10.05-09.24.14:467][933]LogModuleManager: Shutting down and abandoning module SteamSockets (440)
[2020.10.05-09.24.14:467][933]LogModuleManager: Shutting down and abandoning module SteamController (438)
[2020.10.05-09.24.14:467][933]LogModuleManager: Shutting down and abandoning module ProceduralMeshComponent (436)
[2020.10.05-09.24.14:467][933]LogModuleManager: Shutting down and abandoning module OculusInput (434)
[2020.10.05-09.24.14:467][933]LogModuleManager: Shutting down and abandoning module MobilePatchingUtils (432)
[2020.10.05-09.24.14:467][933]LogModuleManager: Shutting down and abandoning module GooglePAD (430)
[2020.10.05-09.24.14:467][933]LogModuleManager: Shutting down and abandoning module EditableMesh (428)
[2020.10.05-09.24.14:479][933]LogModuleManager: Shutting down and abandoning module CustomMeshComponent (426)
[2020.10.05-09.24.14:479][933]LogModuleManager: Shutting down and abandoning module CableComponent (424)
[2020.10.05-09.24.14:490][933]LogModuleManager: Shutting down and abandoning module AudioCapture (422)
[2020.10.05-09.24.14:491][933]LogModuleManager: Shutting down and abandoning module AudioCaptureRtAudio (421)
[2020.10.05-09.24.14:567][933]LogModuleManager: Shutting down and abandoning module AssetTags (418)
[2020.10.05-09.24.14:567][933]LogModuleManager: Shutting down and abandoning module ArchVisCharacter (416)
[2020.10.05-09.24.14:567][933]LogModuleManager: Shutting down and abandoning module AppleImageUtilsBlueprintSupport (414)
[2020.10.05-09.24.14:567][933]LogModuleManager: Shutting down and abandoning module AppleImageUtils (412)
[2020.10.05-09.24.14:567][933]LogModuleManager: Shutting down and abandoning module AndroidPermission (410)
[2020.10.05-09.24.14:567][933]LogModuleManager: Shutting down and abandoning module NUTUnrealEngine4 (406)
[2020.10.05-09.24.14:638][933]LogModuleManager: Shutting down and abandoning module NetcodeUnitTest (404)
[2020.10.05-09.24.14:643][933]LogModuleManager: Shutting down and abandoning module TemplateSequence (402)
[2020.10.05-09.24.14:643][933]LogModuleManager: Shutting down and abandoning module MovieRenderPipelineRenderPasses (400)
[2020.10.05-09.24.14:670][933]LogModuleManager: Shutting down and abandoning module MovieRenderPipelineSettings (398)
[2020.10.05-09.24.14:670][933]LogModuleManager: Shutting down and abandoning module MovieRenderPipelineCore (396)
[2020.10.05-09.24.14:670][933]LogModuleManager: Shutting down and abandoning module ImageWriteQueue (395)
[2020.10.05-09.24.14:672][933]LogModuleManager: Shutting down and abandoning module MediaCompositing (392)
[2020.10.05-09.24.14:672][933]LogModuleManager: Shutting down and abandoning module ImgMedia (390)
[2020.10.05-09.24.14:672][933]LogModuleManager: Shutting down and abandoning module MagicLeapSharedWorld (388)
[2020.10.05-09.24.14:672][933]LogModuleManager: Shutting down and abandoning module MagicLeapLightEstimation (386)
[2020.10.05-09.24.14:672][933]LogModuleManager: Shutting down and abandoning module MagicLeapHelperVulkan (384)
[2020.10.05-09.24.14:672][933]LogModuleManager: Shutting down and abandoning module MagicLeapHelperOpenGL (382)
[2020.10.05-09.24.14:672][933]LogModuleManager: Shutting down and abandoning module MagicLeapAudio (380)
[2020.10.05-09.24.14:679][933]LogModuleManager: Shutting down and abandoning module MeshSolverUtilities (378)
[2020.10.05-09.24.14:689][933]LogModuleManager: Shutting down and abandoning module MeshConversion (376)
[2020.10.05-09.24.14:704][933]LogModuleManager: Shutting down and abandoning module DynamicMesh (374)
[2020.10.05-09.24.14:741][933]LogModuleManager: Shutting down and abandoning module GeometryAlgorithms (372)
[2020.10.05-09.24.14:753][933]LogModuleManager: Shutting down and abandoning module GeometricObjects (370)
[2020.10.05-09.24.14:831][933]LogModuleManager: Shutting down and abandoning module GeometryCollectionTracks (368)
[2020.10.05-09.24.14:831][933]LogModuleManager: Shutting down and abandoning module GeometryCollectionSequencer (367)
[2020.10.05-09.24.14:905][933]LogModuleManager: Shutting down and abandoning module GeometryCacheTracks (364)
[2020.10.05-09.24.14:905][933]LogModuleManager: Shutting down and abandoning module GeometryCacheSequencer (363)
[2020.10.05-09.24.14:905][933]LogModuleManager: Shutting down and abandoning module GeometryCache (360)
[2020.10.05-09.24.14:905][933]LogModuleManager: Shutting down and abandoning module GeometryCacheEd (359)
[2020.10.05-09.24.14:905][933]LogModuleManager: Shutting down and abandoning module ChaosNiagara (356)
[2020.10.05-09.24.14:905][933]LogModuleManager: Shutting down and abandoning module ChaosCloth (354)
[2020.10.05-09.24.14:914][933]LogModuleManager: Shutting down and abandoning module BackChannel (352)
[2020.10.05-09.24.14:929][933]LogModuleManager: Shutting down and abandoning module AutomationUtils (350)
[2020.10.05-09.24.14:929][933]LogModuleManager: Shutting down and abandoning module VisualStudioSourceCodeAccess (348)
[2020.10.05-09.24.14:935][933]LogModuleManager: Shutting down and abandoning module HotReload (347)
[2020.10.05-09.24.14:936][933]LogModuleManager: Shutting down and abandoning module VisualStudioCodeSourceCodeAccess (344)
[2020.10.05-09.24.14:936][933]LogModuleManager: Shutting down and abandoning module UObjectPlugin (342)
[2020.10.05-09.24.14:936][933]LogModuleManager: Shutting down and abandoning module SubversionSourceControl (340)
[2020.10.05-09.24.14:945][933]LogModuleManager: Shutting down and abandoning module RiderSourceCodeAccess (338)
[2020.10.05-09.24.14:946][933]LogModuleManager: Shutting down and abandoning module PerforceSourceControl (336)
[2020.10.05-09.24.14:958][933]LogModuleManager: Shutting down and abandoning module SourceControl (335)
[2020.10.05-09.24.14:970][933]LogModuleManager: Shutting down and abandoning module CLionSourceCodeAccess (332)
[2020.10.05-09.24.14:970][933]LogModuleManager: Shutting down and abandoning module ActorLayerUtilities (330)
[2020.10.05-09.24.14:970][933]LogModuleManager: Shutting down and abandoning module SteamShared (328)
[2020.10.05-09.24.14:970][933]LogSteamShared: Freeing the Steam Loaded Modules...
[2020.10.05-09.24.14:970][933]LogModuleManager: Shutting down and abandoning module SoundFields (326)
[2020.10.05-09.24.14:970][933]LogModuleManager: Shutting down and abandoning module SignificanceManager (324)
[2020.10.05-09.24.14:970][933]LogModuleManager: Shutting down and abandoning module RuntimePhysXCooking (322)
[2020.10.05-09.24.14:970][933]LogModuleManager: Shutting down and abandoning module PhysXVehiclesEditor (320)
[2020.10.05-09.24.14:970][933]LogModuleManager: Shutting down and abandoning module LocationServicesBPLibrary (316)
[2020.10.05-09.24.14:970][933]LogModuleManager: Shutting down and abandoning module ActorSequence (314)
[2020.10.05-09.24.14:970][933]LogModuleManager: Shutting down and abandoning module UdpMessaging (312)
[2020.10.05-09.24.15:071][933]LogModuleManager: Shutting down and abandoning module TcpMessaging (310)
[2020.10.05-09.24.15:179][933]LogModuleManager: Shutting down and abandoning module MagicLeapARPin (308)
[2020.10.05-09.24.15:179][933]LogModuleManager: Shutting down and abandoning module MagicLeapHandMeshing (306)
[2020.10.05-09.24.15:179][933]LogModuleManager: Shutting down and abandoning module MagicLeapSecureStorage (304)
[2020.10.05-09.24.15:179][933]LogModuleManager: Shutting down and abandoning module MagicLeapPrivileges (302)
[2020.10.05-09.24.15:179][933]LogModuleManager: Shutting down and abandoning module MagicLeapPlanes (300)
[2020.10.05-09.24.15:184][933]LogMagicLeapPlanes: Planes tracker already destroyed.
[2020.10.05-09.24.15:185][933]LogModuleManager: Shutting down and abandoning module MagicLeapImageTracker (298)
[2020.10.05-09.24.15:197][933]LogModuleManager: Shutting down and abandoning module MagicLeapIdentity (296)
[2020.10.05-09.24.15:197][933]LogModuleManager: Shutting down and abandoning module MagicLeapHandTracking (294)
[2020.10.05-09.24.15:197][933]LogModuleManager: Shutting down and abandoning module MagicLeapEyeTracker (292)
[2020.10.05-09.24.15:197][933]LogModuleManager: Shutting down and abandoning module MagicLeapController (290)
[2020.10.05-09.24.15:204][933]LogSlate: Slate User Destroyed.  User Index 0, Is Virtual User: 0
[2020.10.05-09.24.15:204][933]LogModuleManager: Shutting down and abandoning module MagicLeapARPinImpl (288)
[2020.10.05-09.24.15:219][933]LogModuleManager: Shutting down and abandoning module MagicLeapAR (286)
[2020.10.05-09.24.15:219][933]LogModuleManager: Shutting down and abandoning module AugmentedReality (285)
[2020.10.05-09.24.15:219][933]LogModuleManager: Shutting down and abandoning module NiagaraAnimNotifies (282)
[2020.10.05-09.24.15:219][933]LogModuleManager: Shutting down and abandoning module Niagara (280)
[2020.10.05-09.24.15:246][933]LogModuleManager: Shutting down and abandoning module SignalProcessing (279)
[2020.10.05-09.24.15:246][933]LogModuleManager: Shutting down and abandoning module NiagaraEditor (277)
[2020.10.05-09.24.15:349][933]LogModuleManager: Shutting down and abandoning module NiagaraCore (274)
[2020.10.05-09.24.15:349][933]LogModuleManager: Shutting down and abandoning module GameplayTagsEditor (272)
[2020.10.05-09.24.15:438][933]LogModuleManager: Shutting down and abandoning module FacialAnimation (270)
[2020.10.05-09.24.15:438][933]LogModuleManager: Shutting down and abandoning module AssetManagerEditor (268)
[2020.10.05-09.24.15:456][933]LogModuleManager: Shutting down and abandoning module TreeMap (267)
[2020.10.05-09.24.15:469][933]LogModuleManager: Shutting down and abandoning module AnimationSharing (264)
[2020.10.05-09.24.15:469][933]LogModuleManager: Shutting down and abandoning module LightPropagationVolumeRuntime (262)
[2020.10.05-09.24.15:469][933]LogModuleManager: Shutting down and abandoning module Paper2D (260)
[2020.10.05-09.24.15:469][933]LogModuleManager: Shutting down and abandoning module WindowsMoviePlayer (258)
[2020.10.05-09.24.15:484][933]LogModuleManager: Shutting down and abandoning module WebMMoviePlayer (256)
[2020.10.05-09.24.15:496][933]LogModuleManager: Shutting down and abandoning module NetworkReplayStreaming (254)
[2020.10.05-09.24.15:496][933]LogModuleManager: Shutting down and abandoning module PacketHandler (252)
[2020.10.05-09.24.15:496][933]LogModuleManager: Shutting down and abandoning module ClothingSystemEditor (250)
[2020.10.05-09.24.15:496][933]LogModuleManager: Shutting down and abandoning module ClothingSystemRuntimeNv (248)
[2020.10.05-09.24.15:503][933]LogModuleManager: Shutting down and abandoning module MediaAssets (246)
[2020.10.05-09.24.15:503][933]LogModuleManager: Shutting down and abandoning module Overlay (244)
[2020.10.05-09.24.15:503][933]LogModuleManager: Shutting down and abandoning module OverlayEditor (243)
[2020.10.05-09.24.15:503][933]LogModuleManager: Shutting down and abandoning module VREditor (240)
[2020.10.05-09.24.15:526][933]LogModuleManager: Shutting down and abandoning module StringTableEditor (238)
[2020.10.05-09.24.15:530][933]LogModuleManager: Shutting down and abandoning module GameplayTasksEditor (236)
[2020.10.05-09.24.15:530][933]LogModuleManager: Shutting down and abandoning module BehaviorTreeEditor (234)
[2020.10.05-09.24.15:615][933]LogModuleManager: Shutting down and abandoning module FunctionalTesting (232)
[2020.10.05-09.24.15:630][933]LogModuleManager: Shutting down and abandoning module CollisionAnalyzer (230)
[2020.10.05-09.24.15:702][933]LogModuleManager: Shutting down and abandoning module UMG (228)
[2020.10.05-09.24.15:715][933]LogModuleManager: Shutting down and abandoning module UMGEditor (227)
[2020.10.05-09.24.15:741][933]LogModuleManager: Shutting down and abandoning module Sequencer (226)
[2020.10.05-09.24.15:782][933]LogModuleManager: Shutting down and abandoning module MessageLog (223)
[2020.10.05-09.24.15:782][933]LogModuleManager: Shutting down and abandoning module MaterialEditor (221)
[2020.10.05-09.24.15:789][933]LogModuleManager: Shutting down and abandoning module ContentBrowser (220)
[2020.10.05-09.24.15:789][933]LogModuleManager: Shutting down and abandoning module WorkspaceMenuStructure (219)
[2020.10.05-09.24.15:789][933]LogModuleManager: Shutting down and abandoning module CollectionManager (217)
[2020.10.05-09.24.15:843][933]LogModuleManager: Shutting down and abandoning module DirectoryWatcher (216)
[2020.10.05-09.24.15:843][933]LogModuleManager: Shutting down and abandoning module SlateReflector (208)
[2020.10.05-09.24.15:983][933]LogModuleManager: Shutting down and abandoning module Slate (206)
[2020.10.05-09.24.15:984][933]LogModuleManager: Shutting down and abandoning module SlateCore (204)
[2020.10.05-09.24.15:984][933]LogModuleManager: Shutting down and abandoning module LandscapeEditorUtilities (202)
[2020.10.05-09.24.15:984][933]LogModuleManager: Shutting down and abandoning module EditorStyle (200)
[2020.10.05-09.24.15:985][933]LogModuleManager: Shutting down and abandoning module UnrealEd (198)
[2020.10.05-09.24.15:986][933]LogModuleManager: Shutting down and abandoning module MRMesh (196)
[2020.10.05-09.24.15:986][933]LogModuleManager: Shutting down and abandoning module Messaging (194)
[2020.10.05-09.24.15:986][933]LogModuleManager: Shutting down and abandoning module SourceCodeAccess (192)
[2020.10.05-09.24.15:986][933]LogModuleManager: Shutting down and abandoning module HeadMountedDisplay (190)
[2020.10.05-09.24.15:986][933]LogModuleManager: Shutting down and abandoning module XAudio2 (188)
[2020.10.05-09.24.15:993][933]LogModuleManager: Shutting down and abandoning module Networking (186)
[2020.10.05-09.24.15:993][933]LogModuleManager: Shutting down and abandoning module Core (184)
[2020.10.05-09.24.15:993][933]LogModuleManager: Shutting down and abandoning module MovieSceneTools (182)
[2020.10.05-09.24.16:007][933]LogModuleManager: Shutting down and abandoning module KismetCompiler (180)
[2020.10.05-09.24.16:007][933]LogModuleManager: Shutting down and abandoning module MeshBuilder (178)
[2020.10.05-09.24.16:020][933]LogModuleManager: Shutting down and abandoning module MeshUtilities (176)
[2020.10.05-09.24.16:036][933]LogModuleManager: Shutting down and abandoning module MeshMergeUtilities (175)
[2020.10.05-09.24.16:049][933]LogModuleManager: Shutting down and abandoning module MeshReductionInterface (174)
[2020.10.05-09.24.16:049][933]LogModuleManager: Shutting down and abandoning module MeshBoneReduction (173)
[2020.10.05-09.24.16:064][933]LogModuleManager: Shutting down and abandoning module SkeletalMeshReduction (171)
[2020.10.05-09.24.16:138][933]LogModuleManager: Shutting down and abandoning module ProxyLODMeshReduction (169)
[2020.10.05-09.24.16:168][933]LogModuleManager: Shutting down and abandoning module QuadricMeshReduction (167)
[2020.10.05-09.24.16:237][933]LogModuleManager: Shutting down and abandoning module MaterialBaking (163)
[2020.10.05-09.24.16:253][933]LogModuleManager: Shutting down and abandoning module NullInstallBundleManager (158)
[2020.10.05-09.24.16:253][933]LogModuleManager: Shutting down and abandoning module PIEPreviewDeviceProfileSelector (156)
[2020.10.05-09.24.16:262][933]LogModuleManager: Shutting down and abandoning module DerivedDataCache (154)
[2020.10.05-09.24.16:263][933]LogModuleManager: Shutting down and abandoning module XGEController (152)
[2020.10.05-09.24.16:263][933]LogModuleManager: Shutting down and abandoning module TargetPlatform (150)
[2020.10.05-09.24.16:274][933]LogModuleManager: Shutting down and abandoning module VulkanShaderFormat (149)
[2020.10.05-09.24.16:290][933]LogModuleManager: Shutting down and abandoning module ShaderFormatVectorVM (147)
[2020.10.05-09.24.16:310][933]LogModuleManager: Shutting down and abandoning module ShaderFormatOpenGL (145)
[2020.10.05-09.24.16:334][933]LogModuleManager: Shutting down and abandoning module ShaderFormatD3D (143)
[2020.10.05-09.24.16:334][933]LogModuleManager: Shutting down and abandoning module MetalShaderFormat (141)
[2020.10.05-09.24.16:401][933]LogModuleManager: Shutting down and abandoning module TextureFormatUncompressed (139)
[2020.10.05-09.24.16:401][933]LogModuleManager: Shutting down and abandoning module TextureFormatPVR (137)
[2020.10.05-09.24.16:401][933]LogModuleManager: Shutting down and abandoning module TextureFormatDXT (135)
[2020.10.05-09.24.16:413][933]LogModuleManager: Shutting down and abandoning module TextureFormatIntelISPCTexComp (133)
[2020.10.05-09.24.16:431][933]LogModuleManager: Shutting down and abandoning module TextureFormatASTC (131)
[2020.10.05-09.24.16:431][933]LogModuleManager: Shutting down and abandoning module ImageWrapper (130)
[2020.10.05-09.24.16:431][933]LogModuleManager: Shutting down and abandoning module TextureFormatAndroid (127)
[2020.10.05-09.24.16:431][933]LogModuleManager: Shutting down and abandoning module AudioFormatOpus (125)
[2020.10.05-09.24.16:509][933]LogModuleManager: Shutting down and abandoning module AudioFormatOgg (123)
[2020.10.05-09.24.16:509][933]LogModuleManager: Shutting down and abandoning module AudioFormatADPCM (121)
[2020.10.05-09.24.16:530][933]LogModuleManager: Shutting down and abandoning module WindowsServerTargetPlatform (119)
[2020.10.05-09.24.16:530][933]LogModuleManager: Shutting down and abandoning module WindowsClientTargetPlatform (117)
[2020.10.05-09.24.16:530][933]LogModuleManager: Shutting down and abandoning module WindowsTargetPlatform (115)
[2020.10.05-09.24.16:530][933]LogModuleManager: Shutting down and abandoning module WindowsNoEditorTargetPlatform (113)
[2020.10.05-09.24.16:530][933]LogModuleManager: Shutting down and abandoning module InputCore (110)
[2020.10.05-09.24.16:530][933]LogModuleManager: Shutting down and abandoning module Settings (108)
[2020.10.05-09.24.16:530][933]LogModuleManager: Shutting down and abandoning module PhysXCooking (106)
[2020.10.05-09.24.16:530][933]LogModuleManager: Shutting down and abandoning module ChaosSolvers (104)
[2020.10.05-09.24.16:551][933]LogModuleManager: Shutting down and abandoning module FieldSystemEngine (103)
[2020.10.05-09.24.16:552][933]LogModuleManager: Shutting down and abandoning module Chaos (100)
[2020.10.05-09.24.16:552][933]LogModuleManager: Shutting down and abandoning module WindowsPlatformFeatures (98)
[2020.10.05-09.24.16:557][933]LogModuleManager: Shutting down and abandoning module GameplayMediaEncoder (97)
[2020.10.05-09.24.16:579][933]LogModuleManager: Shutting down and abandoning module AVEncoder (96)
[2020.10.05-09.24.16:595][933]LogModuleManager: Shutting down and abandoning module SteamVRInputDevice (92)
[2020.10.05-09.24.16:668][933]LogModuleManager: Shutting down and abandoning module SteamVRInput (90)
[2020.10.05-09.24.16:668][933]LogModuleManager: Shutting down and abandoning module SteamVR (88)
[2020.10.05-09.24.16:668][933]LogHMD: Freeing OpenVRDLLHandle.
[2020.10.05-09.24.16:669][933]LogModuleManager: Shutting down and abandoning module OculusHMD (86)
[2020.10.05-09.24.16:669][933]LogModuleManager: Shutting down and abandoning module ExampleDeviceProfileSelector (84)
[2020.10.05-09.24.16:669][933]LogModuleManager: Shutting down and abandoning module LauncherChunkInstaller (82)
[2020.10.05-09.24.16:669][933]LogModuleManager: Shutting down and abandoning module OnlineBlueprintSupport (80)
[2020.10.05-09.24.16:669][933]LogModuleManager: Shutting down and abandoning module OnlineSubsystem (76)
[2020.10.05-09.24.16:710][933]LogModuleManager: Shutting down and abandoning module XMPP (71)
[2020.10.05-09.24.16:782][933]LogModuleManager: Shutting down and abandoning module WebSockets (70)
[2020.10.05-09.24.16:823][933]LogModuleManager: Shutting down and abandoning module HTTP (67)
[2020.10.05-09.24.16:825][933]LogModuleManager: Shutting down and abandoning module SSL (66)
[2020.10.05-09.24.16:827][933]LogModuleManager: Shutting down and abandoning module WmfMedia (62)
[2020.10.05-09.24.16:842][933]LogModuleManager: Shutting down and abandoning module Media (61)
[2020.10.05-09.24.16:843][933]LogModuleManager: Shutting down and abandoning module MagicLeap (58)
[2020.10.05-09.24.16:843][933]LogModuleManager: Shutting down and abandoning module NiagaraVertexFactories (56)
[2020.10.05-09.24.16:858][933]LogModuleManager: Shutting down and abandoning module NiagaraShader (54)
[2020.10.05-09.24.16:858][933]LogModuleManager: Shutting down and abandoning module VariantManagerContent (52)
[2020.10.05-09.24.16:858][933]LogModuleManager: Shutting down and abandoning module DatasmithContent (50)
[2020.10.05-09.24.16:859][933]LogModuleManager: Shutting down and abandoning module AISupportModule (48)
[2020.10.05-09.24.16:859][933]LogModuleManager: Shutting down and abandoning module DesktopPlatform (46)
[2020.10.05-09.24.16:963][933]LogModuleManager: Shutting down and abandoning module PlatformCryptoOpenSSL (44)
[2020.10.05-09.24.17:037][933]LogModuleManager: Shutting down and abandoning module PlatformCryptoTypes (42)
[2020.10.05-09.24.17:037][933]LogModuleManager: Shutting down and abandoning module PlatformCrypto (40)
[2020.10.05-09.24.17:037][933]LogModuleManager: Shutting down and abandoning module AnimationModifiers (38)
[2020.10.05-09.24.17:136][933]LogModuleManager: Shutting down and abandoning module PropertyEditor (37)
[2020.10.05-09.24.17:136][933]LogModuleManager: Shutting down and abandoning module AudioEditor (34)
[2020.10.05-09.24.17:309][933]LogModuleManager: Shutting down and abandoning module TextureCompressor (32)
[2020.10.05-09.24.17:321][933]LogModuleManager: Shutting down and abandoning module RenderCore (30)
[2020.10.05-09.24.17:321][933]LogModuleManager: Shutting down and abandoning module Landscape (28)
[2020.10.05-09.24.17:321][933]LogModuleManager: Shutting down and abandoning module SlateRHIRenderer (26)
[2020.10.05-09.24.17:326][933]LogModuleManager: Shutting down and abandoning module OpenGLDrv (24)
[2020.10.05-09.24.17:338][933]LogModuleManager: Shutting down and abandoning module D3D11RHI (22)
[2020.10.05-09.24.17:338][933]LogModuleManager: Shutting down and abandoning module AnimGraphRuntime (20)
[2020.10.05-09.24.17:349][933]LogModuleManager: Shutting down and abandoning module Renderer (18)
[2020.10.05-09.24.17:358][933]LogModuleManager: Shutting down and abandoning module Engine (16)
[2020.10.05-09.24.17:358][933]LogModuleManager: Shutting down and abandoning module CoreUObject (14)
[2020.10.05-09.24.17:358][933]LogModuleManager: Shutting down and abandoning module NetworkFile (12)
[2020.10.05-09.24.17:366][933]LogModuleManager: Shutting down and abandoning module CookedIterativeFile (10)
[2020.10.05-09.24.17:366][933]LogModuleManager: Shutting down and abandoning module StreamingFile (8)
[2020.10.05-09.24.17:373][933]LogModuleManager: Shutting down and abandoning module SandboxFile (6)
[2020.10.05-09.24.17:382][933]LogModuleManager: Shutting down and abandoning module PakFile (4)
[2020.10.05-09.24.17:383][933]LogModuleManager: Shutting down and abandoning module RSA (3)
[2020.10.05-09.24.17:383][933]LogContentStreaming: Display: There are 1 unreleased StreamingManagers
[2020.10.05-09.24.17:396][933]LogD3D11RHI: Shutdown
[2020.10.05-09.24.17:396][933]LogD3D11RHI: CleanupD3DDevice
[2020.10.05-09.24.17:603][933]LogExit: Exiting.
[2020.10.05-09.24.17:684][933]Log file closed, 10/05/20 14:54:17
