Log file open, 10/06/20 01:58:28
LogInit: Display: Running engine for game: SimpleRobotDemo_BP
LogPlatformFile: Not using cached read wrapper
LogTaskGraph: Started task graph with 5 named threads and 11 total threads with 3 sets of task threads.
LogStats: Stats thread started at 0.904643
LogD3D11RHI: Loaded GFSDK_Aftermath_Lib.x64.dll
LogICUInternationalization: ICU TimeZone Detection - Raw Offset: +5:30, Platform Override: ''
LogPluginManager: Mounting plugin Paper2D
LogPluginManager: Mounting plugin AISupport
LogPluginManager: Mounting plugin LightPropagationVolume
LogPluginManager: Mounting plugin CameraShakePreviewer
LogPluginManager: Mounting plugin ActorLayerUtilities
LogPluginManager: Mounting plugin AnimationSharing
LogPluginManager: Mounting plugin CLionSourceCodeAccess
LogPluginManager: Mounting plugin CodeLiteSourceCodeAccess
LogPluginManager: Mounting plugin GitSourceControl
LogPluginManager: Mounting plugin KDevelopSourceCodeAccess
LogPluginManager: Mounting plugin NullSourceCodeAccess
LogPluginManager: Mounting plugin PerforceSourceControl
LogPluginManager: Mounting plugin PlasticSourceControl
LogPluginManager: Mounting plugin RiderSourceCodeAccess
LogPluginManager: Mounting plugin SubversionSourceControl
LogPluginManager: Mounting plugin UObjectPlugin
LogPluginManager: Mounting plugin VisualStudioCodeSourceCodeAccess
LogPluginManager: Mounting plugin VisualStudioSourceCodeAccess
LogPluginManager: Mounting plugin XCodeSourceCodeAccess
LogPluginManager: Mounting plugin AssetManagerEditor
LogPluginManager: Mounting plugin CryptoKeys
LogPluginManager: Mounting plugin CurveEditorTools
LogPluginManager: Mounting plugin DataValidation
LogPluginManager: Mounting plugin EditorScriptingUtilities
LogPluginManager: Mounting plugin FacialAnimation
LogPluginManager: Mounting plugin GameplayTagsEditor
LogPluginManager: Mounting plugin GeometryMode
LogPluginManager: Mounting plugin MacGraphicsSwitching
LogPluginManager: Mounting plugin MaterialAnalyzer
LogPluginManager: Mounting plugin MobileLauncherProfileWizard
LogPluginManager: Mounting plugin PluginBrowser
LogPluginManager: Mounting plugin SpeedTreeImporter
LogPluginManager: Mounting plugin DatasmithContent
LogPluginManager: Mounting plugin VariantManagerContent
LogPluginManager: Mounting plugin AlembicImporter
LogPluginManager: Mounting plugin AutomationUtils
LogPluginManager: Mounting plugin BackChannel
LogPluginManager: Mounting plugin ChaosCloth
LogPluginManager: Mounting plugin ChaosClothEditor
LogPluginManager: Mounting plugin ChaosEditor
LogPluginManager: Mounting plugin ChaosNiagara
LogPluginManager: Mounting plugin ChaosSolverPlugin
LogPluginManager: Mounting plugin CharacterAI
LogPluginManager: Mounting plugin GeometryCache
LogPluginManager: Mounting plugin GeometryCollectionPlugin
LogPluginManager: Mounting plugin GeometryProcessing
LogPluginManager: Mounting plugin PlanarCut
LogPluginManager: Mounting plugin PlatformCrypto
LogPluginManager: Mounting plugin ProxyLODPlugin
LogPluginManager: Mounting plugin SkeletalReduction
LogPluginManager: Mounting plugin Niagara
LogPluginManager: Mounting plugin MagicLeap
LogPluginManager: Mounting plugin MagicLeapLightEstimation
LogPluginManager: Mounting plugin MagicLeapMedia
LogPluginManager: Mounting plugin MagicLeapPassableWorld
LogPluginManager: Mounting plugin MLSDK
LogPluginManager: Mounting plugin AndroidMedia
LogPluginManager: Mounting plugin AvfMedia
LogPluginManager: Mounting plugin ImgMedia
LogPluginManager: Mounting plugin MediaCompositing
LogPluginManager: Mounting plugin MediaPlayerEditor
LogPluginManager: Mounting plugin WebMMedia
LogPluginManager: Mounting plugin WmfMedia
LogPluginManager: Mounting plugin MeshPainting
LogPluginManager: Mounting plugin TcpMessaging
LogPluginManager: Mounting plugin UdpMessaging
LogPluginManager: Mounting plugin ActorSequence
LogPluginManager: Mounting plugin LevelSequenceEditor
LogPluginManager: Mounting plugin MatineeToLevelSequence
LogPluginManager: Mounting plugin MovieRenderPipeline
LogPluginManager: Mounting plugin TemplateSequence
LogPluginManager: Mounting plugin NetcodeUnitTest
LogPluginManager: Mounting plugin NUTUnrealEngine4
LogPluginManager: Mounting plugin OnlineSubsystemGooglePlay
LogPluginManager: Mounting plugin OnlineSubsystemIOS
LogPluginManager: Mounting plugin OnlineSubsystem
LogPluginManager: Mounting plugin OnlineSubsystemNull
LogPluginManager: Mounting plugin OnlineSubsystemSteam
LogPluginManager: Mounting plugin OnlineSubsystemUtils
LogPluginManager: Mounting plugin LauncherChunkInstaller
LogPluginManager: Mounting plugin AndroidDeviceProfileSelector
LogPluginManager: Mounting plugin AndroidMoviePlayer
LogPluginManager: Mounting plugin AndroidPermission
LogPluginManager: Mounting plugin AppleImageUtils
LogPluginManager: Mounting plugin AppleMoviePlayer
LogPluginManager: Mounting plugin ArchVisCharacter
LogPluginManager: Mounting plugin AssetTags
LogPluginManager: Mounting plugin AudioCapture
LogPluginManager: Mounting plugin CableComponent
LogPluginManager: Mounting plugin CustomMeshComponent
LogPluginManager: Mounting plugin EditableMesh
LogPluginManager: Mounting plugin ExampleDeviceProfileSelector
LogPluginManager: Mounting plugin GoogleCloudMessaging
LogPluginManager: Mounting plugin GooglePAD
LogPluginManager: Mounting plugin IOSDeviceProfileSelector
LogPluginManager: Mounting plugin LinuxDeviceProfileSelector
LogPluginManager: Mounting plugin LocationServicesBPLibrary
LogPluginManager: Mounting plugin MobilePatchingUtils
LogPluginManager: Mounting plugin OculusVR
LogPluginManager: Mounting plugin PhysXVehicles
LogPluginManager: Mounting plugin PostSplashScreen
LogPluginManager: Mounting plugin ProceduralMeshComponent
LogPluginManager: Mounting plugin RuntimePhysXCooking
LogPluginManager: Mounting plugin SignificanceManager
LogPluginManager: Mounting plugin SoundFields
LogPluginManager: Mounting plugin SteamController
LogPluginManager: Mounting plugin SteamShared
LogPluginManager: Mounting plugin SteamSockets
LogPluginManager: Mounting plugin SteamVR
LogPluginManager: Mounting plugin Synthesis
LogPluginManager: Mounting plugin WebMMoviePlayer
LogPluginManager: Mounting plugin WindowsMoviePlayer
LogPluginManager: Mounting plugin ScreenshotTools
LogInit: Using libcurl 7.55.1-DEV
LogInit:  - built for x86_64-pc-win32
LogInit:  - supports SSL with OpenSSL/1.1.1
LogInit:  - supports HTTP deflate (compression) using libz 1.2.8
LogInit:  - other features:
LogInit:      CURL_VERSION_SSL
LogInit:      CURL_VERSION_LIBZ
LogInit:      CURL_VERSION_IPV6
LogInit:      CURL_VERSION_ASYNCHDNS
LogInit:      CURL_VERSION_LARGEFILE
LogInit:      CURL_VERSION_IDN
LogInit:  CurlRequestOptions (configurable via config and command line):
LogInit:  - bVerifyPeer = true  - Libcurl will verify peer certificate
LogInit:  - bUseHttpProxy = false  - Libcurl will NOT use HTTP proxy
LogInit:  - bDontReuseConnections = false  - Libcurl will reuse connections
LogInit:  - MaxHostConnections = 16  - Libcurl will limit the number of connections to a host
LogInit:  - LocalHostAddr = Default
LogInit:  - BufferSize = 65536
LogOnline: OSS: Creating online subsystem instance for: NULL
LogInit: WinSock: version 1.1 (2.2), MaxSocks=32767, MaxUdp=65467
LogOnline: OSS: TryLoadSubsystemAndSetDefault: Loaded subsystem for module [NULL]
LogInit: Build: ++UE4+Release-4.25-CL-13942748
LogInit: Engine Version: 4.25.3-13942748+++UE4+Release-4.25
LogInit: Compatible Engine Version: 4.25.0-13144385+++UE4+Release-4.25
LogInit: Net CL: 13144385
LogInit: OS: Windows 10 (Release 1903) (), CPU: Intel(R) Core(TM) i5-4200U CPU @ 1.60GHz, GPU: Intel(R) HD Graphics Family
LogInit: Compiled (64-bit): Jul 25 2020 02:07:48
LogInit: Compiled with Visual C++: 19.24.28315.00
LogInit: Build Configuration: Development
LogInit: Branch Name: ++UE4+Release-4.25
LogInit: Command Line: 
LogInit: Base Directory: C:/Program Files/Epic Games/UE_4.25/Engine/Binaries/Win64/
LogInit: Allocator: TBB
LogInit: Installed Engine Build: 1
LogDevObjectVersion: Number of dev versions registered: 26
LogDevObjectVersion:   Dev-Blueprints (B0D832E4-1F89-4F0D-ACCF-7EB736FD4AA2): 10
LogDevObjectVersion:   Dev-Build (E1C64328-A22C-4D53-A36C-8E866417BD8C): 0
LogDevObjectVersion:   Dev-Core (375EC13C-06E4-48FB-B500-84F0262A717E): 4
LogDevObjectVersion:   Dev-Editor (E4B068ED-F494-42E9-A231-DA0B2E46BB41): 38
LogDevObjectVersion:   Dev-Framework (CFFC743F-43B0-4480-9391-14DF171D2073): 37
LogDevObjectVersion:   Dev-Mobile (B02B49B5-BB20-44E9-A304-32B752E40360): 2
LogDevObjectVersion:   Dev-Networking (A4E4105C-59A1-49B5-A7C5-40C4547EDFEE): 0
LogDevObjectVersion:   Dev-Online (39C831C9-5AE6-47DC-9A44-9C173E1C8E7C): 0
LogDevObjectVersion:   Dev-Physics (78F01B33-EBEA-4F98-B9B4-84EACCB95AA2): 4
LogDevObjectVersion:   Dev-Platform (6631380F-2D4D-43E0-8009-CF276956A95A): 0
LogDevObjectVersion:   Dev-Rendering (12F88B9F-8875-4AFC-A67C-D90C383ABD29): 43
LogDevObjectVersion:   Dev-Sequencer (7B5AE74C-D270-4C10-A958-57980B212A5A): 12
LogDevObjectVersion:   Dev-VR (D7296918-1DD6-4BDD-9DE2-64A83CC13884): 3
LogDevObjectVersion:   Dev-LoadTimes (C2A15278-BFE7-4AFE-6C17-90FF531DF755): 1
LogDevObjectVersion:   Private-Geometry (6EACA3D4-40EC-4CC1-B786-8BED09428FC5): 3
LogDevObjectVersion:   Dev-AnimPhys (29E575DD-E0A3-4627-9D10-D276232CDCEA): 17
LogDevObjectVersion:   Dev-Anim (AF43A65D-7FD3-4947-9873-3E8ED9C1BB05): 7
LogDevObjectVersion:   Dev-ReflectionCapture (6B266CEC-1EC7-4B8F-A30B-E4D90942FC07): 1
LogDevObjectVersion:   Dev-Automation (0DF73D61-A23F-47EA-B727-89E90C41499A): 1
LogDevObjectVersion:   FortniteMain (601D1886-AC64-4F84-AA16-D3DE0DEAC7D6): 31
LogDevObjectVersion:   Dev-Enterprise (9DFFBCD6-494F-0158-E221-12823C92A888): 10
LogDevObjectVersion:   Dev-Niagara (F2AED0AC-9AFE-416F-8664-AA7FFA26D6FC): 1
LogDevObjectVersion:   Dev-Destruction (174F1F0B-B4C6-45A5-B13F-2EE8D0FB917D): 10
LogDevObjectVersion:   Dev-Physics-Ext (35F94A83-E258-406C-A318-09F59610247C): 37
LogDevObjectVersion:   Dev-PhysicsMaterial-Chaos (B68FC16E-8B1B-42E2-B453-215C058844FE): 1
LogDevObjectVersion:   Dev-CineCamera (B2E18506-4273-CFC2-A54E-F4BB758BBA07): 1
LogInit: Presizing for max 25165824 objects, including 0 objects not considered by GC, pre-allocating 0 bytes for permanent pool.
LogConfig: Applying CVar settings from Section [/Script/Engine.StreamingSettings] File [C:/Users/Nandita/Desktop/Demo2020/NewUnrealDemo/RobotDemo/SimpleRobotDemo_BP/Saved/Config/Windows/Engine.ini]
LogConfig: Setting CVar [[s.MinBulkDataSizeForAsyncLoading:131072]]
LogConfig: Setting CVar [[s.AsyncLoadingThreadEnabled:0]]
LogConfig: Setting CVar [[s.EventDrivenLoaderEnabled:1]]
LogConfig: Setting CVar [[s.WarnIfTimeLimitExceeded:0]]
LogConfig: Setting CVar [[s.TimeLimitExceededMultiplier:1.5]]
LogConfig: Setting CVar [[s.TimeLimitExceededMinTime:0.005]]
LogConfig: Setting CVar [[s.UseBackgroundLevelStreaming:1]]
LogConfig: Setting CVar [[s.PriorityAsyncLoadingExtraTime:15.0]]
LogConfig: Setting CVar [[s.LevelStreamingActorsUpdateTimeLimit:5.0]]
LogConfig: Setting CVar [[s.PriorityLevelStreamingActorsUpdateExtraTime:5.0]]
LogConfig: Setting CVar [[s.LevelStreamingComponentsRegistrationGranularity:10]]
LogConfig: Setting CVar [[s.UnregisterComponentsTimeLimit:1.0]]
LogConfig: Setting CVar [[s.LevelStreamingComponentsUnregistrationGranularity:5]]
LogConfig: Setting CVar [[s.FlushStreamingOnExit:1]]
LogInit: Object subsystem initialized
LogConfig: Setting CVar [[con.DebugEarlyDefault:1]]
LogConfig: Setting CVar [[r.setres:1280x720]]
[2020.10.05-20.28.31:705][  0]LogConfig: Setting CVar [[r.VSync:0]]
[2020.10.05-20.28.31:705][  0]LogConfig: Setting CVar [[r.RHICmdBypass:0]]
[2020.10.05-20.28.31:705][  0]LogConfig: Applying CVar settings from Section [/Script/Engine.RendererSettings] File [C:/Users/Nandita/Desktop/Demo2020/NewUnrealDemo/RobotDemo/SimpleRobotDemo_BP/Saved/Config/Windows/Engine.ini]
[2020.10.05-20.28.31:705][  0]LogConfig: Setting CVar [[r.GPUCrashDebugging:0]]
[2020.10.05-20.28.31:705][  0]LogConfig: Applying CVar settings from Section [/Script/Engine.RendererOverrideSettings] File [C:/Users/Nandita/Desktop/Demo2020/NewUnrealDemo/RobotDemo/SimpleRobotDemo_BP/Saved/Config/Windows/Engine.ini]
[2020.10.05-20.28.31:705][  0]LogConfig: Applying CVar settings from Section [/Script/Engine.StreamingSettings] File [C:/Users/Nandita/Desktop/Demo2020/NewUnrealDemo/RobotDemo/SimpleRobotDemo_BP/Saved/Config/Windows/Engine.ini]
[2020.10.05-20.28.31:706][  0]LogConfig: Setting CVar [[s.MinBulkDataSizeForAsyncLoading:131072]]
[2020.10.05-20.28.31:706][  0]LogConfig: Setting CVar [[s.AsyncLoadingThreadEnabled:0]]
[2020.10.05-20.28.31:706][  0]LogConfig: Setting CVar [[s.EventDrivenLoaderEnabled:1]]
[2020.10.05-20.28.31:706][  0]LogConfig: Setting CVar [[s.WarnIfTimeLimitExceeded:0]]
[2020.10.05-20.28.31:706][  0]LogConfig: Setting CVar [[s.TimeLimitExceededMultiplier:1.5]]
[2020.10.05-20.28.31:706][  0]LogConfig: Setting CVar [[s.TimeLimitExceededMinTime:0.005]]
[2020.10.05-20.28.31:706][  0]LogConfig: Setting CVar [[s.UseBackgroundLevelStreaming:1]]
[2020.10.05-20.28.31:706][  0]LogConfig: Setting CVar [[s.PriorityAsyncLoadingExtraTime:15.0]]
[2020.10.05-20.28.31:706][  0]LogConfig: Setting CVar [[s.LevelStreamingActorsUpdateTimeLimit:5.0]]
[2020.10.05-20.28.31:706][  0]LogConfig: Setting CVar [[s.PriorityLevelStreamingActorsUpdateExtraTime:5.0]]
[2020.10.05-20.28.31:706][  0]LogConfig: Setting CVar [[s.LevelStreamingComponentsRegistrationGranularity:10]]
[2020.10.05-20.28.31:706][  0]LogConfig: Setting CVar [[s.UnregisterComponentsTimeLimit:1.0]]
[2020.10.05-20.28.31:706][  0]LogConfig: Setting CVar [[s.LevelStreamingComponentsUnregistrationGranularity:5]]
[2020.10.05-20.28.31:706][  0]LogConfig: Setting CVar [[s.FlushStreamingOnExit:1]]
[2020.10.05-20.28.31:706][  0]LogConfig: Applying CVar settings from Section [/Script/Engine.GarbageCollectionSettings] File [C:/Users/Nandita/Desktop/Demo2020/NewUnrealDemo/RobotDemo/SimpleRobotDemo_BP/Saved/Config/Windows/Engine.ini]
[2020.10.05-20.28.31:706][  0]LogConfig: Setting CVar [[gc.MaxObjectsNotConsideredByGC:1]]
[2020.10.05-20.28.31:706][  0]LogConfig: Setting CVar [[gc.SizeOfPermanentObjectPool:0]]
[2020.10.05-20.28.31:706][  0]LogConfig: Setting CVar [[gc.FlushStreamingOnGC:0]]
[2020.10.05-20.28.31:706][  0]LogConfig: Setting CVar [[gc.NumRetriesBeforeForcingGC:10]]
[2020.10.05-20.28.31:706][  0]LogConfig: Setting CVar [[gc.AllowParallelGC:1]]
[2020.10.05-20.28.31:706][  0]LogConfig: Setting CVar [[gc.TimeBetweenPurgingPendingKillObjects:61.1]]
[2020.10.05-20.28.31:706][  0]LogConfig: Setting CVar [[gc.MaxObjectsInEditor:25165824]]
[2020.10.05-20.28.31:706][  0]LogConfig: Setting CVar [[gc.IncrementalBeginDestroyEnabled:1]]
[2020.10.05-20.28.31:706][  0]LogConfig: Setting CVar [[gc.CreateGCClusters:1]]
[2020.10.05-20.28.31:706][  0]LogConfig: Setting CVar [[gc.MinGCClusterSize:5]]
[2020.10.05-20.28.31:706][  0]LogConfig: Setting CVar [[gc.ActorClusteringEnabled:0]]
[2020.10.05-20.28.31:706][  0]LogConfig: Setting CVar [[gc.BlueprintClusteringEnabled:0]]
[2020.10.05-20.28.31:706][  0]LogConfig: Setting CVar [[gc.UseDisregardForGCOnDedicatedServers:0]]
[2020.10.05-20.28.31:706][  0]LogConfig: Applying CVar settings from Section [/Script/Engine.NetworkSettings] File [C:/Users/Nandita/Desktop/Demo2020/NewUnrealDemo/RobotDemo/SimpleRobotDemo_BP/Saved/Config/Windows/Engine.ini]
[2020.10.05-20.28.31:706][  0]LogConfig: Setting CVar [[p.EnableMultiplayerWorldOriginRebasing:1]]
[2020.10.05-20.28.31:706][  0]LogConfig: Applying CVar settings from Section [/Script/UnrealEd.CookerSettings] File [C:/Users/Nandita/Desktop/Demo2020/NewUnrealDemo/RobotDemo/SimpleRobotDemo_BP/Saved/Config/Windows/Engine.ini]
[2020.10.05-20.28.31:710][  0]LogConfig: Applying CVar settings from Section [ViewDistanceQuality@3] File [C:/Users/Nandita/Desktop/Demo2020/NewUnrealDemo/RobotDemo/SimpleRobotDemo_BP/Saved/Config/Windows/Scalability.ini]
[2020.10.05-20.28.31:710][  0]LogConfig: Setting CVar [[r.SkeletalMeshLODBias:0]]
[2020.10.05-20.28.31:710][  0]LogConfig: Setting CVar [[r.ViewDistanceScale:1.0]]
[2020.10.05-20.28.31:710][  0]LogConfig: Applying CVar settings from Section [AntiAliasingQuality@3] File [C:/Users/Nandita/Desktop/Demo2020/NewUnrealDemo/RobotDemo/SimpleRobotDemo_BP/Saved/Config/Windows/Scalability.ini]
[2020.10.05-20.28.31:710][  0]LogConfig: Setting CVar [[r.PostProcessAAQuality:4]]
[2020.10.05-20.28.31:710][  0]LogConfig: Applying CVar settings from Section [ShadowQuality@3] File [C:/Users/Nandita/Desktop/Demo2020/NewUnrealDemo/RobotDemo/SimpleRobotDemo_BP/Saved/Config/Windows/Scalability.ini]
[2020.10.05-20.28.31:710][  0]LogConfig: Setting CVar [[r.LightFunctionQuality:1]]
[2020.10.05-20.28.31:710][  0]LogConfig: Setting CVar [[r.ShadowQuality:5]]
[2020.10.05-20.28.31:710][  0]LogConfig: Setting CVar [[r.Shadow.CSM.MaxCascades:10]]
[2020.10.05-20.28.31:710][  0]LogConfig: Setting CVar [[r.Shadow.MaxResolution:2048]]
[2020.10.05-20.28.31:710][  0]LogConfig: Setting CVar [[r.Shadow.MaxCSMResolution:2048]]
[2020.10.05-20.28.31:710][  0]LogConfig: Setting CVar [[r.Shadow.RadiusThreshold:0.01]]
[2020.10.05-20.28.31:710][  0]LogConfig: Setting CVar [[r.Shadow.DistanceScale:1.0]]
[2020.10.05-20.28.31:710][  0]LogConfig: Setting CVar [[r.Shadow.CSM.TransitionScale:1.0]]
[2020.10.05-20.28.31:710][  0]LogConfig: Setting CVar [[r.Shadow.PreShadowResolutionFactor:1.0]]
[2020.10.05-20.28.31:710][  0]LogConfig: Setting CVar [[r.DistanceFieldShadowing:1]]
[2020.10.05-20.28.31:711][  0]LogConfig: Setting CVar [[r.DistanceFieldAO:1]]
[2020.10.05-20.28.31:711][  0]LogConfig: Setting CVar [[r.AOQuality:2]]
[2020.10.05-20.28.31:711][  0]LogConfig: Setting CVar [[r.VolumetricFog:1]]
[2020.10.05-20.28.31:711][  0]LogConfig: Setting CVar [[r.VolumetricFog.GridPixelSize:8]]
[2020.10.05-20.28.31:711][  0]LogConfig: Setting CVar [[r.VolumetricFog.GridSizeZ:128]]
[2020.10.05-20.28.31:711][  0]LogConfig: Setting CVar [[r.VolumetricFog.HistoryMissSupersampleCount:4]]
[2020.10.05-20.28.31:711][  0]LogConfig: Setting CVar [[r.LightMaxDrawDistanceScale:1]]
[2020.10.05-20.28.31:711][  0]LogConfig: Setting CVar [[r.CapsuleShadows:1]]
[2020.10.05-20.28.31:711][  0]LogConfig: Applying CVar settings from Section [PostProcessQuality@3] File [C:/Users/Nandita/Desktop/Demo2020/NewUnrealDemo/RobotDemo/SimpleRobotDemo_BP/Saved/Config/Windows/Scalability.ini]
[2020.10.05-20.28.31:711][  0]LogConfig: Setting CVar [[r.MotionBlurQuality:4]]
[2020.10.05-20.28.31:711][  0]LogConfig: Setting CVar [[r.AmbientOcclusionMipLevelFactor:0.4]]
[2020.10.05-20.28.31:711][  0]LogConfig: Setting CVar [[r.AmbientOcclusionMaxQuality:100]]
[2020.10.05-20.28.31:711][  0]LogConfig: Setting CVar [[r.AmbientOcclusionLevels:-1]]
[2020.10.05-20.28.31:711][  0]LogConfig: Setting CVar [[r.AmbientOcclusionRadiusScale:1.0]]
[2020.10.05-20.28.31:711][  0]LogConfig: Setting CVar [[r.DepthOfFieldQuality:2]]
[2020.10.05-20.28.31:711][  0]LogConfig: Setting CVar [[r.RenderTargetPoolMin:400]]
[2020.10.05-20.28.31:711][  0]LogConfig: Setting CVar [[r.LensFlareQuality:2]]
[2020.10.05-20.28.31:711][  0]LogConfig: Setting CVar [[r.SceneColorFringeQuality:1]]
[2020.10.05-20.28.31:711][  0]LogConfig: Setting CVar [[r.EyeAdaptationQuality:2]]
[2020.10.05-20.28.31:711][  0]LogConfig: Setting CVar [[r.BloomQuality:5]]
[2020.10.05-20.28.31:711][  0]LogConfig: Setting CVar [[r.FastBlurThreshold:100]]
[2020.10.05-20.28.31:711][  0]LogConfig: Setting CVar [[r.Upscale.Quality:3]]
[2020.10.05-20.28.31:711][  0]LogConfig: Setting CVar [[r.Tonemapper.GrainQuantization:1]]
[2020.10.05-20.28.31:711][  0]LogConfig: Setting CVar [[r.LightShaftQuality:1]]
[2020.10.05-20.28.31:711][  0]LogConfig: Setting CVar [[r.Filter.SizeScale:1]]
[2020.10.05-20.28.31:711][  0]LogConfig: Setting CVar [[r.Tonemapper.Quality:5]]
[2020.10.05-20.28.31:711][  0]LogConfig: Setting CVar [[r.DOF.Gather.AccumulatorQuality:1        ; higher gathering accumulator quality]]
[2020.10.05-20.28.31:711][  0]LogConfig: Setting CVar [[r.DOF.Gather.PostfilterMethod:1          ; Median3x3 postfilering method]]
[2020.10.05-20.28.31:711][  0]LogConfig: Setting CVar [[r.DOF.Gather.EnableBokehSettings:0       ; no bokeh simulation when gathering]]
[2020.10.05-20.28.31:711][  0]LogConfig: Setting CVar [[r.DOF.Gather.RingCount:4                 ; medium number of samples when gathering]]
[2020.10.05-20.28.31:711][  0]LogConfig: Setting CVar [[r.DOF.Scatter.ForegroundCompositing:1    ; additive foreground scattering]]
[2020.10.05-20.28.31:711][  0]LogConfig: Setting CVar [[r.DOF.Scatter.BackgroundCompositing:2    ; additive background scattering]]
[2020.10.05-20.28.31:712][  0]LogConfig: Setting CVar [[r.DOF.Scatter.EnableBokehSettings:1      ; bokeh simulation when scattering]]
[2020.10.05-20.28.31:712][  0]LogConfig: Setting CVar [[r.DOF.Scatter.MaxSpriteRatio:0.1         ; only a maximum of 10% of scattered bokeh]]
[2020.10.05-20.28.31:712][  0]LogConfig: Setting CVar [[r.DOF.Recombine.Quality:1                ; cheap slight out of focus]]
[2020.10.05-20.28.31:712][  0]LogConfig: Setting CVar [[r.DOF.Recombine.EnableBokehSettings:0    ; no bokeh simulation on slight out of focus]]
[2020.10.05-20.28.31:712][  0]LogConfig: Setting CVar [[r.DOF.TemporalAAQuality:1                ; more stable temporal accumulation]]
[2020.10.05-20.28.31:712][  0]LogConfig: Setting CVar [[r.DOF.Kernel.MaxForegroundRadius:0.025]]
[2020.10.05-20.28.31:712][  0]LogConfig: Setting CVar [[r.DOF.Kernel.MaxBackgroundRadius:0.025]]
[2020.10.05-20.28.31:712][  0]LogConfig: Applying CVar settings from Section [TextureQuality@3] File [C:/Users/Nandita/Desktop/Demo2020/NewUnrealDemo/RobotDemo/SimpleRobotDemo_BP/Saved/Config/Windows/Scalability.ini]
[2020.10.05-20.28.31:712][  0]LogConfig: Setting CVar [[r.Streaming.MipBias:0]]
[2020.10.05-20.28.31:712][  0]LogConfig: Setting CVar [[r.Streaming.AmortizeCPUToGPUCopy:0]]
[2020.10.05-20.28.31:712][  0]LogConfig: Setting CVar [[r.Streaming.MaxNumTexturesToStreamPerFrame:0]]
[2020.10.05-20.28.31:712][  0]LogConfig: Setting CVar [[r.Streaming.Boost:1]]
[2020.10.05-20.28.31:712][  0]LogConfig: Setting CVar [[r.MaxAnisotropy:8]]
[2020.10.05-20.28.31:712][  0]LogConfig: Setting CVar [[r.VT.MaxAnisotropy:8]]
[2020.10.05-20.28.31:712][  0]LogConfig: Setting CVar [[r.Streaming.LimitPoolSizeToVRAM:0]]
[2020.10.05-20.28.31:712][  0]LogConfig: Setting CVar [[r.Streaming.PoolSize:1000]]
[2020.10.05-20.28.31:712][  0]LogConfig: Setting CVar [[r.Streaming.MaxEffectiveScreenSize:0]]
[2020.10.05-20.28.31:712][  0]LogConfig: Applying CVar settings from Section [EffectsQuality@3] File [C:/Users/Nandita/Desktop/Demo2020/NewUnrealDemo/RobotDemo/SimpleRobotDemo_BP/Saved/Config/Windows/Scalability.ini]
[2020.10.05-20.28.31:712][  0]LogConfig: Setting CVar [[r.TranslucencyLightingVolumeDim:64]]
[2020.10.05-20.28.31:712][  0]LogConfig: Setting CVar [[r.RefractionQuality:2]]
[2020.10.05-20.28.31:712][  0]LogConfig: Setting CVar [[r.SSR.Quality:3]]
[2020.10.05-20.28.31:712][  0]LogConfig: Setting CVar [[r.SSR.HalfResSceneColor:0]]
[2020.10.05-20.28.31:712][  0]LogConfig: Setting CVar [[r.SceneColorFormat:4]]
[2020.10.05-20.28.31:712][  0]LogConfig: Setting CVar [[r.DetailMode:2]]
[2020.10.05-20.28.31:712][  0]LogConfig: Setting CVar [[r.TranslucencyVolumeBlur:1]]
[2020.10.05-20.28.31:712][  0]LogConfig: Setting CVar [[r.MaterialQualityLevel:1 ; High quality]]
[2020.10.05-20.28.31:712][  0]LogConfig: Setting CVar [[r.SSS.Scale:1]]
[2020.10.05-20.28.31:712][  0]LogConfig: Setting CVar [[r.SSS.SampleSet:2]]
[2020.10.05-20.28.31:712][  0]LogConfig: Setting CVar [[r.SSS.Quality:1]]
[2020.10.05-20.28.31:712][  0]LogConfig: Setting CVar [[r.SSS.HalfRes:0]]
[2020.10.05-20.28.31:712][  0]LogConfig: Setting CVar [[r.SSGI.Quality:3]]
[2020.10.05-20.28.31:712][  0]LogConfig: Setting CVar [[r.EmitterSpawnRateScale:1.0]]
[2020.10.05-20.28.31:712][  0]LogConfig: Setting CVar [[r.ParticleLightQuality:2]]
[2020.10.05-20.28.31:712][  0]LogConfig: Setting CVar [[r.SkyAtmosphere.AerialPerspectiveLUT.FastApplyOnOpaque:1 ; Always have FastSkyLUT 1 in this case to avoid wrong sky]]
[2020.10.05-20.28.31:712][  0]LogConfig: Setting CVar [[r.SkyAtmosphere.AerialPerspectiveLUT.SampleCountPerSlice:1]]
[2020.10.05-20.28.31:712][  0]LogConfig: Setting CVar [[r.SkyAtmosphere.AerialPerspectiveLUT.DepthResolution:16.0]]
[2020.10.05-20.28.31:712][  0]LogConfig: Setting CVar [[r.SkyAtmosphere.FastSkyLUT:1]]
[2020.10.05-20.28.31:712][  0]LogConfig: Setting CVar [[r.SkyAtmosphere.FastSkyLUT.SampleCountMin:4.0]]
[2020.10.05-20.28.31:712][  0]LogConfig: Setting CVar [[r.SkyAtmosphere.FastSkyLUT.SampleCountMax:32.0]]
[2020.10.05-20.28.31:712][  0]LogConfig: Setting CVar [[r.SkyAtmosphere.SampleCountMin:4.0]]
[2020.10.05-20.28.31:712][  0]LogConfig: Setting CVar [[r.SkyAtmosphere.SampleCountMax:32.0]]
[2020.10.05-20.28.31:712][  0]LogConfig: Setting CVar [[r.SkyAtmosphere.TransmittanceLUT.UseSmallFormat:0]]
[2020.10.05-20.28.31:712][  0]LogConfig: Setting CVar [[r.SkyAtmosphere.TransmittanceLUT.SampleCount:10.0]]
[2020.10.05-20.28.31:713][  0]LogConfig: Setting CVar [[r.SkyAtmosphere.MultiScatteringLUT.SampleCount:15.0]]
[2020.10.05-20.28.31:713][  0]LogConfig: Applying CVar settings from Section [FoliageQuality@3] File [C:/Users/Nandita/Desktop/Demo2020/NewUnrealDemo/RobotDemo/SimpleRobotDemo_BP/Saved/Config/Windows/Scalability.ini]
[2020.10.05-20.28.31:713][  0]LogConfig: Setting CVar [[foliage.DensityScale:1.0]]
[2020.10.05-20.28.31:713][  0]LogConfig: Setting CVar [[grass.DensityScale:1.0]]
[2020.10.05-20.28.31:713][  0]LogConfig: Applying CVar settings from Section [ShadingQuality@3] File [C:/Users/Nandita/Desktop/Demo2020/NewUnrealDemo/RobotDemo/SimpleRobotDemo_BP/Saved/Config/Windows/Scalability.ini]
[2020.10.05-20.28.31:713][  0]LogConfig: Setting CVar [[r.HairStrands.SkyLighting.SampleCount:16]]
[2020.10.05-20.28.31:713][  0]LogConfig: Setting CVar [[r.HairStrands.SkyLighting.JitterIntegration:0]]
[2020.10.05-20.28.31:713][  0]LogConfig: Setting CVar [[r.HairStrands.SkyAO.SampleCount:16]]
[2020.10.05-20.28.31:713][  0]LogConfig: Setting CVar [[r.HairStrands.DeepShadow.SuperSampling:0]]
[2020.10.05-20.28.31:713][  0]LogConfig: Setting CVar [[r.HairStrands.VisibilityPPLL:0]]
[2020.10.05-20.28.31:713][  0]LogConfig: Setting CVar [[r.HairStrands.RasterizationScale:0.5]]
[2020.10.05-20.28.31:713][  0]LogConfig: Setting CVar [[r.HairStrands.VelocityRasterizationScale:1]]
[2020.10.05-20.28.31:713][  0]LogInit: Selected Device Profile: [Windows]
[2020.10.05-20.28.31:713][  0]LogInit: Applying CVar settings loaded from the selected device profile: [Windows]
[2020.10.05-20.28.31:713][  0]LogHAL: Display: Platform has ~ 12 GB [12811657216 / 17179869184 / 12], which maps to Larger [LargestMinGB=32, LargerMinGB=12, DefaultMinGB=8, SmallerMinGB=6, SmallestMinGB=0)
[2020.10.05-20.28.31:713][  0]LogInit: Going up to parent DeviceProfile []
[2020.10.05-20.28.31:713][  0]LogConfig: Applying CVar settings from Section [ViewDistanceQuality@3] File [C:/Users/Nandita/Desktop/Demo2020/NewUnrealDemo/RobotDemo/SimpleRobotDemo_BP/Saved/Config/Windows/Scalability.ini]
[2020.10.05-20.28.31:713][  0]LogConfig: Setting CVar [[r.SkeletalMeshLODBias:0]]
[2020.10.05-20.28.31:713][  0]LogConfig: Setting CVar [[r.ViewDistanceScale:1.0]]
[2020.10.05-20.28.31:713][  0]LogConfig: Applying CVar settings from Section [AntiAliasingQuality@3] File [C:/Users/Nandita/Desktop/Demo2020/NewUnrealDemo/RobotDemo/SimpleRobotDemo_BP/Saved/Config/Windows/Scalability.ini]
[2020.10.05-20.28.31:713][  0]LogConfig: Setting CVar [[r.PostProcessAAQuality:4]]
[2020.10.05-20.28.31:713][  0]LogConfig: Applying CVar settings from Section [ShadowQuality@3] File [C:/Users/Nandita/Desktop/Demo2020/NewUnrealDemo/RobotDemo/SimpleRobotDemo_BP/Saved/Config/Windows/Scalability.ini]
[2020.10.05-20.28.31:713][  0]LogConfig: Setting CVar [[r.LightFunctionQuality:1]]
[2020.10.05-20.28.31:713][  0]LogConfig: Setting CVar [[r.ShadowQuality:5]]
[2020.10.05-20.28.31:713][  0]LogConfig: Setting CVar [[r.Shadow.CSM.MaxCascades:10]]
[2020.10.05-20.28.31:713][  0]LogConfig: Setting CVar [[r.Shadow.MaxResolution:2048]]
[2020.10.05-20.28.31:713][  0]LogConfig: Setting CVar [[r.Shadow.MaxCSMResolution:2048]]
[2020.10.05-20.28.31:713][  0]LogConfig: Setting CVar [[r.Shadow.RadiusThreshold:0.01]]
[2020.10.05-20.28.31:713][  0]LogConfig: Setting CVar [[r.Shadow.DistanceScale:1.0]]
[2020.10.05-20.28.31:713][  0]LogConfig: Setting CVar [[r.Shadow.CSM.TransitionScale:1.0]]
[2020.10.05-20.28.31:713][  0]LogConfig: Setting CVar [[r.Shadow.PreShadowResolutionFactor:1.0]]
[2020.10.05-20.28.31:713][  0]LogConfig: Setting CVar [[r.DistanceFieldShadowing:1]]
[2020.10.05-20.28.31:713][  0]LogConfig: Setting CVar [[r.DistanceFieldAO:1]]
[2020.10.05-20.28.31:713][  0]LogConfig: Setting CVar [[r.AOQuality:2]]
[2020.10.05-20.28.31:713][  0]LogConfig: Setting CVar [[r.VolumetricFog:1]]
[2020.10.05-20.28.31:713][  0]LogConfig: Setting CVar [[r.VolumetricFog.GridPixelSize:8]]
[2020.10.05-20.28.31:713][  0]LogConfig: Setting CVar [[r.VolumetricFog.GridSizeZ:128]]
[2020.10.05-20.28.31:713][  0]LogConfig: Setting CVar [[r.VolumetricFog.HistoryMissSupersampleCount:4]]
[2020.10.05-20.28.31:713][  0]LogConfig: Setting CVar [[r.LightMaxDrawDistanceScale:1]]
[2020.10.05-20.28.31:713][  0]LogConfig: Setting CVar [[r.CapsuleShadows:1]]
[2020.10.05-20.28.31:714][  0]LogConfig: Applying CVar settings from Section [PostProcessQuality@3] File [C:/Users/Nandita/Desktop/Demo2020/NewUnrealDemo/RobotDemo/SimpleRobotDemo_BP/Saved/Config/Windows/Scalability.ini]
[2020.10.05-20.28.31:714][  0]LogConfig: Setting CVar [[r.MotionBlurQuality:4]]
[2020.10.05-20.28.31:714][  0]LogConfig: Setting CVar [[r.AmbientOcclusionMipLevelFactor:0.4]]
[2020.10.05-20.28.31:714][  0]LogConfig: Setting CVar [[r.AmbientOcclusionMaxQuality:100]]
[2020.10.05-20.28.31:714][  0]LogConfig: Setting CVar [[r.AmbientOcclusionLevels:-1]]
[2020.10.05-20.28.31:714][  0]LogConfig: Setting CVar [[r.AmbientOcclusionRadiusScale:1.0]]
[2020.10.05-20.28.31:714][  0]LogConfig: Setting CVar [[r.DepthOfFieldQuality:2]]
[2020.10.05-20.28.31:714][  0]LogConfig: Setting CVar [[r.RenderTargetPoolMin:400]]
[2020.10.05-20.28.31:714][  0]LogConfig: Setting CVar [[r.LensFlareQuality:2]]
[2020.10.05-20.28.31:714][  0]LogConfig: Setting CVar [[r.SceneColorFringeQuality:1]]
[2020.10.05-20.28.31:714][  0]LogConfig: Setting CVar [[r.EyeAdaptationQuality:2]]
[2020.10.05-20.28.31:714][  0]LogConfig: Setting CVar [[r.BloomQuality:5]]
[2020.10.05-20.28.31:714][  0]LogConfig: Setting CVar [[r.FastBlurThreshold:100]]
[2020.10.05-20.28.31:714][  0]LogConfig: Setting CVar [[r.Upscale.Quality:3]]
[2020.10.05-20.28.31:714][  0]LogConfig: Setting CVar [[r.Tonemapper.GrainQuantization:1]]
[2020.10.05-20.28.31:714][  0]LogConfig: Setting CVar [[r.LightShaftQuality:1]]
[2020.10.05-20.28.31:714][  0]LogConfig: Setting CVar [[r.Filter.SizeScale:1]]
[2020.10.05-20.28.31:714][  0]LogConfig: Setting CVar [[r.Tonemapper.Quality:5]]
[2020.10.05-20.28.31:714][  0]LogConfig: Setting CVar [[r.DOF.Gather.AccumulatorQuality:1        ; higher gathering accumulator quality]]
[2020.10.05-20.28.31:714][  0]LogConfig: Setting CVar [[r.DOF.Gather.PostfilterMethod:1          ; Median3x3 postfilering method]]
[2020.10.05-20.28.31:714][  0]LogConfig: Setting CVar [[r.DOF.Gather.EnableBokehSettings:0       ; no bokeh simulation when gathering]]
[2020.10.05-20.28.31:714][  0]LogConfig: Setting CVar [[r.DOF.Gather.RingCount:4                 ; medium number of samples when gathering]]
[2020.10.05-20.28.31:714][  0]LogConfig: Setting CVar [[r.DOF.Scatter.ForegroundCompositing:1    ; additive foreground scattering]]
[2020.10.05-20.28.31:714][  0]LogConfig: Setting CVar [[r.DOF.Scatter.BackgroundCompositing:2    ; additive background scattering]]
[2020.10.05-20.28.31:714][  0]LogConfig: Setting CVar [[r.DOF.Scatter.EnableBokehSettings:1      ; bokeh simulation when scattering]]
[2020.10.05-20.28.31:714][  0]LogConfig: Setting CVar [[r.DOF.Scatter.MaxSpriteRatio:0.1         ; only a maximum of 10% of scattered bokeh]]
[2020.10.05-20.28.31:714][  0]LogConfig: Setting CVar [[r.DOF.Recombine.Quality:1                ; cheap slight out of focus]]
[2020.10.05-20.28.31:714][  0]LogConfig: Setting CVar [[r.DOF.Recombine.EnableBokehSettings:0    ; no bokeh simulation on slight out of focus]]
[2020.10.05-20.28.31:714][  0]LogConfig: Setting CVar [[r.DOF.TemporalAAQuality:1                ; more stable temporal accumulation]]
[2020.10.05-20.28.31:714][  0]LogConfig: Setting CVar [[r.DOF.Kernel.MaxForegroundRadius:0.025]]
[2020.10.05-20.28.31:714][  0]LogConfig: Setting CVar [[r.DOF.Kernel.MaxBackgroundRadius:0.025]]
[2020.10.05-20.28.31:714][  0]LogConfig: Applying CVar settings from Section [TextureQuality@3] File [C:/Users/Nandita/Desktop/Demo2020/NewUnrealDemo/RobotDemo/SimpleRobotDemo_BP/Saved/Config/Windows/Scalability.ini]
[2020.10.05-20.28.31:714][  0]LogConfig: Setting CVar [[r.Streaming.MipBias:0]]
[2020.10.05-20.28.31:714][  0]LogConfig: Setting CVar [[r.Streaming.AmortizeCPUToGPUCopy:0]]
[2020.10.05-20.28.31:714][  0]LogConfig: Setting CVar [[r.Streaming.MaxNumTexturesToStreamPerFrame:0]]
[2020.10.05-20.28.31:714][  0]LogConfig: Setting CVar [[r.Streaming.Boost:1]]
[2020.10.05-20.28.31:714][  0]LogConfig: Setting CVar [[r.MaxAnisotropy:8]]
[2020.10.05-20.28.31:714][  0]LogConfig: Setting CVar [[r.VT.MaxAnisotropy:8]]
[2020.10.05-20.28.31:714][  0]LogConfig: Setting CVar [[r.Streaming.LimitPoolSizeToVRAM:0]]
[2020.10.05-20.28.31:714][  0]LogConfig: Setting CVar [[r.Streaming.PoolSize:1000]]
[2020.10.05-20.28.31:714][  0]LogConfig: Setting CVar [[r.Streaming.MaxEffectiveScreenSize:0]]
[2020.10.05-20.28.31:714][  0]LogConfig: Applying CVar settings from Section [EffectsQuality@3] File [C:/Users/Nandita/Desktop/Demo2020/NewUnrealDemo/RobotDemo/SimpleRobotDemo_BP/Saved/Config/Windows/Scalability.ini]
[2020.10.05-20.28.31:714][  0]LogConfig: Setting CVar [[r.TranslucencyLightingVolumeDim:64]]
[2020.10.05-20.28.31:714][  0]LogConfig: Setting CVar [[r.RefractionQuality:2]]
[2020.10.05-20.28.31:714][  0]LogConfig: Setting CVar [[r.SSR.Quality:3]]
[2020.10.05-20.28.31:715][  0]LogConfig: Setting CVar [[r.SSR.HalfResSceneColor:0]]
[2020.10.05-20.28.31:715][  0]LogConfig: Setting CVar [[r.SceneColorFormat:4]]
[2020.10.05-20.28.31:715][  0]LogConfig: Setting CVar [[r.DetailMode:2]]
[2020.10.05-20.28.31:715][  0]LogConfig: Setting CVar [[r.TranslucencyVolumeBlur:1]]
[2020.10.05-20.28.31:715][  0]LogConfig: Setting CVar [[r.MaterialQualityLevel:1 ; High quality]]
[2020.10.05-20.28.31:715][  0]LogConfig: Setting CVar [[r.SSS.Scale:1]]
[2020.10.05-20.28.31:715][  0]LogConfig: Setting CVar [[r.SSS.SampleSet:2]]
[2020.10.05-20.28.31:715][  0]LogConfig: Setting CVar [[r.SSS.Quality:1]]
[2020.10.05-20.28.31:715][  0]LogConfig: Setting CVar [[r.SSS.HalfRes:0]]
[2020.10.05-20.28.31:715][  0]LogConfig: Setting CVar [[r.SSGI.Quality:3]]
[2020.10.05-20.28.31:715][  0]LogConfig: Setting CVar [[r.EmitterSpawnRateScale:1.0]]
[2020.10.05-20.28.31:715][  0]LogConfig: Setting CVar [[r.ParticleLightQuality:2]]
[2020.10.05-20.28.31:715][  0]LogConfig: Setting CVar [[r.SkyAtmosphere.AerialPerspectiveLUT.FastApplyOnOpaque:1 ; Always have FastSkyLUT 1 in this case to avoid wrong sky]]
[2020.10.05-20.28.31:715][  0]LogConfig: Setting CVar [[r.SkyAtmosphere.AerialPerspectiveLUT.SampleCountPerSlice:1]]
[2020.10.05-20.28.31:715][  0]LogConfig: Setting CVar [[r.SkyAtmosphere.AerialPerspectiveLUT.DepthResolution:16.0]]
[2020.10.05-20.28.31:715][  0]LogConfig: Setting CVar [[r.SkyAtmosphere.FastSkyLUT:1]]
[2020.10.05-20.28.31:715][  0]LogConfig: Setting CVar [[r.SkyAtmosphere.FastSkyLUT.SampleCountMin:4.0]]
[2020.10.05-20.28.31:715][  0]LogConfig: Setting CVar [[r.SkyAtmosphere.FastSkyLUT.SampleCountMax:32.0]]
[2020.10.05-20.28.31:715][  0]LogConfig: Setting CVar [[r.SkyAtmosphere.SampleCountMin:4.0]]
[2020.10.05-20.28.31:715][  0]LogConfig: Setting CVar [[r.SkyAtmosphere.SampleCountMax:32.0]]
[2020.10.05-20.28.31:715][  0]LogConfig: Setting CVar [[r.SkyAtmosphere.TransmittanceLUT.UseSmallFormat:0]]
[2020.10.05-20.28.31:715][  0]LogConfig: Setting CVar [[r.SkyAtmosphere.TransmittanceLUT.SampleCount:10.0]]
[2020.10.05-20.28.31:715][  0]LogConfig: Setting CVar [[r.SkyAtmosphere.MultiScatteringLUT.SampleCount:15.0]]
[2020.10.05-20.28.31:715][  0]LogConfig: Applying CVar settings from Section [FoliageQuality@3] File [C:/Users/Nandita/Desktop/Demo2020/NewUnrealDemo/RobotDemo/SimpleRobotDemo_BP/Saved/Config/Windows/Scalability.ini]
[2020.10.05-20.28.31:715][  0]LogConfig: Setting CVar [[foliage.DensityScale:1.0]]
[2020.10.05-20.28.31:715][  0]LogConfig: Setting CVar [[grass.DensityScale:1.0]]
[2020.10.05-20.28.31:715][  0]LogConfig: Applying CVar settings from Section [ShadingQuality@3] File [C:/Users/Nandita/Desktop/Demo2020/NewUnrealDemo/RobotDemo/SimpleRobotDemo_BP/Saved/Config/Windows/Scalability.ini]
[2020.10.05-20.28.31:715][  0]LogConfig: Setting CVar [[r.HairStrands.SkyLighting.SampleCount:16]]
[2020.10.05-20.28.31:715][  0]LogConfig: Setting CVar [[r.HairStrands.SkyLighting.JitterIntegration:0]]
[2020.10.05-20.28.31:716][  0]LogConfig: Setting CVar [[r.HairStrands.SkyAO.SampleCount:16]]
[2020.10.05-20.28.31:716][  0]LogConfig: Setting CVar [[r.HairStrands.DeepShadow.SuperSampling:0]]
[2020.10.05-20.28.31:716][  0]LogConfig: Setting CVar [[r.HairStrands.VisibilityPPLL:0]]
[2020.10.05-20.28.31:716][  0]LogConfig: Setting CVar [[r.HairStrands.RasterizationScale:0.5]]
[2020.10.05-20.28.31:716][  0]LogConfig: Setting CVar [[r.HairStrands.VelocityRasterizationScale:1]]
[2020.10.05-20.28.31:716][  0]LogConfig: Applying CVar settings from Section [Startup] File [../../../Engine/Config/ConsoleVariables.ini]
[2020.10.05-20.28.31:716][  0]LogConfig: Setting CVar [[net.UseAdaptiveNetUpdateFrequency:0]]
[2020.10.05-20.28.31:716][  0]LogConfig: Setting CVar [[p.chaos.AllowCreatePhysxBodies:1]]
[2020.10.05-20.28.31:716][  0]LogConfig: Setting CVar [[fx.SkipVectorVMBackendOptimizations:1]]
[2020.10.05-20.28.31:716][  0]LogConfig: Applying CVar settings from Section [ConsoleVariables] File [C:/Users/Nandita/Desktop/Demo2020/NewUnrealDemo/RobotDemo/SimpleRobotDemo_BP/Saved/Config/Windows/Engine.ini]
[2020.10.05-20.28.31:716][  0]LogInit: Computer: DESKTOP-R9OUND7
[2020.10.05-20.28.31:716][  0]LogInit: User: Nandita
[2020.10.05-20.28.31:717][  0]LogInit: CPU Page size=4096, Cores=2
[2020.10.05-20.28.31:717][  0]LogInit: High frequency timer resolution =10.000000 MHz
[2020.10.05-20.28.31:717][  0]LogMemory: Memory total: Physical=11.9GB (12GB approx)
[2020.10.05-20.28.31:717][  0]LogMemory: Platform Memory Stats for Windows
[2020.10.05-20.28.31:717][  0]LogMemory: Process Physical Memory: 113.18 MB used, 113.19 MB peak
[2020.10.05-20.28.31:717][  0]LogMemory: Process Virtual Memory: 98.94 MB used, 98.94 MB peak
[2020.10.05-20.28.31:717][  0]LogMemory: Physical Memory: 3932.93 MB used,  8285.21 MB free, 12218.15 MB total
[2020.10.05-20.28.31:717][  0]LogMemory: Virtual Memory: 5126.79 MB used,  134212600.00 MB free, 134217728.00 MB total
[2020.10.05-20.28.31:725][  0]LogWindows: WindowsPlatformFeatures enabled
[2020.10.05-20.28.31:776][  0]LogInit: Physics initialised using underlying interface: PhysX
[2020.10.05-20.28.31:778][  0]LogInit: Using OS detected language (en-US).
[2020.10.05-20.28.31:778][  0]LogInit: Using OS detected locale (en-IN).
[2020.10.05-20.28.31:920][  0]LogTextLocalizationManager: No specific localization for 'en-US' exists, so the 'en' localization will be used.
[2020.10.05-20.28.32:296][  0]LogInit: Setting process to per monitor DPI aware
[2020.10.05-20.28.32:344][  0]LogSlate: New Slate User Created.  User Index 0, Is Virtual User: 0
[2020.10.05-20.28.32:344][  0]LogSlate: Slate User Registered.  User Index 0, Is Virtual User: 0
[2020.10.05-20.28.32:577][  0]LogHMD: Failed to initialize OpenVR with code 110
[2020.10.05-20.28.32:577][  0]LogD3D11RHI: D3D11 min allowed feature level: 11_0
[2020.10.05-20.28.32:577][  0]LogD3D11RHI: D3D11 max allowed feature level: 11_0
[2020.10.05-20.28.32:577][  0]LogD3D11RHI: D3D11 adapters:
[2020.10.05-20.28.32:649][  0]LogD3D11RHI:    0. 'NVIDIA GeForce GT 740M' (Feature Level 11_0)
[2020.10.05-20.28.32:649][  0]LogD3D11RHI:       2009/0/6109 MB DedicatedVideo/DedicatedSystem/SharedSystem, Outputs:1, VendorId:0x10de
[2020.10.05-20.28.32:659][  0]LogD3D11RHI:    1. 'Intel(R) HD Graphics Family' (Feature Level 11_0)
[2020.10.05-20.28.32:659][  0]LogD3D11RHI:       112/0/2048 MB DedicatedVideo/DedicatedSystem/SharedSystem, Outputs:0, VendorId:0x8086
[2020.10.05-20.28.32:664][  0]LogD3D11RHI:    2. 'Microsoft Basic Render Driver' (Feature Level 11_0)
[2020.10.05-20.28.32:664][  0]LogD3D11RHI:       0/0/6109 MB DedicatedVideo/DedicatedSystem/SharedSystem, Outputs:0, VendorId:0x1414
[2020.10.05-20.28.32:664][  0]LogD3D11RHI: Chosen D3D11 Adapter: 0
[2020.10.05-20.28.32:709][  0]LogD3D11RHI: Creating new Direct3DDevice
[2020.10.05-20.28.32:709][  0]LogD3D11RHI:     GPU DeviceId: 0x1292 (for the marketing name, search the web for "GPU Device Id")
[2020.10.05-20.28.32:709][  0]LogWindows: EnumDisplayDevices:
[2020.10.05-20.28.32:709][  0]LogWindows:    0. 'Intel(R) HD Graphics Family' (P:1 D:1)
[2020.10.05-20.28.32:710][  0]LogWindows:    1. 'Intel(R) HD Graphics Family' (P:0 D:0)
[2020.10.05-20.28.32:710][  0]LogWindows:    2. 'Intel(R) HD Graphics Family' (P:0 D:0)
[2020.10.05-20.28.32:711][  0]LogWindows: DebugString: PrimaryIsNotTheChoosenAdapter PrimaryIsNotTheChoosenAdapter PrimaryIsNotTheChoosenAdapter FoundDriverCount:0 
[2020.10.05-20.28.32:711][  0]LogD3D11RHI:     Adapter Name: NVIDIA GeForce GT 740M
[2020.10.05-20.28.32:711][  0]LogD3D11RHI:   Driver Version: Unknown (internal:Unknown, unified:Unknown)
[2020.10.05-20.28.32:711][  0]LogD3D11RHI:      Driver Date: Unknown
[2020.10.05-20.28.32:711][  0]LogRHI: Texture pool is 1406 MB (70% of 2009 MB)
[2020.10.05-20.28.32:766][  0]LogD3D11RHI: RHI does not have support for 64 bit atomics
[2020.10.05-20.28.32:767][  0]LogD3D11RHI: [Aftermath] Enabled and primed
[2020.10.05-20.28.32:768][  0]LogD3D11RHI: Async texture creation enabled
[2020.10.05-20.28.32:803][  0]LogD3D11RHI: GPU Timing Frequency: 1000.000000 (Debug: 2 2)
[2020.10.05-20.28.33:402][  0]LogTargetPlatformManager: Display: Loaded TargetPlatform 'AllDesktop'
[2020.10.05-20.28.33:437][  0]LogTargetPlatformManager: Display: Loaded TargetPlatform 'Android'
[2020.10.05-20.28.33:437][  0]LogTargetPlatformManager: Display: Loaded TargetPlatform 'Android_ASTC'
[2020.10.05-20.28.33:437][  0]LogTargetPlatformManager: Display: Loaded TargetPlatform 'Android_DXT'
[2020.10.05-20.28.33:437][  0]LogTargetPlatformManager: Display: Loaded TargetPlatform 'Android_ETC2'
[2020.10.05-20.28.33:437][  0]LogTargetPlatformManager: Display: Loaded TargetPlatform 'AndroidClient'
[2020.10.05-20.28.33:437][  0]LogTargetPlatformManager: Display: Loaded TargetPlatform 'Android_ASTCClient'
[2020.10.05-20.28.33:437][  0]LogTargetPlatformManager: Display: Loaded TargetPlatform 'Android_DXTClient'
[2020.10.05-20.28.33:437][  0]LogTargetPlatformManager: Display: Loaded TargetPlatform 'Android_ETC2Client'
[2020.10.05-20.28.33:437][  0]LogTargetPlatformManager: Display: Loaded TargetPlatform 'Android_Multi'
[2020.10.05-20.28.33:437][  0]LogTargetPlatformManager: Display: Loaded TargetPlatform 'Android_MultiClient'
[2020.10.05-20.28.33:474][  0]LogTargetPlatformManager: Display: Loaded TargetPlatform 'IOSClient'
[2020.10.05-20.28.33:474][  0]LogTargetPlatformManager: Display: Loaded TargetPlatform 'IOS'
[2020.10.05-20.28.33:489][  0]LogTargetPlatformManager: Display: Loaded TargetPlatform 'Linux'
[2020.10.05-20.28.33:502][  0]LogTargetPlatformManager: Display: Loaded TargetPlatform 'LinuxNoEditor'
[2020.10.05-20.28.33:515][  0]LogTargetPlatformManager: Display: Loaded TargetPlatform 'LinuxClient'
[2020.10.05-20.28.33:528][  0]LogTargetPlatformManager: Display: Loaded TargetPlatform 'LinuxServer'
[2020.10.05-20.28.33:541][  0]LogTargetPlatformManager: Display: Loaded TargetPlatform 'LinuxAArch64NoEditor'
[2020.10.05-20.28.33:555][  0]LogTargetPlatformManager: Display: Loaded TargetPlatform 'LinuxAArch64Client'
[2020.10.05-20.28.33:568][  0]LogTargetPlatformManager: Display: Loaded TargetPlatform 'LinuxAArch64Server'
[2020.10.05-20.28.33:607][  0]LogTargetPlatformManager: Display: Loaded TargetPlatform 'Lumin'
[2020.10.05-20.28.33:607][  0]LogTargetPlatformManager: Display: Loaded TargetPlatform 'LuminClient'
[2020.10.05-20.28.33:630][  0]LogTargetPlatformManager: Display: Loaded TargetPlatform 'TVOSClient'
[2020.10.05-20.28.33:630][  0]LogTargetPlatformManager: Display: Loaded TargetPlatform 'TVOS'
[2020.10.05-20.28.33:643][  0]LogTargetPlatformManager: Display: Loaded TargetPlatform 'WindowsNoEditor'
[2020.10.05-20.28.33:658][  0]LogTargetPlatformManager: Display: Loaded TargetPlatform 'Windows'
[2020.10.05-20.28.33:672][  0]LogTargetPlatformManager: Display: Loaded TargetPlatform 'WindowsClient'
[2020.10.05-20.28.33:686][  0]LogTargetPlatformManager: Display: Loaded TargetPlatform 'WindowsServer'
[2020.10.05-20.28.33:686][  0]LogTargetPlatformManager: Display: Building Assets For Windows
[2020.10.05-20.28.33:698][  0]LogAudioDebug: Display: Lib vorbis DLL was dynamically loaded.
[2020.10.05-20.28.33:774][  0]LogShaderCompilers: Guid format shader working directory is -43 characters bigger than the processId version (../../../../../../Users/Nandita/Desktop/Demo2020/NewUnrealDemo/RobotDemo/SimpleRobotDemo_BP/Intermediate/Shaders/WorkingDirectory/9836/).
[2020.10.05-20.28.33:775][  0]LogShaderCompilers: Cleaned the shader compiler working directory 'C:/Users/Nandita/AppData/Local/Temp/UnrealShaderWorkingDir/27E896204B52681B6EBBEE8F938C418C/'.
[2020.10.05-20.28.33:775][  0]LogXGEController: Cannot use XGE Controller as Incredibuild is not installed on this machine.
[2020.10.05-20.28.33:775][  0]LogShaderCompilers: Cannot use XGE Shader Compiler as Incredibuild is not installed on this machine.
[2020.10.05-20.28.33:775][  0]LogShaderCompilers: Display: Using Local Shader Compiler.
[2020.10.05-20.28.35:058][  0]LogDerivedDataCache: Display: Max Cache Size: 512 MB
[2020.10.05-20.28.35:136][  0]LogDerivedDataCache: Loaded boot cache 0.08s 76MB C:/Users/Nandita/AppData/Local/UnrealEngine/4.25/DerivedDataCache/Boot.ddc.
[2020.10.05-20.28.35:136][  0]LogDerivedDataCache: Display: Loaded Boot cache: C:/Users/Nandita/AppData/Local/UnrealEngine/4.25/DerivedDataCache/Boot.ddc
[2020.10.05-20.28.35:136][  0]LogDerivedDataCache: FDerivedDataBackendGraph:  Pak pak cache file ../../../../../../Users/Nandita/Desktop/Demo2020/NewUnrealDemo/RobotDemo/SimpleRobotDemo_BP/DerivedDataCache/DDC.ddp not found, will not use a pak cache.
[2020.10.05-20.28.35:136][  0]LogDerivedDataCache: Unable to find inner node Pak for hierarchical cache Hierarchy.
[2020.10.05-20.28.35:136][  0]LogDerivedDataCache: FDerivedDataBackendGraph:  CompressedPak pak cache file ../../../../../../Users/Nandita/Desktop/Demo2020/NewUnrealDemo/RobotDemo/SimpleRobotDemo_BP/DerivedDataCache/Compressed.ddp not found, will not use a pak cache.
[2020.10.05-20.28.35:136][  0]LogDerivedDataCache: Unable to find inner node CompressedPak for hierarchical cache Hierarchy.
[2020.10.05-20.28.35:152][  0]LogDerivedDataCache: Display: Pak cache opened for reading ../../../Engine/DerivedDataCache/Compressed.ddp.
[2020.10.05-20.28.35:152][  0]LogDerivedDataCache: FDerivedDataBackendGraph:  EnterprisePak pak cache file ../../../Enterprise/DerivedDataCache/Compressed.ddp not found, will not use a pak cache.
[2020.10.05-20.28.35:152][  0]LogDerivedDataCache: Unable to find inner node EnterprisePak for hierarchical cache Hierarchy.
[2020.10.05-20.28.35:154][  0]LogDerivedDataCache: Using Local data cache path C:/Users/Nandita/AppData/Local/UnrealEngine/Common/DerivedDataCache: Writable
[2020.10.05-20.28.35:154][  0]LogDerivedDataCache: Shared data cache path not found in *engine.ini, will not use an Shared cache.
[2020.10.05-20.28.35:154][  0]LogDerivedDataCache: Unable to find inner node Shared for hierarchical cache Hierarchy.
[2020.10.05-20.28.35:242][  0]LogSlate: Using FreeType 2.10.0
[2020.10.05-20.28.35:243][  0]LogSlate: SlateFontServices - WITH_FREETYPE: 1, WITH_HARFBUZZ: 1
[2020.10.05-20.28.35:290][  0]LogAssetRegistry: FAssetRegistry took 0.0035 seconds to start up
[2020.10.05-20.28.35:640][  0]LogAssetRegistry: Error: Bad name index reading cache 0/0
[2020.10.05-20.28.35:640][  0]LogAssetRegistry: Error: There was an error loading the asset registry cache. Generating a new one.
[2020.10.05-20.28.35:640][  0]LogInit: Selected Device Profile: [Windows]
[2020.10.05-20.28.35:823][  0]LogMeshReduction: Using QuadricMeshReduction for automatic static mesh reduction
[2020.10.05-20.28.35:823][  0]LogMeshReduction: Using SimplygonMeshReduction for automatic skeletal mesh reduction
[2020.10.05-20.28.35:823][  0]LogMeshReduction: Using ProxyLODMeshReduction for automatic mesh merging
[2020.10.05-20.28.35:823][  0]LogMeshReduction: No distributed automatic mesh merging module available
[2020.10.05-20.28.35:823][  0]LogMeshMerging: No distributed automatic mesh merging module available
[2020.10.05-20.28.35:851][  0]LogNetVersion: SimpleRobotDemo_BP 1.0.0, NetCL: 13144385, EngineNetVer: 14, GameNetVer: 0 (Checksum: 3713622887)
[2020.10.05-20.28.37:039][  0]LogAISub: UAISubsystem::UAISubsystem AISubsystem (0000026E13760100), frame # 0
[2020.10.05-20.28.37:039][  0]LogAISub: UAISubsystem::UAISubsystem AIPerceptionSystem (0000026E1469AAC0), frame # 0
[2020.10.05-20.28.37:041][  0]LogAISub: UAISubsystem::UAISubsystem EnvQueryManager (0000026E136E9E00), frame # 0
[2020.10.05-20.28.37:156][  0]LogPackageLocalizationCache: Processed 19 localized package path(s) for 1 prioritized culture(s) in 0.105832 seconds
[2020.10.05-20.28.37:165][  0]LogUObjectArray: 15917 objects as part of root set at end of initial load.
[2020.10.05-20.28.37:165][  0]LogUObjectAllocator: 3965568 out of 0 bytes used by permanent object pool.
[2020.10.05-20.28.37:165][  0]LogUObjectArray: CloseDisregardForGC: 0/0 objects in disregard for GC pool
[2020.10.05-20.28.37:631][  0]LogTcpMessaging: Initializing TcpMessaging bridge
[2020.10.05-20.28.37:700][  0]LogUdpMessaging: Initializing bridge on interface 0.0.0.0:0 to multicast group 230.0.0.1:6666.
[2020.10.05-20.28.37:935][  0]LogSteamShared: Display: Loading Steam SDK 1.47
[2020.10.05-20.28.38:558][  0]LogSteamShared: Steam SDK Loaded!
[2020.10.05-20.28.38:621][  0]SourceControl: Source control is disabled
[2020.10.05-20.28.38:621][  0]SourceControl: Source control is disabled
[2020.10.05-20.28.38:625][  0]SourceControl: Source control is disabled
[2020.10.05-20.28.38:629][  0]SourceControl: Source control is disabled
[2020.10.05-20.28.38:639][  0]SourceControl: Source control is disabled
[2020.10.05-20.28.39:580][  0]LogAndroidPermission: UAndroidPermissionCallbackProxy::GetInstance
[2020.10.05-20.28.39:606][  0]LogAudioCaptureCore: Display: No Audio Capture implementations found. Audio input will be silent.
[2020.10.05-20.28.39:607][  0]LogAudioCaptureCore: Display: No Audio Capture implementations found. Audio input will be silent.
[2020.10.05-20.28.39:673][  0]LogOcInput: OculusInput pre-init called
[2020.10.05-20.28.39:686][  0]LogWindows: Failed to load 'OVRPlugin.dll' (GetLastError=126)
[2020.10.05-20.28.39:686][  0]LogWindows: File 'OVRPlugin.dll' does not exist
[2020.10.05-20.28.40:124][  0]LogSockets: SteamSockets: Disabled due to no Steam OSS running.
[2020.10.05-20.28.40:211][  0]LogEngine: Initializing Engine...
[2020.10.05-20.28.40:213][  0]LogHMD: Failed to initialize OpenVR with code 110
[2020.10.05-20.28.40:213][  0]LogMagicLeap: Warning: VR disabled because ZI is not enabled.  To enable, in the editor, Edit -> Project Settings -> Plugins -> Magic Leap Plugin -> Enable Zero Iteration
[2020.10.05-20.28.40:214][  0]LogGameplayTags: NetworkGameplayTagNodeIndexHash is e125c222
[2020.10.05-20.28.40:214][  0]LogStats: UGameplayTagsManager::InitializeManager -  0.001 s
[2020.10.05-20.28.40:396][  0]LogInit: Initializing FReadOnlyCVARCache
[2020.10.05-20.28.40:406][  0]LogAIModule: Creating AISystem for world Untitled
[2020.10.05-20.28.40:406][  0]LogAISub: UAISubsystem::UAISubsystem EnvQueryManager (0000026E1738BC00), frame # 0
[2020.10.05-20.28.40:406][  0]LogAISub: UAISubsystem::UAISubsystem AIPerceptionSystem (0000026E173E4B80), frame # 0
[2020.10.05-20.28.40:433][  0]LogAudioMixer: Display: Audio Mixer Platform Settings:
[2020.10.05-20.28.40:433][  0]LogAudioMixer: Display: 	Sample Rate:						  48000
[2020.10.05-20.28.40:433][  0]LogAudioMixer: Display: 	Callback Buffer Frame Size Requested: 1024
[2020.10.05-20.28.40:433][  0]LogAudioMixer: Display: 	Callback Buffer Frame Size To Use:	  1024
[2020.10.05-20.28.40:433][  0]LogAudioMixer: Display: 	Number of buffers to queue:			  2
[2020.10.05-20.28.40:433][  0]LogAudioMixer: Display: 	Max Channels (voices):				  32
[2020.10.05-20.28.40:433][  0]LogAudioMixer: Display: 	Number of Async Source Workers:		  0
[2020.10.05-20.28.40:433][  0]LogAudio: Display: AudioDevice MaxSources: 32
[2020.10.05-20.28.40:433][  0]LogAudio: Display: Using built-in audio occlusion.
[2020.10.05-20.28.40:433][  0]LogAudioMixer: Display: Initializing audio mixer.
[2020.10.05-20.28.40:446][  0]LogAudioMixer: Display: 0: FrontLeft
[2020.10.05-20.28.40:446][  0]LogAudioMixer: Display: 1: FrontRight
[2020.10.05-20.28.40:506][  0]LogAudioMixer: Display: Using Audio Device Speaker/HP (Realtek High Definition Audio)
[2020.10.05-20.28.40:509][  0]LogAudioMixer: Display: Initializing Sound Submixes...
[2020.10.05-20.28.40:512][  0]LogAudioMixer: Display: Creating Master Submix 'MasterSubmixDefault'
[2020.10.05-20.28.40:512][  0]LogAudioMixer: Display: Creating Master Submix 'MasterReverbSubmixDefault'
[2020.10.05-20.28.40:514][  0]LogAudioMixer: Display: Creating Master Submix 'MasterEQSubmixDefault'
[2020.10.05-20.28.40:515][  0]LogInit: FAudioDevice initialized.
[2020.10.05-20.28.40:516][  0]LogNetVersion: Set ProjectVersion to 1.0.0.0. Version Checksum will be recalculated on next use.
[2020.10.05-20.28.41:210][  0]LogDerivedDataCache: Saved boot cache 0.69s 76MB C:/Users/Nandita/AppData/Local/UnrealEngine/4.25/DerivedDataCache/Boot.ddc.
[2020.10.05-20.28.41:217][  0]LogInit: Texture streaming: Enabled
[2020.10.05-20.28.41:236][  0]LogEngineSessionManager: EngineSessionManager initialized
[2020.10.05-20.28.41:236][  0]LogEditorSessionSummary: Verbose: Initializing EditorSessionSummaryWriter for editor session tracking
[2020.10.05-20.28.41:238][  0]LogEditorSessionSummary: EditorSessionSummaryWriter initialized
[2020.10.05-20.28.41:303][  0]LogInit: Transaction tracking system initialized
[2020.10.05-20.28.41:331][  0]BlueprintLog: New page: Editor Load
[2020.10.05-20.28.41:418][  0]LocalizationService: Localization service is disabled
[2020.10.05-20.28.42:787][  0]LogCook: Display: Max memory allowance for cook 16384mb min free memory 0mb
[2020.10.05-20.28.42:787][  0]LogCook: Display: Mobile HDR setting 1
[2020.10.05-20.28.42:788][  0]LogGameplayTags: NetworkGameplayTagNodeIndexHash is e125c222
[2020.10.05-20.28.42:801][  0]LogFileCache: Scanning file cache for directory 'C:/Users/Nandita/Desktop/Demo2020/NewUnrealDemo/RobotDemo/SimpleRobotDemo_BP/Content/' took 0.01s
[2020.10.05-20.28.44:055][  0]SourceControl: Source control is disabled
[2020.10.05-20.28.44:055][  0]LogUnrealEdMisc: Loading editor; pre map load, took 24.840
[2020.10.05-20.28.44:390][  0]LightingResults: New page: Lighting Build
[2020.10.05-20.28.44:391][  0]LogWorld: UWorld::CleanupWorld for Untitled, bSessionEnded=true, bCleanupResources=true
[2020.10.05-20.28.44:392][  0]LogSlate: InvalidateAllWidgets triggered.  All widgets were invalidated
[2020.10.05-20.28.44:392][  0]MapCheck: New page: Map Check
[2020.10.05-20.28.44:392][  0]LightingResults: New page: Lighting Build
[2020.10.05-20.28.44:404][  0]LogAISub: UAISubsystem::~UAISubsystem EnvQueryManager (0000026E1738BC00), frame # 0
[2020.10.05-20.28.44:404][  0]LogAISub: UAISubsystem::~UAISubsystem AIPerceptionSystem (0000026E173E4B80), frame # 0
[2020.10.05-20.28.44:405][  0]LogUObjectHash: Compacting FUObjectHashTables data took   1.36ms
[2020.10.05-20.29.04:436][  0]LogAIModule: Creating AISystem for world ThirdPersonExampleMap
[2020.10.05-20.29.04:436][  0]LogAISub: UAISubsystem::UAISubsystem EnvQueryManager (0000026E0C5C1200), frame # 0
[2020.10.05-20.29.04:436][  0]LogAISub: UAISubsystem::UAISubsystem AIPerceptionSystem (0000026E07D56340), frame # 0
[2020.10.05-20.29.05:968][  0]LogEditorServer: Finished looking for orphan Actors (0.000 secs)
[2020.10.05-20.29.05:988][  0]LogUObjectHash: Compacting FUObjectHashTables data took   2.23ms
[2020.10.05-20.29.05:988][  0]Cmd: MAP CHECKDEP NOCLEARLOG
[2020.10.05-20.29.05:988][  0]MapCheck: Map check complete: 0 Error(s), 0 Warning(s), took 0.233ms to complete.
[2020.10.05-20.29.05:988][  0]LogFileHelpers: Loading map 'ThirdPersonExampleMap' took 21.933
[2020.10.05-20.29.06:463][  0]LogUnrealEdMisc: Total Editor Startup Time, took 47.247
[2020.10.05-20.29.08:734][  0]LogSlate: Updating window title bar state: overlay mode, drag disabled, window buttons hidden, title bar hidden
[2020.10.05-20.29.08:744][  0]LogSlate: Updating window title bar state: overlay mode, drag disabled, window buttons hidden, title bar hidden
[2020.10.05-20.29.08:753][  0]LogSlate: Updating window title bar state: overlay mode, drag disabled, window buttons hidden, title bar hidden
[2020.10.05-20.29.08:764][  0]LogSlate: Updating window title bar state: overlay mode, drag disabled, window buttons hidden, title bar hidden
[2020.10.05-20.29.09:060][  0]LogCollectionManager: Loaded 0 collections in 0.002133 seconds
[2020.10.05-20.29.09:679][  0]LogFileCache: Scanning file cache for directory 'C:/Users/Nandita/Desktop/Demo2020/NewUnrealDemo/RobotDemo/SimpleRobotDemo_BP/Saved/Collections/' took 0.00s
[2020.10.05-20.29.09:679][  0]LogFileCache: Scanning file cache for directory 'C:/Users/Nandita/Desktop/Demo2020/NewUnrealDemo/RobotDemo/SimpleRobotDemo_BP/Content/Developers/Nandita/Collections/' took 0.00s
[2020.10.05-20.29.09:679][  0]LogFileCache: Scanning file cache for directory 'C:/Users/Nandita/Desktop/Demo2020/NewUnrealDemo/RobotDemo/SimpleRobotDemo_BP/Content/Collections/' took 0.00s
[2020.10.05-20.29.09:679][  0]LogContentBrowser: Native class hierarchy populated in 0.0134 seconds. Added 3432 classes and 828 folders.
[2020.10.05-20.29.09:969][  0]LogContentBrowser: Native class hierarchy updated for 'WidgetCarousel' in 0.0004 seconds. Added 0 classes and 0 folders.
[2020.10.05-20.29.19:091][  0]LogContentBrowser: Native class hierarchy updated for 'AddContentDialog' in 0.0003 seconds. Added 0 classes and 0 folders.
[2020.10.05-20.29.19:356][  0]LogContentBrowser: Native class hierarchy updated for 'SceneOutliner' in 0.0004 seconds. Added 2 classes and 0 folders.
[2020.10.05-20.29.24:579][  0]LogSlate: Took 0.000223 seconds to synchronously load lazily loaded font '../../../Engine/Content/Slate/Fonts/Roboto-Regular.ttf' (155K)
[2020.10.05-20.29.24:647][  0]LogSlate: Took 0.001155 seconds to synchronously load lazily loaded font '../../../Engine/Content/Slate/Fonts/Roboto-Bold.ttf' (160K)
[2020.10.05-20.29.25:031][  0]LogSlate: Took 0.196361 seconds to synchronously load lazily loaded font '../../../Engine/Content/Editor/Slate/Fonts/FontAwesome.ttf' (139K)
[2020.10.05-20.29.26:211][  0]LogRenderer: Reallocating scene render targets to support 684x372 Format 10 NumSamples 1 (Frame:1).
[2020.10.05-20.29.28:117][  0]LogContentBrowser: Native class hierarchy updated for 'HierarchicalLODOutliner' in 0.0004 seconds. Added 0 classes and 0 folders.
[2020.10.05-20.29.28:117][  0]LogLoad: (Engine Initialization) Total time: 68.90 seconds
[2020.10.05-20.29.28:117][  0]LogLoad: (Engine Initialization) Total Blueprint compile time: 0.00 seconds
[2020.10.05-20.29.32:993][  0]LogSteamShared: Warning: SteamAPI failed to initialize, conditions not met.
[2020.10.05-20.29.32:993][  0]LogSteamController: SteamController is not available
[2020.10.05-20.29.33:082][  0]LogContentStreaming: Texture pool size now 1000 MB
[2020.10.05-20.29.33:580][  0]LogSlate: Took 0.137355 seconds to synchronously load lazily loaded font '../../../Engine/Content/Slate/Fonts/Roboto-Light.ttf' (167K)
[2020.10.05-20.31.38:572][185]LogAssetRegistry: Asset discovery search completed in 183.2832 seconds
[2020.10.05-20.31.38:585][185]LogCollectionManager: Fixed up redirectors for 0 collections in 0.000018 seconds (updated 0 objects)
[2020.10.05-20.34.43:109][144]LogSlate: Took 0.000215 seconds to synchronously load lazily loaded font '../../../Engine/Content/Slate/Fonts/Roboto-Light.ttf' (167K)
[2020.10.05-20.34.43:140][144]LogAssetEditorSubsystem: Opening Asset editor for Blueprint /Game/Robot/Becan.Becan
[2020.10.05-20.34.43:909][144]LogContentBrowser: Native class hierarchy updated for 'BlueprintGraph' in 0.0008 seconds. Added 125 classes and 0 folders.
[2020.10.05-20.34.46:230][144]LogSlate: Took 0.000360 seconds to synchronously load lazily loaded font '../../../Engine/Content/Slate/Fonts/Roboto-BoldCondensed.ttf' (158K)
[2020.10.05-20.34.47:002][145]LogSlate: Took 0.054130 seconds to synchronously load lazily loaded font '../../../Engine/Content/Slate/Fonts/Roboto-Italic.ttf' (157K)
[2020.10.05-20.39.15:113][924]BlueprintLog: New page: Compile Becan
[2020.10.05-20.39.15:327][924]LogUObjectHash: Compacting FUObjectHashTables data took   3.54ms
[2020.10.05-20.39.15:557][924]LogSlate: Took 0.101600 seconds to synchronously load lazily loaded font '../../../Engine/Content/Slate/Fonts/DroidSansMono.ttf' (77K)
[2020.10.05-20.39.17:860][ 34]Cmd: OBJ SAVEPACKAGE PACKAGE="/Game/Robot/Becan" FILE="../../../../../../Users/Nandita/Desktop/Demo2020/NewUnrealDemo/RobotDemo/SimpleRobotDemo_BP/Content/Robot/Becan.uasset" SILENT=true
[2020.10.05-20.39.19:178][ 34]LogSavePackage: Moving '../../../../../../Users/Nandita/Desktop/Demo2020/NewUnrealDemo/RobotDemo/SimpleRobotDemo_BP/Saved/Becan738A42374452FCE9C5170E959F74DB1F.tmp' to '../../../../../../Users/Nandita/Desktop/Demo2020/NewUnrealDemo/RobotDemo/SimpleRobotDemo_BP/Content/Robot/Becan.uasset'
[2020.10.05-20.39.19:202][ 34]AssetCheck: New page: Asset Save: Becan
[2020.10.05-20.39.19:203][ 34]LogContentValidation: Display: Validating Blueprint /Game/Robot/Becan.Becan
[2020.10.05-20.39.22:919][231]LogTemp: Repeating last play command: Selected Viewport
[2020.10.05-20.39.22:966][231]LogPlayLevel: PlayLevel: No blueprints needed recompiling
[2020.10.05-20.39.22:988][231]PIE: New page: PIE session: ThirdPersonExampleMap (06-Oct-2020, 7:39:22 am)
[2020.10.05-20.39.22:999][231]LogOnline: OSS: Creating online subsystem instance for: NULL
[2020.10.05-20.39.23:013][231]LogOnline: OSS: TryLoadSubsystemAndSetDefault: Loaded subsystem for module [NULL]
[2020.10.05-20.39.23:013][231]LogPlayLevel: Creating play world package: /Game/ThirdPersonBP/Maps/UEDPIE_0_ThirdPersonExampleMap
[2020.10.05-20.39.23:033][231]LogPlayLevel: PIE: StaticDuplicateObject took: (0.019692s)
[2020.10.05-20.39.23:036][231]LogAIModule: Creating AISystem for world ThirdPersonExampleMap
[2020.10.05-20.39.23:036][231]LogAISub: UAISubsystem::UAISubsystem EnvQueryManager (0000026E8626E400), frame # 36231
[2020.10.05-20.39.23:036][231]LogAISub: UAISubsystem::UAISubsystem AIPerceptionSystem (0000026E4F49A980), frame # 36231
[2020.10.05-20.39.23:037][231]LogPlayLevel: PIE: World Init took: (0.004000s)
[2020.10.05-20.39.23:037][231]LogPlayLevel: PIE: Created PIE world by copying editor world from /Game/ThirdPersonBP/Maps/ThirdPersonExampleMap.ThirdPersonExampleMap to /Game/ThirdPersonBP/Maps/UEDPIE_0_ThirdPersonExampleMap.ThirdPersonExampleMap (0.024006s)
[2020.10.05-20.39.23:088][231]LogUObjectHash: Compacting FUObjectHashTables data took   4.10ms
[2020.10.05-20.39.23:089][231]LogAudioMixer: Display: Audio Mixer Platform Settings:
[2020.10.05-20.39.23:089][231]LogAudioMixer: Display: 	Sample Rate:						  48000
[2020.10.05-20.39.23:089][231]LogAudioMixer: Display: 	Callback Buffer Frame Size Requested: 1024
[2020.10.05-20.39.23:089][231]LogAudioMixer: Display: 	Callback Buffer Frame Size To Use:	  1024
[2020.10.05-20.39.23:089][231]LogAudioMixer: Display: 	Number of buffers to queue:			  2
[2020.10.05-20.39.23:089][231]LogAudioMixer: Display: 	Max Channels (voices):				  32
[2020.10.05-20.39.23:089][231]LogAudioMixer: Display: 	Number of Async Source Workers:		  0
[2020.10.05-20.39.23:089][231]LogAudio: Display: AudioDevice MaxSources: 32
[2020.10.05-20.39.23:090][231]LogAudio: Display: Using built-in audio occlusion.
[2020.10.05-20.39.23:090][231]LogAudioMixer: Display: Initializing audio mixer.
[2020.10.05-20.39.23:094][231]LogAudioMixer: Display: 0: FrontLeft
[2020.10.05-20.39.23:094][231]LogAudioMixer: Display: 1: FrontRight
[2020.10.05-20.39.23:131][231]LogAudioMixer: Display: Using Audio Device Speaker/HP (Realtek High Definition Audio)
[2020.10.05-20.39.23:131][231]LogAudioMixer: Display: Initializing Sound Submixes...
[2020.10.05-20.39.23:131][231]LogAudioMixer: Display: Creating Master Submix 'MasterSubmixDefault'
[2020.10.05-20.39.23:131][231]LogAudioMixer: Display: Creating Master Submix 'MasterReverbSubmixDefault'
[2020.10.05-20.39.23:132][231]LogAudioMixer: Display: Creating Master Submix 'MasterEQSubmixDefault'
[2020.10.05-20.39.23:152][231]LogInit: FAudioDevice initialized.
[2020.10.05-20.39.23:173][231]LogLoad: Game class is 'ThirdPersonGameMode_C'
[2020.10.05-20.39.23:193][231]LogWorld: Bringing World /Game/ThirdPersonBP/Maps/UEDPIE_0_ThirdPersonExampleMap.ThirdPersonExampleMap up for play (max tick rate 0) at 2020.10.06-02.09.23
[2020.10.05-20.39.23:193][231]LogWorld: Bringing up level for play took: 0.002593
[2020.10.05-20.39.23:193][231]LogOnline: OSS: Creating online subsystem instance for: :Context_5
[2020.10.05-20.39.23:349][231]LogContentBrowser: Native class hierarchy updated for 'MovieSceneCapture' in 0.0005 seconds. Added 20 classes and 0 folders.
[2020.10.05-20.39.23:399][231]PIE: Server logged in
[2020.10.05-20.39.23:399][231]PIE: Play in editor total start time 0.461 seconds.
[2020.10.05-20.40.02:595][557]LogSlate: Updating window title bar state: overlay mode, drag disabled, window buttons hidden, title bar hidden
[2020.10.05-20.40.02:595][557]LogWorld: BeginTearingDown for /Game/ThirdPersonBP/Maps/UEDPIE_0_ThirdPersonExampleMap
[2020.10.05-20.40.02:595][557]LogWorld: UWorld::CleanupWorld for ThirdPersonExampleMap, bSessionEnded=true, bCleanupResources=true
[2020.10.05-20.40.02:596][557]LogSlate: InvalidateAllWidgets triggered.  All widgets were invalidated
[2020.10.05-20.40.02:606][557]LogPlayLevel: Display: Shutting down PIE online subsystems
[2020.10.05-20.40.02:611][557]LogSlate: InvalidateAllWidgets triggered.  All widgets were invalidated
[2020.10.05-20.40.02:688][557]LogSlate: Updating window title bar state: overlay mode, drag disabled, window buttons hidden, title bar hidden
[2020.10.05-20.40.02:691][557]LogAISub: UAISubsystem::~UAISubsystem AIPerceptionSystem (0000026E4F49A980), frame # 38557
[2020.10.05-20.40.02:691][557]LogAISub: UAISubsystem::~UAISubsystem EnvQueryManager (0000026E8626E400), frame # 38557
[2020.10.05-20.40.02:721][557]LogUObjectHash: Compacting FUObjectHashTables data took   5.82ms
[2020.10.05-20.40.02:745][558]LogPlayLevel: Display: Destroying online subsystem :Context_5
[2020.10.05-20.40.16:603][429]LogUObjectHash: Compacting FUObjectHashTables data took   5.19ms
[2020.10.05-20.40.18:302][429]LogSlate: Window 'Save Content' being destroyed
[2020.10.05-20.40.18:419][429]LogUObjectHash: Compacting FUObjectHashTables data took   0.87ms
[2020.10.05-20.40.18:489][429]LogSavePackage: Moving '../../../../../../Users/Nandita/Desktop/Demo2020/NewUnrealDemo/RobotDemo/SimpleRobotDemo_BP/Saved/ThirdPersonExampleMapE200922F42C083AF4066EC953FC76BEA.tmp' to '../../../../../../Users/Nandita/Desktop/Demo2020/NewUnrealDemo/RobotDemo/SimpleRobotDemo_BP/Content/ThirdPersonBP/Maps/ThirdPersonExampleMap.umap'
[2020.10.05-20.40.18:510][429]LogFileHelpers: Saving map 'ThirdPersonExampleMap' took 0.168
[2020.10.05-20.40.18:953][429]LogSavePackage: Moving '../../../../../../Users/Nandita/Desktop/Demo2020/NewUnrealDemo/RobotDemo/SimpleRobotDemo_BP/Saved/ThirdPersonExampleMap_BuiltData44EE677842F534157AA65CA3E5991883.tmp' to '../../../../../../Users/Nandita/Desktop/Demo2020/NewUnrealDemo/RobotDemo/SimpleRobotDemo_BP/Content/ThirdPersonBP/Maps/ThirdPersonExampleMap_BuiltData.uasset'
[2020.10.05-20.40.19:004][430]AssetCheck: New page: Asset Save: multiple assets
[2020.10.05-20.40.19:004][430]LogContentValidation: Display: Validating World /Game/ThirdPersonBP/Maps/ThirdPersonExampleMap.ThirdPersonExampleMap
[2020.10.05-20.40.19:004][430]LogContentValidation: Display: Validating MapBuildDataRegistry /Game/ThirdPersonBP/Maps/ThirdPersonExampleMap_BuiltData.ThirdPersonExampleMap_BuiltData
[2020.10.05-20.40.22:652][608]LogTemp: Repeating last play command: Standalone Game
[2020.10.05-20.40.22:735][608]LogUObjectHash: Compacting FUObjectHashTables data took   6.51ms
[2020.10.05-20.42.31:877][410]LogUObjectHash: Compacting FUObjectHashTables data took   1.78ms
[2020.10.05-20.42.31:947][410]LogSavePackage: Moving '../../../../../../Users/Nandita/Desktop/Demo2020/NewUnrealDemo/RobotDemo/SimpleRobotDemo_BP/Saved/ThirdPersonExampleMapE8A36B454387658E4F3DA282086A8758.tmp' to '../../../../../../Users/Nandita/Desktop/Demo2020/NewUnrealDemo/RobotDemo/SimpleRobotDemo_BP/Content/ThirdPersonBP/Maps/ThirdPersonExampleMap.umap'
[2020.10.05-20.42.32:391][410]LogSavePackage: Moving '../../../../../../Users/Nandita/Desktop/Demo2020/NewUnrealDemo/RobotDemo/SimpleRobotDemo_BP/Saved/ThirdPersonExampleMap_BuiltData5C96D19743F4F51BE5DE0D9AF3DCD2C5.tmp' to '../../../../../../Users/Nandita/Desktop/Demo2020/NewUnrealDemo/RobotDemo/SimpleRobotDemo_BP/Content/ThirdPersonBP/Maps/ThirdPersonExampleMap_BuiltData.uasset'
[2020.10.05-20.42.32:436][410]AssetCheck: New page: Asset Save: multiple assets
[2020.10.05-20.42.32:436][410]LogContentValidation: Display: Validating World /Game/ThirdPersonBP/Maps/ThirdPersonExampleMap.ThirdPersonExampleMap
[2020.10.05-20.42.32:436][410]LogContentValidation: Display: Validating MapBuildDataRegistry /Game/ThirdPersonBP/Maps/ThirdPersonExampleMap_BuiltData.ThirdPersonExampleMap_BuiltData
[2020.10.05-20.42.36:855][601]LogAssetEditorSubsystem: Opening Asset editor for Blueprint /Game/Robot/RobotNew.RobotNew
[2020.10.05-20.42.54:434][474]Cmd: OBJ SAVEPACKAGE PACKAGE="/Game/Robot/RobotNew" FILE="../../../../../../Users/Nandita/Desktop/Demo2020/NewUnrealDemo/RobotDemo/SimpleRobotDemo_BP/Content/Robot/RobotNew.uasset" SILENT=true
[2020.10.05-20.42.54:532][474]LogSavePackage: Moving '../../../../../../Users/Nandita/Desktop/Demo2020/NewUnrealDemo/RobotDemo/SimpleRobotDemo_BP/Saved/RobotNew54EC873740CFDEC10E4413B840A661DF.tmp' to '../../../../../../Users/Nandita/Desktop/Demo2020/NewUnrealDemo/RobotDemo/SimpleRobotDemo_BP/Content/Robot/RobotNew.uasset'
[2020.10.05-20.42.54:554][474]AssetCheck: New page: Asset Save: RobotNew
[2020.10.05-20.42.54:554][474]LogContentValidation: Display: Validating Blueprint /Game/Robot/RobotNew.RobotNew
[2020.10.05-20.42.59:753][723]Cmd: OBJ SAVEPACKAGE PACKAGE="/Game/Robot/RobotNew" FILE="../../../../../../Users/Nandita/Desktop/Demo2020/NewUnrealDemo/RobotDemo/SimpleRobotDemo_BP/Content/Robot/RobotNew.uasset" SILENT=true
[2020.10.05-20.42.59:802][723]LogSavePackage: Moving '../../../../../../Users/Nandita/Desktop/Demo2020/NewUnrealDemo/RobotDemo/SimpleRobotDemo_BP/Saved/RobotNew5DB5543048B3F65E06DB85A66CCE7FF9.tmp' to '../../../../../../Users/Nandita/Desktop/Demo2020/NewUnrealDemo/RobotDemo/SimpleRobotDemo_BP/Content/Robot/RobotNew.uasset'
[2020.10.05-20.42.59:821][723]AssetCheck: New page: Asset Save: RobotNew
[2020.10.05-20.42.59:821][723]LogContentValidation: Display: Validating Blueprint /Game/Robot/RobotNew.RobotNew
[2020.10.05-20.44.48:259][261]Cmd: OBJ SAVEPACKAGE PACKAGE="/Game/Robot/RobotNew" FILE="../../../../../../Users/Nandita/Desktop/Demo2020/NewUnrealDemo/RobotDemo/SimpleRobotDemo_BP/Content/Robot/RobotNew.uasset" SILENT=true
[2020.10.05-20.44.48:312][261]LogSavePackage: Moving '../../../../../../Users/Nandita/Desktop/Demo2020/NewUnrealDemo/RobotDemo/SimpleRobotDemo_BP/Saved/RobotNew513E78364039AEF9F4E372BA20713BFD.tmp' to '../../../../../../Users/Nandita/Desktop/Demo2020/NewUnrealDemo/RobotDemo/SimpleRobotDemo_BP/Content/Robot/RobotNew.uasset'
[2020.10.05-20.44.48:338][261]AssetCheck: New page: Asset Save: RobotNew
[2020.10.05-20.44.48:338][261]LogContentValidation: Display: Validating Blueprint /Game/Robot/RobotNew.RobotNew
[2020.10.05-20.45.35:091][715]Cmd: OBJ SAVEPACKAGE PACKAGE="/Game/Robot/RobotNew" FILE="../../../../../../Users/Nandita/Desktop/Demo2020/NewUnrealDemo/RobotDemo/SimpleRobotDemo_BP/Content/Robot/RobotNew.uasset" SILENT=true
[2020.10.05-20.45.35:143][715]LogSavePackage: Moving '../../../../../../Users/Nandita/Desktop/Demo2020/NewUnrealDemo/RobotDemo/SimpleRobotDemo_BP/Saved/RobotNew78065DD947E06F3C0A4DE2820D5F04C0.tmp' to '../../../../../../Users/Nandita/Desktop/Demo2020/NewUnrealDemo/RobotDemo/SimpleRobotDemo_BP/Content/Robot/RobotNew.uasset'
[2020.10.05-20.45.35:163][715]AssetCheck: New page: Asset Save: RobotNew
[2020.10.05-20.45.35:163][715]LogContentValidation: Display: Validating Blueprint /Game/Robot/RobotNew.RobotNew
[2020.10.05-20.46.06:642][309]Cmd: OBJ SAVEPACKAGE PACKAGE="/Game/Robot/RobotNew" FILE="../../../../../../Users/Nandita/Desktop/Demo2020/NewUnrealDemo/RobotDemo/SimpleRobotDemo_BP/Content/Robot/RobotNew.uasset" SILENT=true
[2020.10.05-20.46.06:694][309]LogSavePackage: Moving '../../../../../../Users/Nandita/Desktop/Demo2020/NewUnrealDemo/RobotDemo/SimpleRobotDemo_BP/Saved/RobotNewCAB0D39B4070C839D503549BE512E417.tmp' to '../../../../../../Users/Nandita/Desktop/Demo2020/NewUnrealDemo/RobotDemo/SimpleRobotDemo_BP/Content/Robot/RobotNew.uasset'
[2020.10.05-20.46.06:718][309]AssetCheck: New page: Asset Save: RobotNew
[2020.10.05-20.46.06:718][309]LogContentValidation: Display: Validating Blueprint /Game/Robot/RobotNew.RobotNew
[2020.10.05-20.46.09:908][467]Cmd: OBJ SAVEPACKAGE PACKAGE="/Game/Robot/RobotNew" FILE="../../../../../../Users/Nandita/Desktop/Demo2020/NewUnrealDemo/RobotDemo/SimpleRobotDemo_BP/Content/Robot/RobotNew.uasset" SILENT=true
[2020.10.05-20.46.09:956][467]LogSavePackage: Moving '../../../../../../Users/Nandita/Desktop/Demo2020/NewUnrealDemo/RobotDemo/SimpleRobotDemo_BP/Saved/RobotNewBBE0F15248E103C0857C5A85122D094A.tmp' to '../../../../../../Users/Nandita/Desktop/Demo2020/NewUnrealDemo/RobotDemo/SimpleRobotDemo_BP/Content/Robot/RobotNew.uasset'
[2020.10.05-20.46.09:972][467]AssetCheck: New page: Asset Save: RobotNew
[2020.10.05-20.46.09:972][467]LogContentValidation: Display: Validating Blueprint /Game/Robot/RobotNew.RobotNew
[2020.10.05-20.46.12:257][578]BlueprintLog: New page: Compile RobotNew
[2020.10.05-20.46.12:381][578]LogUObjectHash: Compacting FUObjectHashTables data took   6.66ms
[2020.10.05-20.46.45:261][252]Cmd: OBJ SAVEPACKAGE PACKAGE="/Game/Robot/Becan" FILE="../../../../../../Users/Nandita/Desktop/Demo2020/NewUnrealDemo/RobotDemo/SimpleRobotDemo_BP/Content/Robot/Becan.uasset" SILENT=true
[2020.10.05-20.46.45:311][252]LogSavePackage: Moving '../../../../../../Users/Nandita/Desktop/Demo2020/NewUnrealDemo/RobotDemo/SimpleRobotDemo_BP/Saved/Becan16EA5ED9418B64C4AC8E498A58CF3144.tmp' to '../../../../../../Users/Nandita/Desktop/Demo2020/NewUnrealDemo/RobotDemo/SimpleRobotDemo_BP/Content/Robot/Becan.uasset'
[2020.10.05-20.46.45:331][252]AssetCheck: New page: Asset Save: Becan
[2020.10.05-20.46.45:331][252]LogContentValidation: Display: Validating Blueprint /Game/Robot/Becan.Becan
[2020.10.05-20.46.47:494][355]Cmd: OBJ SAVEPACKAGE PACKAGE="/Game/Robot/Becan" FILE="../../../../../../Users/Nandita/Desktop/Demo2020/NewUnrealDemo/RobotDemo/SimpleRobotDemo_BP/Content/Robot/Becan.uasset" SILENT=true
[2020.10.05-20.46.47:535][355]LogSavePackage: Moving '../../../../../../Users/Nandita/Desktop/Demo2020/NewUnrealDemo/RobotDemo/SimpleRobotDemo_BP/Saved/BecanE7E09AAB452D3212C0E595B4BD0532F6.tmp' to '../../../../../../Users/Nandita/Desktop/Demo2020/NewUnrealDemo/RobotDemo/SimpleRobotDemo_BP/Content/Robot/Becan.uasset'
[2020.10.05-20.46.47:551][355]AssetCheck: New page: Asset Save: Becan
[2020.10.05-20.46.47:551][355]LogContentValidation: Display: Validating Blueprint /Game/Robot/Becan.Becan
[2020.10.05-20.46.55:165][696]LogUObjectHash: Compacting FUObjectHashTables data took  10.96ms
[2020.10.05-20.46.58:265][696]LogSlate: Window 'Delete Assets' being destroyed
[2020.10.05-20.47.01:877][696]LogWorld: UWorld::CleanupWorld for World_3, bSessionEnded=true, bCleanupResources=true
[2020.10.05-20.47.01:877][696]LogSlate: InvalidateAllWidgets triggered.  All widgets were invalidated
[2020.10.05-20.47.01:939][696]LogUObjectGlobals: Force Deleting 1 Package(s):
	Asset Name: /Game/Robot/Robot.Robot
[2020.10.05-20.47.03:549][696]LogUObjectHash: Compacting FUObjectHashTables data took   4.63ms
[2020.10.05-20.47.03:973][696]LogUObjectHash: Compacting FUObjectHashTables data took   5.66ms
[2020.10.05-20.47.04:006][696]LogUObjectHash: Compacting FUObjectHashTables data took   2.47ms
[2020.10.05-20.47.04:033][696]LogUObjectHash: Compacting FUObjectHashTables data took   0.69ms
[2020.10.05-20.47.13:129][794]LogOutputDevice: Warning: 

Script Stack (0 frames):

[2020.10.05-20.47.15:634][794]LogStats: FPlatformStackWalk::StackWalkAndDump -  2.505 s
[2020.10.05-20.47.15:634][794]LogOutputDevice: Error: === Handled ensure: ===
[2020.10.05-20.47.15:634][794]LogOutputDevice: Error: 
[2020.10.05-20.47.15:634][794]LogOutputDevice: Error: Ensure condition failed: WatchedPin [File:D:/Build/++UE4+Licensee/Sync/Engine/Source/Editor/GraphEditor/Private/KismetNodes/KismetNodeInfoContext.cpp] [Line: 92]
[2020.10.05-20.47.15:634][794]LogOutputDevice: Error: 
[2020.10.05-20.47.15:634][794]LogOutputDevice: Error: Stack: 
[2020.10.05-20.47.15:634][794]LogOutputDevice: Error: [Callstack] 0x00007ffd34ed6118 UE4Editor-GraphEditor.dll!UnknownFunction []
[2020.10.05-20.47.15:634][794]LogOutputDevice: Error: [Callstack] 0x00007ffd34ca21dc UE4Editor-GraphEditor.dll!UnknownFunction []
[2020.10.05-20.47.15:634][794]LogOutputDevice: Error: [Callstack] 0x00007ffd34dfeac6 UE4Editor-GraphEditor.dll!UnknownFunction []
[2020.10.05-20.47.15:634][794]LogOutputDevice: Error: [Callstack] 0x00007ffd3c407866 UE4Editor-SlateCore.dll!UnknownFunction []
[2020.10.05-20.47.15:634][794]LogOutputDevice: Error: [Callstack] 0x00007ffd3c405915 UE4Editor-SlateCore.dll!UnknownFunction []
[2020.10.05-20.47.15:634][794]LogOutputDevice: Error: [Callstack] 0x00007ffd3c407866 UE4Editor-SlateCore.dll!UnknownFunction []
[2020.10.05-20.47.15:634][794]LogOutputDevice: Error: [Callstack] 0x00007ffd3c404fe4 UE4Editor-SlateCore.dll!UnknownFunction []
[2020.10.05-20.47.15:634][794]LogOutputDevice: Error: [Callstack] 0x00007ffd3c407866 UE4Editor-SlateCore.dll!UnknownFunction []
[2020.10.05-20.47.15:634][794]LogOutputDevice: Error: [Callstack] 0x00007ffd3c9cc7d9 UE4Editor-Slate.dll!UnknownFunction []
[2020.10.05-20.47.15:634][794]LogOutputDevice: Error: [Callstack] 0x00007ffd3c407866 UE4Editor-SlateCore.dll!UnknownFunction []
[2020.10.05-20.47.15:634][794]LogOutputDevice: Error: [Callstack] 0x00007ffd3c404fe4 UE4Editor-SlateCore.dll!UnknownFunction []
[2020.10.05-20.47.15:634][794]LogOutputDevice: Error: [Callstack] 0x00007ffd3c407866 UE4Editor-SlateCore.dll!UnknownFunction []
[2020.10.05-20.47.15:634][794]LogOutputDevice: Error: [Callstack] 0x00007ffd3c404fe4 UE4Editor-SlateCore.dll!UnknownFunction []
[2020.10.05-20.47.15:634][794]LogOutputDevice: Error: [Callstack] 0x00007ffd3c9cc664 UE4Editor-Slate.dll!UnknownFunction []
[2020.10.05-20.47.15:634][794]LogOutputDevice: Error: [Callstack] 0x00007ffd3c407866 UE4Editor-SlateCore.dll!UnknownFunction []
[2020.10.05-20.47.15:634][794]LogOutputDevice: Error: [Callstack] 0x00007ffd3c405915 UE4Editor-SlateCore.dll!UnknownFunction []
[2020.10.05-20.47.15:634][794]LogOutputDevice: Error: [Callstack] 0x00007ffd3c407866 UE4Editor-SlateCore.dll!UnknownFunction []
[2020.10.05-20.47.15:634][794]LogOutputDevice: Error: [Callstack] 0x00007ffd3c408248 UE4Editor-SlateCore.dll!UnknownFunction []
[2020.10.05-20.47.15:634][794]LogOutputDevice: Error: [Callstack] 0x00007ffd3c405aab UE4Editor-SlateCore.dll!UnknownFunction []
[2020.10.05-20.47.15:634][794]LogOutputDevice: Error: [Callstack] 0x00007ffd3c407866 UE4Editor-SlateCore.dll!UnknownFunction []
[2020.10.05-20.47.15:634][794]LogOutputDevice: Error: [Callstack] 0x00007ffd3c404fe4 UE4Editor-SlateCore.dll!UnknownFunction []
[2020.10.05-20.47.15:634][794]LogOutputDevice: Error: [Callstack] 0x00007ffd3c407866 UE4Editor-SlateCore.dll!UnknownFunction []
[2020.10.05-20.47.15:634][794]LogOutputDevice: Error: [Callstack] 0x00007ffd3c408248 UE4Editor-SlateCore.dll!UnknownFunction []
[2020.10.05-20.47.15:634][794]LogOutputDevice: Error: [Callstack] 0x00007ffd3c9cea00 UE4Editor-Slate.dll!UnknownFunction []
[2020.10.05-20.47.15:634][794]LogOutputDevice: Error: [Callstack] 0x00007ffd3c407866 UE4Editor-SlateCore.dll!UnknownFunction []
[2020.10.05-20.47.15:634][794]LogOutputDevice: Error: [Callstack] 0x00007ffd3c404fe4 UE4Editor-SlateCore.dll!UnknownFunction []
[2020.10.05-20.47.15:634][794]LogOutputDevice: Error: [Callstack] 0x00007ffd3c407866 UE4Editor-SlateCore.dll!UnknownFunction []
[2020.10.05-20.47.15:634][794]LogOutputDevice: Error: [Callstack] 0x00007ffd3c408248 UE4Editor-SlateCore.dll!UnknownFunction []
[2020.10.05-20.47.15:634][794]LogOutputDevice: Error: [Callstack] 0x00007ffd3c9cea00 UE4Editor-Slate.dll!UnknownFunction []
[2020.10.05-20.47.15:635][794]LogOutputDevice: Error: [Callstack] 0x00007ffd3c407866 UE4Editor-SlateCore.dll!UnknownFunction []
[2020.10.05-20.47.15:635][794]LogOutputDevice: Error: [Callstack] 0x00007ffd3c405915 UE4Editor-SlateCore.dll!UnknownFunction []
[2020.10.05-20.47.15:635][794]LogOutputDevice: Error: [Callstack] 0x00007ffd3c407866 UE4Editor-SlateCore.dll!UnknownFunction []
[2020.10.05-20.47.15:635][794]LogOutputDevice: Error: [Callstack] 0x00007ffd3c404fe4 UE4Editor-SlateCore.dll!UnknownFunction []
[2020.10.05-20.47.15:635][794]LogOutputDevice: Error: [Callstack] 0x00007ffd3c407866 UE4Editor-SlateCore.dll!UnknownFunction []
[2020.10.05-20.47.15:635][794]LogOutputDevice: Error: [Callstack] 0x00007ffd3c408248 UE4Editor-SlateCore.dll!UnknownFunction []
[2020.10.05-20.47.15:635][794]LogOutputDevice: Error: [Callstack] 0x00007ffd3c405aab UE4Editor-SlateCore.dll!UnknownFunction []
[2020.10.05-20.47.15:635][794]LogOutputDevice: Error: [Callstack] 0x00007ffd3c407866 UE4Editor-SlateCore.dll!UnknownFunction []
[2020.10.05-20.47.15:635][794]LogOutputDevice: Error: [Callstack] 0x00007ffd3c404fe4 UE4Editor-SlateCore.dll!UnknownFunction []
[2020.10.05-20.47.15:635][794]LogOutputDevice: Error: [Callstack] 0x00007ffd3c407866 UE4Editor-SlateCore.dll!UnknownFunction []
[2020.10.05-20.47.15:635][794]LogOutputDevice: Error: [Callstack] 0x00007ffd3c404fe4 UE4Editor-SlateCore.dll!UnknownFunction []
[2020.10.05-20.47.15:635][794]LogOutputDevice: Error: [Callstack] 0x00007ffd3c9cc664 UE4Editor-Slate.dll!UnknownFunction []
[2020.10.05-20.47.15:635][794]LogOutputDevice: Error: [Callstack] 0x00007ffd3c407866 UE4Editor-SlateCore.dll!UnknownFunction []
[2020.10.05-20.47.15:635][794]LogOutputDevice: Error: [Callstack] 0x00007ffd3c405915 UE4Editor-SlateCore.dll!UnknownFunction []
[2020.10.05-20.47.15:635][794]LogOutputDevice: Error: [Callstack] 0x00007ffd3c407866 UE4Editor-SlateCore.dll!UnknownFunction []
[2020.10.05-20.47.15:635][794]LogOutputDevice: Error: [Callstack] 0x00007ffd3c408248 UE4Editor-SlateCore.dll!UnknownFunction []
[2020.10.05-20.47.15:635][794]LogOutputDevice: Error: [Callstack] 0x00007ffd3c405aab UE4Editor-SlateCore.dll!UnknownFunction []
[2020.10.05-20.47.15:635][794]LogOutputDevice: Error: [Callstack] 0x00007ffd3c407866 UE4Editor-SlateCore.dll!UnknownFunction []
[2020.10.05-20.47.15:635][794]LogOutputDevice: Error: [Callstack] 0x00007ffd3c404fe4 UE4Editor-SlateCore.dll!UnknownFunction []
[2020.10.05-20.47.15:635][794]LogOutputDevice: Error: [Callstack] 0x00007ffd3c407866 UE4Editor-SlateCore.dll!UnknownFunction []
[2020.10.05-20.47.15:635][794]LogOutputDevice: Error: [Callstack] 0x00007ffd3c408248 UE4Editor-SlateCore.dll!UnknownFunction []
[2020.10.05-20.47.15:635][794]LogOutputDevice: Error: [Callstack] 0x00007ffd3c9cea00 UE4Editor-Slate.dll!UnknownFunction []
[2020.10.05-20.47.15:635][794]LogOutputDevice: Error: [Callstack] 0x00007ffd3c407866 UE4Editor-SlateCore.dll!UnknownFunction []
[2020.10.05-20.47.15:635][794]LogOutputDevice: Error: [Callstack] 0x00007ffd3c405915 UE4Editor-SlateCore.dll!UnknownFunction []
[2020.10.05-20.47.15:635][794]LogOutputDevice: Error: [Callstack] 0x00007ffd3c407866 UE4Editor-SlateCore.dll!UnknownFunction []
[2020.10.05-20.47.15:635][794]LogOutputDevice: Error: [Callstack] 0x00007ffd3c404fe4 UE4Editor-SlateCore.dll!UnknownFunction []
[2020.10.05-20.47.15:635][794]LogOutputDevice: Error: [Callstack] 0x00007ffd3c407866 UE4Editor-SlateCore.dll!UnknownFunction []
[2020.10.05-20.47.15:635][794]LogOutputDevice: Error: [Callstack] 0x00007ffd3c408248 UE4Editor-SlateCore.dll!UnknownFunction []
[2020.10.05-20.47.15:635][794]LogOutputDevice: Error: [Callstack] 0x00007ffd3c405aab UE4Editor-SlateCore.dll!UnknownFunction []
[2020.10.05-20.47.15:635][794]LogOutputDevice: Error: [Callstack] 0x00007ffd3c407866 UE4Editor-SlateCore.dll!UnknownFunction []
[2020.10.05-20.47.15:635][794]LogOutputDevice: Error: [Callstack] 0x00007ffd3c408248 UE4Editor-SlateCore.dll!UnknownFunction []
[2020.10.05-20.47.15:635][794]LogOutputDevice: Error: [Callstack] 0x00007ffd3c405aab UE4Editor-SlateCore.dll!UnknownFunction []
[2020.10.05-20.47.15:635][794]LogOutputDevice: Error: [Callstack] 0x00007ffd3c407866 UE4Editor-SlateCore.dll!UnknownFunction []
[2020.10.05-20.47.15:635][794]LogOutputDevice: Error: [Callstack] 0x00007ffd3c405915 UE4Editor-SlateCore.dll!UnknownFunction []
[2020.10.05-20.47.15:635][794]LogOutputDevice: Error: [Callstack] 0x00007ffd3c407866 UE4Editor-SlateCore.dll!UnknownFunction []
[2020.10.05-20.47.15:635][794]LogOutputDevice: Error: [Callstack] 0x00007ffd3c404fe4 UE4Editor-SlateCore.dll!UnknownFunction []
[2020.10.05-20.47.15:635][794]LogOutputDevice: Error: [Callstack] 0x00007ffd3c407866 UE4Editor-SlateCore.dll!UnknownFunction []
[2020.10.05-20.47.15:635][794]LogOutputDevice: Error: [Callstack] 0x00007ffd3c408357 UE4Editor-SlateCore.dll!UnknownFunction []
[2020.10.05-20.47.15:635][794]LogOutputDevice: Error: [Callstack] 0x00007ffd3c369770 UE4Editor-SlateCore.dll!UnknownFunction []
[2020.10.05-20.47.15:635][794]LogOutputDevice: Error: [Callstack] 0x00007ffd3c4085e4 UE4Editor-SlateCore.dll!UnknownFunction []
[2020.10.05-20.47.15:635][794]LogOutputDevice: Error: [Callstack] 0x00007ffd3c799747 UE4Editor-Slate.dll!UnknownFunction []
[2020.10.05-20.47.15:635][794]LogOutputDevice: Error: [Callstack] 0x00007ffd3c7ca5cb UE4Editor-Slate.dll!UnknownFunction []
[2020.10.05-20.47.15:635][794]LogOutputDevice: Error: [Callstack] 0x00007ffd3c7c2c0c UE4Editor-Slate.dll!UnknownFunction []
[2020.10.05-20.47.15:635][794]LogOutputDevice: Error: [Callstack] 0x00007ffd3d037ae1 UE4Editor-ApplicationCore.dll!UnknownFunction []
[2020.10.05-20.47.15:635][794]LogOutputDevice: Error: [Callstack] 0x00007ffd3d025c87 UE4Editor-ApplicationCore.dll!UnknownFunction []
[2020.10.05-20.47.15:635][794]LogOutputDevice: Error: [Callstack] 0x00007ffd3d03914b UE4Editor-ApplicationCore.dll!UnknownFunction []
[2020.10.05-20.47.15:635][794]LogOutputDevice: Error: [Callstack] 0x00007ffd3d0217d0 UE4Editor-ApplicationCore.dll!UnknownFunction []
[2020.10.05-20.47.15:635][794]LogOutputDevice: Error: [Callstack] 0x00007ffd70155c7d USER32.dll!UnknownFunction []
[2020.10.05-20.47.15:635][794]LogOutputDevice: Error: [Callstack] 0x00007ffd7015528c USER32.dll!UnknownFunction []
[2020.10.05-20.47.15:635][794]LogOutputDevice: Error: [Callstack] 0x00007ffd701544ab USER32.dll!UnknownFunction []
[2020.10.05-20.47.15:635][794]LogOutputDevice: Error: [Callstack] 0x00007ffd70153b6f USER32.dll!UnknownFunction []
[2020.10.05-20.47.15:635][794]LogOutputDevice: Error: [Callstack] 0x00007ffd6cc4c58f uxtheme.dll!UnknownFunction []
[2020.10.05-20.47.15:635][794]LogOutputDevice: Error: [Callstack] 0x00007ffd6cc4bff1 uxtheme.dll!UnknownFunction []
[2020.10.05-20.47.15:636][794]LogOutputDevice: Error: [Callstack] 0x00007ffd701540af USER32.dll!UnknownFunction []
[2020.10.05-20.47.15:636][794]LogOutputDevice: Error: [Callstack] 0x00007ffd3d038e9a UE4Editor-ApplicationCore.dll!UnknownFunction []
[2020.10.05-20.47.15:636][794]LogOutputDevice: Error: [Callstack] 0x00007ffd3d0217d0 UE4Editor-ApplicationCore.dll!UnknownFunction []
[2020.10.05-20.47.15:636][794]LogOutputDevice: Error: [Callstack] 0x00007ffd70155c7d USER32.dll!UnknownFunction []
[2020.10.05-20.47.15:636][794]LogOutputDevice: Error: [Callstack] 0x00007ffd7015584c USER32.dll!UnknownFunction []
[2020.10.05-20.47.15:636][794]LogOutputDevice: Error: [Callstack] 0x00007ffd70165170 USER32.dll!UnknownFunction []
[2020.10.05-20.47.15:636][794]LogOutputDevice: Error: [Callstack] 0x00007ffd71ebfde4 ntdll.dll!UnknownFunction []
[2020.10.05-20.47.15:636][794]LogOutputDevice: Error: [Callstack] 0x00007ffd6ee01b84 win32u.dll!UnknownFunction []
[2020.10.05-20.47.15:636][794]LogOutputDevice: Error: [Callstack] 0x00007ffd3d03a07f UE4Editor-ApplicationCore.dll!UnknownFunction []
[2020.10.05-20.47.15:636][794]LogOutputDevice: Error: [Callstack] 0x00007ffd3d0217d0 UE4Editor-ApplicationCore.dll!UnknownFunction []
[2020.10.05-20.47.15:636][794]LogOutputDevice: Error: [Callstack] 0x00007ffd70155c7d USER32.dll!UnknownFunction []
[2020.10.05-20.47.15:636][794]LogOutputDevice: Error: [Callstack] 0x00007ffd70155672 USER32.dll!UnknownFunction []
[2020.10.05-20.47.15:636][794]LogOutputDevice: Error: [Callstack] 0x00007ffd3d03bb24 UE4Editor-ApplicationCore.dll!UnknownFunction []
[2020.10.05-20.47.15:636][794]LogOutputDevice: Error: 
[2020.10.05-20.47.15:645][794]LogStats:                SubmitErrorReport -  0.000 s
[2020.10.05-20.47.30:168][794]LogStats:                    SendNewReport - 14.523 s
[2020.10.05-20.47.30:168][794]LogStats:             FDebug::EnsureFailed - 17.039 s
[2020.10.05-20.47.37:073][ 34]LogAssetEditorSubsystem: Opening Asset editor for Blueprint /Game/Robot/Becan.Becan
[2020.10.05-20.48.03:408][462]Cmd: OBJ SAVEPACKAGE PACKAGE="/Game/Robot/Becan" FILE="../../../../../../Users/Nandita/Desktop/Demo2020/NewUnrealDemo/RobotDemo/SimpleRobotDemo_BP/Content/Robot/Becan.uasset" SILENT=true
[2020.10.05-20.48.03:459][462]LogSavePackage: Moving '../../../../../../Users/Nandita/Desktop/Demo2020/NewUnrealDemo/RobotDemo/SimpleRobotDemo_BP/Saved/Becan5AE89B344E92A2BC06A30EA3B2519208.tmp' to '../../../../../../Users/Nandita/Desktop/Demo2020/NewUnrealDemo/RobotDemo/SimpleRobotDemo_BP/Content/Robot/Becan.uasset'
[2020.10.05-20.48.03:478][462]AssetCheck: New page: Asset Save: Becan
[2020.10.05-20.48.03:478][462]LogContentValidation: Display: Validating Blueprint /Game/Robot/Becan.Becan
[2020.10.05-20.48.11:095][921]Cmd: OBJ SAVEPACKAGE PACKAGE="/Game/Robot/Becan" FILE="../../../../../../Users/Nandita/Desktop/Demo2020/NewUnrealDemo/RobotDemo/SimpleRobotDemo_BP/Content/Robot/Becan.uasset" SILENT=true
[2020.10.05-20.48.11:138][921]LogSavePackage: Moving '../../../../../../Users/Nandita/Desktop/Demo2020/NewUnrealDemo/RobotDemo/SimpleRobotDemo_BP/Saved/BecanC58EE8B74E92EFF573BF66922109F58B.tmp' to '../../../../../../Users/Nandita/Desktop/Demo2020/NewUnrealDemo/RobotDemo/SimpleRobotDemo_BP/Content/Robot/Becan.uasset'
[2020.10.05-20.48.11:153][921]AssetCheck: New page: Asset Save: Becan
[2020.10.05-20.48.11:153][921]LogContentValidation: Display: Validating Blueprint /Game/Robot/Becan.Becan
[2020.10.05-20.48.15:461][197]LogTemp: Repeating last play command: Standalone Game
[2020.10.05-20.48.15:514][197]LogUObjectHash: Compacting FUObjectHashTables data took   3.31ms
[2020.10.05-20.48.17:837][197]LogSlate: Window 'Save Content' being destroyed
[2020.10.05-20.48.17:916][197]LogUObjectHash: Compacting FUObjectHashTables data took   0.87ms
[2020.10.05-20.48.17:982][197]LogSavePackage: Moving '../../../../../../Users/Nandita/Desktop/Demo2020/NewUnrealDemo/RobotDemo/SimpleRobotDemo_BP/Saved/ThirdPersonExampleMap2334E4124E3836E3BBFA64818B011CEA.tmp' to '../../../../../../Users/Nandita/Desktop/Demo2020/NewUnrealDemo/RobotDemo/SimpleRobotDemo_BP/Content/ThirdPersonBP/Maps/ThirdPersonExampleMap.umap'
[2020.10.05-20.48.18:005][197]LogFileHelpers: Saving map 'ThirdPersonExampleMap' took 0.132
[2020.10.05-20.48.18:377][197]LogSavePackage: Moving '../../../../../../Users/Nandita/Desktop/Demo2020/NewUnrealDemo/RobotDemo/SimpleRobotDemo_BP/Saved/ThirdPersonExampleMap_BuiltDataA2E3D4C44E5E6714E571BF8D957A8122.tmp' to '../../../../../../Users/Nandita/Desktop/Demo2020/NewUnrealDemo/RobotDemo/SimpleRobotDemo_BP/Content/ThirdPersonBP/Maps/ThirdPersonExampleMap_BuiltData.uasset'
[2020.10.05-20.48.18:422][198]AssetCheck: New page: Asset Save: multiple assets
[2020.10.05-20.48.18:422][198]LogContentValidation: Display: Validating World /Game/ThirdPersonBP/Maps/ThirdPersonExampleMap.ThirdPersonExampleMap
[2020.10.05-20.48.18:422][198]LogContentValidation: Display: Validating MapBuildDataRegistry /Game/ThirdPersonBP/Maps/ThirdPersonExampleMap_BuiltData.ThirdPersonExampleMap_BuiltData
[2020.10.05-20.54.32:391][ 54]LogSlate: Window 'Editor Preferences' being destroyed
[2020.10.05-20.54.32:417][ 54]LogSlate: Window 'Editor Preferences' being destroyed
[2020.10.05-20.54.48:360][926]LogTemp: Repeating last play command: Standalone Game
[2020.10.05-20.54.48:422][926]LogUObjectHash: Compacting FUObjectHashTables data took   3.48ms
[2020.10.05-20.55.46:407][157]LogEditorViewport: Clicking on Actor (LMB): StaticMeshActor (Wall11)
[2020.10.05-20.55.48:120][238]LogEditorViewport: Clicking on Actor (LMB): ThirdPersonCharacter_C (ThirdPersonCharacter)
[2020.10.05-20.56.06:273][  2]LogTemp: Repeating last play command: Standalone Game
[2020.10.05-20.56.06:343][  2]LogUObjectHash: Compacting FUObjectHashTables data took   5.37ms
[2020.10.05-20.56.10:786][  2]LogSlate: Window 'Save Content' being destroyed
[2020.10.05-20.56.10:888][  2]LogUObjectHash: Compacting FUObjectHashTables data took   0.69ms
[2020.10.05-20.56.10:955][  2]LogSavePackage: Moving '../../../../../../Users/Nandita/Desktop/Demo2020/NewUnrealDemo/RobotDemo/SimpleRobotDemo_BP/Saved/ThirdPersonExampleMap7980A3DC481C9D00DC1DDE985B260357.tmp' to '../../../../../../Users/Nandita/Desktop/Demo2020/NewUnrealDemo/RobotDemo/SimpleRobotDemo_BP/Content/ThirdPersonBP/Maps/ThirdPersonExampleMap.umap'
[2020.10.05-20.56.10:994][  2]LogFileHelpers: Saving map 'ThirdPersonExampleMap' took 0.154
[2020.10.05-20.56.11:361][  2]LogSavePackage: Moving '../../../../../../Users/Nandita/Desktop/Demo2020/NewUnrealDemo/RobotDemo/SimpleRobotDemo_BP/Saved/ThirdPersonExampleMap_BuiltData141B86B24B16A441F28C1F8213A56D70.tmp' to '../../../../../../Users/Nandita/Desktop/Demo2020/NewUnrealDemo/RobotDemo/SimpleRobotDemo_BP/Content/ThirdPersonBP/Maps/ThirdPersonExampleMap_BuiltData.uasset'
[2020.10.05-20.56.11:447][  3]AssetCheck: New page: Asset Save: multiple assets
[2020.10.05-20.56.11:447][  3]LogContentValidation: Display: Validating World /Game/ThirdPersonBP/Maps/ThirdPersonExampleMap.ThirdPersonExampleMap
[2020.10.05-20.56.11:447][  3]LogContentValidation: Display: Validating MapBuildDataRegistry /Game/ThirdPersonBP/Maps/ThirdPersonExampleMap_BuiltData.ThirdPersonExampleMap_BuiltData
