Log file open, 10/05/20 01:46:10
LogInit: Display: Running engine for game: SimpleRobotDemo_BP
LogPlatformFile: Not using cached read wrapper
LogTaskGraph: Started task graph with 5 named threads and 11 total threads with 3 sets of task threads.
LogStats: Stats thread started at 1.370360
LogD3D11RHI: Loaded GFSDK_Aftermath_Lib.x64.dll
LogICUInternationalization: ICU TimeZone Detection - Raw Offset: +5:30, Platform Override: ''
LogPluginManager: Mounting plugin Paper2D
LogPluginManager: Mounting plugin AISupport
LogPluginManager: Mounting plugin LightPropagationVolume
LogPluginManager: Mounting plugin CameraShakePreviewer
LogPluginManager: Mounting plugin ActorLayerUtilities
LogPluginManager: Mounting plugin AnimationSharing
LogPluginManager: Mounting plugin CLionSourceCodeAccess
LogPluginManager: Mounting plugin CodeLiteSourceCodeAccess
LogPluginManager: Mounting plugin GitSourceControl
LogPluginManager: Mounting plugin KDevelopSourceCodeAccess
LogPluginManager: Mounting plugin NullSourceCodeAccess
LogPluginManager: Mounting plugin PerforceSourceControl
LogPluginManager: Mounting plugin PlasticSourceControl
LogPluginManager: Mounting plugin RiderSourceCodeAccess
LogPluginManager: Mounting plugin SubversionSourceControl
LogPluginManager: Mounting plugin UObjectPlugin
LogPluginManager: Mounting plugin VisualStudioCodeSourceCodeAccess
LogPluginManager: Mounting plugin VisualStudioSourceCodeAccess
LogPluginManager: Mounting plugin XCodeSourceCodeAccess
LogPluginManager: Mounting plugin AssetManagerEditor
LogPluginManager: Mounting plugin CryptoKeys
LogPluginManager: Mounting plugin CurveEditorTools
LogPluginManager: Mounting plugin DataValidation
LogPluginManager: Mounting plugin EditorScriptingUtilities
LogPluginManager: Mounting plugin FacialAnimation
LogPluginManager: Mounting plugin GameplayTagsEditor
LogPluginManager: Mounting plugin GeometryMode
LogPluginManager: Mounting plugin MacGraphicsSwitching
LogPluginManager: Mounting plugin MaterialAnalyzer
LogPluginManager: Mounting plugin MobileLauncherProfileWizard
LogPluginManager: Mounting plugin PluginBrowser
LogPluginManager: Mounting plugin SpeedTreeImporter
LogPluginManager: Mounting plugin DatasmithContent
LogPluginManager: Mounting plugin VariantManagerContent
LogPluginManager: Mounting plugin AlembicImporter
LogPluginManager: Mounting plugin AutomationUtils
LogPluginManager: Mounting plugin BackChannel
LogPluginManager: Mounting plugin ChaosCloth
LogPluginManager: Mounting plugin ChaosClothEditor
LogPluginManager: Mounting plugin ChaosEditor
LogPluginManager: Mounting plugin ChaosNiagara
LogPluginManager: Mounting plugin ChaosSolverPlugin
LogPluginManager: Mounting plugin CharacterAI
LogPluginManager: Mounting plugin GeometryCache
LogPluginManager: Mounting plugin GeometryCollectionPlugin
LogPluginManager: Mounting plugin GeometryProcessing
LogPluginManager: Mounting plugin PlanarCut
LogPluginManager: Mounting plugin PlatformCrypto
LogPluginManager: Mounting plugin ProxyLODPlugin
LogPluginManager: Mounting plugin SkeletalReduction
LogPluginManager: Mounting plugin Niagara
LogPluginManager: Mounting plugin MagicLeap
LogPluginManager: Mounting plugin MagicLeapLightEstimation
LogPluginManager: Mounting plugin MagicLeapMedia
LogPluginManager: Mounting plugin MagicLeapPassableWorld
LogPluginManager: Mounting plugin MLSDK
LogPluginManager: Mounting plugin AndroidMedia
LogPluginManager: Mounting plugin AvfMedia
LogPluginManager: Mounting plugin ImgMedia
LogPluginManager: Mounting plugin MediaCompositing
LogPluginManager: Mounting plugin MediaPlayerEditor
LogPluginManager: Mounting plugin WebMMedia
LogPluginManager: Mounting plugin WmfMedia
LogPluginManager: Mounting plugin MeshPainting
LogPluginManager: Mounting plugin TcpMessaging
LogPluginManager: Mounting plugin UdpMessaging
LogPluginManager: Mounting plugin ActorSequence
LogPluginManager: Mounting plugin LevelSequenceEditor
LogPluginManager: Mounting plugin MatineeToLevelSequence
LogPluginManager: Mounting plugin MovieRenderPipeline
LogPluginManager: Mounting plugin TemplateSequence
LogPluginManager: Mounting plugin NetcodeUnitTest
LogPluginManager: Mounting plugin NUTUnrealEngine4
LogPluginManager: Mounting plugin OnlineSubsystemGooglePlay
LogPluginManager: Mounting plugin OnlineSubsystemIOS
LogPluginManager: Mounting plugin OnlineSubsystem
LogPluginManager: Mounting plugin OnlineSubsystemNull
LogPluginManager: Mounting plugin OnlineSubsystemSteam
LogPluginManager: Mounting plugin OnlineSubsystemUtils
LogPluginManager: Mounting plugin LauncherChunkInstaller
LogPluginManager: Mounting plugin AndroidDeviceProfileSelector
LogPluginManager: Mounting plugin AndroidMoviePlayer
LogPluginManager: Mounting plugin AndroidPermission
LogPluginManager: Mounting plugin AppleImageUtils
LogPluginManager: Mounting plugin AppleMoviePlayer
LogPluginManager: Mounting plugin ArchVisCharacter
LogPluginManager: Mounting plugin AssetTags
LogPluginManager: Mounting plugin AudioCapture
LogPluginManager: Mounting plugin CableComponent
LogPluginManager: Mounting plugin CustomMeshComponent
LogPluginManager: Mounting plugin EditableMesh
LogPluginManager: Mounting plugin ExampleDeviceProfileSelector
LogPluginManager: Mounting plugin GoogleCloudMessaging
LogPluginManager: Mounting plugin GooglePAD
LogPluginManager: Mounting plugin IOSDeviceProfileSelector
LogPluginManager: Mounting plugin LinuxDeviceProfileSelector
LogPluginManager: Mounting plugin LocationServicesBPLibrary
LogPluginManager: Mounting plugin MobilePatchingUtils
LogPluginManager: Mounting plugin OculusVR
LogPluginManager: Mounting plugin PhysXVehicles
LogPluginManager: Mounting plugin PostSplashScreen
LogPluginManager: Mounting plugin ProceduralMeshComponent
LogPluginManager: Mounting plugin RuntimePhysXCooking
LogPluginManager: Mounting plugin SignificanceManager
LogPluginManager: Mounting plugin SoundFields
LogPluginManager: Mounting plugin SteamController
LogPluginManager: Mounting plugin SteamShared
LogPluginManager: Mounting plugin SteamSockets
LogPluginManager: Mounting plugin SteamVR
LogPluginManager: Mounting plugin Synthesis
LogPluginManager: Mounting plugin WebMMoviePlayer
LogPluginManager: Mounting plugin WindowsMoviePlayer
LogPluginManager: Mounting plugin ScreenshotTools
LogInit: Using libcurl 7.55.1-DEV
LogInit:  - built for x86_64-pc-win32
LogInit:  - supports SSL with OpenSSL/1.1.1
LogInit:  - supports HTTP deflate (compression) using libz 1.2.8
LogInit:  - other features:
LogInit:      CURL_VERSION_SSL
LogInit:      CURL_VERSION_LIBZ
LogInit:      CURL_VERSION_IPV6
LogInit:      CURL_VERSION_ASYNCHDNS
LogInit:      CURL_VERSION_LARGEFILE
LogInit:      CURL_VERSION_IDN
LogInit:  CurlRequestOptions (configurable via config and command line):
LogInit:  - bVerifyPeer = true  - Libcurl will verify peer certificate
LogInit:  - bUseHttpProxy = false  - Libcurl will NOT use HTTP proxy
LogInit:  - bDontReuseConnections = false  - Libcurl will reuse connections
LogInit:  - MaxHostConnections = 16  - Libcurl will limit the number of connections to a host
LogInit:  - LocalHostAddr = Default
LogInit:  - BufferSize = 65536
LogOnline: OSS: Creating online subsystem instance for: NULL
LogInit: WinSock: version 1.1 (2.2), MaxSocks=32767, MaxUdp=65467
LogOnline: OSS: TryLoadSubsystemAndSetDefault: Loaded subsystem for module [NULL]
LogInit: Build: ++UE4+Release-4.25-CL-13942748
LogInit: Engine Version: 4.25.3-13942748+++UE4+Release-4.25
LogInit: Compatible Engine Version: 4.25.0-13144385+++UE4+Release-4.25
LogInit: Net CL: 13144385
LogInit: OS: Windows 10 (Release 1903) (), CPU: Intel(R) Core(TM) i5-4200U CPU @ 1.60GHz, GPU: Intel(R) HD Graphics Family
LogInit: Compiled (64-bit): Jul 25 2020 02:07:48
LogInit: Compiled with Visual C++: 19.24.28315.00
LogInit: Build Configuration: Development
LogInit: Branch Name: ++UE4+Release-4.25
LogInit: Command Line:  /Game/ThirdPersonBP/Maps/ThirdPersonExampleMap?Listen -game -PIEVIACONSOLE -Multiprocess GameUserSettingsINI=C:/Users/Nandita/Desktop/Demo2020/NewUnrealDemo/RobotDemo/SimpleRobotDemo_BP/Saved/Config/Windows/PIEGameUserSettings0.ini -MultiprocessSaveConfig -MultiprocessOSS -messaging -SessionName="Play in Standalone Game" -port=17777 -PktEmulationProfile=Average -windowed -ResX=1280 -ResY=720
LogInit: Base Directory: C:/Program Files/Epic Games/UE_4.25/Engine/Binaries/Win64/
LogInit: Allocator: TBB
LogInit: Installed Engine Build: 1
LogDevObjectVersion: Number of dev versions registered: 26
LogDevObjectVersion:   Dev-Blueprints (B0D832E4-1F89-4F0D-ACCF-7EB736FD4AA2): 10
LogDevObjectVersion:   Dev-Build (E1C64328-A22C-4D53-A36C-8E866417BD8C): 0
LogDevObjectVersion:   Dev-Core (375EC13C-06E4-48FB-B500-84F0262A717E): 4
LogDevObjectVersion:   Dev-Editor (E4B068ED-F494-42E9-A231-DA0B2E46BB41): 38
LogDevObjectVersion:   Dev-Framework (CFFC743F-43B0-4480-9391-14DF171D2073): 37
LogDevObjectVersion:   Dev-Mobile (B02B49B5-BB20-44E9-A304-32B752E40360): 2
LogDevObjectVersion:   Dev-Networking (A4E4105C-59A1-49B5-A7C5-40C4547EDFEE): 0
LogDevObjectVersion:   Dev-Online (39C831C9-5AE6-47DC-9A44-9C173E1C8E7C): 0
LogDevObjectVersion:   Dev-Physics (78F01B33-EBEA-4F98-B9B4-84EACCB95AA2): 4
LogDevObjectVersion:   Dev-Platform (6631380F-2D4D-43E0-8009-CF276956A95A): 0
LogDevObjectVersion:   Dev-Rendering (12F88B9F-8875-4AFC-A67C-D90C383ABD29): 43
LogDevObjectVersion:   Dev-Sequencer (7B5AE74C-D270-4C10-A958-57980B212A5A): 12
LogDevObjectVersion:   Dev-VR (D7296918-1DD6-4BDD-9DE2-64A83CC13884): 3
LogDevObjectVersion:   Dev-LoadTimes (C2A15278-BFE7-4AFE-6C17-90FF531DF755): 1
LogDevObjectVersion:   Private-Geometry (6EACA3D4-40EC-4CC1-B786-8BED09428FC5): 3
LogDevObjectVersion:   Dev-AnimPhys (29E575DD-E0A3-4627-9D10-D276232CDCEA): 17
LogDevObjectVersion:   Dev-Anim (AF43A65D-7FD3-4947-9873-3E8ED9C1BB05): 7
LogDevObjectVersion:   Dev-ReflectionCapture (6B266CEC-1EC7-4B8F-A30B-E4D90942FC07): 1
LogDevObjectVersion:   Dev-Automation (0DF73D61-A23F-47EA-B727-89E90C41499A): 1
LogDevObjectVersion:   FortniteMain (601D1886-AC64-4F84-AA16-D3DE0DEAC7D6): 31
LogDevObjectVersion:   Dev-Enterprise (9DFFBCD6-494F-0158-E221-12823C92A888): 10
LogDevObjectVersion:   Dev-Niagara (F2AED0AC-9AFE-416F-8664-AA7FFA26D6FC): 1
LogDevObjectVersion:   Dev-Destruction (174F1F0B-B4C6-45A5-B13F-2EE8D0FB917D): 10
LogDevObjectVersion:   Dev-Physics-Ext (35F94A83-E258-406C-A318-09F59610247C): 37
LogDevObjectVersion:   Dev-PhysicsMaterial-Chaos (B68FC16E-8B1B-42E2-B453-215C058844FE): 1
LogDevObjectVersion:   Dev-CineCamera (B2E18506-4273-CFC2-A54E-F4BB758BBA07): 1
LogInit: Presizing for max 25165824 objects, including 0 objects not considered by GC, pre-allocating 0 bytes for permanent pool.
LogConfig: Applying CVar settings from Section [/Script/Engine.StreamingSettings] File [C:/Users/Nandita/Desktop/Demo2020/NewUnrealDemo/RobotDemo/SimpleRobotDemo_BP/Saved/Config/Windows/Engine.ini]
LogConfig: Setting CVar [[s.MinBulkDataSizeForAsyncLoading:131072]]
LogConfig: Setting CVar [[s.AsyncLoadingThreadEnabled:0]]
LogConfig: Setting CVar [[s.EventDrivenLoaderEnabled:1]]
LogConfig: Setting CVar [[s.WarnIfTimeLimitExceeded:0]]
LogConfig: Setting CVar [[s.TimeLimitExceededMultiplier:1.5]]
LogConfig: Setting CVar [[s.TimeLimitExceededMinTime:0.005]]
LogConfig: Setting CVar [[s.UseBackgroundLevelStreaming:1]]
LogConfig: Setting CVar [[s.PriorityAsyncLoadingExtraTime:15.0]]
LogConfig: Setting CVar [[s.LevelStreamingActorsUpdateTimeLimit:5.0]]
LogConfig: Setting CVar [[s.PriorityLevelStreamingActorsUpdateExtraTime:5.0]]
LogConfig: Setting CVar [[s.LevelStreamingComponentsRegistrationGranularity:10]]
LogConfig: Setting CVar [[s.UnregisterComponentsTimeLimit:1.0]]
LogConfig: Setting CVar [[s.LevelStreamingComponentsUnregistrationGranularity:5]]
LogConfig: Setting CVar [[s.FlushStreamingOnExit:1]]
LogInit: Object subsystem initialized
LogConfig: Setting CVar [[con.DebugEarlyDefault:1]]
LogConfig: Setting CVar [[r.setres:1280x720]]
[2020.10.04-20.16.11:392][  0]LogConfig: Setting CVar [[con.DebugEarlyDefault:1]]
[2020.10.04-20.16.11:393][  0]LogConfig: Setting CVar [[r.setres:1280x720]]
[2020.10.04-20.16.11:393][  0]LogConfig: Applying CVar settings from Section [/Script/Engine.RendererSettings] File [C:/Users/Nandita/Desktop/Demo2020/NewUnrealDemo/RobotDemo/SimpleRobotDemo_BP/Saved/Config/Windows/Engine.ini]
[2020.10.04-20.16.11:393][  0]LogConfig: Setting CVar [[r.GPUCrashDebugging:0]]
[2020.10.04-20.16.11:393][  0]LogConfig: Applying CVar settings from Section [/Script/Engine.RendererOverrideSettings] File [C:/Users/Nandita/Desktop/Demo2020/NewUnrealDemo/RobotDemo/SimpleRobotDemo_BP/Saved/Config/Windows/Engine.ini]
[2020.10.04-20.16.11:393][  0]LogConfig: Applying CVar settings from Section [/Script/Engine.StreamingSettings] File [C:/Users/Nandita/Desktop/Demo2020/NewUnrealDemo/RobotDemo/SimpleRobotDemo_BP/Saved/Config/Windows/Engine.ini]
[2020.10.04-20.16.11:393][  0]LogConfig: Setting CVar [[s.MinBulkDataSizeForAsyncLoading:131072]]
[2020.10.04-20.16.11:393][  0]LogConfig: Setting CVar [[s.AsyncLoadingThreadEnabled:0]]
[2020.10.04-20.16.11:393][  0]LogConfig: Setting CVar [[s.EventDrivenLoaderEnabled:1]]
[2020.10.04-20.16.11:393][  0]LogConfig: Setting CVar [[s.WarnIfTimeLimitExceeded:0]]
[2020.10.04-20.16.11:393][  0]LogConfig: Setting CVar [[s.TimeLimitExceededMultiplier:1.5]]
[2020.10.04-20.16.11:393][  0]LogConfig: Setting CVar [[s.TimeLimitExceededMinTime:0.005]]
[2020.10.04-20.16.11:394][  0]LogConfig: Setting CVar [[s.UseBackgroundLevelStreaming:1]]
[2020.10.04-20.16.11:394][  0]LogConfig: Setting CVar [[s.PriorityAsyncLoadingExtraTime:15.0]]
[2020.10.04-20.16.11:394][  0]LogConfig: Setting CVar [[s.LevelStreamingActorsUpdateTimeLimit:5.0]]
[2020.10.04-20.16.11:394][  0]LogConfig: Setting CVar [[s.PriorityLevelStreamingActorsUpdateExtraTime:5.0]]
[2020.10.04-20.16.11:394][  0]LogConfig: Setting CVar [[s.LevelStreamingComponentsRegistrationGranularity:10]]
[2020.10.04-20.16.11:394][  0]LogConfig: Setting CVar [[s.UnregisterComponentsTimeLimit:1.0]]
[2020.10.04-20.16.11:394][  0]LogConfig: Setting CVar [[s.LevelStreamingComponentsUnregistrationGranularity:5]]
[2020.10.04-20.16.11:394][  0]LogConfig: Setting CVar [[s.FlushStreamingOnExit:1]]
[2020.10.04-20.16.11:394][  0]LogConfig: Applying CVar settings from Section [/Script/Engine.GarbageCollectionSettings] File [C:/Users/Nandita/Desktop/Demo2020/NewUnrealDemo/RobotDemo/SimpleRobotDemo_BP/Saved/Config/Windows/Engine.ini]
[2020.10.04-20.16.11:394][  0]LogConfig: Setting CVar [[gc.MaxObjectsNotConsideredByGC:1]]
[2020.10.04-20.16.11:394][  0]LogConfig: Setting CVar [[gc.SizeOfPermanentObjectPool:0]]
[2020.10.04-20.16.11:394][  0]LogConfig: Setting CVar [[gc.FlushStreamingOnGC:0]]
[2020.10.04-20.16.11:394][  0]LogConfig: Setting CVar [[gc.NumRetriesBeforeForcingGC:10]]
[2020.10.04-20.16.11:394][  0]LogConfig: Setting CVar [[gc.AllowParallelGC:1]]
[2020.10.04-20.16.11:394][  0]LogConfig: Setting CVar [[gc.TimeBetweenPurgingPendingKillObjects:61.1]]
[2020.10.04-20.16.11:394][  0]LogConfig: Setting CVar [[gc.MaxObjectsInEditor:25165824]]
[2020.10.04-20.16.11:394][  0]LogConfig: Setting CVar [[gc.IncrementalBeginDestroyEnabled:1]]
[2020.10.04-20.16.11:394][  0]LogConfig: Setting CVar [[gc.CreateGCClusters:1]]
[2020.10.04-20.16.11:394][  0]LogConfig: Setting CVar [[gc.MinGCClusterSize:5]]
[2020.10.04-20.16.11:394][  0]LogConfig: Setting CVar [[gc.ActorClusteringEnabled:0]]
[2020.10.04-20.16.11:394][  0]LogConfig: Setting CVar [[gc.BlueprintClusteringEnabled:0]]
[2020.10.04-20.16.11:394][  0]LogConfig: Setting CVar [[gc.UseDisregardForGCOnDedicatedServers:0]]
[2020.10.04-20.16.11:394][  0]LogConfig: Applying CVar settings from Section [/Script/Engine.NetworkSettings] File [C:/Users/Nandita/Desktop/Demo2020/NewUnrealDemo/RobotDemo/SimpleRobotDemo_BP/Saved/Config/Windows/Engine.ini]
[2020.10.04-20.16.11:394][  0]LogConfig: Setting CVar [[p.EnableMultiplayerWorldOriginRebasing:1]]
[2020.10.04-20.16.11:394][  0]LogConfig: Applying CVar settings from Section [/Script/UnrealEd.CookerSettings] File [C:/Users/Nandita/Desktop/Demo2020/NewUnrealDemo/RobotDemo/SimpleRobotDemo_BP/Saved/Config/Windows/Engine.ini]
[2020.10.04-20.16.11:399][  0]LogConfig: Applying CVar settings from Section [ViewDistanceQuality@3] File [C:/Users/Nandita/Desktop/Demo2020/NewUnrealDemo/RobotDemo/SimpleRobotDemo_BP/Saved/Config/Windows/Scalability.ini]
[2020.10.04-20.16.11:399][  0]LogConfig: Setting CVar [[r.SkeletalMeshLODBias:0]]
[2020.10.04-20.16.11:400][  0]LogConfig: Setting CVar [[r.ViewDistanceScale:1.0]]
[2020.10.04-20.16.11:400][  0]LogConfig: Applying CVar settings from Section [AntiAliasingQuality@3] File [C:/Users/Nandita/Desktop/Demo2020/NewUnrealDemo/RobotDemo/SimpleRobotDemo_BP/Saved/Config/Windows/Scalability.ini]
[2020.10.04-20.16.11:400][  0]LogConfig: Setting CVar [[r.PostProcessAAQuality:4]]
[2020.10.04-20.16.11:400][  0]LogConfig: Applying CVar settings from Section [ShadowQuality@3] File [C:/Users/Nandita/Desktop/Demo2020/NewUnrealDemo/RobotDemo/SimpleRobotDemo_BP/Saved/Config/Windows/Scalability.ini]
[2020.10.04-20.16.11:400][  0]LogConfig: Setting CVar [[r.LightFunctionQuality:1]]
[2020.10.04-20.16.11:401][  0]LogConfig: Setting CVar [[r.ShadowQuality:5]]
[2020.10.04-20.16.11:401][  0]LogConfig: Setting CVar [[r.Shadow.CSM.MaxCascades:10]]
[2020.10.04-20.16.11:401][  0]LogConfig: Setting CVar [[r.Shadow.MaxResolution:2048]]
[2020.10.04-20.16.11:401][  0]LogConfig: Setting CVar [[r.Shadow.MaxCSMResolution:2048]]
[2020.10.04-20.16.11:401][  0]LogConfig: Setting CVar [[r.Shadow.RadiusThreshold:0.01]]
[2020.10.04-20.16.11:401][  0]LogConfig: Setting CVar [[r.Shadow.DistanceScale:1.0]]
[2020.10.04-20.16.11:401][  0]LogConfig: Setting CVar [[r.Shadow.CSM.TransitionScale:1.0]]
[2020.10.04-20.16.11:401][  0]LogConfig: Setting CVar [[r.Shadow.PreShadowResolutionFactor:1.0]]
[2020.10.04-20.16.11:401][  0]LogConfig: Setting CVar [[r.DistanceFieldShadowing:1]]
[2020.10.04-20.16.11:401][  0]LogConfig: Setting CVar [[r.DistanceFieldAO:1]]
[2020.10.04-20.16.11:401][  0]LogConfig: Setting CVar [[r.AOQuality:2]]
[2020.10.04-20.16.11:401][  0]LogConfig: Setting CVar [[r.VolumetricFog:1]]
[2020.10.04-20.16.11:401][  0]LogConfig: Setting CVar [[r.VolumetricFog.GridPixelSize:8]]
[2020.10.04-20.16.11:401][  0]LogConfig: Setting CVar [[r.VolumetricFog.GridSizeZ:128]]
[2020.10.04-20.16.11:401][  0]LogConfig: Setting CVar [[r.VolumetricFog.HistoryMissSupersampleCount:4]]
[2020.10.04-20.16.11:401][  0]LogConfig: Setting CVar [[r.LightMaxDrawDistanceScale:1]]
[2020.10.04-20.16.11:401][  0]LogConfig: Setting CVar [[r.CapsuleShadows:1]]
[2020.10.04-20.16.11:401][  0]LogConfig: Applying CVar settings from Section [PostProcessQuality@3] File [C:/Users/Nandita/Desktop/Demo2020/NewUnrealDemo/RobotDemo/SimpleRobotDemo_BP/Saved/Config/Windows/Scalability.ini]
[2020.10.04-20.16.11:401][  0]LogConfig: Setting CVar [[r.MotionBlurQuality:4]]
[2020.10.04-20.16.11:401][  0]LogConfig: Setting CVar [[r.AmbientOcclusionMipLevelFactor:0.4]]
[2020.10.04-20.16.11:401][  0]LogConfig: Setting CVar [[r.AmbientOcclusionMaxQuality:100]]
[2020.10.04-20.16.11:401][  0]LogConfig: Setting CVar [[r.AmbientOcclusionLevels:-1]]
[2020.10.04-20.16.11:402][  0]LogConfig: Setting CVar [[r.AmbientOcclusionRadiusScale:1.0]]
[2020.10.04-20.16.11:402][  0]LogConfig: Setting CVar [[r.DepthOfFieldQuality:2]]
[2020.10.04-20.16.11:402][  0]LogConfig: Setting CVar [[r.RenderTargetPoolMin:400]]
[2020.10.04-20.16.11:402][  0]LogConfig: Setting CVar [[r.LensFlareQuality:2]]
[2020.10.04-20.16.11:402][  0]LogConfig: Setting CVar [[r.SceneColorFringeQuality:1]]
[2020.10.04-20.16.11:402][  0]LogConfig: Setting CVar [[r.EyeAdaptationQuality:2]]
[2020.10.04-20.16.11:402][  0]LogConfig: Setting CVar [[r.BloomQuality:5]]
[2020.10.04-20.16.11:402][  0]LogConfig: Setting CVar [[r.FastBlurThreshold:100]]
[2020.10.04-20.16.11:402][  0]LogConfig: Setting CVar [[r.Upscale.Quality:3]]
[2020.10.04-20.16.11:402][  0]LogConfig: Setting CVar [[r.Tonemapper.GrainQuantization:1]]
[2020.10.04-20.16.11:402][  0]LogConfig: Setting CVar [[r.LightShaftQuality:1]]
[2020.10.04-20.16.11:402][  0]LogConfig: Setting CVar [[r.Filter.SizeScale:1]]
[2020.10.04-20.16.11:402][  0]LogConfig: Setting CVar [[r.Tonemapper.Quality:5]]
[2020.10.04-20.16.11:402][  0]LogConfig: Setting CVar [[r.DOF.Gather.AccumulatorQuality:1        ; higher gathering accumulator quality]]
[2020.10.04-20.16.11:402][  0]LogConfig: Setting CVar [[r.DOF.Gather.PostfilterMethod:1          ; Median3x3 postfilering method]]
[2020.10.04-20.16.11:402][  0]LogConfig: Setting CVar [[r.DOF.Gather.EnableBokehSettings:0       ; no bokeh simulation when gathering]]
[2020.10.04-20.16.11:402][  0]LogConfig: Setting CVar [[r.DOF.Gather.RingCount:4                 ; medium number of samples when gathering]]
[2020.10.04-20.16.11:402][  0]LogConfig: Setting CVar [[r.DOF.Scatter.ForegroundCompositing:1    ; additive foreground scattering]]
[2020.10.04-20.16.11:402][  0]LogConfig: Setting CVar [[r.DOF.Scatter.BackgroundCompositing:2    ; additive background scattering]]
[2020.10.04-20.16.11:402][  0]LogConfig: Setting CVar [[r.DOF.Scatter.EnableBokehSettings:1      ; bokeh simulation when scattering]]
[2020.10.04-20.16.11:402][  0]LogConfig: Setting CVar [[r.DOF.Scatter.MaxSpriteRatio:0.1         ; only a maximum of 10% of scattered bokeh]]
[2020.10.04-20.16.11:402][  0]LogConfig: Setting CVar [[r.DOF.Recombine.Quality:1                ; cheap slight out of focus]]
[2020.10.04-20.16.11:402][  0]LogConfig: Setting CVar [[r.DOF.Recombine.EnableBokehSettings:0    ; no bokeh simulation on slight out of focus]]
[2020.10.04-20.16.11:402][  0]LogConfig: Setting CVar [[r.DOF.TemporalAAQuality:1                ; more stable temporal accumulation]]
[2020.10.04-20.16.11:402][  0]LogConfig: Setting CVar [[r.DOF.Kernel.MaxForegroundRadius:0.025]]
[2020.10.04-20.16.11:403][  0]LogConfig: Setting CVar [[r.DOF.Kernel.MaxBackgroundRadius:0.025]]
[2020.10.04-20.16.11:403][  0]LogConfig: Applying CVar settings from Section [TextureQuality@3] File [C:/Users/Nandita/Desktop/Demo2020/NewUnrealDemo/RobotDemo/SimpleRobotDemo_BP/Saved/Config/Windows/Scalability.ini]
[2020.10.04-20.16.11:403][  0]LogConfig: Setting CVar [[r.Streaming.MipBias:0]]
[2020.10.04-20.16.11:403][  0]LogConfig: Setting CVar [[r.Streaming.AmortizeCPUToGPUCopy:0]]
[2020.10.04-20.16.11:403][  0]LogConfig: Setting CVar [[r.Streaming.MaxNumTexturesToStreamPerFrame:0]]
[2020.10.04-20.16.11:403][  0]LogConfig: Setting CVar [[r.Streaming.Boost:1]]
[2020.10.04-20.16.11:403][  0]LogConfig: Setting CVar [[r.MaxAnisotropy:8]]
[2020.10.04-20.16.11:403][  0]LogConfig: Setting CVar [[r.VT.MaxAnisotropy:8]]
[2020.10.04-20.16.11:403][  0]LogConfig: Setting CVar [[r.Streaming.LimitPoolSizeToVRAM:0]]
[2020.10.04-20.16.11:403][  0]LogConfig: Setting CVar [[r.Streaming.PoolSize:1000]]
[2020.10.04-20.16.11:403][  0]LogConfig: Setting CVar [[r.Streaming.MaxEffectiveScreenSize:0]]
[2020.10.04-20.16.11:403][  0]LogConfig: Applying CVar settings from Section [EffectsQuality@3] File [C:/Users/Nandita/Desktop/Demo2020/NewUnrealDemo/RobotDemo/SimpleRobotDemo_BP/Saved/Config/Windows/Scalability.ini]
[2020.10.04-20.16.11:403][  0]LogConfig: Setting CVar [[r.TranslucencyLightingVolumeDim:64]]
[2020.10.04-20.16.11:403][  0]LogConfig: Setting CVar [[r.RefractionQuality:2]]
[2020.10.04-20.16.11:404][  0]LogConfig: Setting CVar [[r.SSR.Quality:3]]
[2020.10.04-20.16.11:404][  0]LogConfig: Setting CVar [[r.SSR.HalfResSceneColor:0]]
[2020.10.04-20.16.11:404][  0]LogConfig: Setting CVar [[r.SceneColorFormat:4]]
[2020.10.04-20.16.11:404][  0]LogConfig: Setting CVar [[r.DetailMode:2]]
[2020.10.04-20.16.11:404][  0]LogConfig: Setting CVar [[r.TranslucencyVolumeBlur:1]]
[2020.10.04-20.16.11:404][  0]LogConfig: Setting CVar [[r.MaterialQualityLevel:1 ; High quality]]
[2020.10.04-20.16.11:404][  0]LogConfig: Setting CVar [[r.SSS.Scale:1]]
[2020.10.04-20.16.11:404][  0]LogConfig: Setting CVar [[r.SSS.SampleSet:2]]
[2020.10.04-20.16.11:404][  0]LogConfig: Setting CVar [[r.SSS.Quality:1]]
[2020.10.04-20.16.11:404][  0]LogConfig: Setting CVar [[r.SSS.HalfRes:0]]
[2020.10.04-20.16.11:404][  0]LogConfig: Setting CVar [[r.SSGI.Quality:3]]
[2020.10.04-20.16.11:404][  0]LogConfig: Setting CVar [[r.EmitterSpawnRateScale:1.0]]
[2020.10.04-20.16.11:404][  0]LogConfig: Setting CVar [[r.ParticleLightQuality:2]]
[2020.10.04-20.16.11:404][  0]LogConfig: Setting CVar [[r.SkyAtmosphere.AerialPerspectiveLUT.FastApplyOnOpaque:1 ; Always have FastSkyLUT 1 in this case to avoid wrong sky]]
[2020.10.04-20.16.11:404][  0]LogConfig: Setting CVar [[r.SkyAtmosphere.AerialPerspectiveLUT.SampleCountPerSlice:1]]
[2020.10.04-20.16.11:404][  0]LogConfig: Setting CVar [[r.SkyAtmosphere.AerialPerspectiveLUT.DepthResolution:16.0]]
[2020.10.04-20.16.11:404][  0]LogConfig: Setting CVar [[r.SkyAtmosphere.FastSkyLUT:1]]
[2020.10.04-20.16.11:404][  0]LogConfig: Setting CVar [[r.SkyAtmosphere.FastSkyLUT.SampleCountMin:4.0]]
[2020.10.04-20.16.11:404][  0]LogConfig: Setting CVar [[r.SkyAtmosphere.FastSkyLUT.SampleCountMax:32.0]]
[2020.10.04-20.16.11:404][  0]LogConfig: Setting CVar [[r.SkyAtmosphere.SampleCountMin:4.0]]
[2020.10.04-20.16.11:404][  0]LogConfig: Setting CVar [[r.SkyAtmosphere.SampleCountMax:32.0]]
[2020.10.04-20.16.11:404][  0]LogConfig: Setting CVar [[r.SkyAtmosphere.TransmittanceLUT.UseSmallFormat:0]]
[2020.10.04-20.16.11:405][  0]LogConfig: Setting CVar [[r.SkyAtmosphere.TransmittanceLUT.SampleCount:10.0]]
[2020.10.04-20.16.11:405][  0]LogConfig: Setting CVar [[r.SkyAtmosphere.MultiScatteringLUT.SampleCount:15.0]]
[2020.10.04-20.16.11:405][  0]LogConfig: Applying CVar settings from Section [FoliageQuality@3] File [C:/Users/Nandita/Desktop/Demo2020/NewUnrealDemo/RobotDemo/SimpleRobotDemo_BP/Saved/Config/Windows/Scalability.ini]
[2020.10.04-20.16.11:405][  0]LogConfig: Setting CVar [[foliage.DensityScale:1.0]]
[2020.10.04-20.16.11:405][  0]LogConfig: Setting CVar [[grass.DensityScale:1.0]]
[2020.10.04-20.16.11:405][  0]LogConfig: Applying CVar settings from Section [ShadingQuality@3] File [C:/Users/Nandita/Desktop/Demo2020/NewUnrealDemo/RobotDemo/SimpleRobotDemo_BP/Saved/Config/Windows/Scalability.ini]
[2020.10.04-20.16.11:405][  0]LogConfig: Setting CVar [[r.HairStrands.SkyLighting.SampleCount:16]]
[2020.10.04-20.16.11:405][  0]LogConfig: Setting CVar [[r.HairStrands.SkyLighting.JitterIntegration:0]]
[2020.10.04-20.16.11:405][  0]LogConfig: Setting CVar [[r.HairStrands.SkyAO.SampleCount:16]]
[2020.10.04-20.16.11:405][  0]LogConfig: Setting CVar [[r.HairStrands.DeepShadow.SuperSampling:0]]
[2020.10.04-20.16.11:405][  0]LogConfig: Setting CVar [[r.HairStrands.VisibilityPPLL:0]]
[2020.10.04-20.16.11:405][  0]LogConfig: Setting CVar [[r.HairStrands.RasterizationScale:0.5]]
[2020.10.04-20.16.11:405][  0]LogConfig: Setting CVar [[r.HairStrands.VelocityRasterizationScale:1]]
[2020.10.04-20.16.11:405][  0]LogInit: Selected Device Profile: [Windows]
[2020.10.04-20.16.11:406][  0]LogInit: Applying CVar settings loaded from the selected device profile: [Windows]
[2020.10.04-20.16.11:406][  0]LogHAL: Display: Platform has ~ 12 GB [12811657216 / 17179869184 / 12], which maps to Larger [LargestMinGB=32, LargerMinGB=12, DefaultMinGB=8, SmallerMinGB=6, SmallestMinGB=0)
[2020.10.04-20.16.11:406][  0]LogInit: Going up to parent DeviceProfile []
[2020.10.04-20.16.11:406][  0]LogConfig: Applying CVar settings from Section [ViewDistanceQuality@3] File [C:/Users/Nandita/Desktop/Demo2020/NewUnrealDemo/RobotDemo/SimpleRobotDemo_BP/Saved/Config/Windows/Scalability.ini]
[2020.10.04-20.16.11:406][  0]LogConfig: Setting CVar [[r.SkeletalMeshLODBias:0]]
[2020.10.04-20.16.11:406][  0]LogConfig: Setting CVar [[r.ViewDistanceScale:1.0]]
[2020.10.04-20.16.11:406][  0]LogConfig: Applying CVar settings from Section [AntiAliasingQuality@3] File [C:/Users/Nandita/Desktop/Demo2020/NewUnrealDemo/RobotDemo/SimpleRobotDemo_BP/Saved/Config/Windows/Scalability.ini]
[2020.10.04-20.16.11:406][  0]LogConfig: Setting CVar [[r.PostProcessAAQuality:4]]
[2020.10.04-20.16.11:406][  0]LogConfig: Applying CVar settings from Section [ShadowQuality@3] File [C:/Users/Nandita/Desktop/Demo2020/NewUnrealDemo/RobotDemo/SimpleRobotDemo_BP/Saved/Config/Windows/Scalability.ini]
[2020.10.04-20.16.11:406][  0]LogConfig: Setting CVar [[r.LightFunctionQuality:1]]
[2020.10.04-20.16.11:406][  0]LogConfig: Setting CVar [[r.ShadowQuality:5]]
[2020.10.04-20.16.11:406][  0]LogConfig: Setting CVar [[r.Shadow.CSM.MaxCascades:10]]
[2020.10.04-20.16.11:406][  0]LogConfig: Setting CVar [[r.Shadow.MaxResolution:2048]]
[2020.10.04-20.16.11:406][  0]LogConfig: Setting CVar [[r.Shadow.MaxCSMResolution:2048]]
[2020.10.04-20.16.11:406][  0]LogConfig: Setting CVar [[r.Shadow.RadiusThreshold:0.01]]
[2020.10.04-20.16.11:406][  0]LogConfig: Setting CVar [[r.Shadow.DistanceScale:1.0]]
[2020.10.04-20.16.11:406][  0]LogConfig: Setting CVar [[r.Shadow.CSM.TransitionScale:1.0]]
[2020.10.04-20.16.11:406][  0]LogConfig: Setting CVar [[r.Shadow.PreShadowResolutionFactor:1.0]]
[2020.10.04-20.16.11:407][  0]LogConfig: Setting CVar [[r.DistanceFieldShadowing:1]]
[2020.10.04-20.16.11:407][  0]LogConfig: Setting CVar [[r.DistanceFieldAO:1]]
[2020.10.04-20.16.11:407][  0]LogConfig: Setting CVar [[r.AOQuality:2]]
[2020.10.04-20.16.11:407][  0]LogConfig: Setting CVar [[r.VolumetricFog:1]]
[2020.10.04-20.16.11:407][  0]LogConfig: Setting CVar [[r.VolumetricFog.GridPixelSize:8]]
[2020.10.04-20.16.11:407][  0]LogConfig: Setting CVar [[r.VolumetricFog.GridSizeZ:128]]
[2020.10.04-20.16.11:407][  0]LogConfig: Setting CVar [[r.VolumetricFog.HistoryMissSupersampleCount:4]]
[2020.10.04-20.16.11:407][  0]LogConfig: Setting CVar [[r.LightMaxDrawDistanceScale:1]]
[2020.10.04-20.16.11:407][  0]LogConfig: Setting CVar [[r.CapsuleShadows:1]]
[2020.10.04-20.16.11:407][  0]LogConfig: Applying CVar settings from Section [PostProcessQuality@3] File [C:/Users/Nandita/Desktop/Demo2020/NewUnrealDemo/RobotDemo/SimpleRobotDemo_BP/Saved/Config/Windows/Scalability.ini]
[2020.10.04-20.16.11:407][  0]LogConfig: Setting CVar [[r.MotionBlurQuality:4]]
[2020.10.04-20.16.11:407][  0]LogConfig: Setting CVar [[r.AmbientOcclusionMipLevelFactor:0.4]]
[2020.10.04-20.16.11:407][  0]LogConfig: Setting CVar [[r.AmbientOcclusionMaxQuality:100]]
[2020.10.04-20.16.11:407][  0]LogConfig: Setting CVar [[r.AmbientOcclusionLevels:-1]]
[2020.10.04-20.16.11:407][  0]LogConfig: Setting CVar [[r.AmbientOcclusionRadiusScale:1.0]]
[2020.10.04-20.16.11:407][  0]LogConfig: Setting CVar [[r.DepthOfFieldQuality:2]]
[2020.10.04-20.16.11:407][  0]LogConfig: Setting CVar [[r.RenderTargetPoolMin:400]]
[2020.10.04-20.16.11:407][  0]LogConfig: Setting CVar [[r.LensFlareQuality:2]]
[2020.10.04-20.16.11:407][  0]LogConfig: Setting CVar [[r.SceneColorFringeQuality:1]]
[2020.10.04-20.16.11:407][  0]LogConfig: Setting CVar [[r.EyeAdaptationQuality:2]]
[2020.10.04-20.16.11:407][  0]LogConfig: Setting CVar [[r.BloomQuality:5]]
[2020.10.04-20.16.11:407][  0]LogConfig: Setting CVar [[r.FastBlurThreshold:100]]
[2020.10.04-20.16.11:407][  0]LogConfig: Setting CVar [[r.Upscale.Quality:3]]
[2020.10.04-20.16.11:407][  0]LogConfig: Setting CVar [[r.Tonemapper.GrainQuantization:1]]
[2020.10.04-20.16.11:407][  0]LogConfig: Setting CVar [[r.LightShaftQuality:1]]
[2020.10.04-20.16.11:407][  0]LogConfig: Setting CVar [[r.Filter.SizeScale:1]]
[2020.10.04-20.16.11:407][  0]LogConfig: Setting CVar [[r.Tonemapper.Quality:5]]
[2020.10.04-20.16.11:407][  0]LogConfig: Setting CVar [[r.DOF.Gather.AccumulatorQuality:1        ; higher gathering accumulator quality]]
[2020.10.04-20.16.11:407][  0]LogConfig: Setting CVar [[r.DOF.Gather.PostfilterMethod:1          ; Median3x3 postfilering method]]
[2020.10.04-20.16.11:407][  0]LogConfig: Setting CVar [[r.DOF.Gather.EnableBokehSettings:0       ; no bokeh simulation when gathering]]
[2020.10.04-20.16.11:408][  0]LogConfig: Setting CVar [[r.DOF.Gather.RingCount:4                 ; medium number of samples when gathering]]
[2020.10.04-20.16.11:409][  0]LogConfig: Setting CVar [[r.DOF.Scatter.ForegroundCompositing:1    ; additive foreground scattering]]
[2020.10.04-20.16.11:409][  0]LogConfig: Setting CVar [[r.DOF.Scatter.BackgroundCompositing:2    ; additive background scattering]]
[2020.10.04-20.16.11:409][  0]LogConfig: Setting CVar [[r.DOF.Scatter.EnableBokehSettings:1      ; bokeh simulation when scattering]]
[2020.10.04-20.16.11:409][  0]LogConfig: Setting CVar [[r.DOF.Scatter.MaxSpriteRatio:0.1         ; only a maximum of 10% of scattered bokeh]]
[2020.10.04-20.16.11:409][  0]LogConfig: Setting CVar [[r.DOF.Recombine.Quality:1                ; cheap slight out of focus]]
[2020.10.04-20.16.11:409][  0]LogConfig: Setting CVar [[r.DOF.Recombine.EnableBokehSettings:0    ; no bokeh simulation on slight out of focus]]
[2020.10.04-20.16.11:409][  0]LogConfig: Setting CVar [[r.DOF.TemporalAAQuality:1                ; more stable temporal accumulation]]
[2020.10.04-20.16.11:409][  0]LogConfig: Setting CVar [[r.DOF.Kernel.MaxForegroundRadius:0.025]]
[2020.10.04-20.16.11:409][  0]LogConfig: Setting CVar [[r.DOF.Kernel.MaxBackgroundRadius:0.025]]
[2020.10.04-20.16.11:410][  0]LogConfig: Applying CVar settings from Section [TextureQuality@3] File [C:/Users/Nandita/Desktop/Demo2020/NewUnrealDemo/RobotDemo/SimpleRobotDemo_BP/Saved/Config/Windows/Scalability.ini]
[2020.10.04-20.16.11:410][  0]LogConfig: Setting CVar [[r.Streaming.MipBias:0]]
[2020.10.04-20.16.11:410][  0]LogConfig: Setting CVar [[r.Streaming.AmortizeCPUToGPUCopy:0]]
[2020.10.04-20.16.11:410][  0]LogConfig: Setting CVar [[r.Streaming.MaxNumTexturesToStreamPerFrame:0]]
[2020.10.04-20.16.11:410][  0]LogConfig: Setting CVar [[r.Streaming.Boost:1]]
[2020.10.04-20.16.11:410][  0]LogConfig: Setting CVar [[r.MaxAnisotropy:8]]
[2020.10.04-20.16.11:410][  0]LogConfig: Setting CVar [[r.VT.MaxAnisotropy:8]]
[2020.10.04-20.16.11:410][  0]LogConfig: Setting CVar [[r.Streaming.LimitPoolSizeToVRAM:0]]
[2020.10.04-20.16.11:410][  0]LogConfig: Setting CVar [[r.Streaming.PoolSize:1000]]
[2020.10.04-20.16.11:410][  0]LogConfig: Setting CVar [[r.Streaming.MaxEffectiveScreenSize:0]]
[2020.10.04-20.16.11:410][  0]LogConfig: Applying CVar settings from Section [EffectsQuality@3] File [C:/Users/Nandita/Desktop/Demo2020/NewUnrealDemo/RobotDemo/SimpleRobotDemo_BP/Saved/Config/Windows/Scalability.ini]
[2020.10.04-20.16.11:410][  0]LogConfig: Setting CVar [[r.TranslucencyLightingVolumeDim:64]]
[2020.10.04-20.16.11:410][  0]LogConfig: Setting CVar [[r.RefractionQuality:2]]
[2020.10.04-20.16.11:410][  0]LogConfig: Setting CVar [[r.SSR.Quality:3]]
[2020.10.04-20.16.11:410][  0]LogConfig: Setting CVar [[r.SSR.HalfResSceneColor:0]]
[2020.10.04-20.16.11:410][  0]LogConfig: Setting CVar [[r.SceneColorFormat:4]]
[2020.10.04-20.16.11:410][  0]LogConfig: Setting CVar [[r.DetailMode:2]]
[2020.10.04-20.16.11:410][  0]LogConfig: Setting CVar [[r.TranslucencyVolumeBlur:1]]
[2020.10.04-20.16.11:411][  0]LogConfig: Setting CVar [[r.MaterialQualityLevel:1 ; High quality]]
[2020.10.04-20.16.11:411][  0]LogConfig: Setting CVar [[r.SSS.Scale:1]]
[2020.10.04-20.16.11:411][  0]LogConfig: Setting CVar [[r.SSS.SampleSet:2]]
[2020.10.04-20.16.11:411][  0]LogConfig: Setting CVar [[r.SSS.Quality:1]]
[2020.10.04-20.16.11:411][  0]LogConfig: Setting CVar [[r.SSS.HalfRes:0]]
[2020.10.04-20.16.11:411][  0]LogConfig: Setting CVar [[r.SSGI.Quality:3]]
[2020.10.04-20.16.11:411][  0]LogConfig: Setting CVar [[r.EmitterSpawnRateScale:1.0]]
[2020.10.04-20.16.11:411][  0]LogConfig: Setting CVar [[r.ParticleLightQuality:2]]
[2020.10.04-20.16.11:411][  0]LogConfig: Setting CVar [[r.SkyAtmosphere.AerialPerspectiveLUT.FastApplyOnOpaque:1 ; Always have FastSkyLUT 1 in this case to avoid wrong sky]]
[2020.10.04-20.16.11:411][  0]LogConfig: Setting CVar [[r.SkyAtmosphere.AerialPerspectiveLUT.SampleCountPerSlice:1]]
[2020.10.04-20.16.11:411][  0]LogConfig: Setting CVar [[r.SkyAtmosphere.AerialPerspectiveLUT.DepthResolution:16.0]]
[2020.10.04-20.16.11:411][  0]LogConfig: Setting CVar [[r.SkyAtmosphere.FastSkyLUT:1]]
[2020.10.04-20.16.11:411][  0]LogConfig: Setting CVar [[r.SkyAtmosphere.FastSkyLUT.SampleCountMin:4.0]]
[2020.10.04-20.16.11:411][  0]LogConfig: Setting CVar [[r.SkyAtmosphere.FastSkyLUT.SampleCountMax:32.0]]
[2020.10.04-20.16.11:411][  0]LogConfig: Setting CVar [[r.SkyAtmosphere.SampleCountMin:4.0]]
[2020.10.04-20.16.11:411][  0]LogConfig: Setting CVar [[r.SkyAtmosphere.SampleCountMax:32.0]]
[2020.10.04-20.16.11:411][  0]LogConfig: Setting CVar [[r.SkyAtmosphere.TransmittanceLUT.UseSmallFormat:0]]
[2020.10.04-20.16.11:411][  0]LogConfig: Setting CVar [[r.SkyAtmosphere.TransmittanceLUT.SampleCount:10.0]]
[2020.10.04-20.16.11:411][  0]LogConfig: Setting CVar [[r.SkyAtmosphere.MultiScatteringLUT.SampleCount:15.0]]
[2020.10.04-20.16.11:411][  0]LogConfig: Applying CVar settings from Section [FoliageQuality@3] File [C:/Users/Nandita/Desktop/Demo2020/NewUnrealDemo/RobotDemo/SimpleRobotDemo_BP/Saved/Config/Windows/Scalability.ini]
[2020.10.04-20.16.11:411][  0]LogConfig: Setting CVar [[foliage.DensityScale:1.0]]
[2020.10.04-20.16.11:411][  0]LogConfig: Setting CVar [[grass.DensityScale:1.0]]
[2020.10.04-20.16.11:411][  0]LogConfig: Applying CVar settings from Section [ShadingQuality@3] File [C:/Users/Nandita/Desktop/Demo2020/NewUnrealDemo/RobotDemo/SimpleRobotDemo_BP/Saved/Config/Windows/Scalability.ini]
[2020.10.04-20.16.11:411][  0]LogConfig: Setting CVar [[r.HairStrands.SkyLighting.SampleCount:16]]
[2020.10.04-20.16.11:411][  0]LogConfig: Setting CVar [[r.HairStrands.SkyLighting.JitterIntegration:0]]
[2020.10.04-20.16.11:412][  0]LogConfig: Setting CVar [[r.HairStrands.SkyAO.SampleCount:16]]
[2020.10.04-20.16.11:412][  0]LogConfig: Setting CVar [[r.HairStrands.DeepShadow.SuperSampling:0]]
[2020.10.04-20.16.11:412][  0]LogConfig: Setting CVar [[r.HairStrands.VisibilityPPLL:0]]
[2020.10.04-20.16.11:412][  0]LogConfig: Setting CVar [[r.HairStrands.RasterizationScale:0.5]]
[2020.10.04-20.16.11:412][  0]LogConfig: Setting CVar [[r.HairStrands.VelocityRasterizationScale:1]]
[2020.10.04-20.16.11:412][  0]LogConfig: Applying CVar settings from Section [Startup] File [../../../Engine/Config/ConsoleVariables.ini]
[2020.10.04-20.16.11:412][  0]LogConfig: Setting CVar [[net.UseAdaptiveNetUpdateFrequency:0]]
[2020.10.04-20.16.11:412][  0]LogConfig: Setting CVar [[p.chaos.AllowCreatePhysxBodies:1]]
[2020.10.04-20.16.11:412][  0]LogConfig: Setting CVar [[fx.SkipVectorVMBackendOptimizations:1]]
[2020.10.04-20.16.11:412][  0]LogConfig: Applying CVar settings from Section [ConsoleVariables] File [C:/Users/Nandita/Desktop/Demo2020/NewUnrealDemo/RobotDemo/SimpleRobotDemo_BP/Saved/Config/Windows/Engine.ini]
[2020.10.04-20.16.11:413][  0]LogInit: Computer: DESKTOP-R9OUND7
[2020.10.04-20.16.11:413][  0]LogInit: User: Nandita
[2020.10.04-20.16.11:413][  0]LogInit: CPU Page size=4096, Cores=2
[2020.10.04-20.16.11:413][  0]LogInit: High frequency timer resolution =10.000000 MHz
[2020.10.04-20.16.11:413][  0]LogMemory: Memory total: Physical=11.9GB (12GB approx)
[2020.10.04-20.16.11:413][  0]LogMemory: Platform Memory Stats for Windows
[2020.10.04-20.16.11:413][  0]LogMemory: Process Physical Memory: 113.86 MB used, 113.87 MB peak
[2020.10.04-20.16.11:413][  0]LogMemory: Process Virtual Memory: 111.32 MB used, 111.32 MB peak
[2020.10.04-20.16.11:413][  0]LogMemory: Physical Memory: 5602.18 MB used,  6615.97 MB free, 12218.15 MB total
[2020.10.04-20.16.11:414][  0]LogMemory: Virtual Memory: 5139.04 MB used,  134212592.00 MB free, 134217728.00 MB total
[2020.10.04-20.16.11:426][  0]LogWindows: WindowsPlatformFeatures enabled
[2020.10.04-20.16.11:507][  0]LogInit: Physics initialised using underlying interface: PhysX
[2020.10.04-20.16.11:508][  0]LogInit: Using OS detected language (en-US).
[2020.10.04-20.16.11:508][  0]LogInit: Using OS detected locale (en-IN).
[2020.10.04-20.16.11:517][  0]LogTextLocalizationManager: No specific localization for 'en-US' exists, so the 'en' localization will be used.
[2020.10.04-20.16.12:211][  0]LogSlate: New Slate User Created.  User Index 0, Is Virtual User: 0
[2020.10.04-20.16.12:211][  0]LogSlate: Slate User Registered.  User Index 0, Is Virtual User: 0
[2020.10.04-20.16.12:327][  0]LogHMD: Failed to initialize OpenVR with code 110
[2020.10.04-20.16.12:327][  0]LogD3D11RHI: D3D11 min allowed feature level: 11_0
[2020.10.04-20.16.12:327][  0]LogD3D11RHI: D3D11 max allowed feature level: 11_0
[2020.10.04-20.16.12:327][  0]LogD3D11RHI: D3D11 adapters:
[2020.10.04-20.16.12:653][  0]LogD3D11RHI:    0. 'NVIDIA GeForce GT 740M' (Feature Level 11_0)
[2020.10.04-20.16.12:653][  0]LogD3D11RHI:       2009/0/6109 MB DedicatedVideo/DedicatedSystem/SharedSystem, Outputs:1, VendorId:0x10de
[2020.10.04-20.16.12:678][  0]LogD3D11RHI:    1. 'Intel(R) HD Graphics Family' (Feature Level 11_0)
[2020.10.04-20.16.12:678][  0]LogD3D11RHI:       112/0/2048 MB DedicatedVideo/DedicatedSystem/SharedSystem, Outputs:0, VendorId:0x8086
[2020.10.04-20.16.12:687][  0]LogD3D11RHI:    2. 'Microsoft Basic Render Driver' (Feature Level 11_0)
[2020.10.04-20.16.12:687][  0]LogD3D11RHI:       0/0/6109 MB DedicatedVideo/DedicatedSystem/SharedSystem, Outputs:0, VendorId:0x1414
[2020.10.04-20.16.12:687][  0]LogD3D11RHI: Chosen D3D11 Adapter: 0
[2020.10.04-20.16.12:788][  0]LogD3D11RHI: Creating new Direct3DDevice
[2020.10.04-20.16.12:788][  0]LogD3D11RHI:     GPU DeviceId: 0x1292 (for the marketing name, search the web for "GPU Device Id")
[2020.10.04-20.16.12:788][  0]LogWindows: EnumDisplayDevices:
[2020.10.04-20.16.12:788][  0]LogWindows:    0. 'Intel(R) HD Graphics Family' (P:1 D:1)
[2020.10.04-20.16.12:789][  0]LogWindows:    1. 'Intel(R) HD Graphics Family' (P:0 D:0)
[2020.10.04-20.16.12:790][  0]LogWindows:    2. 'Intel(R) HD Graphics Family' (P:0 D:0)
[2020.10.04-20.16.12:790][  0]LogWindows: DebugString: PrimaryIsNotTheChoosenAdapter PrimaryIsNotTheChoosenAdapter PrimaryIsNotTheChoosenAdapter FoundDriverCount:0 
[2020.10.04-20.16.12:790][  0]LogD3D11RHI:     Adapter Name: NVIDIA GeForce GT 740M
[2020.10.04-20.16.12:790][  0]LogD3D11RHI:   Driver Version: Unknown (internal:Unknown, unified:Unknown)
[2020.10.04-20.16.12:790][  0]LogD3D11RHI:      Driver Date: Unknown
[2020.10.04-20.16.12:790][  0]LogRHI: Texture pool is 1406 MB (70% of 2009 MB)
[2020.10.04-20.16.12:953][  0]LogD3D11RHI: RHI does not have support for 64 bit atomics
[2020.10.04-20.16.12:954][  0]LogD3D11RHI: Async texture creation enabled
[2020.10.04-20.16.13:029][  0]LogD3D11RHI: GPU Timing Frequency: 1000.000000 (Debug: 2 5)
[2020.10.04-20.16.15:349][  0]LogTargetPlatformManager: Display: Loaded TargetPlatform 'WindowsNoEditor'
[2020.10.04-20.16.15:365][  0]LogTargetPlatformManager: Display: Loaded TargetPlatform 'Windows'
[2020.10.04-20.16.15:391][  0]LogTargetPlatformManager: Display: Loaded TargetPlatform 'WindowsClient'
[2020.10.04-20.16.15:427][  0]LogTargetPlatformManager: Display: Loaded TargetPlatform 'WindowsServer'
[2020.10.04-20.16.15:427][  0]LogTargetPlatformManager: Display: Building Assets For Windows
[2020.10.04-20.16.15:447][  0]LogAudioDebug: Display: Lib vorbis DLL was dynamically loaded.
[2020.10.04-20.16.15:616][  0]LogShaderCompilers: Guid format shader working directory is -44 characters bigger than the processId version (../../../../../../Users/Nandita/Desktop/Demo2020/NewUnrealDemo/RobotDemo/SimpleRobotDemo_BP/Intermediate/Shaders/WorkingDirectory/13236/).
[2020.10.04-20.16.15:617][  0]LogShaderCompilers: Cleaned the shader compiler working directory 'C:/Users/Nandita/AppData/Local/Temp/UnrealShaderWorkingDir/0AA62AB04EAAF7C9E28D9392BC660059/'.
[2020.10.04-20.16.15:618][  0]LogXGEController: Cannot use XGE Controller as Incredibuild is not installed on this machine.
[2020.10.04-20.16.15:618][  0]LogShaderCompilers: Cannot use XGE Shader Compiler as Incredibuild is not installed on this machine.
[2020.10.04-20.16.15:618][  0]LogShaderCompilers: Display: Using Local Shader Compiler.
[2020.10.04-20.16.18:667][  0]LogDerivedDataCache: Display: Max Cache Size: 512 MB
[2020.10.04-20.16.18:865][  0]LogDerivedDataCache: Loaded boot cache 0.20s 76MB C:/Users/Nandita/AppData/Local/UnrealEngine/4.25/DerivedDataCache/Boot.ddc.
[2020.10.04-20.16.18:865][  0]LogDerivedDataCache: Display: Loaded Boot cache: C:/Users/Nandita/AppData/Local/UnrealEngine/4.25/DerivedDataCache/Boot.ddc
[2020.10.04-20.16.18:866][  0]LogDerivedDataCache: FDerivedDataBackendGraph:  Pak pak cache file ../../../../../../Users/Nandita/Desktop/Demo2020/NewUnrealDemo/RobotDemo/SimpleRobotDemo_BP/DerivedDataCache/DDC.ddp not found, will not use a pak cache.
[2020.10.04-20.16.18:866][  0]LogDerivedDataCache: Unable to find inner node Pak for hierarchical cache Hierarchy.
[2020.10.04-20.16.18:866][  0]LogDerivedDataCache: FDerivedDataBackendGraph:  CompressedPak pak cache file ../../../../../../Users/Nandita/Desktop/Demo2020/NewUnrealDemo/RobotDemo/SimpleRobotDemo_BP/DerivedDataCache/Compressed.ddp not found, will not use a pak cache.
[2020.10.04-20.16.18:866][  0]LogDerivedDataCache: Unable to find inner node CompressedPak for hierarchical cache Hierarchy.
[2020.10.04-20.16.18:895][  0]LogDerivedDataCache: Display: Pak cache opened for reading ../../../Engine/DerivedDataCache/Compressed.ddp.
[2020.10.04-20.16.18:896][  0]LogDerivedDataCache: FDerivedDataBackendGraph:  EnterprisePak pak cache file ../../../Enterprise/DerivedDataCache/Compressed.ddp not found, will not use a pak cache.
[2020.10.04-20.16.18:896][  0]LogDerivedDataCache: Unable to find inner node EnterprisePak for hierarchical cache Hierarchy.
[2020.10.04-20.16.18:898][  0]LogDerivedDataCache: Using Local data cache path C:/Users/Nandita/AppData/Local/UnrealEngine/Common/DerivedDataCache: Writable
[2020.10.04-20.16.18:898][  0]LogDerivedDataCache: Shared data cache path not found in *engine.ini, will not use an Shared cache.
[2020.10.04-20.16.18:898][  0]LogDerivedDataCache: Unable to find inner node Shared for hierarchical cache Hierarchy.
[2020.10.04-20.16.19:052][  0]LogSlate: Using FreeType 2.10.0
[2020.10.04-20.16.19:054][  0]LogSlate: SlateFontServices - WITH_FREETYPE: 1, WITH_HARFBUZZ: 1
[2020.10.04-20.16.19:537][  0]LogInit: Using OS detected language (en-US).
[2020.10.04-20.16.19:537][  0]LogInit: Using OS detected locale (en-IN).
[2020.10.04-20.16.19:538][  0]LogTextLocalizationManager: No localization for 'en-US' exists, so 'en' will be used for the language.
[2020.10.04-20.16.19:538][  0]LogTextLocalizationManager: No localization for 'en-IN' exists, so 'en' will be used for the locale.
[2020.10.04-20.16.19:538][  0]LogSlate: FontCache flush requested. Reason: Culture for localization was changed
[2020.10.04-20.16.19:538][  0]LogSlate: FontCache flush requested. Reason: Culture for localization was changed
[2020.10.04-20.16.19:541][  0]LogTextLocalizationManager: Compacting localization data took   0.00ms
[2020.10.04-20.16.19:555][  0]LogAssetRegistry: FAssetRegistry took 0.0066 seconds to start up
[2020.10.04-20.16.20:287][  0]LogPackageLocalizationCache: Processed 19 localized package path(s) for 1 prioritized culture(s) in 0.001989 seconds
[2020.10.04-20.16.20:532][  0]LogInit: Selected Device Profile: [Windows]
[2020.10.04-20.16.20:934][  0]LogMeshReduction: Using QuadricMeshReduction for automatic static mesh reduction
[2020.10.04-20.16.20:934][  0]LogMeshReduction: Using SimplygonMeshReduction for automatic skeletal mesh reduction
[2020.10.04-20.16.20:934][  0]LogMeshReduction: Using ProxyLODMeshReduction for automatic mesh merging
[2020.10.04-20.16.20:934][  0]LogMeshReduction: No distributed automatic mesh merging module available
[2020.10.04-20.16.20:934][  0]LogMeshMerging: No distributed automatic mesh merging module available
[2020.10.04-20.16.20:982][  0]LogNetVersion: SimpleRobotDemo_BP 1.0.0, NetCL: 13144385, EngineNetVer: 14, GameNetVer: 0 (Checksum: 3713622887)
[2020.10.04-20.16.21:964][  0]LogAISub: UAISubsystem::UAISubsystem AISubsystem (000002A0251635C0), frame # 0
[2020.10.04-20.16.21:964][  0]LogAISub: UAISubsystem::UAISubsystem AIPerceptionSystem (000002A0251516C0), frame # 0
[2020.10.04-20.16.21:968][  0]LogAISub: UAISubsystem::UAISubsystem EnvQueryManager (000002A02319A600), frame # 0
[2020.10.04-20.16.22:367][  0]LogCollectionManager: Loaded 0 collections in 0.005038 seconds
[2020.10.04-20.16.22:387][  0]LogFileCache: Scanning file cache for directory 'C:/Users/Nandita/Desktop/Demo2020/NewUnrealDemo/RobotDemo/SimpleRobotDemo_BP/Saved/Collections/' took 0.01s
[2020.10.04-20.16.22:387][  0]LogFileCache: Scanning file cache for directory 'C:/Users/Nandita/Desktop/Demo2020/NewUnrealDemo/RobotDemo/SimpleRobotDemo_BP/Content/Developers/Nandita/Collections/' took 0.01s
[2020.10.04-20.16.22:387][  0]LogFileCache: Scanning file cache for directory 'C:/Users/Nandita/Desktop/Demo2020/NewUnrealDemo/RobotDemo/SimpleRobotDemo_BP/Content/Collections/' took 0.00s
[2020.10.04-20.16.22:387][  0]LogCollectionManager: Fixed up redirectors for 0 collections in 0.000006 seconds (updated 0 objects)
[2020.10.04-20.16.22:547][  0]LogMoviePlayer: Initializing movie player
[2020.10.04-20.16.23:025][  0]LogTcpMessaging: Initializing TcpMessaging bridge
[2020.10.04-20.16.23:040][  0]LogUdpMessaging: Initializing bridge on interface 0.0.0.0:0 to multicast group 230.0.0.1:6666.
[2020.10.04-20.16.23:154][  0]LogSteamShared: Display: Loading Steam SDK 1.47
[2020.10.04-20.16.23:158][  0]LogSteamShared: Steam SDK Loaded!
[2020.10.04-20.16.23:189][  0]SourceControl: Source control is disabled
[2020.10.04-20.16.23:189][  0]SourceControl: Source control is disabled
[2020.10.04-20.16.23:204][  0]SourceControl: Source control is disabled
[2020.10.04-20.16.23:588][  0]LogAndroidPermission: UAndroidPermissionCallbackProxy::GetInstance
[2020.10.04-20.16.23:640][  0]LogAudioCaptureCore: Display: No Audio Capture implementations found. Audio input will be silent.
[2020.10.04-20.16.23:641][  0]LogAudioCaptureCore: Display: No Audio Capture implementations found. Audio input will be silent.
[2020.10.04-20.16.23:805][  0]LogOcInput: OculusInput pre-init called
[2020.10.04-20.16.23:829][  0]LogSockets: SteamSockets: Disabled due to no Steam OSS running.
[2020.10.04-20.16.23:885][  0]LogUObjectArray: 19078 objects as part of root set at end of initial load.
[2020.10.04-20.16.23:885][  0]LogUObjectAllocator: 5037456 out of 0 bytes used by permanent object pool.
[2020.10.04-20.16.23:885][  0]LogUObjectArray: CloseDisregardForGC: 0/0 objects in disregard for GC pool
[2020.10.04-20.16.24:036][  0]LogEngine: Initializing Engine...
[2020.10.04-20.16.24:040][  0]LogHMD: Failed to initialize OpenVR with code 110
[2020.10.04-20.16.24:040][  0]LogMagicLeap: Warning: VR disabled because ZI is not enabled.  To enable, in the editor, Edit -> Project Settings -> Plugins -> Magic Leap Plugin -> Enable Zero Iteration
[2020.10.04-20.16.24:081][  0]LogGameplayTags: NetworkGameplayTagNodeIndexHash is e125c222
[2020.10.04-20.16.24:081][  0]LogStats: UGameplayTagsManager::InitializeManager -  0.001 s
[2020.10.04-20.16.24:462][  0]LogInit: Initializing FReadOnlyCVARCache
[2020.10.04-20.16.24:486][  0]LogAudioMixer: Display: Audio Mixer Platform Settings:
[2020.10.04-20.16.24:487][  0]LogAudioMixer: Display: 	Sample Rate:						  48000
[2020.10.04-20.16.24:487][  0]LogAudioMixer: Display: 	Callback Buffer Frame Size Requested: 1024
[2020.10.04-20.16.24:487][  0]LogAudioMixer: Display: 	Callback Buffer Frame Size To Use:	  1024
[2020.10.04-20.16.24:487][  0]LogAudioMixer: Display: 	Number of buffers to queue:			  2
[2020.10.04-20.16.24:487][  0]LogAudioMixer: Display: 	Max Channels (voices):				  32
[2020.10.04-20.16.24:487][  0]LogAudioMixer: Display: 	Number of Async Source Workers:		  0
[2020.10.04-20.16.24:487][  0]LogAudio: Display: AudioDevice MaxSources: 32
[2020.10.04-20.16.24:488][  0]LogAudio: Display: Using built-in audio occlusion.
[2020.10.04-20.16.24:488][  0]LogAudioMixer: Display: Initializing audio mixer.
[2020.10.04-20.16.24:539][  0]LogAudioMixer: Display: 0: FrontLeft
[2020.10.04-20.16.24:539][  0]LogAudioMixer: Display: 1: FrontRight
[2020.10.04-20.16.24:703][  0]LogAudioMixer: Display: Using Audio Device Speaker/HP (Realtek High Definition Audio)
[2020.10.04-20.16.24:709][  0]LogAudioMixer: Display: Initializing Sound Submixes...
[2020.10.04-20.16.24:716][  0]LogAudioMixer: Display: Creating Master Submix 'MasterSubmixDefault'
[2020.10.04-20.16.24:716][  0]LogAudioMixer: Display: Creating Master Submix 'MasterReverbSubmixDefault'
[2020.10.04-20.16.24:718][  0]LogAudioMixer: Display: Creating Master Submix 'MasterEQSubmixDefault'
[2020.10.04-20.16.24:719][  0]LogInit: FAudioDevice initialized.
[2020.10.04-20.16.24:757][  0]LogNetVersion: Set ProjectVersion to 1.0.0.0. Version Checksum will be recalculated on next use.
[2020.10.04-20.16.24:761][  0]LogInit: Texture streaming: Enabled
[2020.10.04-20.16.25:014][  0]LogSlate: Updating window title bar state: overlay mode, drag disabled, window buttons hidden, title bar hidden
[2020.10.04-20.16.25:016][  0]LogInit: Display: Game Engine Initialized.
[2020.10.04-20.16.25:017][  0]LogGameplayTags: NetworkGameplayTagNodeIndexHash is e125c222
[2020.10.04-20.16.25:017][  0]LogNiagaraEditor: Warning: GEditor isn't valid! Particle reset commands will not work for Niagara components!
[2020.10.04-20.16.25:107][  0]LogInit: Display: Starting Game.
[2020.10.04-20.16.25:108][  0]LogNet: Browse: /Game/ThirdPersonBP/Maps/ThirdPersonExampleMap?Name=Player?Listen
[2020.10.04-20.16.25:108][  0]LogLoad: LoadMap: /Game/ThirdPersonBP/Maps/ThirdPersonExampleMap?Name=Player?Listen
[2020.10.04-20.16.25:108][  0]LogWorld: BeginTearingDown for /Temp/Untitled_0
[2020.10.04-20.16.25:112][  0]LogWorld: UWorld::CleanupWorld for Untitled, bSessionEnded=true, bCleanupResources=true
[2020.10.04-20.16.25:112][  0]LogSlate: InvalidateAllWidgets triggered.  All widgets were invalidated
[2020.10.04-20.16.25:167][  0]LogUObjectHash: Compacting FUObjectHashTables data took   5.68ms
[2020.10.04-20.16.26:117][  0]LogAIModule: Creating AISystem for world ThirdPersonExampleMap
[2020.10.04-20.16.26:117][  0]LogAISub: UAISubsystem::UAISubsystem EnvQueryManager (000002A01918E800), frame # 0
[2020.10.04-20.16.26:117][  0]LogAISub: UAISubsystem::UAISubsystem AIPerceptionSystem (000002A029F88900), frame # 0
[2020.10.04-20.16.26:128][  0]LogLoad: Game class is 'ThirdPersonGameMode_C'
[2020.10.04-20.16.26:129][  0]LogNet: Applying EmulationProfile Average
[2020.10.04-20.16.26:130][  0]LogNet: Applying EmulationProfile Average
[2020.10.04-20.16.26:130][  0]LogNet: Applying EmulationProfile Average
[2020.10.04-20.16.26:130][  0]LogNet: ReplicationDriverClass is null! Not using ReplicationDriver.
[2020.10.04-20.16.26:130][  0]LogNetCore: DDoS detection status: detection enabled: 0 analytics enabled: 0
[2020.10.04-20.16.26:131][  0]LogInit: WinSock: Socket queue. Rx: 131072 (config 131072) Tx: 131072 (config 131072)
[2020.10.04-20.16.26:132][  0]LogNet: Created socket for bind address: 0.0.0.0 on port 17777
[2020.10.04-20.16.26:132][  0]PacketHandlerLog: Loaded PacketHandler component: Engine.EngineHandlerComponentFactory (StatelessConnectHandlerComponent)
[2020.10.04-20.16.26:133][  0]LogNet: GameNetDriver IpNetDriver_0 IpNetDriver listening on port 17777
[2020.10.04-20.16.26:205][  0]LogWorld: Bringing World /Game/ThirdPersonBP/Maps/ThirdPersonExampleMap.ThirdPersonExampleMap up for play (max tick rate 0) at 2020.10.05-01.46.26
[2020.10.04-20.16.26:206][  0]LogWorld: Bringing up level for play took: 0.072902
[2020.10.04-20.16.26:207][  0]LogOnlineSession: Warning: OSS: No game present to join for session (GameSession)
[2020.10.04-20.16.26:217][  0]LogLoad: Took 1.109896 seconds to LoadMap(/Game/ThirdPersonBP/Maps/ThirdPersonExampleMap)
[2020.10.04-20.16.26:296][  0]LogRenderer: Reallocating scene render targets to support 1280x720 Format 10 NumSamples 1 (Frame:1).
[2020.10.04-20.16.26:296][  0]LogLoad: (Engine Initialization) Total time: 20.93 seconds
[2020.10.04-20.16.26:296][  0]LogLoad: (Engine Initialization) Total Blueprint compile time: 0.00 seconds
[2020.10.04-20.16.26:505][  0]LogSteamShared: Warning: SteamAPI failed to initialize, conditions not met.
[2020.10.04-20.16.26:505][  0]LogSteamController: SteamController is not available
[2020.10.04-20.16.26:510][  0]LogContentStreaming: Texture pool size now 1000 MB
[2020.10.04-20.16.26:517][  0]LogSlate: InvalidateAllWidgets triggered.  All widgets were invalidated
[2020.10.04-20.16.27:121][  0]LogRenderer: Reallocating scene render targets to support 128x128 Format 10 NumSamples 1 (Frame:1).
[2020.10.04-20.16.27:648][  0]LogRenderer: Reallocating scene render targets to support 1280x720 Format 10 NumSamples 1 (Frame:2).
[2020.10.04-20.16.27:747][  1]LogNet: NotifyAcceptingConnection accepted from: 127.0.0.1:56746
[2020.10.04-20.16.27:748][  1]LogHandshake: SendConnectChallenge. Timestamp: 1.298883, Cookie: 006171217149236070131214169066054082106252008103251153125067
[2020.10.04-20.16.28:255][  3]LogNet: NotifyAcceptingConnection accepted from: 127.0.0.1:56746
[2020.10.04-20.16.28:255][  3]LogHandshake: SendChallengeAck. InCookie: 006171217149236070131214169066054082106252008103251153125067
[2020.10.04-20.16.28:255][  3]LogNet: Server accepting post-challenge connection from: 127.0.0.1:56746
[2020.10.04-20.16.28:255][  3]PacketHandlerLog: Loaded PacketHandler component: Engine.EngineHandlerComponentFactory (StatelessConnectHandlerComponent)
[2020.10.04-20.16.28:255][  3]LogNet: NotifyAcceptedConnection: Name: ThirdPersonExampleMap, TimeStamp: 10/05/20 01:46:28, [UNetConnection] RemoteAddr: 127.0.0.1:56746, Name: IpConnection_0, Driver: GameNetDriver IpNetDriver_0, IsServer: YES, PC: NULL, Owner: NULL, UniqueId: INVALID
[2020.10.04-20.16.28:255][  3]LogNet: AddClientConnection: Added client connection: [UNetConnection] RemoteAddr: 127.0.0.1:56746, Name: IpConnection_0, Driver: GameNetDriver IpNetDriver_0, IsServer: YES, PC: NULL, Owner: NULL, UniqueId: INVALID
[2020.10.04-20.16.29:278][  6]LogNet: NotifyAcceptingChannel Control 0 server World /Game/ThirdPersonBP/Maps/ThirdPersonExampleMap.ThirdPersonExampleMap: Accepted
[2020.10.04-20.16.29:278][  6]LogNet: Remote platform little endian=1
[2020.10.04-20.16.29:278][  6]LogNet: This platform little endian=1
[2020.10.04-20.16.29:278][  6]LogNetVersion: SimpleRobotDemo_BP 1.0.0.0, NetCL: 13144385, EngineNetVer: 14, GameNetVer: 0 (Checksum: 733007726)
[2020.10.04-20.16.30:306][ 10]LogNet: Login request: ?Name=DESKTOP-R9OUND7-F0EF15C742F2BED96787B288C156E5A7 userId: NULL:DESKTOP-R9OUND7-F0EF15C742F2BED96787B288C156E5A7 platform: NULL
[2020.10.04-20.16.32:546][ 19]LogD3D11RHI: Timed out while waiting for GPU to catch up. (0.5 s) (ErrorCode 00000001)
[2020.10.04-20.16.35:208][ 25]LogD3D11RHI: Timed out while waiting for GPU to catch up. (0.5 s) (ErrorCode 00000001)
[2020.10.04-20.16.36:247][ 27]LogD3D11RHI: Timed out while waiting for GPU to catch up. (0.5 s) (ErrorCode 00000001)
[2020.10.04-20.16.36:247][ 27]LogNet: Client netspeed is 10000
[2020.10.04-20.16.36:248][ 27]LogNet: Join request: /Game/ThirdPersonBP/Maps/ThirdPersonExampleMap?Name=DESKTOP-R9OUND7-F0EF15C742F2BED96787B288C156E5A7?SplitscreenCount=1
[2020.10.04-20.16.36:248][ 27]LogOnlineSession: Warning: OSS: No game present to join for session (GameSession)
[2020.10.04-20.16.36:263][ 27]LogNet: Join succeeded: DESKTOP-R9OUND7-F0EF
[2020.10.04-20.16.37:061][ 28]LogD3D11RHI: Timed out while waiting for GPU to catch up. (0.5 s) (ErrorCode 00000001)
[2020.10.04-20.16.37:873][ 29]LogD3D11RHI: Timed out while waiting for GPU to catch up. (0.5 s) (ErrorCode 00000001)
[2020.10.04-20.16.38:487][ 30]LogD3D11RHI: Timed out while waiting for GPU to catch up. (0.5 s) (ErrorCode 00000001)
[2020.10.04-20.16.39:104][ 31]LogD3D11RHI: Timed out while waiting for GPU to catch up. (0.5 s) (ErrorCode 00000001)
[2020.10.04-20.16.39:933][ 32]LogD3D11RHI: Timed out while waiting for GPU to catch up. (0.5 s) (ErrorCode 00000001)
[2020.10.04-20.16.40:436][ 33]LogD3D11RHI: Timed out while waiting for GPU to catch up. (0.5 s) (ErrorCode 00000001)
[2020.10.04-20.16.42:181][ 36]LogD3D11RHI: Timed out while waiting for GPU to catch up. (0.5 s) (ErrorCode 00000001)
[2020.10.04-20.16.43:005][ 37]LogD3D11RHI: Timed out while waiting for GPU to catch up. (0.5 s) (ErrorCode 00000001)
[2020.10.04-20.16.44:449][ 40]LogD3D11RHI: Timed out while waiting for GPU to catch up. (0.5 s) (ErrorCode 00000001)
[2020.10.04-20.16.45:267][ 41]LogD3D11RHI: Timed out while waiting for GPU to catch up. (0.5 s) (ErrorCode 00000001)
[2020.10.04-20.16.46:300][ 43]LogD3D11RHI: Timed out while waiting for GPU to catch up. (0.5 s) (ErrorCode 00000001)
[2020.10.04-20.16.47:326][ 45]LogD3D11RHI: Timed out while waiting for GPU to catch up. (0.5 s) (ErrorCode 00000001)
[2020.10.04-20.16.48:136][ 46]LogD3D11RHI: Timed out while waiting for GPU to catch up. (0.5 s) (ErrorCode 00000001)
[2020.10.04-20.16.49:584][ 49]LogD3D11RHI: Timed out while waiting for GPU to catch up. (0.5 s) (ErrorCode 00000001)
[2020.10.04-20.16.50:403][ 50]LogD3D11RHI: Timed out while waiting for GPU to catch up. (0.5 s) (ErrorCode 00000001)
[2020.10.04-20.16.51:020][ 51]LogD3D11RHI: Timed out while waiting for GPU to catch up. (0.5 s) (ErrorCode 00000001)
[2020.10.04-20.16.52:267][ 53]LogD3D11RHI: Timed out while waiting for GPU to catch up. (0.5 s) (ErrorCode 00000001)
[2020.10.04-20.16.54:488][ 64]LogNetPlayerMovement: Warning: ServerMove: TimeStamp expired: 0.104059, CurrentTimeStamp: 5.732248, Character: ThirdPersonCharacter_C_0
[2020.10.04-20.16.54:489][ 64]LogNetPlayerMovement: Warning: ServerMove: TimeStamp expired: 0.156470, CurrentTimeStamp: 5.732248, Character: ThirdPersonCharacter_C_0
[2020.10.04-20.16.54:489][ 64]LogNetPlayerMovement: Warning: ServerMove: TimeStamp expired: 0.202758, CurrentTimeStamp: 5.732248, Character: ThirdPersonCharacter_C_0
[2020.10.04-20.16.54:490][ 64]LogNetPlayerMovement: Warning: ServerMove: TimeStamp expired: 0.250080, CurrentTimeStamp: 5.732248, Character: ThirdPersonCharacter_C_0
[2020.10.04-20.16.54:679][ 66]LogNetPlayerMovement: Warning: ServerMove: TimeStamp expired: 0.308561, CurrentTimeStamp: 5.732248, Character: ThirdPersonCharacter_C_0
[2020.10.04-20.16.54:680][ 66]LogNetPlayerMovement: Warning: ServerMove: TimeStamp expired: 0.391356, CurrentTimeStamp: 5.732248, Character: ThirdPersonCharacter_C_0
[2020.10.04-20.16.54:761][ 67]LogNetPlayerMovement: Warning: ServerMove: TimeStamp expired: 0.449814, CurrentTimeStamp: 5.732248, Character: ThirdPersonCharacter_C_0
[2020.10.04-20.16.54:846][ 68]LogNetPlayerMovement: Warning: ServerMove: TimeStamp expired: 0.521517, CurrentTimeStamp: 5.732248, Character: ThirdPersonCharacter_C_0
[2020.10.04-20.16.54:944][ 69]LogNetPlayerMovement: Warning: ServerMove: TimeStamp expired: 0.591377, CurrentTimeStamp: 5.732248, Character: ThirdPersonCharacter_C_0
[2020.10.04-20.16.55:039][ 70]LogNetPlayerMovement: Warning: ServerMove: TimeStamp expired: 0.662527, CurrentTimeStamp: 5.732248, Character: ThirdPersonCharacter_C_0
[2020.10.04-20.16.55:039][ 70]LogNetPlayerMovement: Warning: ServerMove: TimeStamp expired: 0.750632, CurrentTimeStamp: 5.732248, Character: ThirdPersonCharacter_C_0
