Log file open, 10/05/20 01:06:59
LogInit: Display: Running engine for game: SimpleRobotDemo_BP
LogPlatformFile: Not using cached read wrapper
LogTaskGraph: Started task graph with 5 named threads and 11 total threads with 3 sets of task threads.
LogStats: Stats thread started at 0.781140
LogD3D11RHI: Loaded GFSDK_Aftermath_Lib.x64.dll
LogICUInternationalization: ICU TimeZone Detection - Raw Offset: +5:30, Platform Override: ''
LogPluginManager: Mounting plugin Paper2D
LogPluginManager: Mounting plugin AISupport
LogPluginManager: Mounting plugin LightPropagationVolume
LogPluginManager: Mounting plugin CameraShakePreviewer
LogPluginManager: Mounting plugin ActorLayerUtilities
LogPluginManager: Mounting plugin AnimationSharing
LogPluginManager: Mounting plugin CLionSourceCodeAccess
LogPluginManager: Mounting plugin CodeLiteSourceCodeAccess
LogPluginManager: Mounting plugin GitSourceControl
LogPluginManager: Mounting plugin KDevelopSourceCodeAccess
LogPluginManager: Mounting plugin NullSourceCodeAccess
LogPluginManager: Mounting plugin PerforceSourceControl
LogPluginManager: Mounting plugin PlasticSourceControl
LogPluginManager: Mounting plugin RiderSourceCodeAccess
LogPluginManager: Mounting plugin SubversionSourceControl
LogPluginManager: Mounting plugin UObjectPlugin
LogPluginManager: Mounting plugin VisualStudioCodeSourceCodeAccess
LogPluginManager: Mounting plugin VisualStudioSourceCodeAccess
LogPluginManager: Mounting plugin XCodeSourceCodeAccess
LogPluginManager: Mounting plugin AssetManagerEditor
LogPluginManager: Mounting plugin CryptoKeys
LogPluginManager: Mounting plugin CurveEditorTools
LogPluginManager: Mounting plugin DataValidation
LogPluginManager: Mounting plugin EditorScriptingUtilities
LogPluginManager: Mounting plugin FacialAnimation
LogPluginManager: Mounting plugin GameplayTagsEditor
LogPluginManager: Mounting plugin GeometryMode
LogPluginManager: Mounting plugin MacGraphicsSwitching
LogPluginManager: Mounting plugin MaterialAnalyzer
LogPluginManager: Mounting plugin MobileLauncherProfileWizard
LogPluginManager: Mounting plugin PluginBrowser
LogPluginManager: Mounting plugin SpeedTreeImporter
LogPluginManager: Mounting plugin DatasmithContent
LogPluginManager: Mounting plugin VariantManagerContent
LogPluginManager: Mounting plugin AlembicImporter
LogPluginManager: Mounting plugin AutomationUtils
LogPluginManager: Mounting plugin BackChannel
LogPluginManager: Mounting plugin ChaosCloth
LogPluginManager: Mounting plugin ChaosClothEditor
LogPluginManager: Mounting plugin ChaosEditor
LogPluginManager: Mounting plugin ChaosNiagara
LogPluginManager: Mounting plugin ChaosSolverPlugin
LogPluginManager: Mounting plugin CharacterAI
LogPluginManager: Mounting plugin GeometryCache
LogPluginManager: Mounting plugin GeometryCollectionPlugin
LogPluginManager: Mounting plugin GeometryProcessing
LogPluginManager: Mounting plugin PlanarCut
LogPluginManager: Mounting plugin PlatformCrypto
LogPluginManager: Mounting plugin ProxyLODPlugin
LogPluginManager: Mounting plugin SkeletalReduction
LogPluginManager: Mounting plugin Niagara
LogPluginManager: Mounting plugin MagicLeap
LogPluginManager: Mounting plugin MagicLeapLightEstimation
LogPluginManager: Mounting plugin MagicLeapMedia
LogPluginManager: Mounting plugin MagicLeapPassableWorld
LogPluginManager: Mounting plugin MLSDK
LogPluginManager: Mounting plugin AndroidMedia
LogPluginManager: Mounting plugin AvfMedia
LogPluginManager: Mounting plugin ImgMedia
LogPluginManager: Mounting plugin MediaCompositing
LogPluginManager: Mounting plugin MediaPlayerEditor
LogPluginManager: Mounting plugin WebMMedia
LogPluginManager: Mounting plugin WmfMedia
LogPluginManager: Mounting plugin MeshPainting
LogPluginManager: Mounting plugin TcpMessaging
LogPluginManager: Mounting plugin UdpMessaging
LogPluginManager: Mounting plugin ActorSequence
LogPluginManager: Mounting plugin LevelSequenceEditor
LogPluginManager: Mounting plugin MatineeToLevelSequence
LogPluginManager: Mounting plugin MovieRenderPipeline
LogPluginManager: Mounting plugin TemplateSequence
LogPluginManager: Mounting plugin NetcodeUnitTest
LogPluginManager: Mounting plugin NUTUnrealEngine4
LogPluginManager: Mounting plugin OnlineSubsystemGooglePlay
LogPluginManager: Mounting plugin OnlineSubsystemIOS
LogPluginManager: Mounting plugin OnlineSubsystem
LogPluginManager: Mounting plugin OnlineSubsystemNull
LogPluginManager: Mounting plugin OnlineSubsystemSteam
LogPluginManager: Mounting plugin OnlineSubsystemUtils
LogPluginManager: Mounting plugin LauncherChunkInstaller
LogPluginManager: Mounting plugin AndroidDeviceProfileSelector
LogPluginManager: Mounting plugin AndroidMoviePlayer
LogPluginManager: Mounting plugin AndroidPermission
LogPluginManager: Mounting plugin AppleImageUtils
LogPluginManager: Mounting plugin AppleMoviePlayer
LogPluginManager: Mounting plugin ArchVisCharacter
LogPluginManager: Mounting plugin AssetTags
LogPluginManager: Mounting plugin AudioCapture
LogPluginManager: Mounting plugin CableComponent
LogPluginManager: Mounting plugin CustomMeshComponent
LogPluginManager: Mounting plugin EditableMesh
LogPluginManager: Mounting plugin ExampleDeviceProfileSelector
LogPluginManager: Mounting plugin GoogleCloudMessaging
LogPluginManager: Mounting plugin GooglePAD
LogPluginManager: Mounting plugin IOSDeviceProfileSelector
LogPluginManager: Mounting plugin LinuxDeviceProfileSelector
LogPluginManager: Mounting plugin LocationServicesBPLibrary
LogPluginManager: Mounting plugin MobilePatchingUtils
LogPluginManager: Mounting plugin OculusVR
LogPluginManager: Mounting plugin PhysXVehicles
LogPluginManager: Mounting plugin PostSplashScreen
LogPluginManager: Mounting plugin ProceduralMeshComponent
LogPluginManager: Mounting plugin RuntimePhysXCooking
LogPluginManager: Mounting plugin SignificanceManager
LogPluginManager: Mounting plugin SoundFields
LogPluginManager: Mounting plugin SteamController
LogPluginManager: Mounting plugin SteamShared
LogPluginManager: Mounting plugin SteamSockets
LogPluginManager: Mounting plugin SteamVR
LogPluginManager: Mounting plugin Synthesis
LogPluginManager: Mounting plugin WebMMoviePlayer
LogPluginManager: Mounting plugin WindowsMoviePlayer
LogPluginManager: Mounting plugin ScreenshotTools
LogInit: Using libcurl 7.55.1-DEV
LogInit:  - built for x86_64-pc-win32
LogInit:  - supports SSL with OpenSSL/1.1.1
LogInit:  - supports HTTP deflate (compression) using libz 1.2.8
LogInit:  - other features:
LogInit:      CURL_VERSION_SSL
LogInit:      CURL_VERSION_LIBZ
LogInit:      CURL_VERSION_IPV6
LogInit:      CURL_VERSION_ASYNCHDNS
LogInit:      CURL_VERSION_LARGEFILE
LogInit:      CURL_VERSION_IDN
LogInit:  CurlRequestOptions (configurable via config and command line):
LogInit:  - bVerifyPeer = true  - Libcurl will verify peer certificate
LogInit:  - bUseHttpProxy = false  - Libcurl will NOT use HTTP proxy
LogInit:  - bDontReuseConnections = false  - Libcurl will reuse connections
LogInit:  - MaxHostConnections = 16  - Libcurl will limit the number of connections to a host
LogInit:  - LocalHostAddr = Default
LogInit:  - BufferSize = 65536
LogOnline: OSS: Creating online subsystem instance for: NULL
LogInit: WinSock: version 1.1 (2.2), MaxSocks=32767, MaxUdp=65467
LogOnline: OSS: TryLoadSubsystemAndSetDefault: Loaded subsystem for module [NULL]
LogInit: Build: ++UE4+Release-4.25-CL-13942748
LogInit: Engine Version: 4.25.3-13942748+++UE4+Release-4.25
LogInit: Compatible Engine Version: 4.25.0-13144385+++UE4+Release-4.25
LogInit: Net CL: 13144385
LogInit: OS: Windows 10 (Release 1903) (), CPU: Intel(R) Core(TM) i5-4200U CPU @ 1.60GHz, GPU: Intel(R) HD Graphics Family
LogInit: Compiled (64-bit): Jul 25 2020 02:07:48
LogInit: Compiled with Visual C++: 19.24.28315.00
LogInit: Build Configuration: Development
LogInit: Branch Name: ++UE4+Release-4.25
LogInit: Command Line:  /Game/ThirdPersonBP/Maps/ThirdPersonExampleMap?Listen -game -PIEVIACONSOLE -Multiprocess GameUserSettingsINI=C:/Users/Nandita/Desktop/Demo2020/NewUnrealDemo/RobotDemo/SimpleRobotDemo_BP/Saved/Config/Windows/PIEGameUserSettings0.ini -MultiprocessSaveConfig -MultiprocessOSS -messaging -SessionName="Play in Standalone Game" -port=17777 -PktEmulationProfile=Average -windowed -ResX=1280 -ResY=720
LogInit: Base Directory: C:/Program Files/Epic Games/UE_4.25/Engine/Binaries/Win64/
LogInit: Allocator: TBB
LogInit: Installed Engine Build: 1
LogDevObjectVersion: Number of dev versions registered: 26
LogDevObjectVersion:   Dev-Blueprints (B0D832E4-1F89-4F0D-ACCF-7EB736FD4AA2): 10
LogDevObjectVersion:   Dev-Build (E1C64328-A22C-4D53-A36C-8E866417BD8C): 0
LogDevObjectVersion:   Dev-Core (375EC13C-06E4-48FB-B500-84F0262A717E): 4
LogDevObjectVersion:   Dev-Editor (E4B068ED-F494-42E9-A231-DA0B2E46BB41): 38
LogDevObjectVersion:   Dev-Framework (CFFC743F-43B0-4480-9391-14DF171D2073): 37
LogDevObjectVersion:   Dev-Mobile (B02B49B5-BB20-44E9-A304-32B752E40360): 2
LogDevObjectVersion:   Dev-Networking (A4E4105C-59A1-49B5-A7C5-40C4547EDFEE): 0
LogDevObjectVersion:   Dev-Online (39C831C9-5AE6-47DC-9A44-9C173E1C8E7C): 0
LogDevObjectVersion:   Dev-Physics (78F01B33-EBEA-4F98-B9B4-84EACCB95AA2): 4
LogDevObjectVersion:   Dev-Platform (6631380F-2D4D-43E0-8009-CF276956A95A): 0
LogDevObjectVersion:   Dev-Rendering (12F88B9F-8875-4AFC-A67C-D90C383ABD29): 43
LogDevObjectVersion:   Dev-Sequencer (7B5AE74C-D270-4C10-A958-57980B212A5A): 12
LogDevObjectVersion:   Dev-VR (D7296918-1DD6-4BDD-9DE2-64A83CC13884): 3
LogDevObjectVersion:   Dev-LoadTimes (C2A15278-BFE7-4AFE-6C17-90FF531DF755): 1
LogDevObjectVersion:   Private-Geometry (6EACA3D4-40EC-4CC1-B786-8BED09428FC5): 3
LogDevObjectVersion:   Dev-AnimPhys (29E575DD-E0A3-4627-9D10-D276232CDCEA): 17
LogDevObjectVersion:   Dev-Anim (AF43A65D-7FD3-4947-9873-3E8ED9C1BB05): 7
LogDevObjectVersion:   Dev-ReflectionCapture (6B266CEC-1EC7-4B8F-A30B-E4D90942FC07): 1
LogDevObjectVersion:   Dev-Automation (0DF73D61-A23F-47EA-B727-89E90C41499A): 1
LogDevObjectVersion:   FortniteMain (601D1886-AC64-4F84-AA16-D3DE0DEAC7D6): 31
LogDevObjectVersion:   Dev-Enterprise (9DFFBCD6-494F-0158-E221-12823C92A888): 10
LogDevObjectVersion:   Dev-Niagara (F2AED0AC-9AFE-416F-8664-AA7FFA26D6FC): 1
LogDevObjectVersion:   Dev-Destruction (174F1F0B-B4C6-45A5-B13F-2EE8D0FB917D): 10
LogDevObjectVersion:   Dev-Physics-Ext (35F94A83-E258-406C-A318-09F59610247C): 37
LogDevObjectVersion:   Dev-PhysicsMaterial-Chaos (B68FC16E-8B1B-42E2-B453-215C058844FE): 1
LogDevObjectVersion:   Dev-CineCamera (B2E18506-4273-CFC2-A54E-F4BB758BBA07): 1
LogInit: Presizing for max 25165824 objects, including 0 objects not considered by GC, pre-allocating 0 bytes for permanent pool.
LogConfig: Applying CVar settings from Section [/Script/Engine.StreamingSettings] File [C:/Users/Nandita/Desktop/Demo2020/NewUnrealDemo/RobotDemo/SimpleRobotDemo_BP/Saved/Config/Windows/Engine.ini]
LogConfig: Setting CVar [[s.MinBulkDataSizeForAsyncLoading:131072]]
LogConfig: Setting CVar [[s.AsyncLoadingThreadEnabled:0]]
LogConfig: Setting CVar [[s.EventDrivenLoaderEnabled:1]]
LogConfig: Setting CVar [[s.WarnIfTimeLimitExceeded:0]]
LogConfig: Setting CVar [[s.TimeLimitExceededMultiplier:1.5]]
LogConfig: Setting CVar [[s.TimeLimitExceededMinTime:0.005]]
LogConfig: Setting CVar [[s.UseBackgroundLevelStreaming:1]]
LogConfig: Setting CVar [[s.PriorityAsyncLoadingExtraTime:15.0]]
LogConfig: Setting CVar [[s.LevelStreamingActorsUpdateTimeLimit:5.0]]
LogConfig: Setting CVar [[s.PriorityLevelStreamingActorsUpdateExtraTime:5.0]]
LogConfig: Setting CVar [[s.LevelStreamingComponentsRegistrationGranularity:10]]
LogConfig: Setting CVar [[s.UnregisterComponentsTimeLimit:1.0]]
LogConfig: Setting CVar [[s.LevelStreamingComponentsUnregistrationGranularity:5]]
LogConfig: Setting CVar [[s.FlushStreamingOnExit:1]]
LogInit: Object subsystem initialized
LogConfig: Setting CVar [[con.DebugEarlyDefault:1]]
LogConfig: Setting CVar [[r.setres:1280x720]]
[2020.10.04-19.37.00:583][  0]LogConfig: Setting CVar [[con.DebugEarlyDefault:1]]
[2020.10.04-19.37.00:583][  0]LogConfig: Setting CVar [[r.setres:1280x720]]
[2020.10.04-19.37.00:583][  0]LogConfig: Applying CVar settings from Section [/Script/Engine.RendererSettings] File [C:/Users/Nandita/Desktop/Demo2020/NewUnrealDemo/RobotDemo/SimpleRobotDemo_BP/Saved/Config/Windows/Engine.ini]
[2020.10.04-19.37.00:583][  0]LogConfig: Setting CVar [[r.GPUCrashDebugging:0]]
[2020.10.04-19.37.00:583][  0]LogConfig: Applying CVar settings from Section [/Script/Engine.RendererOverrideSettings] File [C:/Users/Nandita/Desktop/Demo2020/NewUnrealDemo/RobotDemo/SimpleRobotDemo_BP/Saved/Config/Windows/Engine.ini]
[2020.10.04-19.37.00:583][  0]LogConfig: Applying CVar settings from Section [/Script/Engine.StreamingSettings] File [C:/Users/Nandita/Desktop/Demo2020/NewUnrealDemo/RobotDemo/SimpleRobotDemo_BP/Saved/Config/Windows/Engine.ini]
[2020.10.04-19.37.00:583][  0]LogConfig: Setting CVar [[s.MinBulkDataSizeForAsyncLoading:131072]]
[2020.10.04-19.37.00:584][  0]LogConfig: Setting CVar [[s.AsyncLoadingThreadEnabled:0]]
[2020.10.04-19.37.00:584][  0]LogConfig: Setting CVar [[s.EventDrivenLoaderEnabled:1]]
[2020.10.04-19.37.00:584][  0]LogConfig: Setting CVar [[s.WarnIfTimeLimitExceeded:0]]
[2020.10.04-19.37.00:584][  0]LogConfig: Setting CVar [[s.TimeLimitExceededMultiplier:1.5]]
[2020.10.04-19.37.00:584][  0]LogConfig: Setting CVar [[s.TimeLimitExceededMinTime:0.005]]
[2020.10.04-19.37.00:584][  0]LogConfig: Setting CVar [[s.UseBackgroundLevelStreaming:1]]
[2020.10.04-19.37.00:584][  0]LogConfig: Setting CVar [[s.PriorityAsyncLoadingExtraTime:15.0]]
[2020.10.04-19.37.00:584][  0]LogConfig: Setting CVar [[s.LevelStreamingActorsUpdateTimeLimit:5.0]]
[2020.10.04-19.37.00:584][  0]LogConfig: Setting CVar [[s.PriorityLevelStreamingActorsUpdateExtraTime:5.0]]
[2020.10.04-19.37.00:584][  0]LogConfig: Setting CVar [[s.LevelStreamingComponentsRegistrationGranularity:10]]
[2020.10.04-19.37.00:584][  0]LogConfig: Setting CVar [[s.UnregisterComponentsTimeLimit:1.0]]
[2020.10.04-19.37.00:584][  0]LogConfig: Setting CVar [[s.LevelStreamingComponentsUnregistrationGranularity:5]]
[2020.10.04-19.37.00:584][  0]LogConfig: Setting CVar [[s.FlushStreamingOnExit:1]]
[2020.10.04-19.37.00:584][  0]LogConfig: Applying CVar settings from Section [/Script/Engine.GarbageCollectionSettings] File [C:/Users/Nandita/Desktop/Demo2020/NewUnrealDemo/RobotDemo/SimpleRobotDemo_BP/Saved/Config/Windows/Engine.ini]
[2020.10.04-19.37.00:584][  0]LogConfig: Setting CVar [[gc.MaxObjectsNotConsideredByGC:1]]
[2020.10.04-19.37.00:584][  0]LogConfig: Setting CVar [[gc.SizeOfPermanentObjectPool:0]]
[2020.10.04-19.37.00:584][  0]LogConfig: Setting CVar [[gc.FlushStreamingOnGC:0]]
[2020.10.04-19.37.00:584][  0]LogConfig: Setting CVar [[gc.NumRetriesBeforeForcingGC:10]]
[2020.10.04-19.37.00:584][  0]LogConfig: Setting CVar [[gc.AllowParallelGC:1]]
[2020.10.04-19.37.00:584][  0]LogConfig: Setting CVar [[gc.TimeBetweenPurgingPendingKillObjects:61.1]]
[2020.10.04-19.37.00:584][  0]LogConfig: Setting CVar [[gc.MaxObjectsInEditor:25165824]]
[2020.10.04-19.37.00:584][  0]LogConfig: Setting CVar [[gc.IncrementalBeginDestroyEnabled:1]]
[2020.10.04-19.37.00:585][  0]LogConfig: Setting CVar [[gc.CreateGCClusters:1]]
[2020.10.04-19.37.00:585][  0]LogConfig: Setting CVar [[gc.MinGCClusterSize:5]]
[2020.10.04-19.37.00:585][  0]LogConfig: Setting CVar [[gc.ActorClusteringEnabled:0]]
[2020.10.04-19.37.00:585][  0]LogConfig: Setting CVar [[gc.BlueprintClusteringEnabled:0]]
[2020.10.04-19.37.00:585][  0]LogConfig: Setting CVar [[gc.UseDisregardForGCOnDedicatedServers:0]]
[2020.10.04-19.37.00:585][  0]LogConfig: Applying CVar settings from Section [/Script/Engine.NetworkSettings] File [C:/Users/Nandita/Desktop/Demo2020/NewUnrealDemo/RobotDemo/SimpleRobotDemo_BP/Saved/Config/Windows/Engine.ini]
[2020.10.04-19.37.00:585][  0]LogConfig: Setting CVar [[p.EnableMultiplayerWorldOriginRebasing:1]]
[2020.10.04-19.37.00:585][  0]LogConfig: Applying CVar settings from Section [/Script/UnrealEd.CookerSettings] File [C:/Users/Nandita/Desktop/Demo2020/NewUnrealDemo/RobotDemo/SimpleRobotDemo_BP/Saved/Config/Windows/Engine.ini]
[2020.10.04-19.37.00:592][  0]LogConfig: Applying CVar settings from Section [ViewDistanceQuality@3] File [C:/Users/Nandita/Desktop/Demo2020/NewUnrealDemo/RobotDemo/SimpleRobotDemo_BP/Saved/Config/Windows/Scalability.ini]
[2020.10.04-19.37.00:592][  0]LogConfig: Setting CVar [[r.SkeletalMeshLODBias:0]]
[2020.10.04-19.37.00:592][  0]LogConfig: Setting CVar [[r.ViewDistanceScale:1.0]]
[2020.10.04-19.37.00:592][  0]LogConfig: Applying CVar settings from Section [AntiAliasingQuality@3] File [C:/Users/Nandita/Desktop/Demo2020/NewUnrealDemo/RobotDemo/SimpleRobotDemo_BP/Saved/Config/Windows/Scalability.ini]
[2020.10.04-19.37.00:592][  0]LogConfig: Setting CVar [[r.PostProcessAAQuality:4]]
[2020.10.04-19.37.00:592][  0]LogConfig: Applying CVar settings from Section [ShadowQuality@3] File [C:/Users/Nandita/Desktop/Demo2020/NewUnrealDemo/RobotDemo/SimpleRobotDemo_BP/Saved/Config/Windows/Scalability.ini]
[2020.10.04-19.37.00:592][  0]LogConfig: Setting CVar [[r.LightFunctionQuality:1]]
[2020.10.04-19.37.00:592][  0]LogConfig: Setting CVar [[r.ShadowQuality:5]]
[2020.10.04-19.37.00:592][  0]LogConfig: Setting CVar [[r.Shadow.CSM.MaxCascades:10]]
[2020.10.04-19.37.00:592][  0]LogConfig: Setting CVar [[r.Shadow.MaxResolution:2048]]
[2020.10.04-19.37.00:592][  0]LogConfig: Setting CVar [[r.Shadow.MaxCSMResolution:2048]]
[2020.10.04-19.37.00:592][  0]LogConfig: Setting CVar [[r.Shadow.RadiusThreshold:0.01]]
[2020.10.04-19.37.00:592][  0]LogConfig: Setting CVar [[r.Shadow.DistanceScale:1.0]]
[2020.10.04-19.37.00:592][  0]LogConfig: Setting CVar [[r.Shadow.CSM.TransitionScale:1.0]]
[2020.10.04-19.37.00:592][  0]LogConfig: Setting CVar [[r.Shadow.PreShadowResolutionFactor:1.0]]
[2020.10.04-19.37.00:592][  0]LogConfig: Setting CVar [[r.DistanceFieldShadowing:1]]
[2020.10.04-19.37.00:592][  0]LogConfig: Setting CVar [[r.DistanceFieldAO:1]]
[2020.10.04-19.37.00:592][  0]LogConfig: Setting CVar [[r.AOQuality:2]]
[2020.10.04-19.37.00:592][  0]LogConfig: Setting CVar [[r.VolumetricFog:1]]
[2020.10.04-19.37.00:593][  0]LogConfig: Setting CVar [[r.VolumetricFog.GridPixelSize:8]]
[2020.10.04-19.37.00:593][  0]LogConfig: Setting CVar [[r.VolumetricFog.GridSizeZ:128]]
[2020.10.04-19.37.00:593][  0]LogConfig: Setting CVar [[r.VolumetricFog.HistoryMissSupersampleCount:4]]
[2020.10.04-19.37.00:593][  0]LogConfig: Setting CVar [[r.LightMaxDrawDistanceScale:1]]
[2020.10.04-19.37.00:593][  0]LogConfig: Setting CVar [[r.CapsuleShadows:1]]
[2020.10.04-19.37.00:593][  0]LogConfig: Applying CVar settings from Section [PostProcessQuality@3] File [C:/Users/Nandita/Desktop/Demo2020/NewUnrealDemo/RobotDemo/SimpleRobotDemo_BP/Saved/Config/Windows/Scalability.ini]
[2020.10.04-19.37.00:593][  0]LogConfig: Setting CVar [[r.MotionBlurQuality:4]]
[2020.10.04-19.37.00:593][  0]LogConfig: Setting CVar [[r.AmbientOcclusionMipLevelFactor:0.4]]
[2020.10.04-19.37.00:593][  0]LogConfig: Setting CVar [[r.AmbientOcclusionMaxQuality:100]]
[2020.10.04-19.37.00:593][  0]LogConfig: Setting CVar [[r.AmbientOcclusionLevels:-1]]
[2020.10.04-19.37.00:593][  0]LogConfig: Setting CVar [[r.AmbientOcclusionRadiusScale:1.0]]
[2020.10.04-19.37.00:593][  0]LogConfig: Setting CVar [[r.DepthOfFieldQuality:2]]
[2020.10.04-19.37.00:593][  0]LogConfig: Setting CVar [[r.RenderTargetPoolMin:400]]
[2020.10.04-19.37.00:593][  0]LogConfig: Setting CVar [[r.LensFlareQuality:2]]
[2020.10.04-19.37.00:593][  0]LogConfig: Setting CVar [[r.SceneColorFringeQuality:1]]
[2020.10.04-19.37.00:593][  0]LogConfig: Setting CVar [[r.EyeAdaptationQuality:2]]
[2020.10.04-19.37.00:593][  0]LogConfig: Setting CVar [[r.BloomQuality:5]]
[2020.10.04-19.37.00:593][  0]LogConfig: Setting CVar [[r.FastBlurThreshold:100]]
[2020.10.04-19.37.00:593][  0]LogConfig: Setting CVar [[r.Upscale.Quality:3]]
[2020.10.04-19.37.00:593][  0]LogConfig: Setting CVar [[r.Tonemapper.GrainQuantization:1]]
[2020.10.04-19.37.00:593][  0]LogConfig: Setting CVar [[r.LightShaftQuality:1]]
[2020.10.04-19.37.00:593][  0]LogConfig: Setting CVar [[r.Filter.SizeScale:1]]
[2020.10.04-19.37.00:593][  0]LogConfig: Setting CVar [[r.Tonemapper.Quality:5]]
[2020.10.04-19.37.00:593][  0]LogConfig: Setting CVar [[r.DOF.Gather.AccumulatorQuality:1        ; higher gathering accumulator quality]]
[2020.10.04-19.37.00:593][  0]LogConfig: Setting CVar [[r.DOF.Gather.PostfilterMethod:1          ; Median3x3 postfilering method]]
[2020.10.04-19.37.00:593][  0]LogConfig: Setting CVar [[r.DOF.Gather.EnableBokehSettings:0       ; no bokeh simulation when gathering]]
[2020.10.04-19.37.00:593][  0]LogConfig: Setting CVar [[r.DOF.Gather.RingCount:4                 ; medium number of samples when gathering]]
[2020.10.04-19.37.00:594][  0]LogConfig: Setting CVar [[r.DOF.Scatter.ForegroundCompositing:1    ; additive foreground scattering]]
[2020.10.04-19.37.00:594][  0]LogConfig: Setting CVar [[r.DOF.Scatter.BackgroundCompositing:2    ; additive background scattering]]
[2020.10.04-19.37.00:594][  0]LogConfig: Setting CVar [[r.DOF.Scatter.EnableBokehSettings:1      ; bokeh simulation when scattering]]
[2020.10.04-19.37.00:594][  0]LogConfig: Setting CVar [[r.DOF.Scatter.MaxSpriteRatio:0.1         ; only a maximum of 10% of scattered bokeh]]
[2020.10.04-19.37.00:594][  0]LogConfig: Setting CVar [[r.DOF.Recombine.Quality:1                ; cheap slight out of focus]]
[2020.10.04-19.37.00:594][  0]LogConfig: Setting CVar [[r.DOF.Recombine.EnableBokehSettings:0    ; no bokeh simulation on slight out of focus]]
[2020.10.04-19.37.00:594][  0]LogConfig: Setting CVar [[r.DOF.TemporalAAQuality:1                ; more stable temporal accumulation]]
[2020.10.04-19.37.00:594][  0]LogConfig: Setting CVar [[r.DOF.Kernel.MaxForegroundRadius:0.025]]
[2020.10.04-19.37.00:594][  0]LogConfig: Setting CVar [[r.DOF.Kernel.MaxBackgroundRadius:0.025]]
[2020.10.04-19.37.00:594][  0]LogConfig: Applying CVar settings from Section [TextureQuality@3] File [C:/Users/Nandita/Desktop/Demo2020/NewUnrealDemo/RobotDemo/SimpleRobotDemo_BP/Saved/Config/Windows/Scalability.ini]
[2020.10.04-19.37.00:594][  0]LogConfig: Setting CVar [[r.Streaming.MipBias:0]]
[2020.10.04-19.37.00:594][  0]LogConfig: Setting CVar [[r.Streaming.AmortizeCPUToGPUCopy:0]]
[2020.10.04-19.37.00:594][  0]LogConfig: Setting CVar [[r.Streaming.MaxNumTexturesToStreamPerFrame:0]]
[2020.10.04-19.37.00:594][  0]LogConfig: Setting CVar [[r.Streaming.Boost:1]]
[2020.10.04-19.37.00:594][  0]LogConfig: Setting CVar [[r.MaxAnisotropy:8]]
[2020.10.04-19.37.00:594][  0]LogConfig: Setting CVar [[r.VT.MaxAnisotropy:8]]
[2020.10.04-19.37.00:594][  0]LogConfig: Setting CVar [[r.Streaming.LimitPoolSizeToVRAM:0]]
[2020.10.04-19.37.00:594][  0]LogConfig: Setting CVar [[r.Streaming.PoolSize:1000]]
[2020.10.04-19.37.00:594][  0]LogConfig: Setting CVar [[r.Streaming.MaxEffectiveScreenSize:0]]
[2020.10.04-19.37.00:594][  0]LogConfig: Applying CVar settings from Section [EffectsQuality@3] File [C:/Users/Nandita/Desktop/Demo2020/NewUnrealDemo/RobotDemo/SimpleRobotDemo_BP/Saved/Config/Windows/Scalability.ini]
[2020.10.04-19.37.00:594][  0]LogConfig: Setting CVar [[r.TranslucencyLightingVolumeDim:64]]
[2020.10.04-19.37.00:594][  0]LogConfig: Setting CVar [[r.RefractionQuality:2]]
[2020.10.04-19.37.00:594][  0]LogConfig: Setting CVar [[r.SSR.Quality:3]]
[2020.10.04-19.37.00:595][  0]LogConfig: Setting CVar [[r.SSR.HalfResSceneColor:0]]
[2020.10.04-19.37.00:595][  0]LogConfig: Setting CVar [[r.SceneColorFormat:4]]
[2020.10.04-19.37.00:595][  0]LogConfig: Setting CVar [[r.DetailMode:2]]
[2020.10.04-19.37.00:595][  0]LogConfig: Setting CVar [[r.TranslucencyVolumeBlur:1]]
[2020.10.04-19.37.00:595][  0]LogConfig: Setting CVar [[r.MaterialQualityLevel:1 ; High quality]]
[2020.10.04-19.37.00:595][  0]LogConfig: Setting CVar [[r.SSS.Scale:1]]
[2020.10.04-19.37.00:595][  0]LogConfig: Setting CVar [[r.SSS.SampleSet:2]]
[2020.10.04-19.37.00:595][  0]LogConfig: Setting CVar [[r.SSS.Quality:1]]
[2020.10.04-19.37.00:595][  0]LogConfig: Setting CVar [[r.SSS.HalfRes:0]]
[2020.10.04-19.37.00:595][  0]LogConfig: Setting CVar [[r.SSGI.Quality:3]]
[2020.10.04-19.37.00:595][  0]LogConfig: Setting CVar [[r.EmitterSpawnRateScale:1.0]]
[2020.10.04-19.37.00:595][  0]LogConfig: Setting CVar [[r.ParticleLightQuality:2]]
[2020.10.04-19.37.00:595][  0]LogConfig: Setting CVar [[r.SkyAtmosphere.AerialPerspectiveLUT.FastApplyOnOpaque:1 ; Always have FastSkyLUT 1 in this case to avoid wrong sky]]
[2020.10.04-19.37.00:595][  0]LogConfig: Setting CVar [[r.SkyAtmosphere.AerialPerspectiveLUT.SampleCountPerSlice:1]]
[2020.10.04-19.37.00:595][  0]LogConfig: Setting CVar [[r.SkyAtmosphere.AerialPerspectiveLUT.DepthResolution:16.0]]
[2020.10.04-19.37.00:595][  0]LogConfig: Setting CVar [[r.SkyAtmosphere.FastSkyLUT:1]]
[2020.10.04-19.37.00:595][  0]LogConfig: Setting CVar [[r.SkyAtmosphere.FastSkyLUT.SampleCountMin:4.0]]
[2020.10.04-19.37.00:595][  0]LogConfig: Setting CVar [[r.SkyAtmosphere.FastSkyLUT.SampleCountMax:32.0]]
[2020.10.04-19.37.00:595][  0]LogConfig: Setting CVar [[r.SkyAtmosphere.SampleCountMin:4.0]]
[2020.10.04-19.37.00:596][  0]LogConfig: Setting CVar [[r.SkyAtmosphere.SampleCountMax:32.0]]
[2020.10.04-19.37.00:596][  0]LogConfig: Setting CVar [[r.SkyAtmosphere.TransmittanceLUT.UseSmallFormat:0]]
[2020.10.04-19.37.00:596][  0]LogConfig: Setting CVar [[r.SkyAtmosphere.TransmittanceLUT.SampleCount:10.0]]
[2020.10.04-19.37.00:596][  0]LogConfig: Setting CVar [[r.SkyAtmosphere.MultiScatteringLUT.SampleCount:15.0]]
[2020.10.04-19.37.00:596][  0]LogConfig: Applying CVar settings from Section [FoliageQuality@3] File [C:/Users/Nandita/Desktop/Demo2020/NewUnrealDemo/RobotDemo/SimpleRobotDemo_BP/Saved/Config/Windows/Scalability.ini]
[2020.10.04-19.37.00:596][  0]LogConfig: Setting CVar [[foliage.DensityScale:1.0]]
[2020.10.04-19.37.00:596][  0]LogConfig: Setting CVar [[grass.DensityScale:1.0]]
[2020.10.04-19.37.00:596][  0]LogConfig: Applying CVar settings from Section [ShadingQuality@3] File [C:/Users/Nandita/Desktop/Demo2020/NewUnrealDemo/RobotDemo/SimpleRobotDemo_BP/Saved/Config/Windows/Scalability.ini]
[2020.10.04-19.37.00:596][  0]LogConfig: Setting CVar [[r.HairStrands.SkyLighting.SampleCount:16]]
[2020.10.04-19.37.00:596][  0]LogConfig: Setting CVar [[r.HairStrands.SkyLighting.JitterIntegration:0]]
[2020.10.04-19.37.00:596][  0]LogConfig: Setting CVar [[r.HairStrands.SkyAO.SampleCount:16]]
[2020.10.04-19.37.00:596][  0]LogConfig: Setting CVar [[r.HairStrands.DeepShadow.SuperSampling:0]]
[2020.10.04-19.37.00:596][  0]LogConfig: Setting CVar [[r.HairStrands.VisibilityPPLL:0]]
[2020.10.04-19.37.00:596][  0]LogConfig: Setting CVar [[r.HairStrands.RasterizationScale:0.5]]
[2020.10.04-19.37.00:596][  0]LogConfig: Setting CVar [[r.HairStrands.VelocityRasterizationScale:1]]
[2020.10.04-19.37.00:596][  0]LogInit: Selected Device Profile: [Windows]
[2020.10.04-19.37.00:596][  0]LogInit: Applying CVar settings loaded from the selected device profile: [Windows]
[2020.10.04-19.37.00:596][  0]LogHAL: Display: Platform has ~ 12 GB [12811657216 / 17179869184 / 12], which maps to Larger [LargestMinGB=32, LargerMinGB=12, DefaultMinGB=8, SmallerMinGB=6, SmallestMinGB=0)
[2020.10.04-19.37.00:597][  0]LogInit: Going up to parent DeviceProfile []
[2020.10.04-19.37.00:597][  0]LogConfig: Applying CVar settings from Section [ViewDistanceQuality@3] File [C:/Users/Nandita/Desktop/Demo2020/NewUnrealDemo/RobotDemo/SimpleRobotDemo_BP/Saved/Config/Windows/Scalability.ini]
[2020.10.04-19.37.00:597][  0]LogConfig: Setting CVar [[r.SkeletalMeshLODBias:0]]
[2020.10.04-19.37.00:597][  0]LogConfig: Setting CVar [[r.ViewDistanceScale:1.0]]
[2020.10.04-19.37.00:597][  0]LogConfig: Applying CVar settings from Section [AntiAliasingQuality@3] File [C:/Users/Nandita/Desktop/Demo2020/NewUnrealDemo/RobotDemo/SimpleRobotDemo_BP/Saved/Config/Windows/Scalability.ini]
[2020.10.04-19.37.00:597][  0]LogConfig: Setting CVar [[r.PostProcessAAQuality:4]]
[2020.10.04-19.37.00:597][  0]LogConfig: Applying CVar settings from Section [ShadowQuality@3] File [C:/Users/Nandita/Desktop/Demo2020/NewUnrealDemo/RobotDemo/SimpleRobotDemo_BP/Saved/Config/Windows/Scalability.ini]
[2020.10.04-19.37.00:597][  0]LogConfig: Setting CVar [[r.LightFunctionQuality:1]]
[2020.10.04-19.37.00:597][  0]LogConfig: Setting CVar [[r.ShadowQuality:5]]
[2020.10.04-19.37.00:597][  0]LogConfig: Setting CVar [[r.Shadow.CSM.MaxCascades:10]]
[2020.10.04-19.37.00:597][  0]LogConfig: Setting CVar [[r.Shadow.MaxResolution:2048]]
[2020.10.04-19.37.00:597][  0]LogConfig: Setting CVar [[r.Shadow.MaxCSMResolution:2048]]
[2020.10.04-19.37.00:597][  0]LogConfig: Setting CVar [[r.Shadow.RadiusThreshold:0.01]]
[2020.10.04-19.37.00:597][  0]LogConfig: Setting CVar [[r.Shadow.DistanceScale:1.0]]
[2020.10.04-19.37.00:597][  0]LogConfig: Setting CVar [[r.Shadow.CSM.TransitionScale:1.0]]
[2020.10.04-19.37.00:597][  0]LogConfig: Setting CVar [[r.Shadow.PreShadowResolutionFactor:1.0]]
[2020.10.04-19.37.00:597][  0]LogConfig: Setting CVar [[r.DistanceFieldShadowing:1]]
[2020.10.04-19.37.00:597][  0]LogConfig: Setting CVar [[r.DistanceFieldAO:1]]
[2020.10.04-19.37.00:597][  0]LogConfig: Setting CVar [[r.AOQuality:2]]
[2020.10.04-19.37.00:597][  0]LogConfig: Setting CVar [[r.VolumetricFog:1]]
[2020.10.04-19.37.00:597][  0]LogConfig: Setting CVar [[r.VolumetricFog.GridPixelSize:8]]
[2020.10.04-19.37.00:597][  0]LogConfig: Setting CVar [[r.VolumetricFog.GridSizeZ:128]]
[2020.10.04-19.37.00:598][  0]LogConfig: Setting CVar [[r.VolumetricFog.HistoryMissSupersampleCount:4]]
[2020.10.04-19.37.00:598][  0]LogConfig: Setting CVar [[r.LightMaxDrawDistanceScale:1]]
[2020.10.04-19.37.00:598][  0]LogConfig: Setting CVar [[r.CapsuleShadows:1]]
[2020.10.04-19.37.00:598][  0]LogConfig: Applying CVar settings from Section [PostProcessQuality@3] File [C:/Users/Nandita/Desktop/Demo2020/NewUnrealDemo/RobotDemo/SimpleRobotDemo_BP/Saved/Config/Windows/Scalability.ini]
[2020.10.04-19.37.00:598][  0]LogConfig: Setting CVar [[r.MotionBlurQuality:4]]
[2020.10.04-19.37.00:598][  0]LogConfig: Setting CVar [[r.AmbientOcclusionMipLevelFactor:0.4]]
[2020.10.04-19.37.00:598][  0]LogConfig: Setting CVar [[r.AmbientOcclusionMaxQuality:100]]
[2020.10.04-19.37.00:598][  0]LogConfig: Setting CVar [[r.AmbientOcclusionLevels:-1]]
[2020.10.04-19.37.00:598][  0]LogConfig: Setting CVar [[r.AmbientOcclusionRadiusScale:1.0]]
[2020.10.04-19.37.00:598][  0]LogConfig: Setting CVar [[r.DepthOfFieldQuality:2]]
[2020.10.04-19.37.00:598][  0]LogConfig: Setting CVar [[r.RenderTargetPoolMin:400]]
[2020.10.04-19.37.00:598][  0]LogConfig: Setting CVar [[r.LensFlareQuality:2]]
[2020.10.04-19.37.00:598][  0]LogConfig: Setting CVar [[r.SceneColorFringeQuality:1]]
[2020.10.04-19.37.00:598][  0]LogConfig: Setting CVar [[r.EyeAdaptationQuality:2]]
[2020.10.04-19.37.00:598][  0]LogConfig: Setting CVar [[r.BloomQuality:5]]
[2020.10.04-19.37.00:598][  0]LogConfig: Setting CVar [[r.FastBlurThreshold:100]]
[2020.10.04-19.37.00:598][  0]LogConfig: Setting CVar [[r.Upscale.Quality:3]]
[2020.10.04-19.37.00:598][  0]LogConfig: Setting CVar [[r.Tonemapper.GrainQuantization:1]]
[2020.10.04-19.37.00:598][  0]LogConfig: Setting CVar [[r.LightShaftQuality:1]]
[2020.10.04-19.37.00:598][  0]LogConfig: Setting CVar [[r.Filter.SizeScale:1]]
[2020.10.04-19.37.00:598][  0]LogConfig: Setting CVar [[r.Tonemapper.Quality:5]]
[2020.10.04-19.37.00:598][  0]LogConfig: Setting CVar [[r.DOF.Gather.AccumulatorQuality:1        ; higher gathering accumulator quality]]
[2020.10.04-19.37.00:598][  0]LogConfig: Setting CVar [[r.DOF.Gather.PostfilterMethod:1          ; Median3x3 postfilering method]]
[2020.10.04-19.37.00:598][  0]LogConfig: Setting CVar [[r.DOF.Gather.EnableBokehSettings:0       ; no bokeh simulation when gathering]]
[2020.10.04-19.37.00:598][  0]LogConfig: Setting CVar [[r.DOF.Gather.RingCount:4                 ; medium number of samples when gathering]]
[2020.10.04-19.37.00:598][  0]LogConfig: Setting CVar [[r.DOF.Scatter.ForegroundCompositing:1    ; additive foreground scattering]]
[2020.10.04-19.37.00:598][  0]LogConfig: Setting CVar [[r.DOF.Scatter.BackgroundCompositing:2    ; additive background scattering]]
[2020.10.04-19.37.00:599][  0]LogConfig: Setting CVar [[r.DOF.Scatter.EnableBokehSettings:1      ; bokeh simulation when scattering]]
[2020.10.04-19.37.00:599][  0]LogConfig: Setting CVar [[r.DOF.Scatter.MaxSpriteRatio:0.1         ; only a maximum of 10% of scattered bokeh]]
[2020.10.04-19.37.00:599][  0]LogConfig: Setting CVar [[r.DOF.Recombine.Quality:1                ; cheap slight out of focus]]
[2020.10.04-19.37.00:599][  0]LogConfig: Setting CVar [[r.DOF.Recombine.EnableBokehSettings:0    ; no bokeh simulation on slight out of focus]]
[2020.10.04-19.37.00:599][  0]LogConfig: Setting CVar [[r.DOF.TemporalAAQuality:1                ; more stable temporal accumulation]]
[2020.10.04-19.37.00:599][  0]LogConfig: Setting CVar [[r.DOF.Kernel.MaxForegroundRadius:0.025]]
[2020.10.04-19.37.00:599][  0]LogConfig: Setting CVar [[r.DOF.Kernel.MaxBackgroundRadius:0.025]]
[2020.10.04-19.37.00:599][  0]LogConfig: Applying CVar settings from Section [TextureQuality@3] File [C:/Users/Nandita/Desktop/Demo2020/NewUnrealDemo/RobotDemo/SimpleRobotDemo_BP/Saved/Config/Windows/Scalability.ini]
[2020.10.04-19.37.00:599][  0]LogConfig: Setting CVar [[r.Streaming.MipBias:0]]
[2020.10.04-19.37.00:599][  0]LogConfig: Setting CVar [[r.Streaming.AmortizeCPUToGPUCopy:0]]
[2020.10.04-19.37.00:599][  0]LogConfig: Setting CVar [[r.Streaming.MaxNumTexturesToStreamPerFrame:0]]
[2020.10.04-19.37.00:599][  0]LogConfig: Setting CVar [[r.Streaming.Boost:1]]
[2020.10.04-19.37.00:599][  0]LogConfig: Setting CVar [[r.MaxAnisotropy:8]]
[2020.10.04-19.37.00:599][  0]LogConfig: Setting CVar [[r.VT.MaxAnisotropy:8]]
[2020.10.04-19.37.00:599][  0]LogConfig: Setting CVar [[r.Streaming.LimitPoolSizeToVRAM:0]]
[2020.10.04-19.37.00:599][  0]LogConfig: Setting CVar [[r.Streaming.PoolSize:1000]]
[2020.10.04-19.37.00:599][  0]LogConfig: Setting CVar [[r.Streaming.MaxEffectiveScreenSize:0]]
[2020.10.04-19.37.00:599][  0]LogConfig: Applying CVar settings from Section [EffectsQuality@3] File [C:/Users/Nandita/Desktop/Demo2020/NewUnrealDemo/RobotDemo/SimpleRobotDemo_BP/Saved/Config/Windows/Scalability.ini]
[2020.10.04-19.37.00:599][  0]LogConfig: Setting CVar [[r.TranslucencyLightingVolumeDim:64]]
[2020.10.04-19.37.00:599][  0]LogConfig: Setting CVar [[r.RefractionQuality:2]]
[2020.10.04-19.37.00:599][  0]LogConfig: Setting CVar [[r.SSR.Quality:3]]
[2020.10.04-19.37.00:599][  0]LogConfig: Setting CVar [[r.SSR.HalfResSceneColor:0]]
[2020.10.04-19.37.00:599][  0]LogConfig: Setting CVar [[r.SceneColorFormat:4]]
[2020.10.04-19.37.00:599][  0]LogConfig: Setting CVar [[r.DetailMode:2]]
[2020.10.04-19.37.00:599][  0]LogConfig: Setting CVar [[r.TranslucencyVolumeBlur:1]]
[2020.10.04-19.37.00:599][  0]LogConfig: Setting CVar [[r.MaterialQualityLevel:1 ; High quality]]
[2020.10.04-19.37.00:600][  0]LogConfig: Setting CVar [[r.SSS.Scale:1]]
[2020.10.04-19.37.00:600][  0]LogConfig: Setting CVar [[r.SSS.SampleSet:2]]
[2020.10.04-19.37.00:600][  0]LogConfig: Setting CVar [[r.SSS.Quality:1]]
[2020.10.04-19.37.00:600][  0]LogConfig: Setting CVar [[r.SSS.HalfRes:0]]
[2020.10.04-19.37.00:600][  0]LogConfig: Setting CVar [[r.SSGI.Quality:3]]
[2020.10.04-19.37.00:600][  0]LogConfig: Setting CVar [[r.EmitterSpawnRateScale:1.0]]
[2020.10.04-19.37.00:600][  0]LogConfig: Setting CVar [[r.ParticleLightQuality:2]]
[2020.10.04-19.37.00:600][  0]LogConfig: Setting CVar [[r.SkyAtmosphere.AerialPerspectiveLUT.FastApplyOnOpaque:1 ; Always have FastSkyLUT 1 in this case to avoid wrong sky]]
[2020.10.04-19.37.00:600][  0]LogConfig: Setting CVar [[r.SkyAtmosphere.AerialPerspectiveLUT.SampleCountPerSlice:1]]
[2020.10.04-19.37.00:600][  0]LogConfig: Setting CVar [[r.SkyAtmosphere.AerialPerspectiveLUT.DepthResolution:16.0]]
[2020.10.04-19.37.00:600][  0]LogConfig: Setting CVar [[r.SkyAtmosphere.FastSkyLUT:1]]
[2020.10.04-19.37.00:600][  0]LogConfig: Setting CVar [[r.SkyAtmosphere.FastSkyLUT.SampleCountMin:4.0]]
[2020.10.04-19.37.00:600][  0]LogConfig: Setting CVar [[r.SkyAtmosphere.FastSkyLUT.SampleCountMax:32.0]]
[2020.10.04-19.37.00:600][  0]LogConfig: Setting CVar [[r.SkyAtmosphere.SampleCountMin:4.0]]
[2020.10.04-19.37.00:600][  0]LogConfig: Setting CVar [[r.SkyAtmosphere.SampleCountMax:32.0]]
[2020.10.04-19.37.00:600][  0]LogConfig: Setting CVar [[r.SkyAtmosphere.TransmittanceLUT.UseSmallFormat:0]]
[2020.10.04-19.37.00:600][  0]LogConfig: Setting CVar [[r.SkyAtmosphere.TransmittanceLUT.SampleCount:10.0]]
[2020.10.04-19.37.00:600][  0]LogConfig: Setting CVar [[r.SkyAtmosphere.MultiScatteringLUT.SampleCount:15.0]]
[2020.10.04-19.37.00:600][  0]LogConfig: Applying CVar settings from Section [FoliageQuality@3] File [C:/Users/Nandita/Desktop/Demo2020/NewUnrealDemo/RobotDemo/SimpleRobotDemo_BP/Saved/Config/Windows/Scalability.ini]
[2020.10.04-19.37.00:600][  0]LogConfig: Setting CVar [[foliage.DensityScale:1.0]]
[2020.10.04-19.37.00:600][  0]LogConfig: Setting CVar [[grass.DensityScale:1.0]]
[2020.10.04-19.37.00:600][  0]LogConfig: Applying CVar settings from Section [ShadingQuality@3] File [C:/Users/Nandita/Desktop/Demo2020/NewUnrealDemo/RobotDemo/SimpleRobotDemo_BP/Saved/Config/Windows/Scalability.ini]
[2020.10.04-19.37.00:600][  0]LogConfig: Setting CVar [[r.HairStrands.SkyLighting.SampleCount:16]]
[2020.10.04-19.37.00:601][  0]LogConfig: Setting CVar [[r.HairStrands.SkyLighting.JitterIntegration:0]]
[2020.10.04-19.37.00:601][  0]LogConfig: Setting CVar [[r.HairStrands.SkyAO.SampleCount:16]]
[2020.10.04-19.37.00:601][  0]LogConfig: Setting CVar [[r.HairStrands.DeepShadow.SuperSampling:0]]
[2020.10.04-19.37.00:601][  0]LogConfig: Setting CVar [[r.HairStrands.VisibilityPPLL:0]]
[2020.10.04-19.37.00:601][  0]LogConfig: Setting CVar [[r.HairStrands.RasterizationScale:0.5]]
[2020.10.04-19.37.00:601][  0]LogConfig: Setting CVar [[r.HairStrands.VelocityRasterizationScale:1]]
[2020.10.04-19.37.00:601][  0]LogConfig: Applying CVar settings from Section [Startup] File [../../../Engine/Config/ConsoleVariables.ini]
[2020.10.04-19.37.00:601][  0]LogConfig: Setting CVar [[net.UseAdaptiveNetUpdateFrequency:0]]
[2020.10.04-19.37.00:601][  0]LogConfig: Setting CVar [[p.chaos.AllowCreatePhysxBodies:1]]
[2020.10.04-19.37.00:601][  0]LogConfig: Setting CVar [[fx.SkipVectorVMBackendOptimizations:1]]
[2020.10.04-19.37.00:602][  0]LogConfig: Applying CVar settings from Section [ConsoleVariables] File [C:/Users/Nandita/Desktop/Demo2020/NewUnrealDemo/RobotDemo/SimpleRobotDemo_BP/Saved/Config/Windows/Engine.ini]
[2020.10.04-19.37.00:602][  0]LogInit: Computer: DESKTOP-R9OUND7
[2020.10.04-19.37.00:602][  0]LogInit: User: Nandita
[2020.10.04-19.37.00:602][  0]LogInit: CPU Page size=4096, Cores=2
[2020.10.04-19.37.00:602][  0]LogInit: High frequency timer resolution =10.000000 MHz
[2020.10.04-19.37.00:602][  0]LogMemory: Memory total: Physical=11.9GB (12GB approx)
[2020.10.04-19.37.00:602][  0]LogMemory: Platform Memory Stats for Windows
[2020.10.04-19.37.00:602][  0]LogMemory: Process Physical Memory: 113.75 MB used, 113.75 MB peak
[2020.10.04-19.37.00:602][  0]LogMemory: Process Virtual Memory: 111.31 MB used, 111.31 MB peak
[2020.10.04-19.37.00:602][  0]LogMemory: Physical Memory: 8170.84 MB used,  4047.30 MB free, 12218.15 MB total
[2020.10.04-19.37.00:602][  0]LogMemory: Virtual Memory: 5139.04 MB used,  134212592.00 MB free, 134217728.00 MB total
[2020.10.04-19.37.00:613][  0]LogWindows: WindowsPlatformFeatures enabled
[2020.10.04-19.37.00:685][  0]LogInit: Physics initialised using underlying interface: PhysX
[2020.10.04-19.37.00:685][  0]LogInit: Using OS detected language (en-US).
[2020.10.04-19.37.00:686][  0]LogInit: Using OS detected locale (en-IN).
[2020.10.04-19.37.00:699][  0]LogTextLocalizationManager: No specific localization for 'en-US' exists, so the 'en' localization will be used.
[2020.10.04-19.37.01:271][  0]LogSlate: New Slate User Created.  User Index 0, Is Virtual User: 0
[2020.10.04-19.37.01:271][  0]LogSlate: Slate User Registered.  User Index 0, Is Virtual User: 0
[2020.10.04-19.37.01:349][  0]LogHMD: Failed to initialize OpenVR with code 110
[2020.10.04-19.37.01:350][  0]LogD3D11RHI: D3D11 min allowed feature level: 11_0
[2020.10.04-19.37.01:350][  0]LogD3D11RHI: D3D11 max allowed feature level: 11_0
[2020.10.04-19.37.01:350][  0]LogD3D11RHI: D3D11 adapters:
[2020.10.04-19.37.01:526][  0]LogD3D11RHI:    0. 'NVIDIA GeForce GT 740M' (Feature Level 11_0)
[2020.10.04-19.37.01:526][  0]LogD3D11RHI:       2009/0/6109 MB DedicatedVideo/DedicatedSystem/SharedSystem, Outputs:1, VendorId:0x10de
[2020.10.04-19.37.01:538][  0]LogD3D11RHI:    1. 'Intel(R) HD Graphics Family' (Feature Level 11_0)
[2020.10.04-19.37.01:538][  0]LogD3D11RHI:       112/0/2048 MB DedicatedVideo/DedicatedSystem/SharedSystem, Outputs:0, VendorId:0x8086
[2020.10.04-19.37.01:544][  0]LogD3D11RHI:    2. 'Microsoft Basic Render Driver' (Feature Level 11_0)
[2020.10.04-19.37.01:544][  0]LogD3D11RHI:       0/0/6109 MB DedicatedVideo/DedicatedSystem/SharedSystem, Outputs:0, VendorId:0x1414
[2020.10.04-19.37.01:544][  0]LogD3D11RHI: Chosen D3D11 Adapter: 0
[2020.10.04-19.37.01:628][  0]LogD3D11RHI: Creating new Direct3DDevice
[2020.10.04-19.37.01:628][  0]LogD3D11RHI:     GPU DeviceId: 0x1292 (for the marketing name, search the web for "GPU Device Id")
[2020.10.04-19.37.01:628][  0]LogWindows: EnumDisplayDevices:
[2020.10.04-19.37.01:628][  0]LogWindows:    0. 'Intel(R) HD Graphics Family' (P:1 D:1)
[2020.10.04-19.37.01:629][  0]LogWindows:    1. 'Intel(R) HD Graphics Family' (P:0 D:0)
[2020.10.04-19.37.01:629][  0]LogWindows:    2. 'Intel(R) HD Graphics Family' (P:0 D:0)
[2020.10.04-19.37.01:630][  0]LogWindows: DebugString: PrimaryIsNotTheChoosenAdapter PrimaryIsNotTheChoosenAdapter PrimaryIsNotTheChoosenAdapter FoundDriverCount:0 
[2020.10.04-19.37.01:630][  0]LogD3D11RHI:     Adapter Name: NVIDIA GeForce GT 740M
[2020.10.04-19.37.01:630][  0]LogD3D11RHI:   Driver Version: Unknown (internal:Unknown, unified:Unknown)
[2020.10.04-19.37.01:630][  0]LogD3D11RHI:      Driver Date: Unknown
[2020.10.04-19.37.01:630][  0]LogRHI: Texture pool is 1406 MB (70% of 2009 MB)
[2020.10.04-19.37.01:730][  0]LogD3D11RHI: RHI does not have support for 64 bit atomics
[2020.10.04-19.37.01:730][  0]LogD3D11RHI: Async texture creation enabled
[2020.10.04-19.37.01:766][  0]LogD3D11RHI: GPU Timing Frequency: 1000.000000 (Debug: 2 2)
[2020.10.04-19.37.02:839][  0]LogTargetPlatformManager: Display: Loaded TargetPlatform 'WindowsNoEditor'
[2020.10.04-19.37.02:844][  0]LogTargetPlatformManager: Display: Loaded TargetPlatform 'Windows'
[2020.10.04-19.37.02:858][  0]LogTargetPlatformManager: Display: Loaded TargetPlatform 'WindowsClient'
[2020.10.04-19.37.02:874][  0]LogTargetPlatformManager: Display: Loaded TargetPlatform 'WindowsServer'
[2020.10.04-19.37.02:875][  0]LogTargetPlatformManager: Display: Building Assets For Windows
[2020.10.04-19.37.02:879][  0]LogAudioDebug: Display: Lib vorbis DLL was dynamically loaded.
[2020.10.04-19.37.02:924][  0]LogShaderCompilers: Guid format shader working directory is -44 characters bigger than the processId version (../../../../../../Users/Nandita/Desktop/Demo2020/NewUnrealDemo/RobotDemo/SimpleRobotDemo_BP/Intermediate/Shaders/WorkingDirectory/20384/).
[2020.10.04-19.37.02:924][  0]LogShaderCompilers: Cleaned the shader compiler working directory 'C:/Users/Nandita/AppData/Local/Temp/UnrealShaderWorkingDir/A4EBD08743C76E9216DC308CE16C32BC/'.
[2020.10.04-19.37.02:925][  0]LogXGEController: Cannot use XGE Controller as Incredibuild is not installed on this machine.
[2020.10.04-19.37.02:925][  0]LogShaderCompilers: Cannot use XGE Shader Compiler as Incredibuild is not installed on this machine.
[2020.10.04-19.37.02:925][  0]LogShaderCompilers: Display: Using Local Shader Compiler.
[2020.10.04-19.37.04:770][  0]LogDerivedDataCache: Display: Max Cache Size: 512 MB
[2020.10.04-19.37.04:869][  0]LogDerivedDataCache: Loaded boot cache 0.10s 76MB C:/Users/Nandita/AppData/Local/UnrealEngine/4.25/DerivedDataCache/Boot.ddc.
[2020.10.04-19.37.04:869][  0]LogDerivedDataCache: Display: Loaded Boot cache: C:/Users/Nandita/AppData/Local/UnrealEngine/4.25/DerivedDataCache/Boot.ddc
[2020.10.04-19.37.04:869][  0]LogDerivedDataCache: FDerivedDataBackendGraph:  Pak pak cache file ../../../../../../Users/Nandita/Desktop/Demo2020/NewUnrealDemo/RobotDemo/SimpleRobotDemo_BP/DerivedDataCache/DDC.ddp not found, will not use a pak cache.
[2020.10.04-19.37.04:869][  0]LogDerivedDataCache: Unable to find inner node Pak for hierarchical cache Hierarchy.
[2020.10.04-19.37.04:869][  0]LogDerivedDataCache: FDerivedDataBackendGraph:  CompressedPak pak cache file ../../../../../../Users/Nandita/Desktop/Demo2020/NewUnrealDemo/RobotDemo/SimpleRobotDemo_BP/DerivedDataCache/Compressed.ddp not found, will not use a pak cache.
[2020.10.04-19.37.04:869][  0]LogDerivedDataCache: Unable to find inner node CompressedPak for hierarchical cache Hierarchy.
[2020.10.04-19.37.04:888][  0]LogDerivedDataCache: Display: Pak cache opened for reading ../../../Engine/DerivedDataCache/Compressed.ddp.
[2020.10.04-19.37.04:889][  0]LogDerivedDataCache: FDerivedDataBackendGraph:  EnterprisePak pak cache file ../../../Enterprise/DerivedDataCache/Compressed.ddp not found, will not use a pak cache.
[2020.10.04-19.37.04:889][  0]LogDerivedDataCache: Unable to find inner node EnterprisePak for hierarchical cache Hierarchy.
[2020.10.04-19.37.04:891][  0]LogDerivedDataCache: Using Local data cache path C:/Users/Nandita/AppData/Local/UnrealEngine/Common/DerivedDataCache: Writable
[2020.10.04-19.37.04:891][  0]LogDerivedDataCache: Shared data cache path not found in *engine.ini, will not use an Shared cache.
[2020.10.04-19.37.04:891][  0]LogDerivedDataCache: Unable to find inner node Shared for hierarchical cache Hierarchy.
[2020.10.04-19.37.05:007][  0]LogSlate: Using FreeType 2.10.0
[2020.10.04-19.37.05:009][  0]LogSlate: SlateFontServices - WITH_FREETYPE: 1, WITH_HARFBUZZ: 1
[2020.10.04-19.37.05:250][  0]LogInit: Using OS detected language (en-US).
[2020.10.04-19.37.05:250][  0]LogInit: Using OS detected locale (en-IN).
[2020.10.04-19.37.05:250][  0]LogTextLocalizationManager: No localization for 'en-US' exists, so 'en' will be used for the language.
[2020.10.04-19.37.05:251][  0]LogTextLocalizationManager: No localization for 'en-IN' exists, so 'en' will be used for the locale.
[2020.10.04-19.37.05:251][  0]LogSlate: FontCache flush requested. Reason: Culture for localization was changed
[2020.10.04-19.37.05:251][  0]LogSlate: FontCache flush requested. Reason: Culture for localization was changed
[2020.10.04-19.37.05:254][  0]LogTextLocalizationManager: Compacting localization data took   0.00ms
[2020.10.04-19.37.05:261][  0]LogAssetRegistry: FAssetRegistry took 0.0043 seconds to start up
[2020.10.04-19.37.05:664][  0]LogPackageLocalizationCache: Processed 19 localized package path(s) for 1 prioritized culture(s) in 0.001774 seconds
[2020.10.04-19.37.05:785][  0]LogInit: Selected Device Profile: [Windows]
[2020.10.04-19.37.05:983][  0]LogMeshReduction: Using QuadricMeshReduction for automatic static mesh reduction
[2020.10.04-19.37.05:983][  0]LogMeshReduction: Using SimplygonMeshReduction for automatic skeletal mesh reduction
[2020.10.04-19.37.05:983][  0]LogMeshReduction: Using ProxyLODMeshReduction for automatic mesh merging
[2020.10.04-19.37.05:983][  0]LogMeshReduction: No distributed automatic mesh merging module available
[2020.10.04-19.37.05:983][  0]LogMeshMerging: No distributed automatic mesh merging module available
[2020.10.04-19.37.06:008][  0]LogNetVersion: SimpleRobotDemo_BP 1.0.0, NetCL: 13144385, EngineNetVer: 14, GameNetVer: 0 (Checksum: 3713622887)
[2020.10.04-19.37.06:514][  0]LogAISub: UAISubsystem::UAISubsystem AISubsystem (000001FC1F3A3680), frame # 0
[2020.10.04-19.37.06:514][  0]LogAISub: UAISubsystem::UAISubsystem AIPerceptionSystem (000001FC1F39DE40), frame # 0
[2020.10.04-19.37.06:517][  0]LogAISub: UAISubsystem::UAISubsystem EnvQueryManager (000001FC1D005A00), frame # 0
[2020.10.04-19.37.06:649][  0]LogCollectionManager: Loaded 0 collections in 0.003805 seconds
[2020.10.04-19.37.06:653][  0]LogFileCache: Scanning file cache for directory 'C:/Users/Nandita/Desktop/Demo2020/NewUnrealDemo/RobotDemo/SimpleRobotDemo_BP/Saved/Collections/' took 0.00s
[2020.10.04-19.37.06:653][  0]LogFileCache: Scanning file cache for directory 'C:/Users/Nandita/Desktop/Demo2020/NewUnrealDemo/RobotDemo/SimpleRobotDemo_BP/Content/Developers/Nandita/Collections/' took 0.00s
[2020.10.04-19.37.06:653][  0]LogFileCache: Scanning file cache for directory 'C:/Users/Nandita/Desktop/Demo2020/NewUnrealDemo/RobotDemo/SimpleRobotDemo_BP/Content/Collections/' took 0.00s
[2020.10.04-19.37.06:654][  0]LogCollectionManager: Fixed up redirectors for 0 collections in 0.000007 seconds (updated 0 objects)
[2020.10.04-19.37.06:738][  0]LogMoviePlayer: Initializing movie player
[2020.10.04-19.37.07:025][  0]LogTcpMessaging: Initializing TcpMessaging bridge
[2020.10.04-19.37.07:031][  0]LogUdpMessaging: Initializing bridge on interface 0.0.0.0:0 to multicast group 230.0.0.1:6666.
[2020.10.04-19.37.07:091][  0]LogSteamShared: Display: Loading Steam SDK 1.47
[2020.10.04-19.37.07:092][  0]LogSteamShared: Steam SDK Loaded!
[2020.10.04-19.37.07:119][  0]SourceControl: Source control is disabled
[2020.10.04-19.37.07:119][  0]SourceControl: Source control is disabled
[2020.10.04-19.37.07:135][  0]SourceControl: Source control is disabled
[2020.10.04-19.37.07:396][  0]LogAndroidPermission: UAndroidPermissionCallbackProxy::GetInstance
[2020.10.04-19.37.07:438][  0]LogAudioCaptureCore: Display: No Audio Capture implementations found. Audio input will be silent.
[2020.10.04-19.37.07:438][  0]LogAudioCaptureCore: Display: No Audio Capture implementations found. Audio input will be silent.
[2020.10.04-19.37.07:545][  0]LogOcInput: OculusInput pre-init called
[2020.10.04-19.37.07:560][  0]LogSockets: SteamSockets: Disabled due to no Steam OSS running.
[2020.10.04-19.37.07:585][  0]LogUObjectArray: 19078 objects as part of root set at end of initial load.
[2020.10.04-19.37.07:586][  0]LogUObjectAllocator: 5037456 out of 0 bytes used by permanent object pool.
[2020.10.04-19.37.07:586][  0]LogUObjectArray: CloseDisregardForGC: 0/0 objects in disregard for GC pool
[2020.10.04-19.37.07:692][  0]LogEngine: Initializing Engine...
[2020.10.04-19.37.07:695][  0]LogHMD: Failed to initialize OpenVR with code 110
[2020.10.04-19.37.07:695][  0]LogMagicLeap: Warning: VR disabled because ZI is not enabled.  To enable, in the editor, Edit -> Project Settings -> Plugins -> Magic Leap Plugin -> Enable Zero Iteration
[2020.10.04-19.37.07:698][  0]LogGameplayTags: NetworkGameplayTagNodeIndexHash is e125c222
[2020.10.04-19.37.07:698][  0]LogStats: UGameplayTagsManager::InitializeManager -  0.001 s
[2020.10.04-19.37.07:945][  0]LogInit: Initializing FReadOnlyCVARCache
[2020.10.04-19.37.07:949][  0]LogAudioMixer: Display: Audio Mixer Platform Settings:
[2020.10.04-19.37.07:949][  0]LogAudioMixer: Display: 	Sample Rate:						  48000
[2020.10.04-19.37.07:949][  0]LogAudioMixer: Display: 	Callback Buffer Frame Size Requested: 1024
[2020.10.04-19.37.07:949][  0]LogAudioMixer: Display: 	Callback Buffer Frame Size To Use:	  1024
[2020.10.04-19.37.07:949][  0]LogAudioMixer: Display: 	Number of buffers to queue:			  2
[2020.10.04-19.37.07:949][  0]LogAudioMixer: Display: 	Max Channels (voices):				  32
[2020.10.04-19.37.07:949][  0]LogAudioMixer: Display: 	Number of Async Source Workers:		  0
[2020.10.04-19.37.07:950][  0]LogAudio: Display: AudioDevice MaxSources: 32
[2020.10.04-19.37.07:951][  0]LogAudio: Display: Using built-in audio occlusion.
[2020.10.04-19.37.07:951][  0]LogAudioMixer: Display: Initializing audio mixer.
[2020.10.04-19.37.08:007][  0]LogAudioMixer: Display: 0: FrontLeft
[2020.10.04-19.37.08:007][  0]LogAudioMixer: Display: 1: FrontRight
[2020.10.04-19.37.08:101][  0]LogAudioMixer: Display: Using Audio Device Speaker/HP (Realtek High Definition Audio)
[2020.10.04-19.37.08:112][  0]LogAudioMixer: Display: Initializing Sound Submixes...
[2020.10.04-19.37.08:116][  0]LogAudioMixer: Display: Creating Master Submix 'MasterSubmixDefault'
[2020.10.04-19.37.08:116][  0]LogAudioMixer: Display: Creating Master Submix 'MasterReverbSubmixDefault'
[2020.10.04-19.37.08:118][  0]LogAudioMixer: Display: Creating Master Submix 'MasterEQSubmixDefault'
[2020.10.04-19.37.08:119][  0]LogInit: FAudioDevice initialized.
[2020.10.04-19.37.08:121][  0]LogNetVersion: Set ProjectVersion to 1.0.0.0. Version Checksum will be recalculated on next use.
[2020.10.04-19.37.08:124][  0]LogInit: Texture streaming: Enabled
[2020.10.04-19.37.08:242][  0]LogSlate: Updating window title bar state: overlay mode, drag disabled, window buttons hidden, title bar hidden
[2020.10.04-19.37.08:246][  0]LogInit: Display: Game Engine Initialized.
[2020.10.04-19.37.08:246][  0]LogGameplayTags: NetworkGameplayTagNodeIndexHash is e125c222
[2020.10.04-19.37.08:246][  0]LogNiagaraEditor: Warning: GEditor isn't valid! Particle reset commands will not work for Niagara components!
[2020.10.04-19.37.08:294][  0]LogInit: Display: Starting Game.
[2020.10.04-19.37.08:294][  0]LogNet: Browse: /Game/ThirdPersonBP/Maps/ThirdPersonExampleMap?Name=Player?Listen
[2020.10.04-19.37.08:294][  0]LogLoad: LoadMap: /Game/ThirdPersonBP/Maps/ThirdPersonExampleMap?Name=Player?Listen
[2020.10.04-19.37.08:294][  0]LogWorld: BeginTearingDown for /Temp/Untitled_0
[2020.10.04-19.37.08:297][  0]LogWorld: UWorld::CleanupWorld for Untitled, bSessionEnded=true, bCleanupResources=true
[2020.10.04-19.37.08:297][  0]LogSlate: InvalidateAllWidgets triggered.  All widgets were invalidated
[2020.10.04-19.37.08:309][  0]LogUObjectHash: Compacting FUObjectHashTables data took   1.14ms
[2020.10.04-19.37.09:001][  0]LogAIModule: Creating AISystem for world ThirdPersonExampleMap
[2020.10.04-19.37.09:001][  0]LogAISub: UAISubsystem::UAISubsystem EnvQueryManager (000001FC12166800), frame # 0
[2020.10.04-19.37.09:001][  0]LogAISub: UAISubsystem::UAISubsystem AIPerceptionSystem (000001FC222F1F80), frame # 0
[2020.10.04-19.37.09:010][  0]LogLoad: Game class is 'ThirdPersonGameMode_C'
[2020.10.04-19.37.09:011][  0]LogNet: Applying EmulationProfile Average
[2020.10.04-19.37.09:011][  0]LogNet: Applying EmulationProfile Average
[2020.10.04-19.37.09:011][  0]LogNet: Applying EmulationProfile Average
[2020.10.04-19.37.09:012][  0]LogNet: ReplicationDriverClass is null! Not using ReplicationDriver.
[2020.10.04-19.37.09:012][  0]LogNetCore: DDoS detection status: detection enabled: 0 analytics enabled: 0
[2020.10.04-19.37.09:013][  0]LogInit: WinSock: Socket queue. Rx: 131072 (config 131072) Tx: 131072 (config 131072)
[2020.10.04-19.37.09:013][  0]LogNet: Created socket for bind address: 0.0.0.0 on port 17777
[2020.10.04-19.37.09:013][  0]PacketHandlerLog: Loaded PacketHandler component: Engine.EngineHandlerComponentFactory (StatelessConnectHandlerComponent)
[2020.10.04-19.37.09:013][  0]LogNet: GameNetDriver IpNetDriver_0 IpNetDriver listening on port 17777
[2020.10.04-19.37.09:040][  0]LogWorld: Bringing World /Game/ThirdPersonBP/Maps/ThirdPersonExampleMap.ThirdPersonExampleMap up for play (max tick rate 0) at 2020.10.05-01.07.09
[2020.10.04-19.37.09:041][  0]LogWorld: Bringing up level for play took: 0.026577
[2020.10.04-19.37.09:042][  0]LogOnlineSession: Warning: OSS: No game present to join for session (GameSession)
[2020.10.04-19.37.09:048][  0]LogLoad: Took 0.754733 seconds to LoadMap(/Game/ThirdPersonBP/Maps/ThirdPersonExampleMap)
[2020.10.04-19.37.09:103][  0]LogRenderer: Reallocating scene render targets to support 1280x720 Format 10 NumSamples 1 (Frame:1).
[2020.10.04-19.37.09:103][  0]LogLoad: (Engine Initialization) Total time: 12.87 seconds
[2020.10.04-19.37.09:103][  0]LogLoad: (Engine Initialization) Total Blueprint compile time: 0.00 seconds
[2020.10.04-19.37.09:225][  0]LogSteamShared: Warning: SteamAPI failed to initialize, conditions not met.
[2020.10.04-19.37.09:225][  0]LogSteamController: SteamController is not available
[2020.10.04-19.37.09:231][  0]LogContentStreaming: Texture pool size now 1000 MB
[2020.10.04-19.37.09:236][  0]LogSlate: InvalidateAllWidgets triggered.  All widgets were invalidated
[2020.10.04-19.37.10:017][  0]LogRenderer: Reallocating scene render targets to support 128x128 Format 10 NumSamples 1 (Frame:1).
[2020.10.04-19.37.10:119][  0]LogRenderer: Reallocating scene render targets to support 1280x720 Format 10 NumSamples 1 (Frame:2).
[2020.10.04-19.37.10:169][  1]LogNet: NotifyAcceptingConnection accepted from: 127.0.0.1:52097
[2020.10.04-19.37.10:169][  1]LogHandshake: SendConnectChallenge. Timestamp: 0.998270, Cookie: 120009206020144189021086140051252081209186104239231012056137
[2020.10.04-19.37.10:198][  3]LogNet: NotifyAcceptingConnection accepted from: 127.0.0.1:52097
[2020.10.04-19.37.10:198][  3]LogHandshake: SendChallengeAck. InCookie: 120009206020144189021086140051252081209186104239231012056137
[2020.10.04-19.37.10:198][  3]LogNet: Server accepting post-challenge connection from: 127.0.0.1:52097
[2020.10.04-19.37.10:199][  3]PacketHandlerLog: Loaded PacketHandler component: Engine.EngineHandlerComponentFactory (StatelessConnectHandlerComponent)
[2020.10.04-19.37.10:199][  3]LogNet: NotifyAcceptedConnection: Name: ThirdPersonExampleMap, TimeStamp: 10/05/20 01:07:10, [UNetConnection] RemoteAddr: 127.0.0.1:52097, Name: IpConnection_0, Driver: GameNetDriver IpNetDriver_0, IsServer: YES, PC: NULL, Owner: NULL, UniqueId: INVALID
[2020.10.04-19.37.10:199][  3]LogNet: AddClientConnection: Added client connection: [UNetConnection] RemoteAddr: 127.0.0.1:52097, Name: IpConnection_0, Driver: GameNetDriver IpNetDriver_0, IsServer: YES, PC: NULL, Owner: NULL, UniqueId: INVALID
[2020.10.04-19.37.10:518][ 15]LogNet: NotifyAcceptingChannel Control 0 server World /Game/ThirdPersonBP/Maps/ThirdPersonExampleMap.ThirdPersonExampleMap: Accepted
[2020.10.04-19.37.10:518][ 15]LogNet: Remote platform little endian=1
[2020.10.04-19.37.10:518][ 15]LogNet: This platform little endian=1
[2020.10.04-19.37.10:518][ 15]LogNetVersion: SimpleRobotDemo_BP 1.0.0.0, NetCL: 13144385, EngineNetVer: 14, GameNetVer: 0 (Checksum: 733007726)
[2020.10.04-19.37.10:799][ 26]LogNet: Login request: ?Name=DESKTOP-R9OUND7-25B4BB44426B9A564216CB9D8DEAE099 userId: NULL:DESKTOP-R9OUND7-25B4BB44426B9A564216CB9D8DEAE099 platform: NULL
[2020.10.04-19.37.14:106][145]LogNet: Client netspeed is 10000
[2020.10.04-19.37.14:106][145]LogNet: Join request: /Game/ThirdPersonBP/Maps/ThirdPersonExampleMap?Name=DESKTOP-R9OUND7-25B4BB44426B9A564216CB9D8DEAE099?SplitscreenCount=1
[2020.10.04-19.37.14:107][145]LogOnlineSession: Warning: OSS: No game present to join for session (GameSession)
[2020.10.04-19.37.14:112][145]LogNet: Join succeeded: DESKTOP-R9OUND7-25B4
[2020.10.04-19.37.51:629][693]LogBlueprintUserMessages: [Robot_C_1] Stop
[2020.10.04-19.37.51:643][693]LogSlate: Took 0.014115 seconds to synchronously load lazily loaded font '../../../Engine/Content/Slate/Fonts/Roboto-Regular.ttf' (155K)
[2020.10.04-19.37.51:712][694]LogBlueprintUserMessages: [Robot_C_1] Stop
[2020.10.04-19.37.51:783][695]LogBlueprintUserMessages: [Robot_C_1] Stop
[2020.10.04-19.37.51:901][696]LogBlueprintUserMessages: [Robot_C_1] Stop
[2020.10.04-19.37.51:999][697]LogBlueprintUserMessages: [Robot_C_1] Stop
[2020.10.04-19.37.52:052][698]LogBlueprintUserMessages: [Robot_C_1] Stop
[2020.10.04-19.37.52:109][699]LogBlueprintUserMessages: [Robot_C_1] Stop
[2020.10.04-19.37.52:198][700]LogBlueprintUserMessages: [Robot_C_1] Stop
[2020.10.04-19.37.52:300][701]LogBlueprintUserMessages: [Robot_C_1] Stop
[2020.10.04-19.37.52:366][702]LogBlueprintUserMessages: [Robot_C_1] Stop
[2020.10.04-19.37.52:421][703]LogBlueprintUserMessages: [Robot_C_1] Stop
[2020.10.04-19.37.52:485][704]LogBlueprintUserMessages: [Robot_C_1] Stop
[2020.10.04-19.37.52:551][705]LogBlueprintUserMessages: [Robot_C_1] Stop
[2020.10.04-19.37.52:613][706]LogBlueprintUserMessages: [Robot_C_1] Stop
[2020.10.04-19.37.52:721][707]LogBlueprintUserMessages: [Robot_C_1] Stop
[2020.10.04-19.37.52:791][708]LogBlueprintUserMessages: [Robot_C_1] Stop
[2020.10.04-19.37.52:906][709]LogBlueprintUserMessages: [Robot_C_1] Stop
[2020.10.04-19.37.53:000][710]LogBlueprintUserMessages: [Robot_C_1] Stop
[2020.10.04-19.37.53:055][711]LogBlueprintUserMessages: [Robot_C_1] Stop
[2020.10.04-19.37.53:139][712]LogBlueprintUserMessages: [Robot_C_1] Stop
[2020.10.04-19.37.53:203][713]LogBlueprintUserMessages: [Robot_C_1] Stop
[2020.10.04-19.37.53:286][714]LogBlueprintUserMessages: [Robot_C_1] Stop
[2020.10.04-19.37.53:381][715]LogBlueprintUserMessages: [Robot_C_1] Stop
[2020.10.04-19.37.53:451][716]LogBlueprintUserMessages: [Robot_C_1] Stop
[2020.10.04-19.37.53:547][717]LogBlueprintUserMessages: [Robot_C_1] Stop
[2020.10.04-19.37.53:623][718]LogBlueprintUserMessages: [Robot_C_1] Stop
[2020.10.04-19.37.53:737][719]LogBlueprintUserMessages: [Robot_C_1] Stop
[2020.10.04-19.37.53:793][720]LogBlueprintUserMessages: [Robot_C_1] Stop
[2020.10.04-19.37.53:859][721]LogBlueprintUserMessages: [Robot_C_1] Stop
[2020.10.04-19.37.53:922][722]LogBlueprintUserMessages: [Robot_C_1] Stop
[2020.10.04-19.37.54:003][723]LogBlueprintUserMessages: [Robot_C_1] Stop
[2020.10.04-19.37.54:100][724]LogBlueprintUserMessages: [Robot_C_1] Stop
[2020.10.04-19.37.54:172][725]LogBlueprintUserMessages: [Robot_C_1] Stop
[2020.10.04-19.37.54:263][726]LogBlueprintUserMessages: [Robot_C_1] Stop
[2020.10.04-19.37.54:318][727]LogBlueprintUserMessages: [Robot_C_1] Stop
[2020.10.04-19.37.54:401][728]LogBlueprintUserMessages: [Robot_C_1] Stop
[2020.10.04-19.37.54:471][729]LogBlueprintUserMessages: [Robot_C_1] Stop
[2020.10.04-19.37.54:585][730]LogBlueprintUserMessages: [Robot_C_1] Stop
[2020.10.04-19.37.54:691][731]LogBlueprintUserMessages: [Robot_C_1] Stop
[2020.10.04-19.37.54:745][732]LogBlueprintUserMessages: [Robot_C_1] Stop
[2020.10.04-19.37.54:826][733]LogBlueprintUserMessages: [Robot_C_1] Stop
[2020.10.04-19.37.54:890][734]LogBlueprintUserMessages: [Robot_C_1] Stop
[2020.10.04-19.37.54:945][735]LogBlueprintUserMessages: [Robot_C_1] Stop
[2020.10.04-19.37.55:025][736]LogBlueprintUserMessages: [Robot_C_1] Stop
[2020.10.04-19.37.55:122][737]LogBlueprintUserMessages: [Robot_C_1] Stop
[2020.10.04-19.37.55:188][738]LogBlueprintUserMessages: [Robot_C_1] Stop
[2020.10.04-19.37.55:270][739]LogBlueprintUserMessages: [Robot_C_1] Stop
[2020.10.04-19.37.55:367][740]LogBlueprintUserMessages: [Robot_C_1] Stop
[2020.10.04-19.37.55:425][741]LogBlueprintUserMessages: [Robot_C_1] Stop
[2020.10.04-19.37.55:479][742]LogBlueprintUserMessages: [Robot_C_1] Stop
[2020.10.04-19.37.55:590][743]LogBlueprintUserMessages: [Robot_C_1] Stop
[2020.10.04-19.37.55:662][744]LogBlueprintUserMessages: [Robot_C_1] Stop
[2020.10.04-19.37.55:729][745]LogBlueprintUserMessages: [Robot_C_1] Stop
[2020.10.04-19.37.55:849][746]LogBlueprintUserMessages: [Robot_C_1] Stop
[2020.10.04-19.37.55:918][747]LogBlueprintUserMessages: [Robot_C_1] Stop
[2020.10.04-19.37.56:033][748]LogBlueprintUserMessages: [Robot_C_1] Stop
[2020.10.04-19.37.56:116][749]LogBlueprintUserMessages: [Robot_C_1] Stop
[2020.10.04-19.37.56:218][750]LogBlueprintUserMessages: [Robot_C_1] Stop
[2020.10.04-19.37.56:284][751]LogBlueprintUserMessages: [Robot_C_1] Stop
[2020.10.04-19.37.56:383][752]LogBlueprintUserMessages: [Robot_C_1] Stop
[2020.10.04-19.37.56:456][753]LogBlueprintUserMessages: [Robot_C_1] Stop
[2020.10.04-19.37.56:511][754]LogBlueprintUserMessages: [Robot_C_1] Stop
[2020.10.04-19.37.56:571][755]LogBlueprintUserMessages: [Robot_C_1] Stop
[2020.10.04-19.37.56:635][756]LogBlueprintUserMessages: [Robot_C_1] Stop
[2020.10.04-19.37.56:729][757]LogBlueprintUserMessages: [Robot_C_1] Stop
[2020.10.04-19.37.56:814][758]LogBlueprintUserMessages: [Robot_C_1] Stop
[2020.10.04-19.37.56:884][759]LogBlueprintUserMessages: [Robot_C_1] Stop
[2020.10.04-19.37.56:974][760]LogBlueprintUserMessages: [Robot_C_1] Stop
[2020.10.04-19.37.57:057][761]LogBlueprintUserMessages: [Robot_C_1] Stop
[2020.10.04-19.37.57:159][762]LogBlueprintUserMessages: [Robot_C_1] Stop
[2020.10.04-19.37.57:230][763]LogBlueprintUserMessages: [Robot_C_1] Stop
[2020.10.04-19.37.57:300][764]LogBlueprintUserMessages: [Robot_C_1] Stop
[2020.10.04-19.37.57:382][765]LogBlueprintUserMessages: [Robot_C_1] Stop
[2020.10.04-19.37.57:480][766]LogBlueprintUserMessages: [Robot_C_1] Stop
[2020.10.04-19.37.57:551][767]LogBlueprintUserMessages: [Robot_C_1] Stop
[2020.10.04-19.37.57:606][768]LogBlueprintUserMessages: [Robot_C_1] Stop
[2020.10.04-19.37.57:662][769]LogBlueprintUserMessages: [Robot_C_1] Stop
[2020.10.04-19.37.57:756][770]LogBlueprintUserMessages: [Robot_C_1] Stop
[2020.10.04-19.37.57:848][771]LogBlueprintUserMessages: [Robot_C_1] Stop
[2020.10.04-19.37.57:905][772]LogBlueprintUserMessages: [Robot_C_1] Stop
[2020.10.04-19.37.57:967][773]LogBlueprintUserMessages: [Robot_C_1] Stop
[2020.10.04-19.37.58:022][774]LogBlueprintUserMessages: [Robot_C_1] Stop
[2020.10.04-19.37.58:151][775]LogBlueprintUserMessages: [Robot_C_1] Stop
[2020.10.04-19.37.58:262][776]LogBlueprintUserMessages: [Robot_C_1] Stop
[2020.10.04-19.37.58:316][777]LogBlueprintUserMessages: [Robot_C_1] Stop
[2020.10.04-19.37.58:375][778]LogBlueprintUserMessages: [Robot_C_1] Stop
[2020.10.04-19.37.58:431][779]LogBlueprintUserMessages: [Robot_C_1] Stop
[2020.10.04-19.37.58:507][780]LogBlueprintUserMessages: [Robot_C_1] Stop
[2020.10.04-19.37.58:561][781]LogBlueprintUserMessages: [Robot_C_1] Stop
[2020.10.04-19.37.58:659][782]LogBlueprintUserMessages: [Robot_C_1] Stop
[2020.10.04-19.37.58:812][783]LogBlueprintUserMessages: [Robot_C_1] Stop
[2020.10.04-19.37.58:929][784]LogBlueprintUserMessages: [Robot_C_1] Stop
[2020.10.04-19.37.59:060][785]LogBlueprintUserMessages: [Robot_C_1] Stop
[2020.10.04-19.37.59:257][786]LogBlueprintUserMessages: [Robot_C_1] Stop
[2020.10.04-19.37.59:517][787]LogBlueprintUserMessages: [Robot_C_1] Stop
[2020.10.04-19.37.59:718][788]LogBlueprintUserMessages: [Robot_C_1] Stop
[2020.10.04-19.37.59:918][789]LogBlueprintUserMessages: [Robot_C_1] Stop
[2020.10.04-19.38.00:016][790]LogBlueprintUserMessages: [Robot_C_1] Stop
[2020.10.04-19.38.00:237][791]LogBlueprintUserMessages: [Robot_C_1] Stop
[2020.10.04-19.38.00:385][792]LogBlueprintUserMessages: [Robot_C_1] Stop
[2020.10.04-19.38.00:536][793]LogBlueprintUserMessages: [Robot_C_1] Stop
[2020.10.04-19.38.00:731][794]LogBlueprintUserMessages: [Robot_C_1] Stop
[2020.10.04-19.38.00:818][795]LogBlueprintUserMessages: [Robot_C_1] Stop
[2020.10.04-19.38.00:971][796]LogBlueprintUserMessages: [Robot_C_1] Stop
[2020.10.04-19.38.01:169][797]LogBlueprintUserMessages: [Robot_C_1] Stop
[2020.10.04-19.38.01:257][798]LogBlueprintUserMessages: [Robot_C_1] Stop
[2020.10.04-19.38.01:496][799]LogBlueprintUserMessages: [Robot_C_1] Stop
[2020.10.04-19.38.01:695][800]LogBlueprintUserMessages: [Robot_C_1] Stop
[2020.10.04-19.38.01:980][801]LogBlueprintUserMessages: [Robot_C_1] Stop
[2020.10.04-19.38.02:140][802]LogBlueprintUserMessages: [Robot_C_1] Stop
[2020.10.04-19.38.02:292][803]LogBlueprintUserMessages: [Robot_C_1] Stop
[2020.10.04-19.38.02:425][804]LogBlueprintUserMessages: [Robot_C_1] Stop
[2020.10.04-19.38.02:593][805]LogBlueprintUserMessages: [Robot_C_1] Stop
[2020.10.04-19.38.02:829][806]LogBlueprintUserMessages: [Robot_C_1] Stop
[2020.10.04-19.38.03:101][807]LogBlueprintUserMessages: [Robot_C_1] Stop
[2020.10.04-19.38.03:240][808]LogBlueprintUserMessages: [Robot_C_1] Stop
[2020.10.04-19.38.03:345][809]LogBlueprintUserMessages: [Robot_C_1] Stop
[2020.10.04-19.38.03:532][810]LogBlueprintUserMessages: [Robot_C_1] Stop
[2020.10.04-19.38.03:724][811]LogBlueprintUserMessages: [Robot_C_1] Stop
[2020.10.04-19.38.04:072][812]LogBlueprintUserMessages: [Robot_C_1] Stop
[2020.10.04-19.38.04:275][813]LogBlueprintUserMessages: [Robot_C_1] Stop
[2020.10.04-19.38.04:415][814]LogBlueprintUserMessages: [Robot_C_1] Stop
[2020.10.04-19.38.04:551][815]LogBlueprintUserMessages: [Robot_C_1] Stop
[2020.10.04-19.38.04:686][816]LogBlueprintUserMessages: [Robot_C_1] Stop
[2020.10.04-19.38.04:943][817]LogBlueprintUserMessages: [Robot_C_1] Stop
[2020.10.04-19.38.05:220][818]LogBlueprintUserMessages: [Robot_C_1] Stop
[2020.10.04-19.38.05:321][819]LogBlueprintUserMessages: [Robot_C_1] Stop
[2020.10.04-19.38.05:621][820]LogBlueprintUserMessages: [Robot_C_1] Stop
[2020.10.04-19.38.05:928][821]LogBlueprintUserMessages: [Robot_C_1] Stop
[2020.10.04-19.38.06:332][822]LogBlueprintUserMessages: [Robot_C_1] Stop
[2020.10.04-19.38.06:506][823]LogBlueprintUserMessages: [Robot_C_1] Stop
[2020.10.04-19.38.06:821][824]LogBlueprintUserMessages: [Robot_C_1] Stop
[2020.10.04-19.38.07:080][825]LogBlueprintUserMessages: [Robot_C_1] Stop
[2020.10.04-19.38.07:407][826]LogBlueprintUserMessages: [Robot_C_1] Stop
[2020.10.04-19.38.07:664][827]LogBlueprintUserMessages: [Robot_C_1] Stop
[2020.10.04-19.38.07:805][828]LogBlueprintUserMessages: [Robot_C_1] Stop
[2020.10.04-19.38.08:087][829]LogBlueprintUserMessages: [Robot_C_1] Stop
[2020.10.04-19.38.08:385][830]LogBlueprintUserMessages: [Robot_C_1] Stop
[2020.10.04-19.38.08:491][831]LogBlueprintUserMessages: [Robot_C_1] Stop
[2020.10.04-19.38.08:729][832]LogBlueprintUserMessages: [Robot_C_1] Stop
[2020.10.04-19.38.08:894][833]LogBlueprintUserMessages: [Robot_C_1] Stop
[2020.10.04-19.38.09:036][834]LogBlueprintUserMessages: [Robot_C_1] Stop
[2020.10.04-19.38.09:281][835]LogBlueprintUserMessages: [Robot_C_1] Stop
[2020.10.04-19.38.09:513][836]LogBlueprintUserMessages: [Robot_C_1] Stop
[2020.10.04-19.38.09:731][837]LogBlueprintUserMessages: [Robot_C_1] Stop
[2020.10.04-19.38.09:929][838]LogBlueprintUserMessages: [Robot_C_1] Stop
[2020.10.04-19.38.10:207][839]LogBlueprintUserMessages: [Robot_C_1] Stop
[2020.10.04-19.38.10:421][840]LogBlueprintUserMessages: [Robot_C_1] Stop
[2020.10.04-19.38.10:607][841]LogBlueprintUserMessages: [Robot_C_1] Stop
[2020.10.04-19.38.10:747][842]LogBlueprintUserMessages: [Robot_C_1] Stop
[2020.10.04-19.38.10:941][843]LogBlueprintUserMessages: [Robot_C_1] Stop
[2020.10.04-19.38.11:146][844]LogBlueprintUserMessages: [Robot_C_1] Stop
[2020.10.04-19.38.11:309][845]LogBlueprintUserMessages: [Robot_C_1] Stop
[2020.10.04-19.38.11:435][846]LogBlueprintUserMessages: [Robot_C_1] Stop
[2020.10.04-19.38.11:589][847]LogBlueprintUserMessages: [Robot_C_1] Stop
[2020.10.04-19.38.11:795][848]LogBlueprintUserMessages: [Robot_C_1] Stop
[2020.10.04-19.38.11:965][849]LogBlueprintUserMessages: [Robot_C_1] Stop
[2020.10.04-19.38.12:099][850]LogBlueprintUserMessages: [Robot_C_1] Stop
[2020.10.04-19.38.12:312][851]LogBlueprintUserMessages: [Robot_C_1] Stop
[2020.10.04-19.38.12:611][852]LogBlueprintUserMessages: [Robot_C_1] Stop
[2020.10.04-19.38.12:811][853]LogBlueprintUserMessages: [Robot_C_1] Stop
[2020.10.04-19.38.13:118][854]LogBlueprintUserMessages: [Robot_C_1] Stop
[2020.10.04-19.38.13:329][855]LogBlueprintUserMessages: [Robot_C_1] Stop
[2020.10.04-19.38.13:475][856]LogBlueprintUserMessages: [Robot_C_1] Stop
[2020.10.04-19.38.13:678][857]LogBlueprintUserMessages: [Robot_C_1] Stop
[2020.10.04-19.38.13:828][858]LogBlueprintUserMessages: [Robot_C_1] Stop
[2020.10.04-19.38.14:030][859]LogBlueprintUserMessages: [Robot_C_1] Stop
[2020.10.04-19.38.14:326][860]LogBlueprintUserMessages: [Robot_C_1] Stop
[2020.10.04-19.38.14:471][861]LogBlueprintUserMessages: [Robot_C_1] Stop
[2020.10.04-19.38.14:695][862]LogBlueprintUserMessages: [Robot_C_1] Stop
[2020.10.04-19.38.14:861][863]LogBlueprintUserMessages: [Robot_C_1] Stop
[2020.10.04-19.38.15:026][864]LogBlueprintUserMessages: [Robot_C_1] Stop
[2020.10.04-19.38.15:299][865]LogBlueprintUserMessages: [Robot_C_1] Stop
[2020.10.04-19.38.15:476][866]LogBlueprintUserMessages: [Robot_C_1] Stop
[2020.10.04-19.38.15:625][867]LogBlueprintUserMessages: [Robot_C_1] Stop
[2020.10.04-19.38.15:806][868]LogBlueprintUserMessages: [Robot_C_1] Stop
[2020.10.04-19.38.16:016][869]LogBlueprintUserMessages: [Robot_C_1] Stop
[2020.10.04-19.38.16:306][870]LogBlueprintUserMessages: [Robot_C_1] Stop
[2020.10.04-19.38.16:406][871]LogBlueprintUserMessages: [Robot_C_1] Stop
[2020.10.04-19.38.16:606][872]LogBlueprintUserMessages: [Robot_C_1] Stop
[2020.10.04-19.38.16:746][873]LogBlueprintUserMessages: [Robot_C_1] Stop
[2020.10.04-19.38.16:900][874]LogBlueprintUserMessages: [Robot_C_1] Stop
[2020.10.04-19.38.17:036][875]LogBlueprintUserMessages: [Robot_C_1] Stop
[2020.10.04-19.38.17:196][876]LogBlueprintUserMessages: [Robot_C_1] Stop
[2020.10.04-19.38.17:499][877]LogBlueprintUserMessages: [Robot_C_1] Stop
[2020.10.04-19.38.17:708][878]LogBlueprintUserMessages: [Robot_C_1] Stop
[2020.10.04-19.38.17:968][879]LogBlueprintUserMessages: [Robot_C_1] Stop
[2020.10.04-19.38.18:152][880]LogBlueprintUserMessages: [Robot_C_1] Stop
[2020.10.04-19.38.18:334][881]LogBlueprintUserMessages: [Robot_C_1] Stop
[2020.10.04-19.38.18:511][882]LogBlueprintUserMessages: [Robot_C_1] Stop
[2020.10.04-19.38.18:663][883]LogBlueprintUserMessages: [Robot_C_1] Stop
[2020.10.04-19.38.18:823][884]LogBlueprintUserMessages: [Robot_C_1] Stop
[2020.10.04-19.38.19:012][885]LogBlueprintUserMessages: [Robot_C_1] Stop
[2020.10.04-19.38.19:265][886]LogBlueprintUserMessages: [Robot_C_1] Stop
[2020.10.04-19.38.19:416][887]LogBlueprintUserMessages: [Robot_C_1] Stop
[2020.10.04-19.38.19:596][888]LogBlueprintUserMessages: [Robot_C_1] Stop
[2020.10.04-19.38.19:756][889]LogBlueprintUserMessages: [Robot_C_1] Stop
[2020.10.04-19.38.20:028][890]LogBlueprintUserMessages: [Robot_C_1] Stop
[2020.10.04-19.38.20:165][891]LogBlueprintUserMessages: [Robot_C_1] Stop
[2020.10.04-19.38.20:255][892]LogBlueprintUserMessages: [Robot_C_1] Stop
[2020.10.04-19.38.20:459][893]LogBlueprintUserMessages: [Robot_C_1] Stop
[2020.10.04-19.38.20:629][894]LogBlueprintUserMessages: [Robot_C_1] Stop
[2020.10.04-19.38.20:862][895]LogBlueprintUserMessages: [Robot_C_1] Stop
[2020.10.04-19.38.21:030][896]LogBlueprintUserMessages: [Robot_C_1] Stop
[2020.10.04-19.38.21:231][897]LogBlueprintUserMessages: [Robot_C_1] Stop
[2020.10.04-19.38.21:374][898]LogBlueprintUserMessages: [Robot_C_1] Stop
[2020.10.04-19.38.21:534][899]LogBlueprintUserMessages: [Robot_C_1] Stop
[2020.10.04-19.38.21:725][900]LogBlueprintUserMessages: [Robot_C_1] Stop
[2020.10.04-19.38.21:884][901]LogBlueprintUserMessages: [Robot_C_1] Stop
[2020.10.04-19.38.22:037][902]LogBlueprintUserMessages: [Robot_C_1] Stop
[2020.10.04-19.38.22:186][903]LogBlueprintUserMessages: [Robot_C_1] Stop
[2020.10.04-19.38.22:493][904]LogBlueprintUserMessages: [Robot_C_1] Stop
[2020.10.04-19.38.22:710][905]LogBlueprintUserMessages: [Robot_C_1] Stop
[2020.10.04-19.38.22:846][906]LogBlueprintUserMessages: [Robot_C_1] Stop
[2020.10.04-19.38.22:957][907]LogBlueprintUserMessages: [Robot_C_1] Stop
[2020.10.04-19.38.23:201][908]LogBlueprintUserMessages: [Robot_C_1] Stop
[2020.10.04-19.38.23:374][909]LogBlueprintUserMessages: [Robot_C_1] Stop
[2020.10.04-19.38.23:517][910]LogBlueprintUserMessages: [Robot_C_1] Stop
[2020.10.04-19.38.23:721][911]LogBlueprintUserMessages: [Robot_C_1] Stop
[2020.10.04-19.38.23:987][912]LogBlueprintUserMessages: [Robot_C_1] Stop
[2020.10.04-19.38.24:145][913]LogBlueprintUserMessages: [Robot_C_1] Stop
[2020.10.04-19.38.24:218][914]LogBlueprintUserMessages: [Robot_C_1] Stop
[2020.10.04-19.38.24:583][915]LogBlueprintUserMessages: [Robot_C_1] Stop
[2020.10.04-19.38.24:848][916]LogBlueprintUserMessages: [Robot_C_1] Stop
[2020.10.04-19.38.25:021][917]LogBlueprintUserMessages: [Robot_C_1] Stop
[2020.10.04-19.38.25:258][918]LogBlueprintUserMessages: [Robot_C_1] Stop
[2020.10.04-19.38.25:413][919]LogBlueprintUserMessages: [Robot_C_1] Stop
[2020.10.04-19.38.25:553][920]LogBlueprintUserMessages: [Robot_C_1] Stop
[2020.10.04-19.38.25:761][921]LogBlueprintUserMessages: [Robot_C_1] Stop
[2020.10.04-19.38.25:927][922]LogBlueprintUserMessages: [Robot_C_1] Stop
[2020.10.04-19.38.26:113][923]LogBlueprintUserMessages: [Robot_C_1] Stop
[2020.10.04-19.38.26:224][924]LogBlueprintUserMessages: [Robot_C_1] Stop
[2020.10.04-19.38.26:431][925]LogBlueprintUserMessages: [Robot_C_1] Stop
[2020.10.04-19.38.26:640][926]LogBlueprintUserMessages: [Robot_C_1] Stop
[2020.10.04-19.38.26:796][927]LogBlueprintUserMessages: [Robot_C_1] Stop
[2020.10.04-19.38.26:970][928]LogBlueprintUserMessages: [Robot_C_1] Stop
[2020.10.04-19.38.27:127][929]LogBlueprintUserMessages: [Robot_C_1] Stop
[2020.10.04-19.38.27:208][930]LogBlueprintUserMessages: [Robot_C_1] Stop
[2020.10.04-19.38.27:416][931]LogBlueprintUserMessages: [Robot_C_1] Stop
[2020.10.04-19.38.27:556][932]LogBlueprintUserMessages: [Robot_C_1] Stop
[2020.10.04-19.38.27:749][933]LogBlueprintUserMessages: [Robot_C_1] Stop
[2020.10.04-19.38.27:896][934]LogBlueprintUserMessages: [Robot_C_1] Stop
[2020.10.04-19.38.28:043][935]LogBlueprintUserMessages: [Robot_C_1] Stop
[2020.10.04-19.38.28:240][936]LogBlueprintUserMessages: [Robot_C_1] Stop
[2020.10.04-19.38.28:491][937]LogBlueprintUserMessages: [Robot_C_1] Stop
[2020.10.04-19.38.28:677][938]LogBlueprintUserMessages: [Robot_C_1] Stop
[2020.10.04-19.38.28:773][939]LogBlueprintUserMessages: [Robot_C_1] Stop
[2020.10.04-19.38.28:928][940]LogBlueprintUserMessages: [Robot_C_1] Stop
[2020.10.04-19.38.29:124][941]LogBlueprintUserMessages: [Robot_C_1] Stop
[2020.10.04-19.38.29:272][942]LogBlueprintUserMessages: [Robot_C_1] Stop
[2020.10.04-19.38.29:420][943]LogBlueprintUserMessages: [Robot_C_1] Stop
[2020.10.04-19.38.29:551][944]LogBlueprintUserMessages: [Robot_C_1] Stop
[2020.10.04-19.38.29:654][945]LogBlueprintUserMessages: [Robot_C_1] Stop
[2020.10.04-19.38.29:798][946]LogBlueprintUserMessages: [Robot_C_1] Stop
[2020.10.04-19.38.29:980][947]LogBlueprintUserMessages: [Robot_C_1] Stop
[2020.10.04-19.38.30:136][948]LogBlueprintUserMessages: [Robot_C_1] Stop
[2020.10.04-19.38.30:265][949]LogBlueprintUserMessages: [Robot_C_1] Stop
[2020.10.04-19.38.30:476][950]LogBlueprintUserMessages: [Robot_C_1] Stop
[2020.10.04-19.38.30:772][951]LogBlueprintUserMessages: [Robot_C_1] Stop
[2020.10.04-19.38.31:006][952]LogBlueprintUserMessages: [Robot_C_1] Stop
[2020.10.04-19.38.31:211][953]LogBlueprintUserMessages: [Robot_C_1] Stop
[2020.10.04-19.38.31:408][954]LogBlueprintUserMessages: [Robot_C_1] Stop
[2020.10.04-19.38.31:481][955]LogBlueprintUserMessages: [Robot_C_1] Stop
[2020.10.04-19.38.31:566][956]LogBlueprintUserMessages: [Robot_C_1] Stop
[2020.10.04-19.38.31:594][957]LogBlueprintUserMessages: [Robot_C_1] Stop
[2020.10.04-19.38.31:682][958]LogBlueprintUserMessages: [Robot_C_1] Stop
[2020.10.04-19.38.31:736][959]LogBlueprintUserMessages: [Robot_C_1] Stop
[2020.10.04-19.38.31:825][960]LogBlueprintUserMessages: [Robot_C_1] Stop
[2020.10.04-19.38.31:916][961]LogBlueprintUserMessages: [Robot_C_1] Stop
[2020.10.04-19.38.31:961][962]LogBlueprintUserMessages: [Robot_C_1] Stop
[2020.10.04-19.38.32:004][963]LogBlueprintUserMessages: [Robot_C_1] Stop
[2020.10.04-19.38.32:046][964]LogBlueprintUserMessages: [Robot_C_1] Stop
[2020.10.04-19.38.32:126][965]LogBlueprintUserMessages: [Robot_C_1] Stop
[2020.10.04-19.38.32:183][966]LogBlueprintUserMessages: [Robot_C_1] Stop
[2020.10.04-19.38.32:232][967]LogBlueprintUserMessages: [Robot_C_1] Stop
[2020.10.04-19.38.32:277][968]LogBlueprintUserMessages: [Robot_C_1] Stop
[2020.10.04-19.38.32:317][969]LogBlueprintUserMessages: [Robot_C_1] Stop
[2020.10.04-19.38.32:397][970]LogBlueprintUserMessages: [Robot_C_1] Stop
[2020.10.04-19.38.32:442][971]LogBlueprintUserMessages: [Robot_C_1] Stop
[2020.10.04-19.38.32:491][972]LogBlueprintUserMessages: [Robot_C_1] Stop
[2020.10.04-19.38.32:552][973]LogBlueprintUserMessages: [Robot_C_1] Stop
[2020.10.04-19.38.32:600][974]LogBlueprintUserMessages: [Robot_C_1] Stop
[2020.10.04-19.38.32:643][975]LogBlueprintUserMessages: [Robot_C_1] Stop
[2020.10.04-19.38.32:692][976]LogBlueprintUserMessages: [Robot_C_1] Stop
[2020.10.04-19.38.32:745][977]LogBlueprintUserMessages: [Robot_C_1] Stop
[2020.10.04-19.38.32:810][978]LogBlueprintUserMessages: [Robot_C_1] Stop
[2020.10.04-19.38.32:879][979]LogBlueprintUserMessages: [Robot_C_1] Stop
[2020.10.04-19.38.32:961][980]LogBlueprintUserMessages: [Robot_C_1] Stop
[2020.10.04-19.38.33:007][981]LogBlueprintUserMessages: [Robot_C_1] Stop
[2020.10.04-19.38.33:065][982]LogBlueprintUserMessages: [Robot_C_1] Stop
[2020.10.04-19.38.33:110][983]LogBlueprintUserMessages: [Robot_C_1] Stop
[2020.10.04-19.38.33:167][984]LogBlueprintUserMessages: [Robot_C_1] Stop
[2020.10.04-19.38.33:212][985]LogBlueprintUserMessages: [Robot_C_1] Stop
[2020.10.04-19.38.33:258][986]LogBlueprintUserMessages: [Robot_C_1] Stop
[2020.10.04-19.38.33:335][987]LogBlueprintUserMessages: [Robot_C_1] Stop
[2020.10.04-19.38.33:397][988]LogBlueprintUserMessages: [Robot_C_1] Stop
[2020.10.04-19.38.33:452][989]LogBlueprintUserMessages: [Robot_C_1] Stop
[2020.10.04-19.38.33:499][990]LogBlueprintUserMessages: [Robot_C_1] Stop
[2020.10.04-19.38.33:589][991]LogBlueprintUserMessages: [Robot_C_1] Stop
[2020.10.04-19.38.33:634][992]LogBlueprintUserMessages: [Robot_C_1] Stop
[2020.10.04-19.38.33:683][993]LogBlueprintUserMessages: [Robot_C_1] Stop
[2020.10.04-19.38.33:734][994]LogBlueprintUserMessages: [Robot_C_1] Stop
[2020.10.04-19.38.33:801][995]LogBlueprintUserMessages: [Robot_C_1] Stop
[2020.10.04-19.38.33:874][996]LogBlueprintUserMessages: [Robot_C_1] Stop
[2020.10.04-19.38.33:922][997]LogBlueprintUserMessages: [Robot_C_1] Stop
[2020.10.04-19.38.34:013][998]LogBlueprintUserMessages: [Robot_C_1] Stop
[2020.10.04-19.38.34:056][999]LogBlueprintUserMessages: [Robot_C_1] Stop
[2020.10.04-19.38.34:103][  0]LogBlueprintUserMessages: [Robot_C_1] Stop
[2020.10.04-19.38.34:155][  1]LogBlueprintUserMessages: [Robot_C_1] Stop
[2020.10.04-19.38.34:198][  2]LogBlueprintUserMessages: [Robot_C_1] Stop
[2020.10.04-19.38.34:241][  3]LogBlueprintUserMessages: [Robot_C_1] Stop
[2020.10.04-19.38.34:328][  4]LogBlueprintUserMessages: [Robot_C_1] Stop
[2020.10.04-19.38.34:374][  5]LogBlueprintUserMessages: [Robot_C_1] Stop
[2020.10.04-19.38.34:416][  6]LogBlueprintUserMessages: [Robot_C_1] Stop
[2020.10.04-19.38.34:470][  7]LogBlueprintUserMessages: [Robot_C_1] Stop
[2020.10.04-19.38.34:560][  8]LogBlueprintUserMessages: [Robot_C_1] Stop
[2020.10.04-19.38.34:605][  9]LogBlueprintUserMessages: [Robot_C_1] Stop
[2020.10.04-19.38.34:648][ 10]LogBlueprintUserMessages: [Robot_C_1] Stop
[2020.10.04-19.38.34:739][ 11]LogBlueprintUserMessages: [Robot_C_1] Stop
[2020.10.04-19.38.34:797][ 12]LogBlueprintUserMessages: [Robot_C_1] Stop
[2020.10.04-19.38.34:866][ 13]LogBlueprintUserMessages: [Robot_C_1] Stop
[2020.10.04-19.38.34:932][ 14]LogBlueprintUserMessages: [Robot_C_1] Stop
[2020.10.04-19.38.34:976][ 15]LogBlueprintUserMessages: [Robot_C_1] Stop
[2020.10.04-19.38.35:016][ 16]LogBlueprintUserMessages: [Robot_C_1] Stop
[2020.10.04-19.38.35:063][ 17]LogBlueprintUserMessages: [Robot_C_1] Stop
[2020.10.04-19.38.35:141][ 18]LogBlueprintUserMessages: [Robot_C_1] Stop
[2020.10.04-19.38.35:200][ 19]LogBlueprintUserMessages: [Robot_C_1] Stop
[2020.10.04-19.38.35:242][ 20]LogBlueprintUserMessages: [Robot_C_1] Stop
[2020.10.04-19.38.35:286][ 21]LogBlueprintUserMessages: [Robot_C_1] Stop
[2020.10.04-19.38.35:327][ 22]LogBlueprintUserMessages: [Robot_C_1] Stop
[2020.10.04-19.38.35:382][ 23]LogBlueprintUserMessages: [Robot_C_1] Stop
[2020.10.04-19.38.35:427][ 24]LogBlueprintUserMessages: [Robot_C_1] Stop
[2020.10.04-19.38.35:515][ 25]LogBlueprintUserMessages: [Robot_C_1] Stop
[2020.10.04-19.38.35:559][ 26]LogBlueprintUserMessages: [Robot_C_1] Stop
[2020.10.04-19.38.35:602][ 27]LogBlueprintUserMessages: [Robot_C_1] Stop
[2020.10.04-19.38.35:668][ 28]LogBlueprintUserMessages: [Robot_C_1] Stop
[2020.10.04-19.38.35:712][ 29]LogBlueprintUserMessages: [Robot_C_1] Stop
[2020.10.04-19.38.35:787][ 30]LogBlueprintUserMessages: [Robot_C_1] Stop
[2020.10.04-19.38.35:877][ 31]LogBlueprintUserMessages: [Robot_C_1] Stop
[2020.10.04-19.38.35:929][ 32]LogBlueprintUserMessages: [Robot_C_1] Stop
[2020.10.04-19.38.35:974][ 33]LogBlueprintUserMessages: [Robot_C_1] Stop
[2020.10.04-19.38.36:055][ 34]LogBlueprintUserMessages: [Robot_C_1] Stop
[2020.10.04-19.38.36:094][ 35]LogBlueprintUserMessages: [Robot_C_1] Stop
[2020.10.04-19.38.36:156][ 36]LogBlueprintUserMessages: [Robot_C_1] Stop
[2020.10.04-19.38.36:202][ 37]LogBlueprintUserMessages: [Robot_C_1] Stop
[2020.10.04-19.38.36:244][ 38]LogBlueprintUserMessages: [Robot_C_1] Stop
[2020.10.04-19.38.36:305][ 39]LogBlueprintUserMessages: [Robot_C_1] Stop
[2020.10.04-19.38.36:349][ 40]LogBlueprintUserMessages: [Robot_C_1] Stop
[2020.10.04-19.38.36:392][ 41]LogBlueprintUserMessages: [Robot_C_1] Stop
[2020.10.04-19.38.36:435][ 42]LogBlueprintUserMessages: [Robot_C_1] Stop
[2020.10.04-19.38.36:508][ 43]LogBlueprintUserMessages: [Robot_C_1] Stop
[2020.10.04-19.38.36:552][ 44]LogBlueprintUserMessages: [Robot_C_1] Stop
[2020.10.04-19.38.36:608][ 45]LogBlueprintUserMessages: [Robot_C_1] Stop
[2020.10.04-19.38.36:676][ 46]LogBlueprintUserMessages: [Robot_C_1] Stop
[2020.10.04-19.38.36:731][ 47]LogBlueprintUserMessages: [Robot_C_1] Stop
[2020.10.04-19.38.36:792][ 48]LogBlueprintUserMessages: [Robot_C_1] Stop
[2020.10.04-19.38.36:838][ 49]LogBlueprintUserMessages: [Robot_C_1] Stop
[2020.10.04-19.38.36:927][ 50]LogBlueprintUserMessages: [Robot_C_1] Stop
[2020.10.04-19.38.37:009][ 51]LogBlueprintUserMessages: [Robot_C_1] Stop
[2020.10.04-19.38.37:053][ 52]LogBlueprintUserMessages: [Robot_C_1] Stop
[2020.10.04-19.38.37:115][ 53]LogBlueprintUserMessages: [Robot_C_1] Stop
[2020.10.04-19.38.37:161][ 54]LogBlueprintUserMessages: [Robot_C_1] Stop
[2020.10.04-19.38.37:246][ 55]LogBlueprintUserMessages: [Robot_C_1] Stop
[2020.10.04-19.38.37:306][ 56]LogBlueprintUserMessages: [Robot_C_1] Stop
[2020.10.04-19.38.37:351][ 57]LogBlueprintUserMessages: [Robot_C_1] Stop
[2020.10.04-19.38.37:442][ 58]LogBlueprintUserMessages: [Robot_C_1] Stop
[2020.10.04-19.38.37:502][ 59]LogBlueprintUserMessages: [Robot_C_1] Stop
[2020.10.04-19.38.37:548][ 60]LogBlueprintUserMessages: [Robot_C_1] Stop
[2020.10.04-19.38.37:627][ 61]LogBlueprintUserMessages: [Robot_C_1] Stop
[2020.10.04-19.38.37:688][ 62]LogBlueprintUserMessages: [Robot_C_1] Stop
[2020.10.04-19.38.37:734][ 63]LogBlueprintUserMessages: [Robot_C_1] Stop
[2020.10.04-19.38.37:790][ 64]LogBlueprintUserMessages: [Robot_C_1] Stop
[2020.10.04-19.38.37:838][ 65]LogBlueprintUserMessages: [Robot_C_1] Stop
[2020.10.04-19.38.37:882][ 66]LogBlueprintUserMessages: [Robot_C_1] Stop
[2020.10.04-19.38.37:928][ 67]LogBlueprintUserMessages: [Robot_C_1] Stop
[2020.10.04-19.38.37:974][ 68]LogBlueprintUserMessages: [Robot_C_1] Stop
[2020.10.04-19.38.38:064][ 69]LogBlueprintUserMessages: [Robot_C_1] Stop
[2020.10.04-19.38.38:149][ 70]LogBlueprintUserMessages: [Robot_C_1] Stop
[2020.10.04-19.38.38:191][ 71]LogBlueprintUserMessages: [Robot_C_1] Stop
[2020.10.04-19.38.38:248][ 72]LogBlueprintUserMessages: [Robot_C_1] Stop
[2020.10.04-19.38.38:340][ 73]LogBlueprintUserMessages: [Robot_C_1] Stop
[2020.10.04-19.38.38:383][ 74]LogBlueprintUserMessages: [Robot_C_1] Stop
[2020.10.04-19.38.38:434][ 75]LogBlueprintUserMessages: [Robot_C_1] Stop
[2020.10.04-19.38.38:523][ 76]LogBlueprintUserMessages: [Robot_C_1] Stop
[2020.10.04-19.38.38:580][ 77]LogBlueprintUserMessages: [Robot_C_1] Stop
[2020.10.04-19.38.38:624][ 78]LogBlueprintUserMessages: [Robot_C_1] Stop
[2020.10.04-19.38.38:666][ 79]LogBlueprintUserMessages: [Robot_C_1] Stop
[2020.10.04-19.38.38:707][ 80]LogBlueprintUserMessages: [Robot_C_1] Stop
[2020.10.04-19.38.38:751][ 81]LogBlueprintUserMessages: [Robot_C_1] Stop
[2020.10.04-19.38.38:837][ 82]LogBlueprintUserMessages: [Robot_C_1] Stop
[2020.10.04-19.38.38:882][ 83]LogBlueprintUserMessages: [Robot_C_1] Stop
[2020.10.04-19.38.38:924][ 84]LogBlueprintUserMessages: [Robot_C_1] Stop
[2020.10.04-19.38.38:981][ 85]LogBlueprintUserMessages: [Robot_C_1] Stop
[2020.10.04-19.38.39:026][ 86]LogBlueprintUserMessages: [Robot_C_1] Stop
[2020.10.04-19.38.39:070][ 87]LogBlueprintUserMessages: [Robot_C_1] Stop
[2020.10.04-19.38.39:163][ 88]LogBlueprintUserMessages: [Robot_C_1] Stop
[2020.10.04-19.38.39:219][ 89]LogBlueprintUserMessages: [Robot_C_1] Stop
[2020.10.04-19.38.39:296][ 90]LogBlueprintUserMessages: [Robot_C_1] Stop
[2020.10.04-19.38.39:359][ 91]LogBlueprintUserMessages: [Robot_C_1] Stop
[2020.10.04-19.38.39:408][ 92]LogBlueprintUserMessages: [Robot_C_1] Stop
[2020.10.04-19.38.39:452][ 93]LogBlueprintUserMessages: [Robot_C_1] Stop
[2020.10.04-19.38.39:532][ 94]LogBlueprintUserMessages: [Robot_C_1] Stop
[2020.10.04-19.38.39:596][ 95]LogBlueprintUserMessages: [Robot_C_1] Stop
[2020.10.04-19.38.39:637][ 96]LogBlueprintUserMessages: [Robot_C_1] Stop
[2020.10.04-19.38.39:707][ 97]LogBlueprintUserMessages: [Robot_C_1] Stop
[2020.10.04-19.38.39:764][ 98]LogBlueprintUserMessages: [Robot_C_1] Stop
[2020.10.04-19.38.39:805][ 99]LogBlueprintUserMessages: [Robot_C_1] Stop
[2020.10.04-19.38.39:867][100]LogBlueprintUserMessages: [Robot_C_1] Stop
[2020.10.04-19.38.39:935][101]LogBlueprintUserMessages: [Robot_C_1] Stop
[2020.10.04-19.38.39:979][102]LogBlueprintUserMessages: [Robot_C_1] Stop
[2020.10.04-19.38.40:046][103]LogBlueprintUserMessages: [Robot_C_1] Stop
[2020.10.04-19.38.40:101][104]LogBlueprintUserMessages: [Robot_C_1] Stop
[2020.10.04-19.38.40:145][105]LogBlueprintUserMessages: [Robot_C_1] Stop
[2020.10.04-19.38.40:234][106]LogBlueprintUserMessages: [Robot_C_1] Stop
[2020.10.04-19.38.40:309][107]LogBlueprintUserMessages: [Robot_C_1] Stop
[2020.10.04-19.38.40:354][108]LogBlueprintUserMessages: [Robot_C_1] Stop
[2020.10.04-19.38.40:421][109]LogBlueprintUserMessages: [Robot_C_1] Stop
[2020.10.04-19.38.40:487][110]LogBlueprintUserMessages: [Robot_C_1] Stop
[2020.10.04-19.38.40:559][111]LogBlueprintUserMessages: [Robot_C_1] Stop
[2020.10.04-19.38.40:607][112]LogBlueprintUserMessages: [Robot_C_1] Stop
[2020.10.04-19.38.40:688][113]LogBlueprintUserMessages: [Robot_C_1] Stop
[2020.10.04-19.38.40:752][114]LogBlueprintUserMessages: [Robot_C_1] Stop
[2020.10.04-19.38.40:847][115]LogBlueprintUserMessages: [Robot_C_1] Stop
[2020.10.04-19.38.40:917][116]LogBlueprintUserMessages: [Robot_C_1] Stop
[2020.10.04-19.38.40:961][117]LogBlueprintUserMessages: [Robot_C_1] Stop
[2020.10.04-19.38.41:034][118]LogBlueprintUserMessages: [Robot_C_1] Stop
[2020.10.04-19.38.41:092][119]LogBlueprintUserMessages: [Robot_C_1] Stop
[2020.10.04-19.38.41:154][120]LogBlueprintUserMessages: [Robot_C_1] Stop
[2020.10.04-19.38.41:196][121]LogBlueprintUserMessages: [Robot_C_1] Stop
[2020.10.04-19.38.41:239][122]LogBlueprintUserMessages: [Robot_C_1] Stop
[2020.10.04-19.38.41:309][123]LogBlueprintUserMessages: [Robot_C_1] Stop
[2020.10.04-19.38.41:372][124]LogBlueprintUserMessages: [Robot_C_1] Stop
[2020.10.04-19.38.41:450][125]LogBlueprintUserMessages: [Robot_C_1] Stop
[2020.10.04-19.38.41:495][126]LogBlueprintUserMessages: [Robot_C_1] Stop
[2020.10.04-19.38.41:583][127]LogBlueprintUserMessages: [Robot_C_1] Stop
[2020.10.04-19.38.41:665][128]LogBlueprintUserMessages: [Robot_C_1] Stop
[2020.10.04-19.38.41:710][129]LogBlueprintUserMessages: [Robot_C_1] Stop
[2020.10.04-19.38.41:766][130]LogBlueprintUserMessages: [Robot_C_1] Stop
[2020.10.04-19.38.41:822][131]LogBlueprintUserMessages: [Robot_C_1] Stop
[2020.10.04-19.38.41:909][132]LogBlueprintUserMessages: [Robot_C_1] Stop
[2020.10.04-19.38.41:994][133]LogBlueprintUserMessages: [Robot_C_1] Stop
[2020.10.04-19.38.42:036][134]LogBlueprintUserMessages: [Robot_C_1] Stop
[2020.10.04-19.38.42:078][135]LogBlueprintUserMessages: [Robot_C_1] Stop
[2020.10.04-19.38.42:131][136]LogBlueprintUserMessages: [Robot_C_1] Stop
[2020.10.04-19.38.42:176][137]LogBlueprintUserMessages: [Robot_C_1] Stop
[2020.10.04-19.38.42:230][138]LogBlueprintUserMessages: [Robot_C_1] Stop
[2020.10.04-19.38.42:304][139]LogBlueprintUserMessages: [Robot_C_1] Stop
[2020.10.04-19.38.42:421][140]LogBlueprintUserMessages: [Robot_C_1] Stop
[2020.10.04-19.38.42:562][141]LogBlueprintUserMessages: [Robot_C_1] Stop
[2020.10.04-19.38.42:641][142]LogBlueprintUserMessages: [Robot_C_1] Stop
[2020.10.04-19.38.42:744][143]LogBlueprintUserMessages: [Robot_C_1] Stop
[2020.10.04-19.38.42:798][144]LogBlueprintUserMessages: [Robot_C_1] Stop
[2020.10.04-19.38.42:890][145]LogBlueprintUserMessages: [Robot_C_1] Stop
[2020.10.04-19.38.42:973][146]LogBlueprintUserMessages: [Robot_C_1] Stop
[2020.10.04-19.38.43:074][147]LogBlueprintUserMessages: [Robot_C_1] Stop
[2020.10.04-19.38.43:173][148]LogBlueprintUserMessages: [Robot_C_1] Stop
[2020.10.04-19.38.43:271][149]LogBlueprintUserMessages: [Robot_C_1] Stop
[2020.10.04-19.38.43:387][150]LogBlueprintUserMessages: [Robot_C_1] Stop
[2020.10.04-19.38.43:522][151]LogBlueprintUserMessages: [Robot_C_1] Stop
[2020.10.04-19.38.43:616][152]LogBlueprintUserMessages: [Robot_C_1] Stop
[2020.10.04-19.38.43:681][153]LogBlueprintUserMessages: [Robot_C_1] Stop
[2020.10.04-19.38.43:792][154]LogBlueprintUserMessages: [Robot_C_1] Stop
[2020.10.04-19.38.43:880][155]LogBlueprintUserMessages: [Robot_C_1] Stop
[2020.10.04-19.38.43:936][156]LogBlueprintUserMessages: [Robot_C_1] Stop
[2020.10.04-19.38.44:079][157]LogBlueprintUserMessages: [Robot_C_1] Stop
[2020.10.04-19.38.44:161][158]LogBlueprintUserMessages: [Robot_C_1] Stop
[2020.10.04-19.38.44:219][159]LogBlueprintUserMessages: [Robot_C_1] Stop
[2020.10.04-19.38.44:310][160]LogBlueprintUserMessages: [Robot_C_1] Stop
[2020.10.04-19.38.44:418][161]LogBlueprintUserMessages: [Robot_C_1] Stop
[2020.10.04-19.38.44:526][162]LogBlueprintUserMessages: [Robot_C_1] Stop
[2020.10.04-19.38.44:621][163]LogBlueprintUserMessages: [Robot_C_1] Stop
[2020.10.04-19.38.44:717][164]LogBlueprintUserMessages: [Robot_C_1] Stop
[2020.10.04-19.38.44:810][165]LogBlueprintUserMessages: [Robot_C_1] Stop
[2020.10.04-19.38.44:881][166]LogBlueprintUserMessages: [Robot_C_1] Stop
[2020.10.04-19.38.44:948][167]LogBlueprintUserMessages: [Robot_C_1] Stop
[2020.10.04-19.38.45:033][168]LogBlueprintUserMessages: [Robot_C_1] Stop
