Log file open, 10/04/20 04:39:07
LogInit: Display: Running engine for game: SimpleRobotDemo_BP
LogPlatformFile: Not using cached read wrapper
LogTaskGraph: Started task graph with 5 named threads and 11 total threads with 3 sets of task threads.
LogStats: Stats thread started at 1.145102
LogD3D11RHI: Loaded GFSDK_Aftermath_Lib.x64.dll
LogICUInternationalization: ICU TimeZone Detection - Raw Offset: +5:30, Platform Override: ''
LogPluginManager: Mounting plugin Paper2D
LogPluginManager: Mounting plugin AISupport
LogPluginManager: Mounting plugin LightPropagationVolume
LogPluginManager: Mounting plugin CameraShakePreviewer
LogPluginManager: Mounting plugin ActorLayerUtilities
LogPluginManager: Mounting plugin AnimationSharing
LogPluginManager: Mounting plugin CLionSourceCodeAccess
LogPluginManager: Mounting plugin CodeLiteSourceCodeAccess
LogPluginManager: Mounting plugin GitSourceControl
LogPluginManager: Mounting plugin KDevelopSourceCodeAccess
LogPluginManager: Mounting plugin NullSourceCodeAccess
LogPluginManager: Mounting plugin PerforceSourceControl
LogPluginManager: Mounting plugin PlasticSourceControl
LogPluginManager: Mounting plugin RiderSourceCodeAccess
LogPluginManager: Mounting plugin SubversionSourceControl
LogPluginManager: Mounting plugin UObjectPlugin
LogPluginManager: Mounting plugin VisualStudioCodeSourceCodeAccess
LogPluginManager: Mounting plugin VisualStudioSourceCodeAccess
LogPluginManager: Mounting plugin XCodeSourceCodeAccess
LogPluginManager: Mounting plugin AssetManagerEditor
LogPluginManager: Mounting plugin CryptoKeys
LogPluginManager: Mounting plugin CurveEditorTools
LogPluginManager: Mounting plugin DataValidation
LogPluginManager: Mounting plugin EditorScriptingUtilities
LogPluginManager: Mounting plugin FacialAnimation
LogPluginManager: Mounting plugin GameplayTagsEditor
LogPluginManager: Mounting plugin GeometryMode
LogPluginManager: Mounting plugin MacGraphicsSwitching
LogPluginManager: Mounting plugin MaterialAnalyzer
LogPluginManager: Mounting plugin MobileLauncherProfileWizard
LogPluginManager: Mounting plugin PluginBrowser
LogPluginManager: Mounting plugin SpeedTreeImporter
LogPluginManager: Mounting plugin DatasmithContent
LogPluginManager: Mounting plugin VariantManagerContent
LogPluginManager: Mounting plugin AlembicImporter
LogPluginManager: Mounting plugin AutomationUtils
LogPluginManager: Mounting plugin BackChannel
LogPluginManager: Mounting plugin ChaosCloth
LogPluginManager: Mounting plugin ChaosClothEditor
LogPluginManager: Mounting plugin ChaosEditor
LogPluginManager: Mounting plugin ChaosNiagara
LogPluginManager: Mounting plugin ChaosSolverPlugin
LogPluginManager: Mounting plugin CharacterAI
LogPluginManager: Mounting plugin GeometryCache
LogPluginManager: Mounting plugin GeometryCollectionPlugin
LogPluginManager: Mounting plugin GeometryProcessing
LogPluginManager: Mounting plugin PlanarCut
LogPluginManager: Mounting plugin PlatformCrypto
LogPluginManager: Mounting plugin ProxyLODPlugin
LogPluginManager: Mounting plugin SkeletalReduction
LogPluginManager: Mounting plugin Niagara
LogPluginManager: Mounting plugin MagicLeap
LogPluginManager: Mounting plugin MagicLeapLightEstimation
LogPluginManager: Mounting plugin MagicLeapMedia
LogPluginManager: Mounting plugin MagicLeapPassableWorld
LogPluginManager: Mounting plugin MLSDK
LogPluginManager: Mounting plugin AndroidMedia
LogPluginManager: Mounting plugin AvfMedia
LogPluginManager: Mounting plugin ImgMedia
LogPluginManager: Mounting plugin MediaCompositing
LogPluginManager: Mounting plugin MediaPlayerEditor
LogPluginManager: Mounting plugin WebMMedia
LogPluginManager: Mounting plugin WmfMedia
LogPluginManager: Mounting plugin MeshPainting
LogPluginManager: Mounting plugin TcpMessaging
LogPluginManager: Mounting plugin UdpMessaging
LogPluginManager: Mounting plugin ActorSequence
LogPluginManager: Mounting plugin LevelSequenceEditor
LogPluginManager: Mounting plugin MatineeToLevelSequence
LogPluginManager: Mounting plugin MovieRenderPipeline
LogPluginManager: Mounting plugin TemplateSequence
LogPluginManager: Mounting plugin NetcodeUnitTest
LogPluginManager: Mounting plugin NUTUnrealEngine4
LogPluginManager: Mounting plugin OnlineSubsystemGooglePlay
LogPluginManager: Mounting plugin OnlineSubsystemIOS
LogPluginManager: Mounting plugin OnlineSubsystem
LogPluginManager: Mounting plugin OnlineSubsystemNull
LogPluginManager: Mounting plugin OnlineSubsystemSteam
LogPluginManager: Mounting plugin OnlineSubsystemUtils
LogPluginManager: Mounting plugin LauncherChunkInstaller
LogPluginManager: Mounting plugin AndroidDeviceProfileSelector
LogPluginManager: Mounting plugin AndroidMoviePlayer
LogPluginManager: Mounting plugin AndroidPermission
LogPluginManager: Mounting plugin AppleImageUtils
LogPluginManager: Mounting plugin AppleMoviePlayer
LogPluginManager: Mounting plugin ArchVisCharacter
LogPluginManager: Mounting plugin AssetTags
LogPluginManager: Mounting plugin AudioCapture
LogPluginManager: Mounting plugin CableComponent
LogPluginManager: Mounting plugin CustomMeshComponent
LogPluginManager: Mounting plugin EditableMesh
LogPluginManager: Mounting plugin ExampleDeviceProfileSelector
LogPluginManager: Mounting plugin GoogleCloudMessaging
LogPluginManager: Mounting plugin GooglePAD
LogPluginManager: Mounting plugin IOSDeviceProfileSelector
LogPluginManager: Mounting plugin LinuxDeviceProfileSelector
LogPluginManager: Mounting plugin LocationServicesBPLibrary
LogPluginManager: Mounting plugin MobilePatchingUtils
LogPluginManager: Mounting plugin OculusVR
LogPluginManager: Mounting plugin PhysXVehicles
LogPluginManager: Mounting plugin PostSplashScreen
LogPluginManager: Mounting plugin ProceduralMeshComponent
LogPluginManager: Mounting plugin RuntimePhysXCooking
LogPluginManager: Mounting plugin SignificanceManager
LogPluginManager: Mounting plugin SoundFields
LogPluginManager: Mounting plugin SteamController
LogPluginManager: Mounting plugin SteamShared
LogPluginManager: Mounting plugin SteamSockets
LogPluginManager: Mounting plugin SteamVR
LogPluginManager: Mounting plugin Synthesis
LogPluginManager: Mounting plugin WebMMoviePlayer
LogPluginManager: Mounting plugin WindowsMoviePlayer
LogPluginManager: Mounting plugin ScreenshotTools
LogInit: Using libcurl 7.55.1-DEV
LogInit:  - built for x86_64-pc-win32
LogInit:  - supports SSL with OpenSSL/1.1.1
LogInit:  - supports HTTP deflate (compression) using libz 1.2.8
LogInit:  - other features:
LogInit:      CURL_VERSION_SSL
LogInit:      CURL_VERSION_LIBZ
LogInit:      CURL_VERSION_IPV6
LogInit:      CURL_VERSION_ASYNCHDNS
LogInit:      CURL_VERSION_LARGEFILE
LogInit:      CURL_VERSION_IDN
LogInit:  CurlRequestOptions (configurable via config and command line):
LogInit:  - bVerifyPeer = true  - Libcurl will verify peer certificate
LogInit:  - bUseHttpProxy = false  - Libcurl will NOT use HTTP proxy
LogInit:  - bDontReuseConnections = false  - Libcurl will reuse connections
LogInit:  - MaxHostConnections = 16  - Libcurl will limit the number of connections to a host
LogInit:  - LocalHostAddr = Default
LogInit:  - BufferSize = 65536
LogOnline: OSS: Creating online subsystem instance for: NULL
LogInit: WinSock: version 1.1 (2.2), MaxSocks=32767, MaxUdp=65467
LogOnline: OSS: TryLoadSubsystemAndSetDefault: Loaded subsystem for module [NULL]
LogInit: Build: ++UE4+Release-4.25-CL-13942748
LogInit: Engine Version: 4.25.3-13942748+++UE4+Release-4.25
LogInit: Compatible Engine Version: 4.25.0-13144385+++UE4+Release-4.25
LogInit: Net CL: 13144385
LogInit: OS: Windows 10 (Release 1903) (), CPU: Intel(R) Core(TM) i5-4200U CPU @ 1.60GHz, GPU: Intel(R) HD Graphics Family
LogInit: Compiled (64-bit): Jul 25 2020 02:07:48
LogInit: Compiled with Visual C++: 19.24.28315.00
LogInit: Build Configuration: Development
LogInit: Branch Name: ++UE4+Release-4.25
LogInit: Command Line:  /Game/ThirdPersonBP/Maps/ThirdPersonExampleMap?Listen -game -PIEVIACONSOLE -Multiprocess GameUserSettingsINI=C:/Users/Nandita/Desktop/Demo2020/NewUnrealDemo/RobotDemo/SimpleRobotDemo_BP/Saved/Config/Windows/PIEGameUserSettings0.ini -MultiprocessSaveConfig -MultiprocessOSS -messaging -SessionName="Play in Standalone Game" -port=17777 -windowed -ResX=1280 -ResY=720
LogInit: Base Directory: C:/Program Files/Epic Games/UE_4.25/Engine/Binaries/Win64/
LogInit: Allocator: TBB
LogInit: Installed Engine Build: 1
LogDevObjectVersion: Number of dev versions registered: 26
LogDevObjectVersion:   Dev-Blueprints (B0D832E4-1F89-4F0D-ACCF-7EB736FD4AA2): 10
LogDevObjectVersion:   Dev-Build (E1C64328-A22C-4D53-A36C-8E866417BD8C): 0
LogDevObjectVersion:   Dev-Core (375EC13C-06E4-48FB-B500-84F0262A717E): 4
LogDevObjectVersion:   Dev-Editor (E4B068ED-F494-42E9-A231-DA0B2E46BB41): 38
LogDevObjectVersion:   Dev-Framework (CFFC743F-43B0-4480-9391-14DF171D2073): 37
LogDevObjectVersion:   Dev-Mobile (B02B49B5-BB20-44E9-A304-32B752E40360): 2
LogDevObjectVersion:   Dev-Networking (A4E4105C-59A1-49B5-A7C5-40C4547EDFEE): 0
LogDevObjectVersion:   Dev-Online (39C831C9-5AE6-47DC-9A44-9C173E1C8E7C): 0
LogDevObjectVersion:   Dev-Physics (78F01B33-EBEA-4F98-B9B4-84EACCB95AA2): 4
LogDevObjectVersion:   Dev-Platform (6631380F-2D4D-43E0-8009-CF276956A95A): 0
LogDevObjectVersion:   Dev-Rendering (12F88B9F-8875-4AFC-A67C-D90C383ABD29): 43
LogDevObjectVersion:   Dev-Sequencer (7B5AE74C-D270-4C10-A958-57980B212A5A): 12
LogDevObjectVersion:   Dev-VR (D7296918-1DD6-4BDD-9DE2-64A83CC13884): 3
LogDevObjectVersion:   Dev-LoadTimes (C2A15278-BFE7-4AFE-6C17-90FF531DF755): 1
LogDevObjectVersion:   Private-Geometry (6EACA3D4-40EC-4CC1-B786-8BED09428FC5): 3
LogDevObjectVersion:   Dev-AnimPhys (29E575DD-E0A3-4627-9D10-D276232CDCEA): 17
LogDevObjectVersion:   Dev-Anim (AF43A65D-7FD3-4947-9873-3E8ED9C1BB05): 7
LogDevObjectVersion:   Dev-ReflectionCapture (6B266CEC-1EC7-4B8F-A30B-E4D90942FC07): 1
LogDevObjectVersion:   Dev-Automation (0DF73D61-A23F-47EA-B727-89E90C41499A): 1
LogDevObjectVersion:   FortniteMain (601D1886-AC64-4F84-AA16-D3DE0DEAC7D6): 31
LogDevObjectVersion:   Dev-Enterprise (9DFFBCD6-494F-0158-E221-12823C92A888): 10
LogDevObjectVersion:   Dev-Niagara (F2AED0AC-9AFE-416F-8664-AA7FFA26D6FC): 1
LogDevObjectVersion:   Dev-Destruction (174F1F0B-B4C6-45A5-B13F-2EE8D0FB917D): 10
LogDevObjectVersion:   Dev-Physics-Ext (35F94A83-E258-406C-A318-09F59610247C): 37
LogDevObjectVersion:   Dev-PhysicsMaterial-Chaos (B68FC16E-8B1B-42E2-B453-215C058844FE): 1
LogDevObjectVersion:   Dev-CineCamera (B2E18506-4273-CFC2-A54E-F4BB758BBA07): 1
LogInit: Presizing for max 25165824 objects, including 0 objects not considered by GC, pre-allocating 0 bytes for permanent pool.
LogConfig: Applying CVar settings from Section [/Script/Engine.StreamingSettings] File [C:/Users/Nandita/Desktop/Demo2020/NewUnrealDemo/RobotDemo/SimpleRobotDemo_BP/Saved/Config/Windows/Engine.ini]
LogConfig: Setting CVar [[s.MinBulkDataSizeForAsyncLoading:131072]]
LogConfig: Setting CVar [[s.AsyncLoadingThreadEnabled:0]]
LogConfig: Setting CVar [[s.EventDrivenLoaderEnabled:1]]
LogConfig: Setting CVar [[s.WarnIfTimeLimitExceeded:0]]
LogConfig: Setting CVar [[s.TimeLimitExceededMultiplier:1.5]]
LogConfig: Setting CVar [[s.TimeLimitExceededMinTime:0.005]]
LogConfig: Setting CVar [[s.UseBackgroundLevelStreaming:1]]
LogConfig: Setting CVar [[s.PriorityAsyncLoadingExtraTime:15.0]]
LogConfig: Setting CVar [[s.LevelStreamingActorsUpdateTimeLimit:5.0]]
LogConfig: Setting CVar [[s.PriorityLevelStreamingActorsUpdateExtraTime:5.0]]
LogConfig: Setting CVar [[s.LevelStreamingComponentsRegistrationGranularity:10]]
LogConfig: Setting CVar [[s.UnregisterComponentsTimeLimit:1.0]]
LogConfig: Setting CVar [[s.LevelStreamingComponentsUnregistrationGranularity:5]]
LogConfig: Setting CVar [[s.FlushStreamingOnExit:1]]
LogInit: Object subsystem initialized
LogConfig: Setting CVar [[con.DebugEarlyDefault:1]]
LogConfig: Setting CVar [[r.setres:1280x720]]
[2020.10.03-23.09.08:689][  0]LogConfig: Setting CVar [[con.DebugEarlyDefault:1]]
[2020.10.03-23.09.08:689][  0]LogConfig: Setting CVar [[r.setres:1280x720]]
[2020.10.03-23.09.08:689][  0]LogConfig: Applying CVar settings from Section [/Script/Engine.RendererSettings] File [C:/Users/Nandita/Desktop/Demo2020/NewUnrealDemo/RobotDemo/SimpleRobotDemo_BP/Saved/Config/Windows/Engine.ini]
[2020.10.03-23.09.08:689][  0]LogConfig: Setting CVar [[r.GPUCrashDebugging:0]]
[2020.10.03-23.09.08:689][  0]LogConfig: Applying CVar settings from Section [/Script/Engine.RendererOverrideSettings] File [C:/Users/Nandita/Desktop/Demo2020/NewUnrealDemo/RobotDemo/SimpleRobotDemo_BP/Saved/Config/Windows/Engine.ini]
[2020.10.03-23.09.08:689][  0]LogConfig: Applying CVar settings from Section [/Script/Engine.StreamingSettings] File [C:/Users/Nandita/Desktop/Demo2020/NewUnrealDemo/RobotDemo/SimpleRobotDemo_BP/Saved/Config/Windows/Engine.ini]
[2020.10.03-23.09.08:689][  0]LogConfig: Setting CVar [[s.MinBulkDataSizeForAsyncLoading:131072]]
[2020.10.03-23.09.08:689][  0]LogConfig: Setting CVar [[s.AsyncLoadingThreadEnabled:0]]
[2020.10.03-23.09.08:689][  0]LogConfig: Setting CVar [[s.EventDrivenLoaderEnabled:1]]
[2020.10.03-23.09.08:689][  0]LogConfig: Setting CVar [[s.WarnIfTimeLimitExceeded:0]]
[2020.10.03-23.09.08:689][  0]LogConfig: Setting CVar [[s.TimeLimitExceededMultiplier:1.5]]
[2020.10.03-23.09.08:689][  0]LogConfig: Setting CVar [[s.TimeLimitExceededMinTime:0.005]]
[2020.10.03-23.09.08:689][  0]LogConfig: Setting CVar [[s.UseBackgroundLevelStreaming:1]]
[2020.10.03-23.09.08:689][  0]LogConfig: Setting CVar [[s.PriorityAsyncLoadingExtraTime:15.0]]
[2020.10.03-23.09.08:689][  0]LogConfig: Setting CVar [[s.LevelStreamingActorsUpdateTimeLimit:5.0]]
[2020.10.03-23.09.08:689][  0]LogConfig: Setting CVar [[s.PriorityLevelStreamingActorsUpdateExtraTime:5.0]]
[2020.10.03-23.09.08:689][  0]LogConfig: Setting CVar [[s.LevelStreamingComponentsRegistrationGranularity:10]]
[2020.10.03-23.09.08:689][  0]LogConfig: Setting CVar [[s.UnregisterComponentsTimeLimit:1.0]]
[2020.10.03-23.09.08:689][  0]LogConfig: Setting CVar [[s.LevelStreamingComponentsUnregistrationGranularity:5]]
[2020.10.03-23.09.08:689][  0]LogConfig: Setting CVar [[s.FlushStreamingOnExit:1]]
[2020.10.03-23.09.08:689][  0]LogConfig: Applying CVar settings from Section [/Script/Engine.GarbageCollectionSettings] File [C:/Users/Nandita/Desktop/Demo2020/NewUnrealDemo/RobotDemo/SimpleRobotDemo_BP/Saved/Config/Windows/Engine.ini]
[2020.10.03-23.09.08:689][  0]LogConfig: Setting CVar [[gc.MaxObjectsNotConsideredByGC:1]]
[2020.10.03-23.09.08:690][  0]LogConfig: Setting CVar [[gc.SizeOfPermanentObjectPool:0]]
[2020.10.03-23.09.08:690][  0]LogConfig: Setting CVar [[gc.FlushStreamingOnGC:0]]
[2020.10.03-23.09.08:690][  0]LogConfig: Setting CVar [[gc.NumRetriesBeforeForcingGC:10]]
[2020.10.03-23.09.08:690][  0]LogConfig: Setting CVar [[gc.AllowParallelGC:1]]
[2020.10.03-23.09.08:690][  0]LogConfig: Setting CVar [[gc.TimeBetweenPurgingPendingKillObjects:61.1]]
[2020.10.03-23.09.08:690][  0]LogConfig: Setting CVar [[gc.MaxObjectsInEditor:25165824]]
[2020.10.03-23.09.08:690][  0]LogConfig: Setting CVar [[gc.IncrementalBeginDestroyEnabled:1]]
[2020.10.03-23.09.08:690][  0]LogConfig: Setting CVar [[gc.CreateGCClusters:1]]
[2020.10.03-23.09.08:690][  0]LogConfig: Setting CVar [[gc.MinGCClusterSize:5]]
[2020.10.03-23.09.08:690][  0]LogConfig: Setting CVar [[gc.ActorClusteringEnabled:0]]
[2020.10.03-23.09.08:690][  0]LogConfig: Setting CVar [[gc.BlueprintClusteringEnabled:0]]
[2020.10.03-23.09.08:690][  0]LogConfig: Setting CVar [[gc.UseDisregardForGCOnDedicatedServers:0]]
[2020.10.03-23.09.08:690][  0]LogConfig: Applying CVar settings from Section [/Script/Engine.NetworkSettings] File [C:/Users/Nandita/Desktop/Demo2020/NewUnrealDemo/RobotDemo/SimpleRobotDemo_BP/Saved/Config/Windows/Engine.ini]
[2020.10.03-23.09.08:690][  0]LogConfig: Setting CVar [[p.EnableMultiplayerWorldOriginRebasing:1]]
[2020.10.03-23.09.08:690][  0]LogConfig: Applying CVar settings from Section [/Script/UnrealEd.CookerSettings] File [C:/Users/Nandita/Desktop/Demo2020/NewUnrealDemo/RobotDemo/SimpleRobotDemo_BP/Saved/Config/Windows/Engine.ini]
[2020.10.03-23.09.08:695][  0]LogConfig: Applying CVar settings from Section [ViewDistanceQuality@3] File [C:/Users/Nandita/Desktop/Demo2020/NewUnrealDemo/RobotDemo/SimpleRobotDemo_BP/Saved/Config/Windows/Scalability.ini]
[2020.10.03-23.09.08:695][  0]LogConfig: Setting CVar [[r.SkeletalMeshLODBias:0]]
[2020.10.03-23.09.08:695][  0]LogConfig: Setting CVar [[r.ViewDistanceScale:1.0]]
[2020.10.03-23.09.08:695][  0]LogConfig: Applying CVar settings from Section [AntiAliasingQuality@3] File [C:/Users/Nandita/Desktop/Demo2020/NewUnrealDemo/RobotDemo/SimpleRobotDemo_BP/Saved/Config/Windows/Scalability.ini]
[2020.10.03-23.09.08:695][  0]LogConfig: Setting CVar [[r.PostProcessAAQuality:4]]
[2020.10.03-23.09.08:695][  0]LogConfig: Applying CVar settings from Section [ShadowQuality@3] File [C:/Users/Nandita/Desktop/Demo2020/NewUnrealDemo/RobotDemo/SimpleRobotDemo_BP/Saved/Config/Windows/Scalability.ini]
[2020.10.03-23.09.08:695][  0]LogConfig: Setting CVar [[r.LightFunctionQuality:1]]
[2020.10.03-23.09.08:695][  0]LogConfig: Setting CVar [[r.ShadowQuality:5]]
[2020.10.03-23.09.08:695][  0]LogConfig: Setting CVar [[r.Shadow.CSM.MaxCascades:10]]
[2020.10.03-23.09.08:695][  0]LogConfig: Setting CVar [[r.Shadow.MaxResolution:2048]]
[2020.10.03-23.09.08:696][  0]LogConfig: Setting CVar [[r.Shadow.MaxCSMResolution:2048]]
[2020.10.03-23.09.08:696][  0]LogConfig: Setting CVar [[r.Shadow.RadiusThreshold:0.01]]
[2020.10.03-23.09.08:696][  0]LogConfig: Setting CVar [[r.Shadow.DistanceScale:1.0]]
[2020.10.03-23.09.08:696][  0]LogConfig: Setting CVar [[r.Shadow.CSM.TransitionScale:1.0]]
[2020.10.03-23.09.08:696][  0]LogConfig: Setting CVar [[r.Shadow.PreShadowResolutionFactor:1.0]]
[2020.10.03-23.09.08:696][  0]LogConfig: Setting CVar [[r.DistanceFieldShadowing:1]]
[2020.10.03-23.09.08:696][  0]LogConfig: Setting CVar [[r.DistanceFieldAO:1]]
[2020.10.03-23.09.08:696][  0]LogConfig: Setting CVar [[r.AOQuality:2]]
[2020.10.03-23.09.08:696][  0]LogConfig: Setting CVar [[r.VolumetricFog:1]]
[2020.10.03-23.09.08:696][  0]LogConfig: Setting CVar [[r.VolumetricFog.GridPixelSize:8]]
[2020.10.03-23.09.08:696][  0]LogConfig: Setting CVar [[r.VolumetricFog.GridSizeZ:128]]
[2020.10.03-23.09.08:696][  0]LogConfig: Setting CVar [[r.VolumetricFog.HistoryMissSupersampleCount:4]]
[2020.10.03-23.09.08:696][  0]LogConfig: Setting CVar [[r.LightMaxDrawDistanceScale:1]]
[2020.10.03-23.09.08:696][  0]LogConfig: Setting CVar [[r.CapsuleShadows:1]]
[2020.10.03-23.09.08:696][  0]LogConfig: Applying CVar settings from Section [PostProcessQuality@3] File [C:/Users/Nandita/Desktop/Demo2020/NewUnrealDemo/RobotDemo/SimpleRobotDemo_BP/Saved/Config/Windows/Scalability.ini]
[2020.10.03-23.09.08:696][  0]LogConfig: Setting CVar [[r.MotionBlurQuality:4]]
[2020.10.03-23.09.08:696][  0]LogConfig: Setting CVar [[r.AmbientOcclusionMipLevelFactor:0.4]]
[2020.10.03-23.09.08:696][  0]LogConfig: Setting CVar [[r.AmbientOcclusionMaxQuality:100]]
[2020.10.03-23.09.08:696][  0]LogConfig: Setting CVar [[r.AmbientOcclusionLevels:-1]]
[2020.10.03-23.09.08:696][  0]LogConfig: Setting CVar [[r.AmbientOcclusionRadiusScale:1.0]]
[2020.10.03-23.09.08:696][  0]LogConfig: Setting CVar [[r.DepthOfFieldQuality:2]]
[2020.10.03-23.09.08:696][  0]LogConfig: Setting CVar [[r.RenderTargetPoolMin:400]]
[2020.10.03-23.09.08:696][  0]LogConfig: Setting CVar [[r.LensFlareQuality:2]]
[2020.10.03-23.09.08:696][  0]LogConfig: Setting CVar [[r.SceneColorFringeQuality:1]]
[2020.10.03-23.09.08:696][  0]LogConfig: Setting CVar [[r.EyeAdaptationQuality:2]]
[2020.10.03-23.09.08:696][  0]LogConfig: Setting CVar [[r.BloomQuality:5]]
[2020.10.03-23.09.08:696][  0]LogConfig: Setting CVar [[r.FastBlurThreshold:100]]
[2020.10.03-23.09.08:696][  0]LogConfig: Setting CVar [[r.Upscale.Quality:3]]
[2020.10.03-23.09.08:696][  0]LogConfig: Setting CVar [[r.Tonemapper.GrainQuantization:1]]
[2020.10.03-23.09.08:697][  0]LogConfig: Setting CVar [[r.LightShaftQuality:1]]
[2020.10.03-23.09.08:697][  0]LogConfig: Setting CVar [[r.Filter.SizeScale:1]]
[2020.10.03-23.09.08:697][  0]LogConfig: Setting CVar [[r.Tonemapper.Quality:5]]
[2020.10.03-23.09.08:697][  0]LogConfig: Setting CVar [[r.DOF.Gather.AccumulatorQuality:1        ; higher gathering accumulator quality]]
[2020.10.03-23.09.08:697][  0]LogConfig: Setting CVar [[r.DOF.Gather.PostfilterMethod:1          ; Median3x3 postfilering method]]
[2020.10.03-23.09.08:697][  0]LogConfig: Setting CVar [[r.DOF.Gather.EnableBokehSettings:0       ; no bokeh simulation when gathering]]
[2020.10.03-23.09.08:697][  0]LogConfig: Setting CVar [[r.DOF.Gather.RingCount:4                 ; medium number of samples when gathering]]
[2020.10.03-23.09.08:697][  0]LogConfig: Setting CVar [[r.DOF.Scatter.ForegroundCompositing:1    ; additive foreground scattering]]
[2020.10.03-23.09.08:697][  0]LogConfig: Setting CVar [[r.DOF.Scatter.BackgroundCompositing:2    ; additive background scattering]]
[2020.10.03-23.09.08:697][  0]LogConfig: Setting CVar [[r.DOF.Scatter.EnableBokehSettings:1      ; bokeh simulation when scattering]]
[2020.10.03-23.09.08:697][  0]LogConfig: Setting CVar [[r.DOF.Scatter.MaxSpriteRatio:0.1         ; only a maximum of 10% of scattered bokeh]]
[2020.10.03-23.09.08:697][  0]LogConfig: Setting CVar [[r.DOF.Recombine.Quality:1                ; cheap slight out of focus]]
[2020.10.03-23.09.08:697][  0]LogConfig: Setting CVar [[r.DOF.Recombine.EnableBokehSettings:0    ; no bokeh simulation on slight out of focus]]
[2020.10.03-23.09.08:697][  0]LogConfig: Setting CVar [[r.DOF.TemporalAAQuality:1                ; more stable temporal accumulation]]
[2020.10.03-23.09.08:697][  0]LogConfig: Setting CVar [[r.DOF.Kernel.MaxForegroundRadius:0.025]]
[2020.10.03-23.09.08:697][  0]LogConfig: Setting CVar [[r.DOF.Kernel.MaxBackgroundRadius:0.025]]
[2020.10.03-23.09.08:697][  0]LogConfig: Applying CVar settings from Section [TextureQuality@3] File [C:/Users/Nandita/Desktop/Demo2020/NewUnrealDemo/RobotDemo/SimpleRobotDemo_BP/Saved/Config/Windows/Scalability.ini]
[2020.10.03-23.09.08:697][  0]LogConfig: Setting CVar [[r.Streaming.MipBias:0]]
[2020.10.03-23.09.08:697][  0]LogConfig: Setting CVar [[r.Streaming.AmortizeCPUToGPUCopy:0]]
[2020.10.03-23.09.08:697][  0]LogConfig: Setting CVar [[r.Streaming.MaxNumTexturesToStreamPerFrame:0]]
[2020.10.03-23.09.08:697][  0]LogConfig: Setting CVar [[r.Streaming.Boost:1]]
[2020.10.03-23.09.08:697][  0]LogConfig: Setting CVar [[r.MaxAnisotropy:8]]
[2020.10.03-23.09.08:697][  0]LogConfig: Setting CVar [[r.VT.MaxAnisotropy:8]]
[2020.10.03-23.09.08:697][  0]LogConfig: Setting CVar [[r.Streaming.LimitPoolSizeToVRAM:0]]
[2020.10.03-23.09.08:697][  0]LogConfig: Setting CVar [[r.Streaming.PoolSize:1000]]
[2020.10.03-23.09.08:697][  0]LogConfig: Setting CVar [[r.Streaming.MaxEffectiveScreenSize:0]]
[2020.10.03-23.09.08:698][  0]LogConfig: Applying CVar settings from Section [EffectsQuality@3] File [C:/Users/Nandita/Desktop/Demo2020/NewUnrealDemo/RobotDemo/SimpleRobotDemo_BP/Saved/Config/Windows/Scalability.ini]
[2020.10.03-23.09.08:698][  0]LogConfig: Setting CVar [[r.TranslucencyLightingVolumeDim:64]]
[2020.10.03-23.09.08:698][  0]LogConfig: Setting CVar [[r.RefractionQuality:2]]
[2020.10.03-23.09.08:698][  0]LogConfig: Setting CVar [[r.SSR.Quality:3]]
[2020.10.03-23.09.08:698][  0]LogConfig: Setting CVar [[r.SSR.HalfResSceneColor:0]]
[2020.10.03-23.09.08:698][  0]LogConfig: Setting CVar [[r.SceneColorFormat:4]]
[2020.10.03-23.09.08:698][  0]LogConfig: Setting CVar [[r.DetailMode:2]]
[2020.10.03-23.09.08:698][  0]LogConfig: Setting CVar [[r.TranslucencyVolumeBlur:1]]
[2020.10.03-23.09.08:698][  0]LogConfig: Setting CVar [[r.MaterialQualityLevel:1 ; High quality]]
[2020.10.03-23.09.08:698][  0]LogConfig: Setting CVar [[r.SSS.Scale:1]]
[2020.10.03-23.09.08:698][  0]LogConfig: Setting CVar [[r.SSS.SampleSet:2]]
[2020.10.03-23.09.08:698][  0]LogConfig: Setting CVar [[r.SSS.Quality:1]]
[2020.10.03-23.09.08:698][  0]LogConfig: Setting CVar [[r.SSS.HalfRes:0]]
[2020.10.03-23.09.08:698][  0]LogConfig: Setting CVar [[r.SSGI.Quality:3]]
[2020.10.03-23.09.08:698][  0]LogConfig: Setting CVar [[r.EmitterSpawnRateScale:1.0]]
[2020.10.03-23.09.08:698][  0]LogConfig: Setting CVar [[r.ParticleLightQuality:2]]
[2020.10.03-23.09.08:698][  0]LogConfig: Setting CVar [[r.SkyAtmosphere.AerialPerspectiveLUT.FastApplyOnOpaque:1 ; Always have FastSkyLUT 1 in this case to avoid wrong sky]]
[2020.10.03-23.09.08:698][  0]LogConfig: Setting CVar [[r.SkyAtmosphere.AerialPerspectiveLUT.SampleCountPerSlice:1]]
[2020.10.03-23.09.08:698][  0]LogConfig: Setting CVar [[r.SkyAtmosphere.AerialPerspectiveLUT.DepthResolution:16.0]]
[2020.10.03-23.09.08:698][  0]LogConfig: Setting CVar [[r.SkyAtmosphere.FastSkyLUT:1]]
[2020.10.03-23.09.08:698][  0]LogConfig: Setting CVar [[r.SkyAtmosphere.FastSkyLUT.SampleCountMin:4.0]]
[2020.10.03-23.09.08:698][  0]LogConfig: Setting CVar [[r.SkyAtmosphere.FastSkyLUT.SampleCountMax:32.0]]
[2020.10.03-23.09.08:698][  0]LogConfig: Setting CVar [[r.SkyAtmosphere.SampleCountMin:4.0]]
[2020.10.03-23.09.08:698][  0]LogConfig: Setting CVar [[r.SkyAtmosphere.SampleCountMax:32.0]]
[2020.10.03-23.09.08:698][  0]LogConfig: Setting CVar [[r.SkyAtmosphere.TransmittanceLUT.UseSmallFormat:0]]
[2020.10.03-23.09.08:698][  0]LogConfig: Setting CVar [[r.SkyAtmosphere.TransmittanceLUT.SampleCount:10.0]]
[2020.10.03-23.09.08:698][  0]LogConfig: Setting CVar [[r.SkyAtmosphere.MultiScatteringLUT.SampleCount:15.0]]
[2020.10.03-23.09.08:698][  0]LogConfig: Applying CVar settings from Section [FoliageQuality@3] File [C:/Users/Nandita/Desktop/Demo2020/NewUnrealDemo/RobotDemo/SimpleRobotDemo_BP/Saved/Config/Windows/Scalability.ini]
[2020.10.03-23.09.08:698][  0]LogConfig: Setting CVar [[foliage.DensityScale:1.0]]
[2020.10.03-23.09.08:698][  0]LogConfig: Setting CVar [[grass.DensityScale:1.0]]
[2020.10.03-23.09.08:699][  0]LogConfig: Applying CVar settings from Section [ShadingQuality@3] File [C:/Users/Nandita/Desktop/Demo2020/NewUnrealDemo/RobotDemo/SimpleRobotDemo_BP/Saved/Config/Windows/Scalability.ini]
[2020.10.03-23.09.08:699][  0]LogConfig: Setting CVar [[r.HairStrands.SkyLighting.SampleCount:16]]
[2020.10.03-23.09.08:699][  0]LogConfig: Setting CVar [[r.HairStrands.SkyLighting.JitterIntegration:0]]
[2020.10.03-23.09.08:699][  0]LogConfig: Setting CVar [[r.HairStrands.SkyAO.SampleCount:16]]
[2020.10.03-23.09.08:707][  0]LogConfig: Setting CVar [[r.HairStrands.DeepShadow.SuperSampling:0]]
[2020.10.03-23.09.08:707][  0]LogConfig: Setting CVar [[r.HairStrands.VisibilityPPLL:0]]
[2020.10.03-23.09.08:707][  0]LogConfig: Setting CVar [[r.HairStrands.RasterizationScale:0.5]]
[2020.10.03-23.09.08:707][  0]LogConfig: Setting CVar [[r.HairStrands.VelocityRasterizationScale:1]]
[2020.10.03-23.09.08:707][  0]LogInit: Selected Device Profile: [Windows]
[2020.10.03-23.09.08:707][  0]LogInit: Applying CVar settings loaded from the selected device profile: [Windows]
[2020.10.03-23.09.08:707][  0]LogHAL: Display: Platform has ~ 12 GB [12811657216 / 17179869184 / 12], which maps to Larger [LargestMinGB=32, LargerMinGB=12, DefaultMinGB=8, SmallerMinGB=6, SmallestMinGB=0)
[2020.10.03-23.09.08:707][  0]LogInit: Going up to parent DeviceProfile []
[2020.10.03-23.09.08:707][  0]LogConfig: Applying CVar settings from Section [ViewDistanceQuality@3] File [C:/Users/Nandita/Desktop/Demo2020/NewUnrealDemo/RobotDemo/SimpleRobotDemo_BP/Saved/Config/Windows/Scalability.ini]
[2020.10.03-23.09.08:708][  0]LogConfig: Setting CVar [[r.SkeletalMeshLODBias:0]]
[2020.10.03-23.09.08:708][  0]LogConfig: Setting CVar [[r.ViewDistanceScale:1.0]]
[2020.10.03-23.09.08:708][  0]LogConfig: Applying CVar settings from Section [AntiAliasingQuality@3] File [C:/Users/Nandita/Desktop/Demo2020/NewUnrealDemo/RobotDemo/SimpleRobotDemo_BP/Saved/Config/Windows/Scalability.ini]
[2020.10.03-23.09.08:708][  0]LogConfig: Setting CVar [[r.PostProcessAAQuality:4]]
[2020.10.03-23.09.08:708][  0]LogConfig: Applying CVar settings from Section [ShadowQuality@3] File [C:/Users/Nandita/Desktop/Demo2020/NewUnrealDemo/RobotDemo/SimpleRobotDemo_BP/Saved/Config/Windows/Scalability.ini]
[2020.10.03-23.09.08:708][  0]LogConfig: Setting CVar [[r.LightFunctionQuality:1]]
[2020.10.03-23.09.08:708][  0]LogConfig: Setting CVar [[r.ShadowQuality:5]]
[2020.10.03-23.09.08:708][  0]LogConfig: Setting CVar [[r.Shadow.CSM.MaxCascades:10]]
[2020.10.03-23.09.08:708][  0]LogConfig: Setting CVar [[r.Shadow.MaxResolution:2048]]
[2020.10.03-23.09.08:708][  0]LogConfig: Setting CVar [[r.Shadow.MaxCSMResolution:2048]]
[2020.10.03-23.09.08:708][  0]LogConfig: Setting CVar [[r.Shadow.RadiusThreshold:0.01]]
[2020.10.03-23.09.08:708][  0]LogConfig: Setting CVar [[r.Shadow.DistanceScale:1.0]]
[2020.10.03-23.09.08:708][  0]LogConfig: Setting CVar [[r.Shadow.CSM.TransitionScale:1.0]]
[2020.10.03-23.09.08:708][  0]LogConfig: Setting CVar [[r.Shadow.PreShadowResolutionFactor:1.0]]
[2020.10.03-23.09.08:708][  0]LogConfig: Setting CVar [[r.DistanceFieldShadowing:1]]
[2020.10.03-23.09.08:708][  0]LogConfig: Setting CVar [[r.DistanceFieldAO:1]]
[2020.10.03-23.09.08:708][  0]LogConfig: Setting CVar [[r.AOQuality:2]]
[2020.10.03-23.09.08:708][  0]LogConfig: Setting CVar [[r.VolumetricFog:1]]
[2020.10.03-23.09.08:708][  0]LogConfig: Setting CVar [[r.VolumetricFog.GridPixelSize:8]]
[2020.10.03-23.09.08:708][  0]LogConfig: Setting CVar [[r.VolumetricFog.GridSizeZ:128]]
[2020.10.03-23.09.08:708][  0]LogConfig: Setting CVar [[r.VolumetricFog.HistoryMissSupersampleCount:4]]
[2020.10.03-23.09.08:708][  0]LogConfig: Setting CVar [[r.LightMaxDrawDistanceScale:1]]
[2020.10.03-23.09.08:708][  0]LogConfig: Setting CVar [[r.CapsuleShadows:1]]
[2020.10.03-23.09.08:708][  0]LogConfig: Applying CVar settings from Section [PostProcessQuality@3] File [C:/Users/Nandita/Desktop/Demo2020/NewUnrealDemo/RobotDemo/SimpleRobotDemo_BP/Saved/Config/Windows/Scalability.ini]
[2020.10.03-23.09.08:708][  0]LogConfig: Setting CVar [[r.MotionBlurQuality:4]]
[2020.10.03-23.09.08:708][  0]LogConfig: Setting CVar [[r.AmbientOcclusionMipLevelFactor:0.4]]
[2020.10.03-23.09.08:708][  0]LogConfig: Setting CVar [[r.AmbientOcclusionMaxQuality:100]]
[2020.10.03-23.09.08:708][  0]LogConfig: Setting CVar [[r.AmbientOcclusionLevels:-1]]
[2020.10.03-23.09.08:709][  0]LogConfig: Setting CVar [[r.AmbientOcclusionRadiusScale:1.0]]
[2020.10.03-23.09.08:709][  0]LogConfig: Setting CVar [[r.DepthOfFieldQuality:2]]
[2020.10.03-23.09.08:709][  0]LogConfig: Setting CVar [[r.RenderTargetPoolMin:400]]
[2020.10.03-23.09.08:709][  0]LogConfig: Setting CVar [[r.LensFlareQuality:2]]
[2020.10.03-23.09.08:709][  0]LogConfig: Setting CVar [[r.SceneColorFringeQuality:1]]
[2020.10.03-23.09.08:709][  0]LogConfig: Setting CVar [[r.EyeAdaptationQuality:2]]
[2020.10.03-23.09.08:709][  0]LogConfig: Setting CVar [[r.BloomQuality:5]]
[2020.10.03-23.09.08:709][  0]LogConfig: Setting CVar [[r.FastBlurThreshold:100]]
[2020.10.03-23.09.08:709][  0]LogConfig: Setting CVar [[r.Upscale.Quality:3]]
[2020.10.03-23.09.08:709][  0]LogConfig: Setting CVar [[r.Tonemapper.GrainQuantization:1]]
[2020.10.03-23.09.08:709][  0]LogConfig: Setting CVar [[r.LightShaftQuality:1]]
[2020.10.03-23.09.08:709][  0]LogConfig: Setting CVar [[r.Filter.SizeScale:1]]
[2020.10.03-23.09.08:709][  0]LogConfig: Setting CVar [[r.Tonemapper.Quality:5]]
[2020.10.03-23.09.08:709][  0]LogConfig: Setting CVar [[r.DOF.Gather.AccumulatorQuality:1        ; higher gathering accumulator quality]]
[2020.10.03-23.09.08:709][  0]LogConfig: Setting CVar [[r.DOF.Gather.PostfilterMethod:1          ; Median3x3 postfilering method]]
[2020.10.03-23.09.08:709][  0]LogConfig: Setting CVar [[r.DOF.Gather.EnableBokehSettings:0       ; no bokeh simulation when gathering]]
[2020.10.03-23.09.08:709][  0]LogConfig: Setting CVar [[r.DOF.Gather.RingCount:4                 ; medium number of samples when gathering]]
[2020.10.03-23.09.08:709][  0]LogConfig: Setting CVar [[r.DOF.Scatter.ForegroundCompositing:1    ; additive foreground scattering]]
[2020.10.03-23.09.08:709][  0]LogConfig: Setting CVar [[r.DOF.Scatter.BackgroundCompositing:2    ; additive background scattering]]
[2020.10.03-23.09.08:709][  0]LogConfig: Setting CVar [[r.DOF.Scatter.EnableBokehSettings:1      ; bokeh simulation when scattering]]
[2020.10.03-23.09.08:709][  0]LogConfig: Setting CVar [[r.DOF.Scatter.MaxSpriteRatio:0.1         ; only a maximum of 10% of scattered bokeh]]
[2020.10.03-23.09.08:709][  0]LogConfig: Setting CVar [[r.DOF.Recombine.Quality:1                ; cheap slight out of focus]]
[2020.10.03-23.09.08:709][  0]LogConfig: Setting CVar [[r.DOF.Recombine.EnableBokehSettings:0    ; no bokeh simulation on slight out of focus]]
[2020.10.03-23.09.08:709][  0]LogConfig: Setting CVar [[r.DOF.TemporalAAQuality:1                ; more stable temporal accumulation]]
[2020.10.03-23.09.08:710][  0]LogConfig: Setting CVar [[r.DOF.Kernel.MaxForegroundRadius:0.025]]
[2020.10.03-23.09.08:710][  0]LogConfig: Setting CVar [[r.DOF.Kernel.MaxBackgroundRadius:0.025]]
[2020.10.03-23.09.08:710][  0]LogConfig: Applying CVar settings from Section [TextureQuality@3] File [C:/Users/Nandita/Desktop/Demo2020/NewUnrealDemo/RobotDemo/SimpleRobotDemo_BP/Saved/Config/Windows/Scalability.ini]
[2020.10.03-23.09.08:710][  0]LogConfig: Setting CVar [[r.Streaming.MipBias:0]]
[2020.10.03-23.09.08:710][  0]LogConfig: Setting CVar [[r.Streaming.AmortizeCPUToGPUCopy:0]]
[2020.10.03-23.09.08:710][  0]LogConfig: Setting CVar [[r.Streaming.MaxNumTexturesToStreamPerFrame:0]]
[2020.10.03-23.09.08:710][  0]LogConfig: Setting CVar [[r.Streaming.Boost:1]]
[2020.10.03-23.09.08:710][  0]LogConfig: Setting CVar [[r.MaxAnisotropy:8]]
[2020.10.03-23.09.08:710][  0]LogConfig: Setting CVar [[r.VT.MaxAnisotropy:8]]
[2020.10.03-23.09.08:710][  0]LogConfig: Setting CVar [[r.Streaming.LimitPoolSizeToVRAM:0]]
[2020.10.03-23.09.08:710][  0]LogConfig: Setting CVar [[r.Streaming.PoolSize:1000]]
[2020.10.03-23.09.08:710][  0]LogConfig: Setting CVar [[r.Streaming.MaxEffectiveScreenSize:0]]
[2020.10.03-23.09.08:710][  0]LogConfig: Applying CVar settings from Section [EffectsQuality@3] File [C:/Users/Nandita/Desktop/Demo2020/NewUnrealDemo/RobotDemo/SimpleRobotDemo_BP/Saved/Config/Windows/Scalability.ini]
[2020.10.03-23.09.08:710][  0]LogConfig: Setting CVar [[r.TranslucencyLightingVolumeDim:64]]
[2020.10.03-23.09.08:710][  0]LogConfig: Setting CVar [[r.RefractionQuality:2]]
[2020.10.03-23.09.08:710][  0]LogConfig: Setting CVar [[r.SSR.Quality:3]]
[2020.10.03-23.09.08:710][  0]LogConfig: Setting CVar [[r.SSR.HalfResSceneColor:0]]
[2020.10.03-23.09.08:710][  0]LogConfig: Setting CVar [[r.SceneColorFormat:4]]
[2020.10.03-23.09.08:710][  0]LogConfig: Setting CVar [[r.DetailMode:2]]
[2020.10.03-23.09.08:710][  0]LogConfig: Setting CVar [[r.TranslucencyVolumeBlur:1]]
[2020.10.03-23.09.08:710][  0]LogConfig: Setting CVar [[r.MaterialQualityLevel:1 ; High quality]]
[2020.10.03-23.09.08:710][  0]LogConfig: Setting CVar [[r.SSS.Scale:1]]
[2020.10.03-23.09.08:710][  0]LogConfig: Setting CVar [[r.SSS.SampleSet:2]]
[2020.10.03-23.09.08:711][  0]LogConfig: Setting CVar [[r.SSS.Quality:1]]
[2020.10.03-23.09.08:711][  0]LogConfig: Setting CVar [[r.SSS.HalfRes:0]]
[2020.10.03-23.09.08:711][  0]LogConfig: Setting CVar [[r.SSGI.Quality:3]]
[2020.10.03-23.09.08:711][  0]LogConfig: Setting CVar [[r.EmitterSpawnRateScale:1.0]]
[2020.10.03-23.09.08:711][  0]LogConfig: Setting CVar [[r.ParticleLightQuality:2]]
[2020.10.03-23.09.08:711][  0]LogConfig: Setting CVar [[r.SkyAtmosphere.AerialPerspectiveLUT.FastApplyOnOpaque:1 ; Always have FastSkyLUT 1 in this case to avoid wrong sky]]
[2020.10.03-23.09.08:711][  0]LogConfig: Setting CVar [[r.SkyAtmosphere.AerialPerspectiveLUT.SampleCountPerSlice:1]]
[2020.10.03-23.09.08:711][  0]LogConfig: Setting CVar [[r.SkyAtmosphere.AerialPerspectiveLUT.DepthResolution:16.0]]
[2020.10.03-23.09.08:711][  0]LogConfig: Setting CVar [[r.SkyAtmosphere.FastSkyLUT:1]]
[2020.10.03-23.09.08:711][  0]LogConfig: Setting CVar [[r.SkyAtmosphere.FastSkyLUT.SampleCountMin:4.0]]
[2020.10.03-23.09.08:711][  0]LogConfig: Setting CVar [[r.SkyAtmosphere.FastSkyLUT.SampleCountMax:32.0]]
[2020.10.03-23.09.08:711][  0]LogConfig: Setting CVar [[r.SkyAtmosphere.SampleCountMin:4.0]]
[2020.10.03-23.09.08:711][  0]LogConfig: Setting CVar [[r.SkyAtmosphere.SampleCountMax:32.0]]
[2020.10.03-23.09.08:711][  0]LogConfig: Setting CVar [[r.SkyAtmosphere.TransmittanceLUT.UseSmallFormat:0]]
[2020.10.03-23.09.08:711][  0]LogConfig: Setting CVar [[r.SkyAtmosphere.TransmittanceLUT.SampleCount:10.0]]
[2020.10.03-23.09.08:711][  0]LogConfig: Setting CVar [[r.SkyAtmosphere.MultiScatteringLUT.SampleCount:15.0]]
[2020.10.03-23.09.08:711][  0]LogConfig: Applying CVar settings from Section [FoliageQuality@3] File [C:/Users/Nandita/Desktop/Demo2020/NewUnrealDemo/RobotDemo/SimpleRobotDemo_BP/Saved/Config/Windows/Scalability.ini]
[2020.10.03-23.09.08:711][  0]LogConfig: Setting CVar [[foliage.DensityScale:1.0]]
[2020.10.03-23.09.08:711][  0]LogConfig: Setting CVar [[grass.DensityScale:1.0]]
[2020.10.03-23.09.08:711][  0]LogConfig: Applying CVar settings from Section [ShadingQuality@3] File [C:/Users/Nandita/Desktop/Demo2020/NewUnrealDemo/RobotDemo/SimpleRobotDemo_BP/Saved/Config/Windows/Scalability.ini]
[2020.10.03-23.09.08:711][  0]LogConfig: Setting CVar [[r.HairStrands.SkyLighting.SampleCount:16]]
[2020.10.03-23.09.08:711][  0]LogConfig: Setting CVar [[r.HairStrands.SkyLighting.JitterIntegration:0]]
[2020.10.03-23.09.08:711][  0]LogConfig: Setting CVar [[r.HairStrands.SkyAO.SampleCount:16]]
[2020.10.03-23.09.08:711][  0]LogConfig: Setting CVar [[r.HairStrands.DeepShadow.SuperSampling:0]]
[2020.10.03-23.09.08:711][  0]LogConfig: Setting CVar [[r.HairStrands.VisibilityPPLL:0]]
[2020.10.03-23.09.08:711][  0]LogConfig: Setting CVar [[r.HairStrands.RasterizationScale:0.5]]
[2020.10.03-23.09.08:711][  0]LogConfig: Setting CVar [[r.HairStrands.VelocityRasterizationScale:1]]
[2020.10.03-23.09.08:711][  0]LogConfig: Applying CVar settings from Section [Startup] File [../../../Engine/Config/ConsoleVariables.ini]
[2020.10.03-23.09.08:712][  0]LogConfig: Setting CVar [[net.UseAdaptiveNetUpdateFrequency:0]]
[2020.10.03-23.09.08:712][  0]LogConfig: Setting CVar [[p.chaos.AllowCreatePhysxBodies:1]]
[2020.10.03-23.09.08:712][  0]LogConfig: Setting CVar [[fx.SkipVectorVMBackendOptimizations:1]]
[2020.10.03-23.09.08:712][  0]LogConfig: Applying CVar settings from Section [ConsoleVariables] File [C:/Users/Nandita/Desktop/Demo2020/NewUnrealDemo/RobotDemo/SimpleRobotDemo_BP/Saved/Config/Windows/Engine.ini]
[2020.10.03-23.09.08:712][  0]LogInit: Computer: DESKTOP-R9OUND7
[2020.10.03-23.09.08:712][  0]LogInit: User: Nandita
[2020.10.03-23.09.08:712][  0]LogInit: CPU Page size=4096, Cores=2
[2020.10.03-23.09.08:712][  0]LogInit: High frequency timer resolution =10.000000 MHz
[2020.10.03-23.09.08:713][  0]LogMemory: Memory total: Physical=11.9GB (12GB approx)
[2020.10.03-23.09.08:713][  0]LogMemory: Platform Memory Stats for Windows
[2020.10.03-23.09.08:713][  0]LogMemory: Process Physical Memory: 113.69 MB used, 113.69 MB peak
[2020.10.03-23.09.08:713][  0]LogMemory: Process Virtual Memory: 111.25 MB used, 111.25 MB peak
[2020.10.03-23.09.08:713][  0]LogMemory: Physical Memory: 5529.49 MB used,  6688.66 MB free, 12218.15 MB total
[2020.10.03-23.09.08:713][  0]LogMemory: Virtual Memory: 5139.04 MB used,  134212592.00 MB free, 134217728.00 MB total
[2020.10.03-23.09.08:726][  0]LogWindows: WindowsPlatformFeatures enabled
[2020.10.03-23.09.08:802][  0]LogInit: Physics initialised using underlying interface: PhysX
[2020.10.03-23.09.08:802][  0]LogInit: Using OS detected language (en-US).
[2020.10.03-23.09.08:802][  0]LogInit: Using OS detected locale (en-IN).
[2020.10.03-23.09.08:808][  0]LogTextLocalizationManager: No specific localization for 'en-US' exists, so the 'en' localization will be used.
[2020.10.03-23.09.09:469][  0]LogSlate: New Slate User Created.  User Index 0, Is Virtual User: 0
[2020.10.03-23.09.09:469][  0]LogSlate: Slate User Registered.  User Index 0, Is Virtual User: 0
[2020.10.03-23.09.09:548][  0]LogHMD: Failed to initialize OpenVR with code 110
[2020.10.03-23.09.09:548][  0]LogD3D11RHI: D3D11 min allowed feature level: 11_0
[2020.10.03-23.09.09:548][  0]LogD3D11RHI: D3D11 max allowed feature level: 11_0
[2020.10.03-23.09.09:548][  0]LogD3D11RHI: D3D11 adapters:
[2020.10.03-23.09.09:759][  0]LogD3D11RHI:    0. 'NVIDIA GeForce GT 740M' (Feature Level 11_0)
[2020.10.03-23.09.09:759][  0]LogD3D11RHI:       2009/0/6109 MB DedicatedVideo/DedicatedSystem/SharedSystem, Outputs:1, VendorId:0x10de
[2020.10.03-23.09.09:771][  0]LogD3D11RHI:    1. 'Intel(R) HD Graphics Family' (Feature Level 11_0)
[2020.10.03-23.09.09:771][  0]LogD3D11RHI:       112/0/2048 MB DedicatedVideo/DedicatedSystem/SharedSystem, Outputs:0, VendorId:0x8086
[2020.10.03-23.09.09:776][  0]LogD3D11RHI:    2. 'Microsoft Basic Render Driver' (Feature Level 11_0)
[2020.10.03-23.09.09:776][  0]LogD3D11RHI:       0/0/6109 MB DedicatedVideo/DedicatedSystem/SharedSystem, Outputs:0, VendorId:0x1414
[2020.10.03-23.09.09:776][  0]LogD3D11RHI: Chosen D3D11 Adapter: 0
[2020.10.03-23.09.09:855][  0]LogD3D11RHI: Creating new Direct3DDevice
[2020.10.03-23.09.09:856][  0]LogD3D11RHI:     GPU DeviceId: 0x1292 (for the marketing name, search the web for "GPU Device Id")
[2020.10.03-23.09.09:856][  0]LogWindows: EnumDisplayDevices:
[2020.10.03-23.09.09:856][  0]LogWindows:    0. 'Intel(R) HD Graphics Family' (P:1 D:1)
[2020.10.03-23.09.09:857][  0]LogWindows:    1. 'Intel(R) HD Graphics Family' (P:0 D:0)
[2020.10.03-23.09.09:858][  0]LogWindows:    2. 'Intel(R) HD Graphics Family' (P:0 D:0)
[2020.10.03-23.09.09:858][  0]LogWindows: DebugString: PrimaryIsNotTheChoosenAdapter PrimaryIsNotTheChoosenAdapter PrimaryIsNotTheChoosenAdapter FoundDriverCount:0 
[2020.10.03-23.09.09:858][  0]LogD3D11RHI:     Adapter Name: NVIDIA GeForce GT 740M
[2020.10.03-23.09.09:858][  0]LogD3D11RHI:   Driver Version: Unknown (internal:Unknown, unified:Unknown)
[2020.10.03-23.09.09:858][  0]LogD3D11RHI:      Driver Date: Unknown
[2020.10.03-23.09.09:858][  0]LogRHI: Texture pool is 1406 MB (70% of 2009 MB)
[2020.10.03-23.09.09:992][  0]LogD3D11RHI: RHI does not have support for 64 bit atomics
[2020.10.03-23.09.09:993][  0]LogD3D11RHI: Async texture creation enabled
[2020.10.03-23.09.10:035][  0]LogD3D11RHI: GPU Timing Frequency: 1000.000000 (Debug: 2 2)
[2020.10.03-23.09.11:180][  0]LogTargetPlatformManager: Display: Loaded TargetPlatform 'WindowsNoEditor'
[2020.10.03-23.09.11:184][  0]LogTargetPlatformManager: Display: Loaded TargetPlatform 'Windows'
[2020.10.03-23.09.11:197][  0]LogTargetPlatformManager: Display: Loaded TargetPlatform 'WindowsClient'
[2020.10.03-23.09.11:212][  0]LogTargetPlatformManager: Display: Loaded TargetPlatform 'WindowsServer'
[2020.10.03-23.09.11:212][  0]LogTargetPlatformManager: Display: Building Assets For Windows
[2020.10.03-23.09.11:219][  0]LogAudioDebug: Display: Lib vorbis DLL was dynamically loaded.
[2020.10.03-23.09.11:268][  0]LogShaderCompilers: Guid format shader working directory is -43 characters bigger than the processId version (../../../../../../Users/Nandita/Desktop/Demo2020/NewUnrealDemo/RobotDemo/SimpleRobotDemo_BP/Intermediate/Shaders/WorkingDirectory/2768/).
[2020.10.03-23.09.11:268][  0]LogShaderCompilers: Cleaned the shader compiler working directory 'C:/Users/Nandita/AppData/Local/Temp/UnrealShaderWorkingDir/CDF784584BE0C5255CD23F998D29C247/'.
[2020.10.03-23.09.11:269][  0]LogXGEController: Cannot use XGE Controller as Incredibuild is not installed on this machine.
[2020.10.03-23.09.11:269][  0]LogShaderCompilers: Cannot use XGE Shader Compiler as Incredibuild is not installed on this machine.
[2020.10.03-23.09.11:269][  0]LogShaderCompilers: Display: Using Local Shader Compiler.
[2020.10.03-23.09.13:038][  0]LogDerivedDataCache: Display: Max Cache Size: 512 MB
[2020.10.03-23.09.13:138][  0]LogDerivedDataCache: Loaded boot cache 0.10s 76MB C:/Users/Nandita/AppData/Local/UnrealEngine/4.25/DerivedDataCache/Boot.ddc.
[2020.10.03-23.09.13:139][  0]LogDerivedDataCache: Display: Loaded Boot cache: C:/Users/Nandita/AppData/Local/UnrealEngine/4.25/DerivedDataCache/Boot.ddc
[2020.10.03-23.09.13:139][  0]LogDerivedDataCache: FDerivedDataBackendGraph:  Pak pak cache file ../../../../../../Users/Nandita/Desktop/Demo2020/NewUnrealDemo/RobotDemo/SimpleRobotDemo_BP/DerivedDataCache/DDC.ddp not found, will not use a pak cache.
[2020.10.03-23.09.13:139][  0]LogDerivedDataCache: Unable to find inner node Pak for hierarchical cache Hierarchy.
[2020.10.03-23.09.13:139][  0]LogDerivedDataCache: FDerivedDataBackendGraph:  CompressedPak pak cache file ../../../../../../Users/Nandita/Desktop/Demo2020/NewUnrealDemo/RobotDemo/SimpleRobotDemo_BP/DerivedDataCache/Compressed.ddp not found, will not use a pak cache.
[2020.10.03-23.09.13:139][  0]LogDerivedDataCache: Unable to find inner node CompressedPak for hierarchical cache Hierarchy.
[2020.10.03-23.09.13:158][  0]LogDerivedDataCache: Display: Pak cache opened for reading ../../../Engine/DerivedDataCache/Compressed.ddp.
[2020.10.03-23.09.13:158][  0]LogDerivedDataCache: FDerivedDataBackendGraph:  EnterprisePak pak cache file ../../../Enterprise/DerivedDataCache/Compressed.ddp not found, will not use a pak cache.
[2020.10.03-23.09.13:158][  0]LogDerivedDataCache: Unable to find inner node EnterprisePak for hierarchical cache Hierarchy.
[2020.10.03-23.09.13:161][  0]LogDerivedDataCache: Using Local data cache path C:/Users/Nandita/AppData/Local/UnrealEngine/Common/DerivedDataCache: Writable
[2020.10.03-23.09.13:161][  0]LogDerivedDataCache: Shared data cache path not found in *engine.ini, will not use an Shared cache.
[2020.10.03-23.09.13:161][  0]LogDerivedDataCache: Unable to find inner node Shared for hierarchical cache Hierarchy.
[2020.10.03-23.09.13:262][  0]LogSlate: Using FreeType 2.10.0
[2020.10.03-23.09.13:263][  0]LogSlate: SlateFontServices - WITH_FREETYPE: 1, WITH_HARFBUZZ: 1
[2020.10.03-23.09.13:503][  0]LogInit: Using OS detected language (en-US).
[2020.10.03-23.09.13:503][  0]LogInit: Using OS detected locale (en-IN).
[2020.10.03-23.09.13:504][  0]LogTextLocalizationManager: No localization for 'en-US' exists, so 'en' will be used for the language.
[2020.10.03-23.09.13:504][  0]LogTextLocalizationManager: No localization for 'en-IN' exists, so 'en' will be used for the locale.
[2020.10.03-23.09.13:504][  0]LogSlate: FontCache flush requested. Reason: Culture for localization was changed
[2020.10.03-23.09.13:504][  0]LogSlate: FontCache flush requested. Reason: Culture for localization was changed
[2020.10.03-23.09.13:507][  0]LogTextLocalizationManager: Compacting localization data took   0.00ms
[2020.10.03-23.09.13:515][  0]LogAssetRegistry: FAssetRegistry took 0.0053 seconds to start up
[2020.10.03-23.09.13:888][  0]LogPackageLocalizationCache: Processed 19 localized package path(s) for 1 prioritized culture(s) in 0.001442 seconds
[2020.10.03-23.09.13:987][  0]LogInit: Selected Device Profile: [Windows]
[2020.10.03-23.09.14:213][  0]LogMeshReduction: Using QuadricMeshReduction for automatic static mesh reduction
[2020.10.03-23.09.14:213][  0]LogMeshReduction: Using SimplygonMeshReduction for automatic skeletal mesh reduction
[2020.10.03-23.09.14:213][  0]LogMeshReduction: Using ProxyLODMeshReduction for automatic mesh merging
[2020.10.03-23.09.14:213][  0]LogMeshReduction: No distributed automatic mesh merging module available
[2020.10.03-23.09.14:213][  0]LogMeshMerging: No distributed automatic mesh merging module available
[2020.10.03-23.09.14:235][  0]LogNetVersion: SimpleRobotDemo_BP 1.0.0, NetCL: 13144385, EngineNetVer: 14, GameNetVer: 0 (Checksum: 3713622887)
[2020.10.03-23.09.14:725][  0]LogAISub: UAISubsystem::UAISubsystem AISubsystem (000001957356B680), frame # 0
[2020.10.03-23.09.14:725][  0]LogAISub: UAISubsystem::UAISubsystem AIPerceptionSystem (0000019573565E40), frame # 0
[2020.10.03-23.09.14:729][  0]LogAISub: UAISubsystem::UAISubsystem EnvQueryManager (00000195735ADA00), frame # 0
[2020.10.03-23.09.14:907][  0]LogCollectionManager: Loaded 0 collections in 0.003162 seconds
[2020.10.03-23.09.14:911][  0]LogFileCache: Scanning file cache for directory 'C:/Users/Nandita/Desktop/Demo2020/NewUnrealDemo/RobotDemo/SimpleRobotDemo_BP/Saved/Collections/' took 0.00s
[2020.10.03-23.09.14:911][  0]LogFileCache: Scanning file cache for directory 'C:/Users/Nandita/Desktop/Demo2020/NewUnrealDemo/RobotDemo/SimpleRobotDemo_BP/Content/Developers/Nandita/Collections/' took 0.00s
[2020.10.03-23.09.14:911][  0]LogFileCache: Scanning file cache for directory 'C:/Users/Nandita/Desktop/Demo2020/NewUnrealDemo/RobotDemo/SimpleRobotDemo_BP/Content/Collections/' took 0.00s
[2020.10.03-23.09.14:911][  0]LogCollectionManager: Fixed up redirectors for 0 collections in 0.000007 seconds (updated 0 objects)
[2020.10.03-23.09.15:006][  0]LogMoviePlayer: Initializing movie player
[2020.10.03-23.09.15:279][  0]LogTcpMessaging: Initializing TcpMessaging bridge
[2020.10.03-23.09.15:286][  0]LogUdpMessaging: Initializing bridge on interface 0.0.0.0:0 to multicast group 230.0.0.1:6666.
[2020.10.03-23.09.15:335][  0]LogSteamShared: Display: Loading Steam SDK 1.47
[2020.10.03-23.09.15:336][  0]LogSteamShared: Steam SDK Loaded!
[2020.10.03-23.09.15:357][  0]SourceControl: Source control is disabled
[2020.10.03-23.09.15:357][  0]SourceControl: Source control is disabled
[2020.10.03-23.09.15:370][  0]SourceControl: Source control is disabled
[2020.10.03-23.09.15:588][  0]LogAndroidPermission: UAndroidPermissionCallbackProxy::GetInstance
[2020.10.03-23.09.15:636][  0]LogAudioCaptureCore: Display: No Audio Capture implementations found. Audio input will be silent.
[2020.10.03-23.09.15:636][  0]LogAudioCaptureCore: Display: No Audio Capture implementations found. Audio input will be silent.
[2020.10.03-23.09.15:706][  0]LogOcInput: OculusInput pre-init called
[2020.10.03-23.09.15:720][  0]LogSockets: SteamSockets: Disabled due to no Steam OSS running.
[2020.10.03-23.09.15:747][  0]LogUObjectArray: 19078 objects as part of root set at end of initial load.
[2020.10.03-23.09.15:747][  0]LogUObjectAllocator: 5037456 out of 0 bytes used by permanent object pool.
[2020.10.03-23.09.15:747][  0]LogUObjectArray: CloseDisregardForGC: 0/0 objects in disregard for GC pool
[2020.10.03-23.09.15:826][  0]LogEngine: Initializing Engine...
[2020.10.03-23.09.15:828][  0]LogHMD: Failed to initialize OpenVR with code 110
[2020.10.03-23.09.15:828][  0]LogMagicLeap: Warning: VR disabled because ZI is not enabled.  To enable, in the editor, Edit -> Project Settings -> Plugins -> Magic Leap Plugin -> Enable Zero Iteration
[2020.10.03-23.09.15:831][  0]LogGameplayTags: NetworkGameplayTagNodeIndexHash is e125c222
[2020.10.03-23.09.15:831][  0]LogStats: UGameplayTagsManager::InitializeManager -  0.001 s
[2020.10.03-23.09.16:016][  0]LogInit: Initializing FReadOnlyCVARCache
[2020.10.03-23.09.16:021][  0]LogAudioMixer: Display: Audio Mixer Platform Settings:
[2020.10.03-23.09.16:021][  0]LogAudioMixer: Display: 	Sample Rate:						  48000
[2020.10.03-23.09.16:022][  0]LogAudioMixer: Display: 	Callback Buffer Frame Size Requested: 1024
[2020.10.03-23.09.16:022][  0]LogAudioMixer: Display: 	Callback Buffer Frame Size To Use:	  1024
[2020.10.03-23.09.16:022][  0]LogAudioMixer: Display: 	Number of buffers to queue:			  2
[2020.10.03-23.09.16:022][  0]LogAudioMixer: Display: 	Max Channels (voices):				  32
[2020.10.03-23.09.16:022][  0]LogAudioMixer: Display: 	Number of Async Source Workers:		  0
[2020.10.03-23.09.16:022][  0]LogAudio: Display: AudioDevice MaxSources: 32
[2020.10.03-23.09.16:023][  0]LogAudio: Display: Using built-in audio occlusion.
[2020.10.03-23.09.16:023][  0]LogAudioMixer: Display: Initializing audio mixer.
[2020.10.03-23.09.16:051][  0]LogAudioMixer: Display: 0: FrontLeft
[2020.10.03-23.09.16:051][  0]LogAudioMixer: Display: 1: FrontRight
[2020.10.03-23.09.16:136][  0]LogAudioMixer: Display: Using Audio Device Speaker/HP (Realtek High Definition Audio)
[2020.10.03-23.09.16:147][  0]LogAudioMixer: Display: Initializing Sound Submixes...
[2020.10.03-23.09.16:151][  0]LogAudioMixer: Display: Creating Master Submix 'MasterSubmixDefault'
[2020.10.03-23.09.16:151][  0]LogAudioMixer: Display: Creating Master Submix 'MasterReverbSubmixDefault'
[2020.10.03-23.09.16:153][  0]LogAudioMixer: Display: Creating Master Submix 'MasterEQSubmixDefault'
[2020.10.03-23.09.16:154][  0]LogInit: FAudioDevice initialized.
[2020.10.03-23.09.16:157][  0]LogNetVersion: Set ProjectVersion to 1.0.0.0. Version Checksum will be recalculated on next use.
[2020.10.03-23.09.16:157][  0]LogInit: Texture streaming: Enabled
[2020.10.03-23.09.16:279][  0]LogSlate: Updating window title bar state: overlay mode, drag disabled, window buttons hidden, title bar hidden
[2020.10.03-23.09.16:280][  0]LogInit: Display: Game Engine Initialized.
[2020.10.03-23.09.16:281][  0]LogGameplayTags: NetworkGameplayTagNodeIndexHash is e125c222
[2020.10.03-23.09.16:281][  0]LogNiagaraEditor: Warning: GEditor isn't valid! Particle reset commands will not work for Niagara components!
[2020.10.03-23.09.16:329][  0]LogInit: Display: Starting Game.
[2020.10.03-23.09.16:329][  0]LogNet: Browse: /Game/ThirdPersonBP/Maps/ThirdPersonExampleMap?Name=Player?Listen
[2020.10.03-23.09.16:329][  0]LogLoad: LoadMap: /Game/ThirdPersonBP/Maps/ThirdPersonExampleMap?Name=Player?Listen
[2020.10.03-23.09.16:329][  0]LogWorld: BeginTearingDown for /Temp/Untitled_0
[2020.10.03-23.09.16:331][  0]LogWorld: UWorld::CleanupWorld for Untitled, bSessionEnded=true, bCleanupResources=true
[2020.10.03-23.09.16:331][  0]LogSlate: InvalidateAllWidgets triggered.  All widgets were invalidated
[2020.10.03-23.09.16:345][  0]LogUObjectHash: Compacting FUObjectHashTables data took   1.08ms
[2020.10.03-23.09.16:962][  0]LogAIModule: Creating AISystem for world ThirdPersonExampleMap
[2020.10.03-23.09.16:963][  0]LogAISub: UAISubsystem::UAISubsystem EnvQueryManager (0000019575EE7C00), frame # 0
[2020.10.03-23.09.16:963][  0]LogAISub: UAISubsystem::UAISubsystem AIPerceptionSystem (000001957637A700), frame # 0
[2020.10.03-23.09.16:972][  0]LogLoad: Game class is 'ThirdPersonGameMode_C'
[2020.10.03-23.09.16:974][  0]LogNet: ReplicationDriverClass is null! Not using ReplicationDriver.
[2020.10.03-23.09.16:974][  0]LogNetCore: DDoS detection status: detection enabled: 0 analytics enabled: 0
[2020.10.03-23.09.16:974][  0]LogInit: WinSock: Socket queue. Rx: 131072 (config 131072) Tx: 131072 (config 131072)
[2020.10.03-23.09.16:975][  0]LogNet: Created socket for bind address: 0.0.0.0 on port 17777
[2020.10.03-23.09.16:975][  0]PacketHandlerLog: Loaded PacketHandler component: Engine.EngineHandlerComponentFactory (StatelessConnectHandlerComponent)
[2020.10.03-23.09.16:975][  0]LogNet: GameNetDriver IpNetDriver_0 IpNetDriver listening on port 17777
[2020.10.03-23.09.17:001][  0]LogWorld: Bringing World /Game/ThirdPersonBP/Maps/ThirdPersonExampleMap.ThirdPersonExampleMap up for play (max tick rate 0) at 2020.10.04-04.39.17
[2020.10.03-23.09.17:002][  0]LogWorld: Bringing up level for play took: 0.025648
[2020.10.03-23.09.17:003][  0]LogOnlineSession: Warning: OSS: No game present to join for session (GameSession)
[2020.10.03-23.09.17:010][  0]LogLoad: Took 0.681701 seconds to LoadMap(/Game/ThirdPersonBP/Maps/ThirdPersonExampleMap)
[2020.10.03-23.09.17:063][  0]LogRenderer: Reallocating scene render targets to support 1280x720 Format 10 NumSamples 1 (Frame:1).
[2020.10.03-23.09.17:064][  0]LogLoad: (Engine Initialization) Total time: 13.52 seconds
[2020.10.03-23.09.17:064][  0]LogLoad: (Engine Initialization) Total Blueprint compile time: 0.00 seconds
[2020.10.03-23.09.17:152][  0]LogSteamShared: Warning: SteamAPI failed to initialize, conditions not met.
[2020.10.03-23.09.17:152][  0]LogSteamController: SteamController is not available
[2020.10.03-23.09.17:158][  0]LogContentStreaming: Texture pool size now 1000 MB
[2020.10.03-23.09.17:162][  0]LogSlate: InvalidateAllWidgets triggered.  All widgets were invalidated
[2020.10.03-23.09.20:103][  0]LogRenderer: Reallocating scene render targets to support 128x128 Format 10 NumSamples 1 (Frame:1).
[2020.10.03-23.09.20:200][  0]LogRenderer: Reallocating scene render targets to support 1280x720 Format 10 NumSamples 1 (Frame:2).
[2020.10.03-23.09.20:244][  1]LogNet: NotifyAcceptingConnection accepted from: 127.0.0.1:59635
[2020.10.03-23.09.20:245][  1]LogHandshake: SendConnectChallenge. Timestamp: 3.128377, Cookie: 125150028253237099086105009181201095168037054126245091111162
[2020.10.03-23.09.20:245][  1]LogNet: NotifyAcceptingConnection accepted from: 127.0.0.1:59635
[2020.10.03-23.09.20:245][  1]LogHandshake: SendConnectChallenge. Timestamp: 3.128377, Cookie: 125150028253237099086105009181201095168037054126245091111162
[2020.10.03-23.09.20:245][  1]LogNet: NotifyAcceptingConnection accepted from: 127.0.0.1:59635
[2020.10.03-23.09.20:245][  1]LogHandshake: SendConnectChallenge. Timestamp: 3.128377, Cookie: 125150028253237099086105009181201095168037054126245091111162
[2020.10.03-23.09.20:265][  3]LogNet: NotifyAcceptingConnection accepted from: 127.0.0.1:59635
[2020.10.03-23.09.20:265][  3]LogHandshake: SendChallengeAck. InCookie: 125150028253237099086105009181201095168037054126245091111162
[2020.10.03-23.09.20:265][  3]LogNet: Server accepting post-challenge connection from: 127.0.0.1:59635
[2020.10.03-23.09.20:266][  3]PacketHandlerLog: Loaded PacketHandler component: Engine.EngineHandlerComponentFactory (StatelessConnectHandlerComponent)
[2020.10.03-23.09.20:266][  3]LogNet: NotifyAcceptedConnection: Name: ThirdPersonExampleMap, TimeStamp: 10/04/20 04:39:20, [UNetConnection] RemoteAddr: 127.0.0.1:59635, Name: IpConnection_0, Driver: GameNetDriver IpNetDriver_0, IsServer: YES, PC: NULL, Owner: NULL, UniqueId: INVALID
[2020.10.03-23.09.20:267][  3]LogNet: AddClientConnection: Added client connection: [UNetConnection] RemoteAddr: 127.0.0.1:59635, Name: IpConnection_0, Driver: GameNetDriver IpNetDriver_0, IsServer: YES, PC: NULL, Owner: NULL, UniqueId: INVALID
[2020.10.03-23.09.20:267][  3]LogHandshake: Received unexpected post-connect handshake packet - resending ack for LastChallengeSuccessAddress 127.0.0.1:59635 and LastCookie 125150028253237099086105009181201095168037054126245091111162.
[2020.10.03-23.09.20:267][  3]LogHandshake: SendChallengeAck. InCookie: 125150028253237099086105009181201095168037054126245091111162
[2020.10.03-23.09.20:267][  3]LogHandshake: Received unexpected post-connect handshake packet - resending ack for LastChallengeSuccessAddress 127.0.0.1:59635 and LastCookie 125150028253237099086105009181201095168037054126245091111162.
[2020.10.03-23.09.20:267][  3]LogHandshake: SendChallengeAck. InCookie: 125150028253237099086105009181201095168037054126245091111162
[2020.10.03-23.09.20:434][ 10]LogNet: NotifyAcceptingChannel Control 0 server World /Game/ThirdPersonBP/Maps/ThirdPersonExampleMap.ThirdPersonExampleMap: Accepted
[2020.10.03-23.09.20:434][ 10]LogNet: Remote platform little endian=1
[2020.10.03-23.09.20:434][ 10]LogNet: This platform little endian=1
[2020.10.03-23.09.20:434][ 10]LogNetVersion: SimpleRobotDemo_BP 1.0.0.0, NetCL: 13144385, EngineNetVer: 14, GameNetVer: 0 (Checksum: 733007726)
[2020.10.03-23.09.20:459][ 11]LogNet: Login request: ?Name=DESKTOP-R9OUND7-27E8A5D64DEAAF9886BA7FAC4518B20B userId: NULL:DESKTOP-R9OUND7-27E8A5D64DEAAF9886BA7FAC4518B20B platform: NULL
[2020.10.03-23.09.20:533][ 14]LogNet: Client netspeed is 10000
[2020.10.03-23.09.21:064][ 37]LogNet: Join request: /Game/ThirdPersonBP/Maps/ThirdPersonExampleMap?Name=DESKTOP-R9OUND7-27E8A5D64DEAAF9886BA7FAC4518B20B?SplitscreenCount=1
[2020.10.03-23.09.21:065][ 37]LogOnlineSession: Warning: OSS: No game present to join for session (GameSession)
[2020.10.03-23.09.21:072][ 37]LogNet: Join succeeded: DESKTOP-R9OUND7-27E8
[2020.10.03-23.10.42:239][643]LogBlueprintUserMessages: [Becan_2] Move to Becan
[2020.10.03-23.10.42:242][643]LogSlate: Took 0.000484 seconds to synchronously load lazily loaded font '../../../Engine/Content/Slate/Fonts/Roboto-Regular.ttf' (155K)
[2020.10.03-23.10.42:268][644]LogBlueprintUserMessages: [Becan_2] Move to Becan
[2020.10.03-23.10.42:298][645]LogBlueprintUserMessages: [Becan_2] Move to Becan
[2020.10.03-23.10.42:324][646]LogBlueprintUserMessages: [Becan_2] Move to Becan
[2020.10.03-23.10.42:365][647]LogBlueprintUserMessages: [Becan_2] Move to Becan
[2020.10.03-23.10.42:431][648]LogBlueprintUserMessages: [Becan_2] Move to Becan
[2020.10.03-23.10.42:483][649]LogBlueprintUserMessages: [Becan_2] Move to Becan
[2020.10.03-23.10.42:650][650]LogBlueprintUserMessages: [Becan_2] Move to Becan
[2020.10.03-23.10.43:075][651]LogBlueprintUserMessages: [Becan_2] Move to Becan
[2020.10.03-23.10.43:184][652]LogBlueprintUserMessages: [Becan_2] Move to Becan
[2020.10.03-23.10.43:619][653]LogBlueprintUserMessages: [Becan_2] Move to Becan
[2020.10.03-23.10.44:063][654]LogBlueprintUserMessages: [Becan_2] Move to Becan
[2020.10.03-23.10.44:490][655]LogBlueprintUserMessages: [Becan_2] Move to Becan
[2020.10.03-23.10.44:930][656]LogBlueprintUserMessages: [Becan_2] Move to Becan
[2020.10.03-23.10.45:139][657]LogBlueprintUserMessages: [Becan_2] Move to Becan
[2020.10.03-23.10.45:577][658]LogBlueprintUserMessages: [Becan_2] Move to Becan
[2020.10.03-23.10.46:013][659]LogBlueprintUserMessages: [Becan_2] Move to Becan
[2020.10.03-23.10.46:443][660]LogBlueprintUserMessages: [Becan_2] Move to Becan
[2020.10.03-23.10.46:865][661]LogBlueprintUserMessages: [Becan_2] Move to Becan
[2020.10.03-23.10.47:280][662]LogBlueprintUserMessages: [Becan_2] Move to Becan
[2020.10.03-23.10.47:721][663]LogBlueprintUserMessages: [Becan_2] Move to Becan
[2020.10.03-23.10.48:170][664]LogBlueprintUserMessages: [Becan_2] Move to Becan
[2020.10.03-23.10.48:601][665]LogBlueprintUserMessages: [Becan_2] Move to Becan
[2020.10.03-23.10.49:037][666]LogBlueprintUserMessages: [Becan_2] Move to Becan
[2020.10.03-23.10.49:248][667]LogBlueprintUserMessages: [Becan_2] Move to Becan
[2020.10.03-23.10.49:674][668]LogBlueprintUserMessages: [Becan_2] Move to Becan
[2020.10.03-23.10.49:878][669]LogBlueprintUserMessages: [Becan_2] Move to Becan
[2020.10.03-23.10.50:282][670]LogBlueprintUserMessages: [Becan_2] Move to Becan
[2020.10.03-23.10.50:609][671]LogBlueprintUserMessages: [Becan_2] Move to Becan
[2020.10.03-23.10.51:057][672]LogBlueprintUserMessages: [Becan_2] Move to Becan
[2020.10.03-23.10.51:230][673]LogBlueprintUserMessages: [Becan_2] Move to Becan
[2020.10.03-23.10.51:470][674]LogBlueprintUserMessages: [Becan_2] Move to Becan
[2020.10.03-23.10.51:699][675]LogBlueprintUserMessages: [Becan_2] Move to Becan
[2020.10.03-23.10.51:850][676]LogBlueprintUserMessages: [Becan_2] Move to Becan
[2020.10.03-23.10.52:247][677]LogBlueprintUserMessages: [Becan_2] Move to Becan
[2020.10.03-23.10.52:751][678]LogD3D11RHI: Timed out while waiting for GPU to catch up. (0.5 s) (ErrorCode 00000001)
[2020.10.03-23.10.52:754][678]LogBlueprintUserMessages: [Becan_2] Move to Becan
[2020.10.03-23.10.53:187][679]LogBlueprintUserMessages: [Becan_2] Move to Becan
[2020.10.03-23.10.53:654][680]LogBlueprintUserMessages: [Becan_2] Move to Becan
[2020.10.03-23.10.53:878][681]LogBlueprintUserMessages: [Becan_2] Move to Becan
[2020.10.03-23.10.54:325][682]LogBlueprintUserMessages: [Becan_2] Move to Becan
[2020.10.03-23.10.54:553][683]LogBlueprintUserMessages: [Becan_2] Move to Becan
[2020.10.03-23.10.54:991][684]LogBlueprintUserMessages: [Becan_2] Move to Becan
[2020.10.03-23.10.55:219][685]LogBlueprintUserMessages: [Becan_2] Move to Becan
[2020.10.03-23.10.55:634][686]LogBlueprintUserMessages: [Becan_2] Move to Becan
[2020.10.03-23.10.56:062][687]LogBlueprintUserMessages: [Becan_2] Move to Becan
[2020.10.03-23.10.56:482][688]LogBlueprintUserMessages: [Becan_2] Move to Becan
[2020.10.03-23.10.56:901][689]LogBlueprintUserMessages: [Becan_2] Move to Becan
[2020.10.03-23.10.57:124][690]LogBlueprintUserMessages: [Becan_2] Move to Becan
[2020.10.03-23.10.57:550][691]LogBlueprintUserMessages: [Becan_2] Move to Becan
[2020.10.03-23.10.57:963][692]LogBlueprintUserMessages: [Becan_2] Move to Becan
[2020.10.03-23.10.58:391][693]LogBlueprintUserMessages: [Becan_2] Move to Becan
[2020.10.03-23.10.58:597][694]LogBlueprintUserMessages: [Becan_2] Move to Becan
[2020.10.03-23.10.59:036][695]LogBlueprintUserMessages: [Becan_2] Move to Becan
[2020.10.03-23.10.59:233][696]LogBlueprintUserMessages: [Becan_2] Move to Becan
[2020.10.03-23.10.59:650][697]LogBlueprintUserMessages: [Becan_2] Move to Becan
[2020.10.03-23.11.00:077][698]LogBlueprintUserMessages: [Becan_2] Move to Becan
[2020.10.03-23.11.00:312][699]LogBlueprintUserMessages: [Becan_2] Move to Becan
[2020.10.03-23.11.00:731][700]LogBlueprintUserMessages: [Becan_2] Move to Becan
[2020.10.03-23.11.01:166][701]LogBlueprintUserMessages: [Becan_2] Move to Becan
[2020.10.03-23.11.01:601][702]LogBlueprintUserMessages: [Becan_2] Move to Becan
[2020.10.03-23.11.02:013][703]LogBlueprintUserMessages: [Becan_2] Move to Becan
[2020.10.03-23.11.02:075][704]LogBlueprintUserMessages: [Becan_2] Move to Becan
[2020.10.03-23.11.02:112][705]LogBlueprintUserMessages: [Becan_2] Move to Becan
[2020.10.03-23.11.02:193][706]LogBlueprintUserMessages: [Becan_2] Move to Becan
[2020.10.03-23.11.02:217][707]LogBlueprintUserMessages: [Becan_2] Move to Becan
[2020.10.03-23.11.02:242][708]LogBlueprintUserMessages: [Becan_2] Move to Becan
[2020.10.03-23.11.02:269][709]LogBlueprintUserMessages: [Becan_2] Move to Becan
[2020.10.03-23.11.02:326][710]LogBlueprintUserMessages: [Becan_2] Move to Becan
[2020.10.03-23.11.02:353][711]LogBlueprintUserMessages: [Becan_2] Move to Becan
[2020.10.03-23.11.02:380][712]LogBlueprintUserMessages: [Becan_2] Move to Becan
[2020.10.03-23.11.02:406][713]LogBlueprintUserMessages: [Becan_2] Move to Becan
[2020.10.03-23.11.02:434][714]LogBlueprintUserMessages: [Becan_2] Move to Becan
[2020.10.03-23.11.23:298][143]LogNet: UChannel::ReceivedSequencedBunch: Bunch.bClose == true. ChIndex == 0. Calling ConditionalCleanUp.
[2020.10.03-23.11.23:298][143]LogNet: UChannel::CleanUp: ChIndex == 0. Closing connection. [UChannel] ChIndex: 0, Closing: 0 [UNetConnection] RemoteAddr: 127.0.0.1:59635, Name: IpConnection_0, Driver: GameNetDriver IpNetDriver_0, IsServer: YES, PC: PlayerController_1, Owner: PlayerController_1, UniqueId: NULL:DESKTOP-R9OUND7-27E8A5D64DEAAF9886BA7FAC4518B20B
[2020.10.03-23.11.23:298][143]LogNet: UNetConnection::Close: [UNetConnection] RemoteAddr: 127.0.0.1:59635, Name: IpConnection_0, Driver: GameNetDriver IpNetDriver_0, IsServer: YES, PC: PlayerController_1, Owner: PlayerController_1, UniqueId: NULL:DESKTOP-R9OUND7-27E8A5D64DEAAF9886BA7FAC4518B20B, Channels: 15, Time: 2020.10.03-23.11.23
[2020.10.03-23.11.23:298][143]LogNet: UChannel::Close: Sending CloseBunch. ChIndex == 0. Name: [UChannel] ChIndex: 0, Closing: 0 [UNetConnection] RemoteAddr: 127.0.0.1:59635, Name: IpConnection_0, Driver: GameNetDriver IpNetDriver_0, IsServer: YES, PC: PlayerController_1, Owner: PlayerController_1, UniqueId: NULL:DESKTOP-R9OUND7-27E8A5D64DEAAF9886BA7FAC4518B20B
[2020.10.03-23.11.23:301][143]LogOnlineSession: Warning: OSS: No game present to leave for session (GameSession)
[2020.10.03-23.11.23:729][159]LogBlueprintUserMessages: [Becan_2] Move to Becan
[2020.10.03-23.11.23:755][160]LogBlueprintUserMessages: [Becan_2] Move to Becan
[2020.10.03-23.11.23:781][161]LogBlueprintUserMessages: [Becan_2] Move to Becan
[2020.10.03-23.11.23:808][162]LogBlueprintUserMessages: [Becan_2] Move to Becan
[2020.10.03-23.11.23:841][163]LogBlueprintUserMessages: [Becan_2] Move to Becan
[2020.10.03-23.11.23:869][164]LogBlueprintUserMessages: [Becan_2] Move to Becan
[2020.10.03-23.11.23:894][165]LogBlueprintUserMessages: [Becan_2] Move to Becan
[2020.10.03-23.11.23:922][166]LogBlueprintUserMessages: [Becan_2] Move to Becan
[2020.10.03-23.11.23:955][167]LogBlueprintUserMessages: [Becan_2] Move to Becan
[2020.10.03-23.11.24:050][168]LogBlueprintUserMessages: [Becan_2] Move to Becan
[2020.10.03-23.11.24:091][169]LogBlueprintUserMessages: [Becan_2] Move to Becan
[2020.10.03-23.11.24:117][170]LogBlueprintUserMessages: [Becan_2] Move to Becan
[2020.10.03-23.11.24:142][171]LogBlueprintUserMessages: [Becan_2] Move to Becan
[2020.10.03-23.11.24:171][172]LogBlueprintUserMessages: [Becan_2] Move to Becan
[2020.10.03-23.11.24:200][173]LogBlueprintUserMessages: [Becan_2] Move to Becan
[2020.10.03-23.11.24:281][174]LogBlueprintUserMessages: [Becan_2] Move to Becan
[2020.10.03-23.11.24:307][175]LogBlueprintUserMessages: [Becan_2] Move to Becan
[2020.10.03-23.11.24:333][176]LogBlueprintUserMessages: [Becan_2] Move to Becan
[2020.10.03-23.11.24:389][177]LogBlueprintUserMessages: [Becan_2] Move to Becan
[2020.10.03-23.11.24:464][177]LogSlate: Window 'SimpleRobotDemo_BP (64-bit Development PCD3D_SM5) ' being destroyed
[2020.10.03-23.11.24:466][177]LogWindowsTextInputMethodSystem: Display: IME system now deactivated.
[2020.10.03-23.11.24:474][178]LogOnlineSession: Warning: OSS: No game present to leave for session (GameSession)
[2020.10.03-23.11.24:474][178]LogSlate: Updating window title bar state: overlay mode, drag disabled, window buttons hidden, title bar hidden
[2020.10.03-23.11.24:474][178]LogEngine: All Windows Closed
[2020.10.03-23.11.24:475][178]LogWindows: FPlatformMisc::RequestExit(0)
[2020.10.03-23.11.24:475][178]LogCore: Engine exit requested (reason: Win RequestExit)
[2020.10.03-23.11.24:475][179]LogCore: Engine exit requested (reason: EngineExit() was called; note: exit was already requested)
[2020.10.03-23.11.24:492][179]LogAudio: Display: Shutting down audio device while 2 references to it are still alive. For more information, compile with INSTRUMENT_AUDIODEVICE_HANDLES.
[2020.10.03-23.11.24:583][179]LogInit: Display: PreExit Game.
[2020.10.03-23.11.24:739][179]LogWorld: BeginTearingDown for /Game/ThirdPersonBP/Maps/ThirdPersonExampleMap
[2020.10.03-23.11.24:739][179]LogNet: World NetDriver shutdown IpNetDriver_0 [GameNetDriver]
[2020.10.03-23.11.24:739][179]LogNet: DestroyNamedNetDriver IpNetDriver_0 [GameNetDriver]
[2020.10.03-23.11.24:739][179]LogExit: GameNetDriver IpNetDriver_0 shut down
[2020.10.03-23.11.24:740][179]LogWorld: UWorld::CleanupWorld for ThirdPersonExampleMap, bSessionEnded=true, bCleanupResources=true
[2020.10.03-23.11.24:740][179]LogSlate: InvalidateAllWidgets triggered.  All widgets were invalidated
[2020.10.03-23.11.24:927][179]LogExit: Preparing to exit.
[2020.10.03-23.11.25:353][179]LogMoviePlayer: Shutting down movie player
[2020.10.03-23.11.25:507][179]LogSlate: Updating window title bar state: overlay mode, drag disabled, window buttons hidden, title bar hidden
[2020.10.03-23.11.25:512][179]LogDemo: Cleaned up 0 splitscreen connections with owner deletion
[2020.10.03-23.11.25:522][179]LogExit: Game engine shut down
[2020.10.03-23.11.25:553][179]LogAISub: UAISubsystem::~UAISubsystem AISubsystem (000001957356B680), frame # 3179
[2020.10.03-23.11.25:553][179]LogAISub: UAISubsystem::~UAISubsystem AIPerceptionSystem (0000019573565E40), frame # 3179
[2020.10.03-23.11.25:553][179]LogAISub: UAISubsystem::~UAISubsystem EnvQueryManager (00000195735ADA00), frame # 3179
[2020.10.03-23.11.25:564][179]LogAISub: UAISubsystem::~UAISubsystem EnvQueryManager (0000019575EE7C00), frame # 3179
[2020.10.03-23.11.25:564][179]LogAISub: UAISubsystem::~UAISubsystem AIPerceptionSystem (000001957637A700), frame # 3179
[2020.10.03-23.11.25:619][179]LogExit: Object subsystem successfully closed.
[2020.10.03-23.11.25:640][179]LogShaderCompilers: Display: Shaders left to compile 0
[2020.10.03-23.11.25:682][179]LogModuleManager: Shutting down and abandoning module SequenceRecorderSections (510)
[2020.10.03-23.11.25:682][179]LogModuleManager: Shutting down and abandoning module SequenceRecorder (508)
[2020.10.03-23.11.25:682][179]LogModuleManager: Shutting down and abandoning module AutomationController (506)
[2020.10.03-23.11.25:682][179]LogModuleManager: Shutting down and abandoning module AutomationWorker (504)
[2020.10.03-23.11.25:682][179]LogModuleManager: Shutting down and abandoning module Voice (502)
[2020.10.03-23.11.25:682][179]LogModuleManager: Shutting down and abandoning module AIModule (500)
[2020.10.03-23.11.25:682][179]LogModuleManager: Shutting down and abandoning module GameplayDebugger (499)
[2020.10.03-23.11.25:682][179]LogModuleManager: Shutting down and abandoning module AITestSuite (497)
[2020.10.03-23.11.25:682][179]LogModuleManager: Shutting down and abandoning module NavigationSystem (495)
[2020.10.03-23.11.25:682][179]LogModuleManager: Shutting down and abandoning module OculusMR (492)
[2020.10.03-23.11.25:682][179]LogModuleManager: Shutting down and abandoning module WmfMediaFactory (490)
[2020.10.03-23.11.25:682][179]LogModuleManager: Shutting down and abandoning module WebMMediaFactory (488)
[2020.10.03-23.11.25:682][179]LogModuleManager: Shutting down and abandoning module WebMMedia (486)
[2020.10.03-23.11.25:682][179]LogModuleManager: Shutting down and abandoning module OpenExrWrapper (484)
[2020.10.03-23.11.25:682][179]LogModuleManager: Shutting down and abandoning module ImgMediaFactory (482)
[2020.10.03-23.11.25:682][179]LogModuleManager: Shutting down and abandoning module AvfMediaFactory (480)
[2020.10.03-23.11.25:682][179]LogModuleManager: Shutting down and abandoning module MagicLeapMediaCodecFactory (478)
[2020.10.03-23.11.25:682][179]LogModuleManager: Shutting down and abandoning module MagicLeapMediaFactory (476)
[2020.10.03-23.11.25:682][179]LogModuleManager: Shutting down and abandoning module PlanarCut (474)
[2020.10.03-23.11.25:682][179]LogModuleManager: Shutting down and abandoning module CharacterAI (472)
[2020.10.03-23.11.25:682][179]LogModuleManager: Shutting down and abandoning module SessionServices (470)
[2020.10.03-23.11.25:682][179]LogModuleManager: Shutting down and abandoning module MovieSceneCapture (468)
[2020.10.03-23.11.25:682][179]LogModuleManager: Shutting down and abandoning module LiveCoding (466)
[2020.10.03-23.11.25:682][179]LogModuleManager: Shutting down and abandoning module LevelSequence (464)
[2020.10.03-23.11.25:683][179]LogModuleManager: Shutting down and abandoning module MovieSceneTracks (462)
[2020.10.03-23.11.25:683][179]LogModuleManager: Shutting down and abandoning module MovieScene (460)
[2020.10.03-23.11.25:683][179]LogModuleManager: Shutting down and abandoning module StreamingPauseRendering (458)
[2020.10.03-23.11.25:683][179]LogModuleManager: Shutting down and abandoning module PortalServices (456)
[2020.10.03-23.11.25:683][179]LogModuleManager: Shutting down and abandoning module PortalRpc (454)
[2020.10.03-23.11.25:683][179]LogModuleManager: Shutting down and abandoning module MessagingRpc (452)
[2020.10.03-23.11.25:683][179]LogModuleManager: Shutting down and abandoning module AudioMixerXAudio2 (450)
[2020.10.03-23.11.25:683][179]LogModuleManager: Shutting down and abandoning module AudioMixerCore (449)
[2020.10.03-23.11.25:683][179]LogModuleManager: Shutting down and abandoning module ProfilerService (446)
[2020.10.03-23.11.25:755][179]LogModuleManager: Shutting down and abandoning module TaskGraph (444)
[2020.10.03-23.11.25:755][179]LogModuleManager: Shutting down and abandoning module Synthesis (442)
[2020.10.03-23.11.25:755][179]LogModuleManager: Shutting down and abandoning module SteamSockets (440)
[2020.10.03-23.11.25:755][179]LogModuleManager: Shutting down and abandoning module SteamController (438)
[2020.10.03-23.11.25:755][179]LogModuleManager: Shutting down and abandoning module ProceduralMeshComponent (436)
[2020.10.03-23.11.25:755][179]LogModuleManager: Shutting down and abandoning module OculusInput (434)
[2020.10.03-23.11.25:755][179]LogModuleManager: Shutting down and abandoning module MobilePatchingUtils (432)
[2020.10.03-23.11.25:755][179]LogModuleManager: Shutting down and abandoning module GooglePAD (430)
[2020.10.03-23.11.25:755][179]LogModuleManager: Shutting down and abandoning module EditableMesh (428)
[2020.10.03-23.11.25:755][179]LogModuleManager: Shutting down and abandoning module CustomMeshComponent (426)
[2020.10.03-23.11.25:755][179]LogModuleManager: Shutting down and abandoning module CableComponent (424)
[2020.10.03-23.11.25:755][179]LogModuleManager: Shutting down and abandoning module AudioCapture (422)
[2020.10.03-23.11.25:755][179]LogModuleManager: Shutting down and abandoning module AudioCaptureRtAudio (421)
[2020.10.03-23.11.25:756][179]LogModuleManager: Shutting down and abandoning module AssetTags (418)
[2020.10.03-23.11.25:756][179]LogModuleManager: Shutting down and abandoning module ArchVisCharacter (416)
[2020.10.03-23.11.25:756][179]LogModuleManager: Shutting down and abandoning module AppleImageUtilsBlueprintSupport (414)
[2020.10.03-23.11.25:756][179]LogModuleManager: Shutting down and abandoning module AppleImageUtils (412)
[2020.10.03-23.11.25:756][179]LogModuleManager: Shutting down and abandoning module AndroidPermission (410)
[2020.10.03-23.11.25:756][179]LogModuleManager: Shutting down and abandoning module NUTUnrealEngine4 (406)
[2020.10.03-23.11.25:756][179]LogModuleManager: Shutting down and abandoning module NetcodeUnitTest (404)
[2020.10.03-23.11.25:756][179]LogModuleManager: Shutting down and abandoning module TemplateSequence (402)
[2020.10.03-23.11.25:756][179]LogModuleManager: Shutting down and abandoning module MovieRenderPipelineRenderPasses (400)
[2020.10.03-23.11.25:756][179]LogModuleManager: Shutting down and abandoning module MovieRenderPipelineSettings (398)
[2020.10.03-23.11.25:756][179]LogModuleManager: Shutting down and abandoning module MovieRenderPipelineCore (396)
[2020.10.03-23.11.25:756][179]LogModuleManager: Shutting down and abandoning module ImageWriteQueue (395)
[2020.10.03-23.11.25:757][179]LogModuleManager: Shutting down and abandoning module MediaCompositing (392)
[2020.10.03-23.11.25:757][179]LogModuleManager: Shutting down and abandoning module ImgMedia (390)
[2020.10.03-23.11.25:757][179]LogModuleManager: Shutting down and abandoning module MagicLeapSharedWorld (388)
[2020.10.03-23.11.25:757][179]LogModuleManager: Shutting down and abandoning module MagicLeapLightEstimation (386)
[2020.10.03-23.11.25:758][179]LogModuleManager: Shutting down and abandoning module MagicLeapHelperVulkan (384)
[2020.10.03-23.11.25:758][179]LogModuleManager: Shutting down and abandoning module MagicLeapHelperOpenGL (382)
[2020.10.03-23.11.25:758][179]LogModuleManager: Shutting down and abandoning module MagicLeapAudio (380)
[2020.10.03-23.11.25:758][179]LogModuleManager: Shutting down and abandoning module MeshSolverUtilities (378)
[2020.10.03-23.11.25:758][179]LogModuleManager: Shutting down and abandoning module MeshConversion (376)
[2020.10.03-23.11.25:758][179]LogModuleManager: Shutting down and abandoning module DynamicMesh (374)
[2020.10.03-23.11.25:758][179]LogModuleManager: Shutting down and abandoning module GeometryAlgorithms (372)
[2020.10.03-23.11.25:758][179]LogModuleManager: Shutting down and abandoning module GeometricObjects (370)
[2020.10.03-23.11.25:758][179]LogModuleManager: Shutting down and abandoning module GeometryCollectionTracks (368)
[2020.10.03-23.11.25:758][179]LogModuleManager: Shutting down and abandoning module GeometryCollectionSequencer (367)
[2020.10.03-23.11.25:758][179]LogModuleManager: Shutting down and abandoning module GeometryCacheTracks (364)
[2020.10.03-23.11.25:758][179]LogModuleManager: Shutting down and abandoning module GeometryCacheSequencer (363)
[2020.10.03-23.11.25:758][179]LogModuleManager: Shutting down and abandoning module GeometryCache (360)
[2020.10.03-23.11.25:758][179]LogModuleManager: Shutting down and abandoning module GeometryCacheEd (359)
[2020.10.03-23.11.25:758][179]LogModuleManager: Shutting down and abandoning module ChaosNiagara (356)
[2020.10.03-23.11.25:758][179]LogModuleManager: Shutting down and abandoning module ChaosCloth (354)
[2020.10.03-23.11.25:758][179]LogModuleManager: Shutting down and abandoning module BackChannel (352)
[2020.10.03-23.11.25:758][179]LogModuleManager: Shutting down and abandoning module AutomationUtils (350)
[2020.10.03-23.11.25:758][179]LogModuleManager: Shutting down and abandoning module VisualStudioSourceCodeAccess (348)
[2020.10.03-23.11.25:758][179]LogModuleManager: Shutting down and abandoning module HotReload (347)
[2020.10.03-23.11.25:758][179]LogModuleManager: Shutting down and abandoning module VisualStudioCodeSourceCodeAccess (344)
[2020.10.03-23.11.25:758][179]LogModuleManager: Shutting down and abandoning module UObjectPlugin (342)
[2020.10.03-23.11.25:759][179]LogModuleManager: Shutting down and abandoning module SubversionSourceControl (340)
[2020.10.03-23.11.25:759][179]LogModuleManager: Shutting down and abandoning module RiderSourceCodeAccess (338)
[2020.10.03-23.11.25:759][179]LogModuleManager: Shutting down and abandoning module PerforceSourceControl (336)
[2020.10.03-23.11.25:759][179]LogModuleManager: Shutting down and abandoning module SourceControl (335)
[2020.10.03-23.11.25:759][179]LogModuleManager: Shutting down and abandoning module CLionSourceCodeAccess (332)
[2020.10.03-23.11.25:759][179]LogModuleManager: Shutting down and abandoning module ActorLayerUtilities (330)
[2020.10.03-23.11.25:759][179]LogModuleManager: Shutting down and abandoning module SteamShared (328)
[2020.10.03-23.11.25:759][179]LogSteamShared: Freeing the Steam Loaded Modules...
[2020.10.03-23.11.25:759][179]LogModuleManager: Shutting down and abandoning module SoundFields (326)
[2020.10.03-23.11.25:759][179]LogModuleManager: Shutting down and abandoning module SignificanceManager (324)
[2020.10.03-23.11.25:759][179]LogModuleManager: Shutting down and abandoning module RuntimePhysXCooking (322)
[2020.10.03-23.11.25:759][179]LogModuleManager: Shutting down and abandoning module PhysXVehiclesEditor (320)
[2020.10.03-23.11.25:759][179]LogModuleManager: Shutting down and abandoning module LocationServicesBPLibrary (316)
[2020.10.03-23.11.25:759][179]LogModuleManager: Shutting down and abandoning module ActorSequence (314)
[2020.10.03-23.11.25:759][179]LogModuleManager: Shutting down and abandoning module UdpMessaging (312)
[2020.10.03-23.11.25:860][179]LogModuleManager: Shutting down and abandoning module TcpMessaging (310)
[2020.10.03-23.11.26:374][179]LogModuleManager: Shutting down and abandoning module MagicLeapARPin (308)
[2020.10.03-23.11.26:374][179]LogModuleManager: Shutting down and abandoning module MagicLeapHandMeshing (306)
[2020.10.03-23.11.26:374][179]LogModuleManager: Shutting down and abandoning module MagicLeapSecureStorage (304)
[2020.10.03-23.11.26:374][179]LogModuleManager: Shutting down and abandoning module MagicLeapPrivileges (302)
[2020.10.03-23.11.26:374][179]LogModuleManager: Shutting down and abandoning module MagicLeapPlanes (300)
[2020.10.03-23.11.26:375][179]LogMagicLeapPlanes: Planes tracker already destroyed.
[2020.10.03-23.11.26:375][179]LogModuleManager: Shutting down and abandoning module MagicLeapImageTracker (298)
[2020.10.03-23.11.26:375][179]LogModuleManager: Shutting down and abandoning module MagicLeapIdentity (296)
[2020.10.03-23.11.26:375][179]LogModuleManager: Shutting down and abandoning module MagicLeapHandTracking (294)
[2020.10.03-23.11.26:375][179]LogModuleManager: Shutting down and abandoning module MagicLeapEyeTracker (292)
[2020.10.03-23.11.26:375][179]LogModuleManager: Shutting down and abandoning module MagicLeapController (290)
[2020.10.03-23.11.26:375][179]LogSlate: Slate User Destroyed.  User Index 0, Is Virtual User: 0
[2020.10.03-23.11.26:375][179]LogModuleManager: Shutting down and abandoning module MagicLeapARPinImpl (288)
[2020.10.03-23.11.26:375][179]LogModuleManager: Shutting down and abandoning module MagicLeapAR (286)
[2020.10.03-23.11.26:375][179]LogModuleManager: Shutting down and abandoning module AugmentedReality (285)
[2020.10.03-23.11.26:375][179]LogModuleManager: Shutting down and abandoning module NiagaraAnimNotifies (282)
[2020.10.03-23.11.26:375][179]LogModuleManager: Shutting down and abandoning module Niagara (280)
[2020.10.03-23.11.26:375][179]LogModuleManager: Shutting down and abandoning module SignalProcessing (279)
[2020.10.03-23.11.26:375][179]LogModuleManager: Shutting down and abandoning module NiagaraEditor (277)
[2020.10.03-23.11.26:375][179]LogModuleManager: Shutting down and abandoning module NiagaraCore (274)
[2020.10.03-23.11.26:375][179]LogModuleManager: Shutting down and abandoning module GameplayTagsEditor (272)
[2020.10.03-23.11.26:376][179]LogModuleManager: Shutting down and abandoning module FacialAnimation (270)
[2020.10.03-23.11.26:376][179]LogModuleManager: Shutting down and abandoning module AssetManagerEditor (268)
[2020.10.03-23.11.26:376][179]LogModuleManager: Shutting down and abandoning module TreeMap (267)
[2020.10.03-23.11.26:376][179]LogModuleManager: Shutting down and abandoning module AnimationSharing (264)
[2020.10.03-23.11.26:376][179]LogModuleManager: Shutting down and abandoning module LightPropagationVolumeRuntime (262)
[2020.10.03-23.11.26:376][179]LogModuleManager: Shutting down and abandoning module Paper2D (260)
[2020.10.03-23.11.26:376][179]LogModuleManager: Shutting down and abandoning module WindowsMoviePlayer (258)
[2020.10.03-23.11.26:377][179]LogModuleManager: Shutting down and abandoning module WebMMoviePlayer (256)
[2020.10.03-23.11.26:377][179]LogModuleManager: Shutting down and abandoning module NetworkReplayStreaming (254)
[2020.10.03-23.11.26:377][179]LogModuleManager: Shutting down and abandoning module PacketHandler (252)
[2020.10.03-23.11.26:377][179]LogModuleManager: Shutting down and abandoning module ClothingSystemEditor (250)
[2020.10.03-23.11.26:377][179]LogModuleManager: Shutting down and abandoning module ClothingSystemRuntimeNv (248)
[2020.10.03-23.11.26:377][179]LogModuleManager: Shutting down and abandoning module MediaAssets (246)
[2020.10.03-23.11.26:377][179]LogModuleManager: Shutting down and abandoning module Overlay (244)
[2020.10.03-23.11.26:377][179]LogModuleManager: Shutting down and abandoning module OverlayEditor (243)
[2020.10.03-23.11.26:377][179]LogModuleManager: Shutting down and abandoning module VREditor (240)
[2020.10.03-23.11.26:377][179]LogModuleManager: Shutting down and abandoning module StringTableEditor (238)
[2020.10.03-23.11.26:377][179]LogModuleManager: Shutting down and abandoning module GameplayTasksEditor (236)
[2020.10.03-23.11.26:377][179]LogModuleManager: Shutting down and abandoning module BehaviorTreeEditor (234)
[2020.10.03-23.11.26:377][179]LogModuleManager: Shutting down and abandoning module FunctionalTesting (232)
[2020.10.03-23.11.26:377][179]LogModuleManager: Shutting down and abandoning module CollisionAnalyzer (230)
[2020.10.03-23.11.26:377][179]LogModuleManager: Shutting down and abandoning module UMG (228)
[2020.10.03-23.11.26:377][179]LogModuleManager: Shutting down and abandoning module UMGEditor (227)
[2020.10.03-23.11.26:377][179]LogModuleManager: Shutting down and abandoning module Sequencer (226)
[2020.10.03-23.11.26:377][179]LogModuleManager: Shutting down and abandoning module MessageLog (223)
[2020.10.03-23.11.26:377][179]LogModuleManager: Shutting down and abandoning module MaterialEditor (221)
[2020.10.03-23.11.26:377][179]LogModuleManager: Shutting down and abandoning module ContentBrowser (220)
[2020.10.03-23.11.26:377][179]LogModuleManager: Shutting down and abandoning module WorkspaceMenuStructure (219)
[2020.10.03-23.11.26:377][179]LogModuleManager: Shutting down and abandoning module CollectionManager (217)
[2020.10.03-23.11.26:378][179]LogModuleManager: Shutting down and abandoning module DirectoryWatcher (216)
[2020.10.03-23.11.26:378][179]LogModuleManager: Shutting down and abandoning module SlateReflector (208)
[2020.10.03-23.11.26:378][179]LogModuleManager: Shutting down and abandoning module Slate (206)
[2020.10.03-23.11.26:378][179]LogModuleManager: Shutting down and abandoning module SlateCore (204)
[2020.10.03-23.11.26:378][179]LogModuleManager: Shutting down and abandoning module LandscapeEditorUtilities (202)
[2020.10.03-23.11.26:378][179]LogModuleManager: Shutting down and abandoning module EditorStyle (200)
[2020.10.03-23.11.26:379][179]LogModuleManager: Shutting down and abandoning module UnrealEd (198)
[2020.10.03-23.11.26:379][179]LogModuleManager: Shutting down and abandoning module MRMesh (196)
[2020.10.03-23.11.26:379][179]LogModuleManager: Shutting down and abandoning module Messaging (194)
[2020.10.03-23.11.26:379][179]LogModuleManager: Shutting down and abandoning module SourceCodeAccess (192)
[2020.10.03-23.11.26:379][179]LogModuleManager: Shutting down and abandoning module HeadMountedDisplay (190)
[2020.10.03-23.11.26:379][179]LogModuleManager: Shutting down and abandoning module XAudio2 (188)
[2020.10.03-23.11.26:379][179]LogModuleManager: Shutting down and abandoning module Networking (186)
[2020.10.03-23.11.26:379][179]LogModuleManager: Shutting down and abandoning module Core (184)
[2020.10.03-23.11.26:379][179]LogModuleManager: Shutting down and abandoning module MovieSceneTools (182)
[2020.10.03-23.11.26:379][179]LogModuleManager: Shutting down and abandoning module KismetCompiler (180)
[2020.10.03-23.11.26:379][179]LogModuleManager: Shutting down and abandoning module MeshBuilder (178)
[2020.10.03-23.11.26:379][179]LogModuleManager: Shutting down and abandoning module MeshUtilities (176)
[2020.10.03-23.11.26:379][179]LogModuleManager: Shutting down and abandoning module MeshMergeUtilities (175)
[2020.10.03-23.11.26:379][179]LogModuleManager: Shutting down and abandoning module MeshReductionInterface (174)
[2020.10.03-23.11.26:379][179]LogModuleManager: Shutting down and abandoning module MeshBoneReduction (173)
[2020.10.03-23.11.26:379][179]LogModuleManager: Shutting down and abandoning module SkeletalMeshReduction (171)
[2020.10.03-23.11.26:379][179]LogModuleManager: Shutting down and abandoning module ProxyLODMeshReduction (169)
[2020.10.03-23.11.26:379][179]LogModuleManager: Shutting down and abandoning module QuadricMeshReduction (167)
[2020.10.03-23.11.26:379][179]LogModuleManager: Shutting down and abandoning module MaterialBaking (163)
[2020.10.03-23.11.26:379][179]LogModuleManager: Shutting down and abandoning module NullInstallBundleManager (158)
[2020.10.03-23.11.26:379][179]LogModuleManager: Shutting down and abandoning module PIEPreviewDeviceProfileSelector (156)
[2020.10.03-23.11.26:379][179]LogModuleManager: Shutting down and abandoning module DerivedDataCache (154)
[2020.10.03-23.11.26:379][179]LogModuleManager: Shutting down and abandoning module XGEController (152)
[2020.10.03-23.11.26:379][179]LogModuleManager: Shutting down and abandoning module TargetPlatform (150)
[2020.10.03-23.11.26:379][179]LogModuleManager: Shutting down and abandoning module VulkanShaderFormat (149)
[2020.10.03-23.11.26:379][179]LogModuleManager: Shutting down and abandoning module ShaderFormatVectorVM (147)
[2020.10.03-23.11.26:379][179]LogModuleManager: Shutting down and abandoning module ShaderFormatOpenGL (145)
[2020.10.03-23.11.26:379][179]LogModuleManager: Shutting down and abandoning module ShaderFormatD3D (143)
[2020.10.03-23.11.26:379][179]LogModuleManager: Shutting down and abandoning module MetalShaderFormat (141)
[2020.10.03-23.11.26:380][179]LogModuleManager: Shutting down and abandoning module TextureFormatUncompressed (139)
[2020.10.03-23.11.26:380][179]LogModuleManager: Shutting down and abandoning module TextureFormatPVR (137)
[2020.10.03-23.11.26:380][179]LogModuleManager: Shutting down and abandoning module TextureFormatDXT (135)
[2020.10.03-23.11.26:380][179]LogModuleManager: Shutting down and abandoning module TextureFormatIntelISPCTexComp (133)
[2020.10.03-23.11.26:380][179]LogModuleManager: Shutting down and abandoning module TextureFormatASTC (131)
[2020.10.03-23.11.26:380][179]LogModuleManager: Shutting down and abandoning module ImageWrapper (130)
[2020.10.03-23.11.26:380][179]LogModuleManager: Shutting down and abandoning module TextureFormatAndroid (127)
[2020.10.03-23.11.26:380][179]LogModuleManager: Shutting down and abandoning module AudioFormatOpus (125)
[2020.10.03-23.11.26:380][179]LogModuleManager: Shutting down and abandoning module AudioFormatOgg (123)
[2020.10.03-23.11.26:380][179]LogModuleManager: Shutting down and abandoning module AudioFormatADPCM (121)
[2020.10.03-23.11.26:380][179]LogModuleManager: Shutting down and abandoning module WindowsServerTargetPlatform (119)
[2020.10.03-23.11.26:380][179]LogModuleManager: Shutting down and abandoning module WindowsClientTargetPlatform (117)
[2020.10.03-23.11.26:380][179]LogModuleManager: Shutting down and abandoning module WindowsTargetPlatform (115)
[2020.10.03-23.11.26:380][179]LogModuleManager: Shutting down and abandoning module WindowsNoEditorTargetPlatform (113)
[2020.10.03-23.11.26:380][179]LogModuleManager: Shutting down and abandoning module InputCore (110)
[2020.10.03-23.11.26:380][179]LogModuleManager: Shutting down and abandoning module Settings (108)
[2020.10.03-23.11.26:380][179]LogModuleManager: Shutting down and abandoning module PhysXCooking (106)
[2020.10.03-23.11.26:380][179]LogModuleManager: Shutting down and abandoning module ChaosSolvers (104)
[2020.10.03-23.11.26:380][179]LogModuleManager: Shutting down and abandoning module FieldSystemEngine (103)
[2020.10.03-23.11.26:380][179]LogModuleManager: Shutting down and abandoning module Chaos (100)
[2020.10.03-23.11.26:380][179]LogModuleManager: Shutting down and abandoning module WindowsPlatformFeatures (98)
[2020.10.03-23.11.26:380][179]LogModuleManager: Shutting down and abandoning module GameplayMediaEncoder (97)
[2020.10.03-23.11.26:380][179]LogModuleManager: Shutting down and abandoning module AVEncoder (96)
[2020.10.03-23.11.26:380][179]LogModuleManager: Shutting down and abandoning module SteamVRInputDevice (92)
[2020.10.03-23.11.26:380][179]LogModuleManager: Shutting down and abandoning module SteamVRInput (90)
[2020.10.03-23.11.26:380][179]LogModuleManager: Shutting down and abandoning module SteamVR (88)
[2020.10.03-23.11.26:380][179]LogHMD: Freeing OpenVRDLLHandle.
[2020.10.03-23.11.26:380][179]LogModuleManager: Shutting down and abandoning module OculusHMD (86)
[2020.10.03-23.11.26:380][179]LogModuleManager: Shutting down and abandoning module ExampleDeviceProfileSelector (84)
[2020.10.03-23.11.26:380][179]LogModuleManager: Shutting down and abandoning module LauncherChunkInstaller (82)
[2020.10.03-23.11.26:380][179]LogModuleManager: Shutting down and abandoning module OnlineBlueprintSupport (80)
[2020.10.03-23.11.26:380][179]LogModuleManager: Shutting down and abandoning module OnlineSubsystem (76)
[2020.10.03-23.11.26:381][179]LogModuleManager: Shutting down and abandoning module XMPP (71)
[2020.10.03-23.11.26:381][179]LogModuleManager: Shutting down and abandoning module WebSockets (70)
[2020.10.03-23.11.26:396][179]LogModuleManager: Shutting down and abandoning module HTTP (67)
[2020.10.03-23.11.26:428][179]LogModuleManager: Shutting down and abandoning module SSL (66)
[2020.10.03-23.11.26:429][179]LogModuleManager: Shutting down and abandoning module WmfMedia (62)
[2020.10.03-23.11.26:430][179]LogModuleManager: Shutting down and abandoning module Media (61)
[2020.10.03-23.11.26:431][179]LogModuleManager: Shutting down and abandoning module MagicLeap (58)
[2020.10.03-23.11.26:431][179]LogModuleManager: Shutting down and abandoning module NiagaraVertexFactories (56)
[2020.10.03-23.11.26:431][179]LogModuleManager: Shutting down and abandoning module NiagaraShader (54)
[2020.10.03-23.11.26:431][179]LogModuleManager: Shutting down and abandoning module VariantManagerContent (52)
[2020.10.03-23.11.26:431][179]LogModuleManager: Shutting down and abandoning module DatasmithContent (50)
[2020.10.03-23.11.26:431][179]LogModuleManager: Shutting down and abandoning module AISupportModule (48)
[2020.10.03-23.11.26:431][179]LogModuleManager: Shutting down and abandoning module DesktopPlatform (46)
[2020.10.03-23.11.26:431][179]LogModuleManager: Shutting down and abandoning module PlatformCryptoOpenSSL (44)
[2020.10.03-23.11.26:432][179]LogModuleManager: Shutting down and abandoning module PlatformCryptoTypes (42)
[2020.10.03-23.11.26:432][179]LogModuleManager: Shutting down and abandoning module PlatformCrypto (40)
[2020.10.03-23.11.26:432][179]LogModuleManager: Shutting down and abandoning module AnimationModifiers (38)
[2020.10.03-23.11.26:432][179]LogModuleManager: Shutting down and abandoning module PropertyEditor (37)
[2020.10.03-23.11.26:432][179]LogModuleManager: Shutting down and abandoning module AudioEditor (34)
[2020.10.03-23.11.26:432][179]LogModuleManager: Shutting down and abandoning module TextureCompressor (32)
[2020.10.03-23.11.26:432][179]LogModuleManager: Shutting down and abandoning module RenderCore (30)
[2020.10.03-23.11.26:432][179]LogModuleManager: Shutting down and abandoning module Landscape (28)
[2020.10.03-23.11.26:432][179]LogModuleManager: Shutting down and abandoning module SlateRHIRenderer (26)
[2020.10.03-23.11.26:432][179]LogModuleManager: Shutting down and abandoning module OpenGLDrv (24)
[2020.10.03-23.11.26:432][179]LogModuleManager: Shutting down and abandoning module D3D11RHI (22)
[2020.10.03-23.11.26:432][179]LogModuleManager: Shutting down and abandoning module AnimGraphRuntime (20)
[2020.10.03-23.11.26:432][179]LogModuleManager: Shutting down and abandoning module Renderer (18)
[2020.10.03-23.11.26:432][179]LogModuleManager: Shutting down and abandoning module Engine (16)
[2020.10.03-23.11.26:432][179]LogModuleManager: Shutting down and abandoning module CoreUObject (14)
[2020.10.03-23.11.26:432][179]LogModuleManager: Shutting down and abandoning module NetworkFile (12)
[2020.10.03-23.11.26:432][179]LogModuleManager: Shutting down and abandoning module CookedIterativeFile (10)
[2020.10.03-23.11.26:432][179]LogModuleManager: Shutting down and abandoning module StreamingFile (8)
[2020.10.03-23.11.26:432][179]LogModuleManager: Shutting down and abandoning module SandboxFile (6)
[2020.10.03-23.11.26:432][179]LogModuleManager: Shutting down and abandoning module PakFile (4)
[2020.10.03-23.11.26:432][179]LogModuleManager: Shutting down and abandoning module RSA (3)
[2020.10.03-23.11.26:433][179]LogContentStreaming: Display: There are 1 unreleased StreamingManagers
[2020.10.03-23.11.26:433][179]LogD3D11RHI: Shutdown
[2020.10.03-23.11.26:433][179]LogD3D11RHI: CleanupD3DDevice
[2020.10.03-23.11.26:439][179]LogExit: Exiting.
[2020.10.03-23.11.26:527][179]Log file closed, 10/04/20 04:41:26
