Log file open, 10/05/20 01:47:00
LogInit: Display: Running engine for game: SimpleRobotDemo_BP
LogPlatformFile: Not using cached read wrapper
LogTaskGraph: Started task graph with 5 named threads and 11 total threads with 3 sets of task threads.
LogStats: Stats thread started at 0.748536
LogD3D11RHI: Loaded GFSDK_Aftermath_Lib.x64.dll
LogICUInternationalization: ICU TimeZone Detection - Raw Offset: +5:30, Platform Override: ''
LogPluginManager: Mounting plugin Paper2D
LogPluginManager: Mounting plugin AISupport
LogPluginManager: Mounting plugin LightPropagationVolume
LogPluginManager: Mounting plugin CameraShakePreviewer
LogPluginManager: Mounting plugin ActorLayerUtilities
LogPluginManager: Mounting plugin AnimationSharing
LogPluginManager: Mounting plugin CLionSourceCodeAccess
LogPluginManager: Mounting plugin CodeLiteSourceCodeAccess
LogPluginManager: Mounting plugin GitSourceControl
LogPluginManager: Mounting plugin KDevelopSourceCodeAccess
LogPluginManager: Mounting plugin NullSourceCodeAccess
LogPluginManager: Mounting plugin PerforceSourceControl
LogPluginManager: Mounting plugin PlasticSourceControl
LogPluginManager: Mounting plugin RiderSourceCodeAccess
LogPluginManager: Mounting plugin SubversionSourceControl
LogPluginManager: Mounting plugin UObjectPlugin
LogPluginManager: Mounting plugin VisualStudioCodeSourceCodeAccess
LogPluginManager: Mounting plugin VisualStudioSourceCodeAccess
LogPluginManager: Mounting plugin XCodeSourceCodeAccess
LogPluginManager: Mounting plugin AssetManagerEditor
LogPluginManager: Mounting plugin CryptoKeys
LogPluginManager: Mounting plugin CurveEditorTools
LogPluginManager: Mounting plugin DataValidation
LogPluginManager: Mounting plugin EditorScriptingUtilities
LogPluginManager: Mounting plugin FacialAnimation
LogPluginManager: Mounting plugin GameplayTagsEditor
LogPluginManager: Mounting plugin GeometryMode
LogPluginManager: Mounting plugin MacGraphicsSwitching
LogPluginManager: Mounting plugin MaterialAnalyzer
LogPluginManager: Mounting plugin MobileLauncherProfileWizard
LogPluginManager: Mounting plugin PluginBrowser
LogPluginManager: Mounting plugin SpeedTreeImporter
LogPluginManager: Mounting plugin DatasmithContent
LogPluginManager: Mounting plugin VariantManagerContent
LogPluginManager: Mounting plugin AlembicImporter
LogPluginManager: Mounting plugin AutomationUtils
LogPluginManager: Mounting plugin BackChannel
LogPluginManager: Mounting plugin ChaosCloth
LogPluginManager: Mounting plugin ChaosClothEditor
LogPluginManager: Mounting plugin ChaosEditor
LogPluginManager: Mounting plugin ChaosNiagara
LogPluginManager: Mounting plugin ChaosSolverPlugin
LogPluginManager: Mounting plugin CharacterAI
LogPluginManager: Mounting plugin GeometryCache
LogPluginManager: Mounting plugin GeometryCollectionPlugin
LogPluginManager: Mounting plugin GeometryProcessing
LogPluginManager: Mounting plugin PlanarCut
LogPluginManager: Mounting plugin PlatformCrypto
LogPluginManager: Mounting plugin ProxyLODPlugin
LogPluginManager: Mounting plugin SkeletalReduction
LogPluginManager: Mounting plugin Niagara
LogPluginManager: Mounting plugin MagicLeap
LogPluginManager: Mounting plugin MagicLeapLightEstimation
LogPluginManager: Mounting plugin MagicLeapMedia
LogPluginManager: Mounting plugin MagicLeapPassableWorld
LogPluginManager: Mounting plugin MLSDK
LogPluginManager: Mounting plugin AndroidMedia
LogPluginManager: Mounting plugin AvfMedia
LogPluginManager: Mounting plugin ImgMedia
LogPluginManager: Mounting plugin MediaCompositing
LogPluginManager: Mounting plugin MediaPlayerEditor
LogPluginManager: Mounting plugin WebMMedia
LogPluginManager: Mounting plugin WmfMedia
LogPluginManager: Mounting plugin MeshPainting
LogPluginManager: Mounting plugin TcpMessaging
LogPluginManager: Mounting plugin UdpMessaging
LogPluginManager: Mounting plugin ActorSequence
LogPluginManager: Mounting plugin LevelSequenceEditor
LogPluginManager: Mounting plugin MatineeToLevelSequence
LogPluginManager: Mounting plugin MovieRenderPipeline
LogPluginManager: Mounting plugin TemplateSequence
LogPluginManager: Mounting plugin NetcodeUnitTest
LogPluginManager: Mounting plugin NUTUnrealEngine4
LogPluginManager: Mounting plugin OnlineSubsystemGooglePlay
LogPluginManager: Mounting plugin OnlineSubsystemIOS
LogPluginManager: Mounting plugin OnlineSubsystem
LogPluginManager: Mounting plugin OnlineSubsystemNull
LogPluginManager: Mounting plugin OnlineSubsystemSteam
LogPluginManager: Mounting plugin OnlineSubsystemUtils
LogPluginManager: Mounting plugin LauncherChunkInstaller
LogPluginManager: Mounting plugin AndroidDeviceProfileSelector
LogPluginManager: Mounting plugin AndroidMoviePlayer
LogPluginManager: Mounting plugin AndroidPermission
LogPluginManager: Mounting plugin AppleImageUtils
LogPluginManager: Mounting plugin AppleMoviePlayer
LogPluginManager: Mounting plugin ArchVisCharacter
LogPluginManager: Mounting plugin AssetTags
LogPluginManager: Mounting plugin AudioCapture
LogPluginManager: Mounting plugin CableComponent
LogPluginManager: Mounting plugin CustomMeshComponent
LogPluginManager: Mounting plugin EditableMesh
LogPluginManager: Mounting plugin ExampleDeviceProfileSelector
LogPluginManager: Mounting plugin GoogleCloudMessaging
LogPluginManager: Mounting plugin GooglePAD
LogPluginManager: Mounting plugin IOSDeviceProfileSelector
LogPluginManager: Mounting plugin LinuxDeviceProfileSelector
LogPluginManager: Mounting plugin LocationServicesBPLibrary
LogPluginManager: Mounting plugin MobilePatchingUtils
LogPluginManager: Mounting plugin OculusVR
LogPluginManager: Mounting plugin PhysXVehicles
LogPluginManager: Mounting plugin PostSplashScreen
LogPluginManager: Mounting plugin ProceduralMeshComponent
LogPluginManager: Mounting plugin RuntimePhysXCooking
LogPluginManager: Mounting plugin SignificanceManager
LogPluginManager: Mounting plugin SoundFields
LogPluginManager: Mounting plugin SteamController
LogPluginManager: Mounting plugin SteamShared
LogPluginManager: Mounting plugin SteamSockets
LogPluginManager: Mounting plugin SteamVR
LogPluginManager: Mounting plugin Synthesis
LogPluginManager: Mounting plugin WebMMoviePlayer
LogPluginManager: Mounting plugin WindowsMoviePlayer
LogPluginManager: Mounting plugin ScreenshotTools
LogInit: Using libcurl 7.55.1-DEV
LogInit:  - built for x86_64-pc-win32
LogInit:  - supports SSL with OpenSSL/1.1.1
LogInit:  - supports HTTP deflate (compression) using libz 1.2.8
LogInit:  - other features:
LogInit:      CURL_VERSION_SSL
LogInit:      CURL_VERSION_LIBZ
LogInit:      CURL_VERSION_IPV6
LogInit:      CURL_VERSION_ASYNCHDNS
LogInit:      CURL_VERSION_LARGEFILE
LogInit:      CURL_VERSION_IDN
LogInit:  CurlRequestOptions (configurable via config and command line):
LogInit:  - bVerifyPeer = true  - Libcurl will verify peer certificate
LogInit:  - bUseHttpProxy = false  - Libcurl will NOT use HTTP proxy
LogInit:  - bDontReuseConnections = false  - Libcurl will reuse connections
LogInit:  - MaxHostConnections = 16  - Libcurl will limit the number of connections to a host
LogInit:  - LocalHostAddr = Default
LogInit:  - BufferSize = 65536
LogOnline: OSS: Creating online subsystem instance for: NULL
LogInit: WinSock: version 1.1 (2.2), MaxSocks=32767, MaxUdp=65467
LogOnline: OSS: TryLoadSubsystemAndSetDefault: Loaded subsystem for module [NULL]
LogInit: Build: ++UE4+Release-4.25-CL-13942748
LogInit: Engine Version: 4.25.3-13942748+++UE4+Release-4.25
LogInit: Compatible Engine Version: 4.25.0-13144385+++UE4+Release-4.25
LogInit: Net CL: 13144385
LogInit: OS: Windows 10 (Release 1903) (), CPU: Intel(R) Core(TM) i5-4200U CPU @ 1.60GHz, GPU: Intel(R) HD Graphics Family
LogInit: Compiled (64-bit): Jul 25 2020 02:07:48
LogInit: Compiled with Visual C++: 19.24.28315.00
LogInit: Build Configuration: Development
LogInit: Branch Name: ++UE4+Release-4.25
LogInit: Command Line:  /Game/ThirdPersonBP/Maps/ThirdPersonExampleMap?Listen -game -PIEVIACONSOLE -Multiprocess GameUserSettingsINI=C:/Users/Nandita/Desktop/Demo2020/NewUnrealDemo/RobotDemo/SimpleRobotDemo_BP/Saved/Config/Windows/PIEGameUserSettings0.ini -MultiprocessSaveConfig -MultiprocessOSS -messaging -SessionName="Play in Standalone Game" -port=17777 -PktEmulationProfile=Average -windowed -ResX=1280 -ResY=720
LogInit: Base Directory: C:/Program Files/Epic Games/UE_4.25/Engine/Binaries/Win64/
LogInit: Allocator: TBB
LogInit: Installed Engine Build: 1
LogDevObjectVersion: Number of dev versions registered: 26
LogDevObjectVersion:   Dev-Blueprints (B0D832E4-1F89-4F0D-ACCF-7EB736FD4AA2): 10
LogDevObjectVersion:   Dev-Build (E1C64328-A22C-4D53-A36C-8E866417BD8C): 0
LogDevObjectVersion:   Dev-Core (375EC13C-06E4-48FB-B500-84F0262A717E): 4
LogDevObjectVersion:   Dev-Editor (E4B068ED-F494-42E9-A231-DA0B2E46BB41): 38
LogDevObjectVersion:   Dev-Framework (CFFC743F-43B0-4480-9391-14DF171D2073): 37
LogDevObjectVersion:   Dev-Mobile (B02B49B5-BB20-44E9-A304-32B752E40360): 2
LogDevObjectVersion:   Dev-Networking (A4E4105C-59A1-49B5-A7C5-40C4547EDFEE): 0
LogDevObjectVersion:   Dev-Online (39C831C9-5AE6-47DC-9A44-9C173E1C8E7C): 0
LogDevObjectVersion:   Dev-Physics (78F01B33-EBEA-4F98-B9B4-84EACCB95AA2): 4
LogDevObjectVersion:   Dev-Platform (6631380F-2D4D-43E0-8009-CF276956A95A): 0
LogDevObjectVersion:   Dev-Rendering (12F88B9F-8875-4AFC-A67C-D90C383ABD29): 43
LogDevObjectVersion:   Dev-Sequencer (7B5AE74C-D270-4C10-A958-57980B212A5A): 12
LogDevObjectVersion:   Dev-VR (D7296918-1DD6-4BDD-9DE2-64A83CC13884): 3
LogDevObjectVersion:   Dev-LoadTimes (C2A15278-BFE7-4AFE-6C17-90FF531DF755): 1
LogDevObjectVersion:   Private-Geometry (6EACA3D4-40EC-4CC1-B786-8BED09428FC5): 3
LogDevObjectVersion:   Dev-AnimPhys (29E575DD-E0A3-4627-9D10-D276232CDCEA): 17
LogDevObjectVersion:   Dev-Anim (AF43A65D-7FD3-4947-9873-3E8ED9C1BB05): 7
LogDevObjectVersion:   Dev-ReflectionCapture (6B266CEC-1EC7-4B8F-A30B-E4D90942FC07): 1
LogDevObjectVersion:   Dev-Automation (0DF73D61-A23F-47EA-B727-89E90C41499A): 1
LogDevObjectVersion:   FortniteMain (601D1886-AC64-4F84-AA16-D3DE0DEAC7D6): 31
LogDevObjectVersion:   Dev-Enterprise (9DFFBCD6-494F-0158-E221-12823C92A888): 10
LogDevObjectVersion:   Dev-Niagara (F2AED0AC-9AFE-416F-8664-AA7FFA26D6FC): 1
LogDevObjectVersion:   Dev-Destruction (174F1F0B-B4C6-45A5-B13F-2EE8D0FB917D): 10
LogDevObjectVersion:   Dev-Physics-Ext (35F94A83-E258-406C-A318-09F59610247C): 37
LogDevObjectVersion:   Dev-PhysicsMaterial-Chaos (B68FC16E-8B1B-42E2-B453-215C058844FE): 1
LogDevObjectVersion:   Dev-CineCamera (B2E18506-4273-CFC2-A54E-F4BB758BBA07): 1
LogInit: Presizing for max 25165824 objects, including 0 objects not considered by GC, pre-allocating 0 bytes for permanent pool.
LogConfig: Applying CVar settings from Section [/Script/Engine.StreamingSettings] File [C:/Users/Nandita/Desktop/Demo2020/NewUnrealDemo/RobotDemo/SimpleRobotDemo_BP/Saved/Config/Windows/Engine.ini]
LogConfig: Setting CVar [[s.MinBulkDataSizeForAsyncLoading:131072]]
LogConfig: Setting CVar [[s.AsyncLoadingThreadEnabled:0]]
LogConfig: Setting CVar [[s.EventDrivenLoaderEnabled:1]]
LogConfig: Setting CVar [[s.WarnIfTimeLimitExceeded:0]]
LogConfig: Setting CVar [[s.TimeLimitExceededMultiplier:1.5]]
LogConfig: Setting CVar [[s.TimeLimitExceededMinTime:0.005]]
LogConfig: Setting CVar [[s.UseBackgroundLevelStreaming:1]]
LogConfig: Setting CVar [[s.PriorityAsyncLoadingExtraTime:15.0]]
LogConfig: Setting CVar [[s.LevelStreamingActorsUpdateTimeLimit:5.0]]
LogConfig: Setting CVar [[s.PriorityLevelStreamingActorsUpdateExtraTime:5.0]]
LogConfig: Setting CVar [[s.LevelStreamingComponentsRegistrationGranularity:10]]
LogConfig: Setting CVar [[s.UnregisterComponentsTimeLimit:1.0]]
LogConfig: Setting CVar [[s.LevelStreamingComponentsUnregistrationGranularity:5]]
LogConfig: Setting CVar [[s.FlushStreamingOnExit:1]]
LogInit: Object subsystem initialized
LogConfig: Setting CVar [[con.DebugEarlyDefault:1]]
LogConfig: Setting CVar [[r.setres:1280x720]]
[2020.10.04-20.17.01:909][  0]LogConfig: Setting CVar [[con.DebugEarlyDefault:1]]
[2020.10.04-20.17.01:909][  0]LogConfig: Setting CVar [[r.setres:1280x720]]
[2020.10.04-20.17.01:909][  0]LogConfig: Applying CVar settings from Section [/Script/Engine.RendererSettings] File [C:/Users/Nandita/Desktop/Demo2020/NewUnrealDemo/RobotDemo/SimpleRobotDemo_BP/Saved/Config/Windows/Engine.ini]
[2020.10.04-20.17.01:909][  0]LogConfig: Setting CVar [[r.GPUCrashDebugging:0]]
[2020.10.04-20.17.01:909][  0]LogConfig: Applying CVar settings from Section [/Script/Engine.RendererOverrideSettings] File [C:/Users/Nandita/Desktop/Demo2020/NewUnrealDemo/RobotDemo/SimpleRobotDemo_BP/Saved/Config/Windows/Engine.ini]
[2020.10.04-20.17.01:909][  0]LogConfig: Applying CVar settings from Section [/Script/Engine.StreamingSettings] File [C:/Users/Nandita/Desktop/Demo2020/NewUnrealDemo/RobotDemo/SimpleRobotDemo_BP/Saved/Config/Windows/Engine.ini]
[2020.10.04-20.17.01:909][  0]LogConfig: Setting CVar [[s.MinBulkDataSizeForAsyncLoading:131072]]
[2020.10.04-20.17.01:909][  0]LogConfig: Setting CVar [[s.AsyncLoadingThreadEnabled:0]]
[2020.10.04-20.17.01:909][  0]LogConfig: Setting CVar [[s.EventDrivenLoaderEnabled:1]]
[2020.10.04-20.17.01:909][  0]LogConfig: Setting CVar [[s.WarnIfTimeLimitExceeded:0]]
[2020.10.04-20.17.01:909][  0]LogConfig: Setting CVar [[s.TimeLimitExceededMultiplier:1.5]]
[2020.10.04-20.17.01:909][  0]LogConfig: Setting CVar [[s.TimeLimitExceededMinTime:0.005]]
[2020.10.04-20.17.01:909][  0]LogConfig: Setting CVar [[s.UseBackgroundLevelStreaming:1]]
[2020.10.04-20.17.01:909][  0]LogConfig: Setting CVar [[s.PriorityAsyncLoadingExtraTime:15.0]]
[2020.10.04-20.17.01:909][  0]LogConfig: Setting CVar [[s.LevelStreamingActorsUpdateTimeLimit:5.0]]
[2020.10.04-20.17.01:909][  0]LogConfig: Setting CVar [[s.PriorityLevelStreamingActorsUpdateExtraTime:5.0]]
[2020.10.04-20.17.01:909][  0]LogConfig: Setting CVar [[s.LevelStreamingComponentsRegistrationGranularity:10]]
[2020.10.04-20.17.01:910][  0]LogConfig: Setting CVar [[s.UnregisterComponentsTimeLimit:1.0]]
[2020.10.04-20.17.01:910][  0]LogConfig: Setting CVar [[s.LevelStreamingComponentsUnregistrationGranularity:5]]
[2020.10.04-20.17.01:910][  0]LogConfig: Setting CVar [[s.FlushStreamingOnExit:1]]
[2020.10.04-20.17.01:910][  0]LogConfig: Applying CVar settings from Section [/Script/Engine.GarbageCollectionSettings] File [C:/Users/Nandita/Desktop/Demo2020/NewUnrealDemo/RobotDemo/SimpleRobotDemo_BP/Saved/Config/Windows/Engine.ini]
[2020.10.04-20.17.01:910][  0]LogConfig: Setting CVar [[gc.MaxObjectsNotConsideredByGC:1]]
[2020.10.04-20.17.01:910][  0]LogConfig: Setting CVar [[gc.SizeOfPermanentObjectPool:0]]
[2020.10.04-20.17.01:910][  0]LogConfig: Setting CVar [[gc.FlushStreamingOnGC:0]]
[2020.10.04-20.17.01:910][  0]LogConfig: Setting CVar [[gc.NumRetriesBeforeForcingGC:10]]
[2020.10.04-20.17.01:910][  0]LogConfig: Setting CVar [[gc.AllowParallelGC:1]]
[2020.10.04-20.17.01:910][  0]LogConfig: Setting CVar [[gc.TimeBetweenPurgingPendingKillObjects:61.1]]
[2020.10.04-20.17.01:910][  0]LogConfig: Setting CVar [[gc.MaxObjectsInEditor:25165824]]
[2020.10.04-20.17.01:910][  0]LogConfig: Setting CVar [[gc.IncrementalBeginDestroyEnabled:1]]
[2020.10.04-20.17.01:910][  0]LogConfig: Setting CVar [[gc.CreateGCClusters:1]]
[2020.10.04-20.17.01:910][  0]LogConfig: Setting CVar [[gc.MinGCClusterSize:5]]
[2020.10.04-20.17.01:910][  0]LogConfig: Setting CVar [[gc.ActorClusteringEnabled:0]]
[2020.10.04-20.17.01:910][  0]LogConfig: Setting CVar [[gc.BlueprintClusteringEnabled:0]]
[2020.10.04-20.17.01:910][  0]LogConfig: Setting CVar [[gc.UseDisregardForGCOnDedicatedServers:0]]
[2020.10.04-20.17.01:910][  0]LogConfig: Applying CVar settings from Section [/Script/Engine.NetworkSettings] File [C:/Users/Nandita/Desktop/Demo2020/NewUnrealDemo/RobotDemo/SimpleRobotDemo_BP/Saved/Config/Windows/Engine.ini]
[2020.10.04-20.17.01:910][  0]LogConfig: Setting CVar [[p.EnableMultiplayerWorldOriginRebasing:1]]
[2020.10.04-20.17.01:911][  0]LogConfig: Applying CVar settings from Section [/Script/UnrealEd.CookerSettings] File [C:/Users/Nandita/Desktop/Demo2020/NewUnrealDemo/RobotDemo/SimpleRobotDemo_BP/Saved/Config/Windows/Engine.ini]
[2020.10.04-20.17.01:923][  0]LogConfig: Applying CVar settings from Section [ViewDistanceQuality@3] File [C:/Users/Nandita/Desktop/Demo2020/NewUnrealDemo/RobotDemo/SimpleRobotDemo_BP/Saved/Config/Windows/Scalability.ini]
[2020.10.04-20.17.01:923][  0]LogConfig: Setting CVar [[r.SkeletalMeshLODBias:0]]
[2020.10.04-20.17.01:923][  0]LogConfig: Setting CVar [[r.ViewDistanceScale:1.0]]
[2020.10.04-20.17.01:923][  0]LogConfig: Applying CVar settings from Section [AntiAliasingQuality@3] File [C:/Users/Nandita/Desktop/Demo2020/NewUnrealDemo/RobotDemo/SimpleRobotDemo_BP/Saved/Config/Windows/Scalability.ini]
[2020.10.04-20.17.01:923][  0]LogConfig: Setting CVar [[r.PostProcessAAQuality:4]]
[2020.10.04-20.17.01:923][  0]LogConfig: Applying CVar settings from Section [ShadowQuality@3] File [C:/Users/Nandita/Desktop/Demo2020/NewUnrealDemo/RobotDemo/SimpleRobotDemo_BP/Saved/Config/Windows/Scalability.ini]
[2020.10.04-20.17.01:923][  0]LogConfig: Setting CVar [[r.LightFunctionQuality:1]]
[2020.10.04-20.17.01:923][  0]LogConfig: Setting CVar [[r.ShadowQuality:5]]
[2020.10.04-20.17.01:923][  0]LogConfig: Setting CVar [[r.Shadow.CSM.MaxCascades:10]]
[2020.10.04-20.17.01:923][  0]LogConfig: Setting CVar [[r.Shadow.MaxResolution:2048]]
[2020.10.04-20.17.01:923][  0]LogConfig: Setting CVar [[r.Shadow.MaxCSMResolution:2048]]
[2020.10.04-20.17.01:923][  0]LogConfig: Setting CVar [[r.Shadow.RadiusThreshold:0.01]]
[2020.10.04-20.17.01:923][  0]LogConfig: Setting CVar [[r.Shadow.DistanceScale:1.0]]
[2020.10.04-20.17.01:925][  0]LogConfig: Setting CVar [[r.Shadow.CSM.TransitionScale:1.0]]
[2020.10.04-20.17.01:925][  0]LogConfig: Setting CVar [[r.Shadow.PreShadowResolutionFactor:1.0]]
[2020.10.04-20.17.01:925][  0]LogConfig: Setting CVar [[r.DistanceFieldShadowing:1]]
[2020.10.04-20.17.01:925][  0]LogConfig: Setting CVar [[r.DistanceFieldAO:1]]
[2020.10.04-20.17.01:925][  0]LogConfig: Setting CVar [[r.AOQuality:2]]
[2020.10.04-20.17.01:928][  0]LogConfig: Setting CVar [[r.VolumetricFog:1]]
[2020.10.04-20.17.01:928][  0]LogConfig: Setting CVar [[r.VolumetricFog.GridPixelSize:8]]
[2020.10.04-20.17.01:929][  0]LogConfig: Setting CVar [[r.VolumetricFog.GridSizeZ:128]]
[2020.10.04-20.17.01:929][  0]LogConfig: Setting CVar [[r.VolumetricFog.HistoryMissSupersampleCount:4]]
[2020.10.04-20.17.01:929][  0]LogConfig: Setting CVar [[r.LightMaxDrawDistanceScale:1]]
[2020.10.04-20.17.01:929][  0]LogConfig: Setting CVar [[r.CapsuleShadows:1]]
[2020.10.04-20.17.01:929][  0]LogConfig: Applying CVar settings from Section [PostProcessQuality@3] File [C:/Users/Nandita/Desktop/Demo2020/NewUnrealDemo/RobotDemo/SimpleRobotDemo_BP/Saved/Config/Windows/Scalability.ini]
[2020.10.04-20.17.01:929][  0]LogConfig: Setting CVar [[r.MotionBlurQuality:4]]
[2020.10.04-20.17.01:929][  0]LogConfig: Setting CVar [[r.AmbientOcclusionMipLevelFactor:0.4]]
[2020.10.04-20.17.01:929][  0]LogConfig: Setting CVar [[r.AmbientOcclusionMaxQuality:100]]
[2020.10.04-20.17.01:929][  0]LogConfig: Setting CVar [[r.AmbientOcclusionLevels:-1]]
[2020.10.04-20.17.01:929][  0]LogConfig: Setting CVar [[r.AmbientOcclusionRadiusScale:1.0]]
[2020.10.04-20.17.01:929][  0]LogConfig: Setting CVar [[r.DepthOfFieldQuality:2]]
[2020.10.04-20.17.01:929][  0]LogConfig: Setting CVar [[r.RenderTargetPoolMin:400]]
[2020.10.04-20.17.01:929][  0]LogConfig: Setting CVar [[r.LensFlareQuality:2]]
[2020.10.04-20.17.01:929][  0]LogConfig: Setting CVar [[r.SceneColorFringeQuality:1]]
[2020.10.04-20.17.01:929][  0]LogConfig: Setting CVar [[r.EyeAdaptationQuality:2]]
[2020.10.04-20.17.01:929][  0]LogConfig: Setting CVar [[r.BloomQuality:5]]
[2020.10.04-20.17.01:929][  0]LogConfig: Setting CVar [[r.FastBlurThreshold:100]]
[2020.10.04-20.17.01:929][  0]LogConfig: Setting CVar [[r.Upscale.Quality:3]]
[2020.10.04-20.17.01:929][  0]LogConfig: Setting CVar [[r.Tonemapper.GrainQuantization:1]]
[2020.10.04-20.17.01:929][  0]LogConfig: Setting CVar [[r.LightShaftQuality:1]]
[2020.10.04-20.17.01:929][  0]LogConfig: Setting CVar [[r.Filter.SizeScale:1]]
[2020.10.04-20.17.01:930][  0]LogConfig: Setting CVar [[r.Tonemapper.Quality:5]]
[2020.10.04-20.17.01:930][  0]LogConfig: Setting CVar [[r.DOF.Gather.AccumulatorQuality:1        ; higher gathering accumulator quality]]
[2020.10.04-20.17.01:930][  0]LogConfig: Setting CVar [[r.DOF.Gather.PostfilterMethod:1          ; Median3x3 postfilering method]]
[2020.10.04-20.17.01:930][  0]LogConfig: Setting CVar [[r.DOF.Gather.EnableBokehSettings:0       ; no bokeh simulation when gathering]]
[2020.10.04-20.17.01:930][  0]LogConfig: Setting CVar [[r.DOF.Gather.RingCount:4                 ; medium number of samples when gathering]]
[2020.10.04-20.17.01:930][  0]LogConfig: Setting CVar [[r.DOF.Scatter.ForegroundCompositing:1    ; additive foreground scattering]]
[2020.10.04-20.17.01:930][  0]LogConfig: Setting CVar [[r.DOF.Scatter.BackgroundCompositing:2    ; additive background scattering]]
[2020.10.04-20.17.01:930][  0]LogConfig: Setting CVar [[r.DOF.Scatter.EnableBokehSettings:1      ; bokeh simulation when scattering]]
[2020.10.04-20.17.01:930][  0]LogConfig: Setting CVar [[r.DOF.Scatter.MaxSpriteRatio:0.1         ; only a maximum of 10% of scattered bokeh]]
[2020.10.04-20.17.01:930][  0]LogConfig: Setting CVar [[r.DOF.Recombine.Quality:1                ; cheap slight out of focus]]
[2020.10.04-20.17.01:930][  0]LogConfig: Setting CVar [[r.DOF.Recombine.EnableBokehSettings:0    ; no bokeh simulation on slight out of focus]]
[2020.10.04-20.17.01:930][  0]LogConfig: Setting CVar [[r.DOF.TemporalAAQuality:1                ; more stable temporal accumulation]]
[2020.10.04-20.17.01:930][  0]LogConfig: Setting CVar [[r.DOF.Kernel.MaxForegroundRadius:0.025]]
[2020.10.04-20.17.01:930][  0]LogConfig: Setting CVar [[r.DOF.Kernel.MaxBackgroundRadius:0.025]]
[2020.10.04-20.17.01:930][  0]LogConfig: Applying CVar settings from Section [TextureQuality@3] File [C:/Users/Nandita/Desktop/Demo2020/NewUnrealDemo/RobotDemo/SimpleRobotDemo_BP/Saved/Config/Windows/Scalability.ini]
[2020.10.04-20.17.01:930][  0]LogConfig: Setting CVar [[r.Streaming.MipBias:0]]
[2020.10.04-20.17.01:930][  0]LogConfig: Setting CVar [[r.Streaming.AmortizeCPUToGPUCopy:0]]
[2020.10.04-20.17.01:930][  0]LogConfig: Setting CVar [[r.Streaming.MaxNumTexturesToStreamPerFrame:0]]
[2020.10.04-20.17.01:930][  0]LogConfig: Setting CVar [[r.Streaming.Boost:1]]
[2020.10.04-20.17.01:930][  0]LogConfig: Setting CVar [[r.MaxAnisotropy:8]]
[2020.10.04-20.17.01:930][  0]LogConfig: Setting CVar [[r.VT.MaxAnisotropy:8]]
[2020.10.04-20.17.01:930][  0]LogConfig: Setting CVar [[r.Streaming.LimitPoolSizeToVRAM:0]]
[2020.10.04-20.17.01:930][  0]LogConfig: Setting CVar [[r.Streaming.PoolSize:1000]]
[2020.10.04-20.17.01:930][  0]LogConfig: Setting CVar [[r.Streaming.MaxEffectiveScreenSize:0]]
[2020.10.04-20.17.01:930][  0]LogConfig: Applying CVar settings from Section [EffectsQuality@3] File [C:/Users/Nandita/Desktop/Demo2020/NewUnrealDemo/RobotDemo/SimpleRobotDemo_BP/Saved/Config/Windows/Scalability.ini]
[2020.10.04-20.17.01:930][  0]LogConfig: Setting CVar [[r.TranslucencyLightingVolumeDim:64]]
[2020.10.04-20.17.01:930][  0]LogConfig: Setting CVar [[r.RefractionQuality:2]]
[2020.10.04-20.17.01:931][  0]LogConfig: Setting CVar [[r.SSR.Quality:3]]
[2020.10.04-20.17.01:931][  0]LogConfig: Setting CVar [[r.SSR.HalfResSceneColor:0]]
[2020.10.04-20.17.01:931][  0]LogConfig: Setting CVar [[r.SceneColorFormat:4]]
[2020.10.04-20.17.01:931][  0]LogConfig: Setting CVar [[r.DetailMode:2]]
[2020.10.04-20.17.01:931][  0]LogConfig: Setting CVar [[r.TranslucencyVolumeBlur:1]]
[2020.10.04-20.17.01:931][  0]LogConfig: Setting CVar [[r.MaterialQualityLevel:1 ; High quality]]
[2020.10.04-20.17.01:931][  0]LogConfig: Setting CVar [[r.SSS.Scale:1]]
[2020.10.04-20.17.01:931][  0]LogConfig: Setting CVar [[r.SSS.SampleSet:2]]
[2020.10.04-20.17.01:931][  0]LogConfig: Setting CVar [[r.SSS.Quality:1]]
[2020.10.04-20.17.01:931][  0]LogConfig: Setting CVar [[r.SSS.HalfRes:0]]
[2020.10.04-20.17.01:931][  0]LogConfig: Setting CVar [[r.SSGI.Quality:3]]
[2020.10.04-20.17.01:931][  0]LogConfig: Setting CVar [[r.EmitterSpawnRateScale:1.0]]
[2020.10.04-20.17.01:931][  0]LogConfig: Setting CVar [[r.ParticleLightQuality:2]]
[2020.10.04-20.17.01:931][  0]LogConfig: Setting CVar [[r.SkyAtmosphere.AerialPerspectiveLUT.FastApplyOnOpaque:1 ; Always have FastSkyLUT 1 in this case to avoid wrong sky]]
[2020.10.04-20.17.01:931][  0]LogConfig: Setting CVar [[r.SkyAtmosphere.AerialPerspectiveLUT.SampleCountPerSlice:1]]
[2020.10.04-20.17.01:931][  0]LogConfig: Setting CVar [[r.SkyAtmosphere.AerialPerspectiveLUT.DepthResolution:16.0]]
[2020.10.04-20.17.01:931][  0]LogConfig: Setting CVar [[r.SkyAtmosphere.FastSkyLUT:1]]
[2020.10.04-20.17.01:931][  0]LogConfig: Setting CVar [[r.SkyAtmosphere.FastSkyLUT.SampleCountMin:4.0]]
[2020.10.04-20.17.01:931][  0]LogConfig: Setting CVar [[r.SkyAtmosphere.FastSkyLUT.SampleCountMax:32.0]]
[2020.10.04-20.17.01:931][  0]LogConfig: Setting CVar [[r.SkyAtmosphere.SampleCountMin:4.0]]
[2020.10.04-20.17.01:931][  0]LogConfig: Setting CVar [[r.SkyAtmosphere.SampleCountMax:32.0]]
[2020.10.04-20.17.01:931][  0]LogConfig: Setting CVar [[r.SkyAtmosphere.TransmittanceLUT.UseSmallFormat:0]]
[2020.10.04-20.17.01:931][  0]LogConfig: Setting CVar [[r.SkyAtmosphere.TransmittanceLUT.SampleCount:10.0]]
[2020.10.04-20.17.01:931][  0]LogConfig: Setting CVar [[r.SkyAtmosphere.MultiScatteringLUT.SampleCount:15.0]]
[2020.10.04-20.17.01:931][  0]LogConfig: Applying CVar settings from Section [FoliageQuality@3] File [C:/Users/Nandita/Desktop/Demo2020/NewUnrealDemo/RobotDemo/SimpleRobotDemo_BP/Saved/Config/Windows/Scalability.ini]
[2020.10.04-20.17.01:931][  0]LogConfig: Setting CVar [[foliage.DensityScale:1.0]]
[2020.10.04-20.17.01:932][  0]LogConfig: Setting CVar [[grass.DensityScale:1.0]]
[2020.10.04-20.17.01:932][  0]LogConfig: Applying CVar settings from Section [ShadingQuality@3] File [C:/Users/Nandita/Desktop/Demo2020/NewUnrealDemo/RobotDemo/SimpleRobotDemo_BP/Saved/Config/Windows/Scalability.ini]
[2020.10.04-20.17.01:932][  0]LogConfig: Setting CVar [[r.HairStrands.SkyLighting.SampleCount:16]]
[2020.10.04-20.17.01:932][  0]LogConfig: Setting CVar [[r.HairStrands.SkyLighting.JitterIntegration:0]]
[2020.10.04-20.17.01:932][  0]LogConfig: Setting CVar [[r.HairStrands.SkyAO.SampleCount:16]]
[2020.10.04-20.17.01:932][  0]LogConfig: Setting CVar [[r.HairStrands.DeepShadow.SuperSampling:0]]
[2020.10.04-20.17.01:932][  0]LogConfig: Setting CVar [[r.HairStrands.VisibilityPPLL:0]]
[2020.10.04-20.17.01:932][  0]LogConfig: Setting CVar [[r.HairStrands.RasterizationScale:0.5]]
[2020.10.04-20.17.01:932][  0]LogConfig: Setting CVar [[r.HairStrands.VelocityRasterizationScale:1]]
[2020.10.04-20.17.01:932][  0]LogInit: Selected Device Profile: [Windows]
[2020.10.04-20.17.01:933][  0]LogInit: Applying CVar settings loaded from the selected device profile: [Windows]
[2020.10.04-20.17.01:933][  0]LogHAL: Display: Platform has ~ 12 GB [12811657216 / 17179869184 / 12], which maps to Larger [LargestMinGB=32, LargerMinGB=12, DefaultMinGB=8, SmallerMinGB=6, SmallestMinGB=0)
[2020.10.04-20.17.01:933][  0]LogInit: Going up to parent DeviceProfile []
[2020.10.04-20.17.01:933][  0]LogConfig: Applying CVar settings from Section [ViewDistanceQuality@3] File [C:/Users/Nandita/Desktop/Demo2020/NewUnrealDemo/RobotDemo/SimpleRobotDemo_BP/Saved/Config/Windows/Scalability.ini]
[2020.10.04-20.17.01:933][  0]LogConfig: Setting CVar [[r.SkeletalMeshLODBias:0]]
[2020.10.04-20.17.01:933][  0]LogConfig: Setting CVar [[r.ViewDistanceScale:1.0]]
[2020.10.04-20.17.01:933][  0]LogConfig: Applying CVar settings from Section [AntiAliasingQuality@3] File [C:/Users/Nandita/Desktop/Demo2020/NewUnrealDemo/RobotDemo/SimpleRobotDemo_BP/Saved/Config/Windows/Scalability.ini]
[2020.10.04-20.17.01:933][  0]LogConfig: Setting CVar [[r.PostProcessAAQuality:4]]
[2020.10.04-20.17.01:933][  0]LogConfig: Applying CVar settings from Section [ShadowQuality@3] File [C:/Users/Nandita/Desktop/Demo2020/NewUnrealDemo/RobotDemo/SimpleRobotDemo_BP/Saved/Config/Windows/Scalability.ini]
[2020.10.04-20.17.01:933][  0]LogConfig: Setting CVar [[r.LightFunctionQuality:1]]
[2020.10.04-20.17.01:933][  0]LogConfig: Setting CVar [[r.ShadowQuality:5]]
[2020.10.04-20.17.01:933][  0]LogConfig: Setting CVar [[r.Shadow.CSM.MaxCascades:10]]
[2020.10.04-20.17.01:933][  0]LogConfig: Setting CVar [[r.Shadow.MaxResolution:2048]]
[2020.10.04-20.17.01:933][  0]LogConfig: Setting CVar [[r.Shadow.MaxCSMResolution:2048]]
[2020.10.04-20.17.01:933][  0]LogConfig: Setting CVar [[r.Shadow.RadiusThreshold:0.01]]
[2020.10.04-20.17.01:934][  0]LogConfig: Setting CVar [[r.Shadow.DistanceScale:1.0]]
[2020.10.04-20.17.01:934][  0]LogConfig: Setting CVar [[r.Shadow.CSM.TransitionScale:1.0]]
[2020.10.04-20.17.01:934][  0]LogConfig: Setting CVar [[r.Shadow.PreShadowResolutionFactor:1.0]]
[2020.10.04-20.17.01:934][  0]LogConfig: Setting CVar [[r.DistanceFieldShadowing:1]]
[2020.10.04-20.17.01:934][  0]LogConfig: Setting CVar [[r.DistanceFieldAO:1]]
[2020.10.04-20.17.01:934][  0]LogConfig: Setting CVar [[r.AOQuality:2]]
[2020.10.04-20.17.01:934][  0]LogConfig: Setting CVar [[r.VolumetricFog:1]]
[2020.10.04-20.17.01:934][  0]LogConfig: Setting CVar [[r.VolumetricFog.GridPixelSize:8]]
[2020.10.04-20.17.01:934][  0]LogConfig: Setting CVar [[r.VolumetricFog.GridSizeZ:128]]
[2020.10.04-20.17.01:934][  0]LogConfig: Setting CVar [[r.VolumetricFog.HistoryMissSupersampleCount:4]]
[2020.10.04-20.17.01:934][  0]LogConfig: Setting CVar [[r.LightMaxDrawDistanceScale:1]]
[2020.10.04-20.17.01:934][  0]LogConfig: Setting CVar [[r.CapsuleShadows:1]]
[2020.10.04-20.17.01:934][  0]LogConfig: Applying CVar settings from Section [PostProcessQuality@3] File [C:/Users/Nandita/Desktop/Demo2020/NewUnrealDemo/RobotDemo/SimpleRobotDemo_BP/Saved/Config/Windows/Scalability.ini]
[2020.10.04-20.17.01:934][  0]LogConfig: Setting CVar [[r.MotionBlurQuality:4]]
[2020.10.04-20.17.01:934][  0]LogConfig: Setting CVar [[r.AmbientOcclusionMipLevelFactor:0.4]]
[2020.10.04-20.17.01:934][  0]LogConfig: Setting CVar [[r.AmbientOcclusionMaxQuality:100]]
[2020.10.04-20.17.01:934][  0]LogConfig: Setting CVar [[r.AmbientOcclusionLevels:-1]]
[2020.10.04-20.17.01:934][  0]LogConfig: Setting CVar [[r.AmbientOcclusionRadiusScale:1.0]]
[2020.10.04-20.17.01:934][  0]LogConfig: Setting CVar [[r.DepthOfFieldQuality:2]]
[2020.10.04-20.17.01:934][  0]LogConfig: Setting CVar [[r.RenderTargetPoolMin:400]]
[2020.10.04-20.17.01:934][  0]LogConfig: Setting CVar [[r.LensFlareQuality:2]]
[2020.10.04-20.17.01:934][  0]LogConfig: Setting CVar [[r.SceneColorFringeQuality:1]]
[2020.10.04-20.17.01:934][  0]LogConfig: Setting CVar [[r.EyeAdaptationQuality:2]]
[2020.10.04-20.17.01:934][  0]LogConfig: Setting CVar [[r.BloomQuality:5]]
[2020.10.04-20.17.01:934][  0]LogConfig: Setting CVar [[r.FastBlurThreshold:100]]
[2020.10.04-20.17.01:934][  0]LogConfig: Setting CVar [[r.Upscale.Quality:3]]
[2020.10.04-20.17.01:934][  0]LogConfig: Setting CVar [[r.Tonemapper.GrainQuantization:1]]
[2020.10.04-20.17.01:934][  0]LogConfig: Setting CVar [[r.LightShaftQuality:1]]
[2020.10.04-20.17.01:934][  0]LogConfig: Setting CVar [[r.Filter.SizeScale:1]]
[2020.10.04-20.17.01:934][  0]LogConfig: Setting CVar [[r.Tonemapper.Quality:5]]
[2020.10.04-20.17.01:935][  0]LogConfig: Setting CVar [[r.DOF.Gather.AccumulatorQuality:1        ; higher gathering accumulator quality]]
[2020.10.04-20.17.01:935][  0]LogConfig: Setting CVar [[r.DOF.Gather.PostfilterMethod:1          ; Median3x3 postfilering method]]
[2020.10.04-20.17.01:935][  0]LogConfig: Setting CVar [[r.DOF.Gather.EnableBokehSettings:0       ; no bokeh simulation when gathering]]
[2020.10.04-20.17.01:935][  0]LogConfig: Setting CVar [[r.DOF.Gather.RingCount:4                 ; medium number of samples when gathering]]
[2020.10.04-20.17.01:935][  0]LogConfig: Setting CVar [[r.DOF.Scatter.ForegroundCompositing:1    ; additive foreground scattering]]
[2020.10.04-20.17.01:935][  0]LogConfig: Setting CVar [[r.DOF.Scatter.BackgroundCompositing:2    ; additive background scattering]]
[2020.10.04-20.17.01:935][  0]LogConfig: Setting CVar [[r.DOF.Scatter.EnableBokehSettings:1      ; bokeh simulation when scattering]]
[2020.10.04-20.17.01:935][  0]LogConfig: Setting CVar [[r.DOF.Scatter.MaxSpriteRatio:0.1         ; only a maximum of 10% of scattered bokeh]]
[2020.10.04-20.17.01:935][  0]LogConfig: Setting CVar [[r.DOF.Recombine.Quality:1                ; cheap slight out of focus]]
[2020.10.04-20.17.01:935][  0]LogConfig: Setting CVar [[r.DOF.Recombine.EnableBokehSettings:0    ; no bokeh simulation on slight out of focus]]
[2020.10.04-20.17.01:935][  0]LogConfig: Setting CVar [[r.DOF.TemporalAAQuality:1                ; more stable temporal accumulation]]
[2020.10.04-20.17.01:935][  0]LogConfig: Setting CVar [[r.DOF.Kernel.MaxForegroundRadius:0.025]]
[2020.10.04-20.17.01:935][  0]LogConfig: Setting CVar [[r.DOF.Kernel.MaxBackgroundRadius:0.025]]
[2020.10.04-20.17.01:935][  0]LogConfig: Applying CVar settings from Section [TextureQuality@3] File [C:/Users/Nandita/Desktop/Demo2020/NewUnrealDemo/RobotDemo/SimpleRobotDemo_BP/Saved/Config/Windows/Scalability.ini]
[2020.10.04-20.17.01:935][  0]LogConfig: Setting CVar [[r.Streaming.MipBias:0]]
[2020.10.04-20.17.01:935][  0]LogConfig: Setting CVar [[r.Streaming.AmortizeCPUToGPUCopy:0]]
[2020.10.04-20.17.01:935][  0]LogConfig: Setting CVar [[r.Streaming.MaxNumTexturesToStreamPerFrame:0]]
[2020.10.04-20.17.01:935][  0]LogConfig: Setting CVar [[r.Streaming.Boost:1]]
[2020.10.04-20.17.01:935][  0]LogConfig: Setting CVar [[r.MaxAnisotropy:8]]
[2020.10.04-20.17.01:935][  0]LogConfig: Setting CVar [[r.VT.MaxAnisotropy:8]]
[2020.10.04-20.17.01:935][  0]LogConfig: Setting CVar [[r.Streaming.LimitPoolSizeToVRAM:0]]
[2020.10.04-20.17.01:935][  0]LogConfig: Setting CVar [[r.Streaming.PoolSize:1000]]
[2020.10.04-20.17.01:935][  0]LogConfig: Setting CVar [[r.Streaming.MaxEffectiveScreenSize:0]]
[2020.10.04-20.17.01:935][  0]LogConfig: Applying CVar settings from Section [EffectsQuality@3] File [C:/Users/Nandita/Desktop/Demo2020/NewUnrealDemo/RobotDemo/SimpleRobotDemo_BP/Saved/Config/Windows/Scalability.ini]
[2020.10.04-20.17.01:935][  0]LogConfig: Setting CVar [[r.TranslucencyLightingVolumeDim:64]]
[2020.10.04-20.17.01:935][  0]LogConfig: Setting CVar [[r.RefractionQuality:2]]
[2020.10.04-20.17.01:935][  0]LogConfig: Setting CVar [[r.SSR.Quality:3]]
[2020.10.04-20.17.01:935][  0]LogConfig: Setting CVar [[r.SSR.HalfResSceneColor:0]]
[2020.10.04-20.17.01:935][  0]LogConfig: Setting CVar [[r.SceneColorFormat:4]]
[2020.10.04-20.17.01:935][  0]LogConfig: Setting CVar [[r.DetailMode:2]]
[2020.10.04-20.17.01:935][  0]LogConfig: Setting CVar [[r.TranslucencyVolumeBlur:1]]
[2020.10.04-20.17.01:936][  0]LogConfig: Setting CVar [[r.MaterialQualityLevel:1 ; High quality]]
[2020.10.04-20.17.01:936][  0]LogConfig: Setting CVar [[r.SSS.Scale:1]]
[2020.10.04-20.17.01:936][  0]LogConfig: Setting CVar [[r.SSS.SampleSet:2]]
[2020.10.04-20.17.01:936][  0]LogConfig: Setting CVar [[r.SSS.Quality:1]]
[2020.10.04-20.17.01:936][  0]LogConfig: Setting CVar [[r.SSS.HalfRes:0]]
[2020.10.04-20.17.01:936][  0]LogConfig: Setting CVar [[r.SSGI.Quality:3]]
[2020.10.04-20.17.01:936][  0]LogConfig: Setting CVar [[r.EmitterSpawnRateScale:1.0]]
[2020.10.04-20.17.01:936][  0]LogConfig: Setting CVar [[r.ParticleLightQuality:2]]
[2020.10.04-20.17.01:936][  0]LogConfig: Setting CVar [[r.SkyAtmosphere.AerialPerspectiveLUT.FastApplyOnOpaque:1 ; Always have FastSkyLUT 1 in this case to avoid wrong sky]]
[2020.10.04-20.17.01:936][  0]LogConfig: Setting CVar [[r.SkyAtmosphere.AerialPerspectiveLUT.SampleCountPerSlice:1]]
[2020.10.04-20.17.01:936][  0]LogConfig: Setting CVar [[r.SkyAtmosphere.AerialPerspectiveLUT.DepthResolution:16.0]]
[2020.10.04-20.17.01:936][  0]LogConfig: Setting CVar [[r.SkyAtmosphere.FastSkyLUT:1]]
[2020.10.04-20.17.01:936][  0]LogConfig: Setting CVar [[r.SkyAtmosphere.FastSkyLUT.SampleCountMin:4.0]]
[2020.10.04-20.17.01:936][  0]LogConfig: Setting CVar [[r.SkyAtmosphere.FastSkyLUT.SampleCountMax:32.0]]
[2020.10.04-20.17.01:936][  0]LogConfig: Setting CVar [[r.SkyAtmosphere.SampleCountMin:4.0]]
[2020.10.04-20.17.01:936][  0]LogConfig: Setting CVar [[r.SkyAtmosphere.SampleCountMax:32.0]]
[2020.10.04-20.17.01:936][  0]LogConfig: Setting CVar [[r.SkyAtmosphere.TransmittanceLUT.UseSmallFormat:0]]
[2020.10.04-20.17.01:936][  0]LogConfig: Setting CVar [[r.SkyAtmosphere.TransmittanceLUT.SampleCount:10.0]]
[2020.10.04-20.17.01:936][  0]LogConfig: Setting CVar [[r.SkyAtmosphere.MultiScatteringLUT.SampleCount:15.0]]
[2020.10.04-20.17.01:936][  0]LogConfig: Applying CVar settings from Section [FoliageQuality@3] File [C:/Users/Nandita/Desktop/Demo2020/NewUnrealDemo/RobotDemo/SimpleRobotDemo_BP/Saved/Config/Windows/Scalability.ini]
[2020.10.04-20.17.01:936][  0]LogConfig: Setting CVar [[foliage.DensityScale:1.0]]
[2020.10.04-20.17.01:936][  0]LogConfig: Setting CVar [[grass.DensityScale:1.0]]
[2020.10.04-20.17.01:936][  0]LogConfig: Applying CVar settings from Section [ShadingQuality@3] File [C:/Users/Nandita/Desktop/Demo2020/NewUnrealDemo/RobotDemo/SimpleRobotDemo_BP/Saved/Config/Windows/Scalability.ini]
[2020.10.04-20.17.01:936][  0]LogConfig: Setting CVar [[r.HairStrands.SkyLighting.SampleCount:16]]
[2020.10.04-20.17.01:936][  0]LogConfig: Setting CVar [[r.HairStrands.SkyLighting.JitterIntegration:0]]
[2020.10.04-20.17.01:936][  0]LogConfig: Setting CVar [[r.HairStrands.SkyAO.SampleCount:16]]
[2020.10.04-20.17.01:936][  0]LogConfig: Setting CVar [[r.HairStrands.DeepShadow.SuperSampling:0]]
[2020.10.04-20.17.01:937][  0]LogConfig: Setting CVar [[r.HairStrands.VisibilityPPLL:0]]
[2020.10.04-20.17.01:937][  0]LogConfig: Setting CVar [[r.HairStrands.RasterizationScale:0.5]]
[2020.10.04-20.17.01:938][  0]LogConfig: Setting CVar [[r.HairStrands.VelocityRasterizationScale:1]]
[2020.10.04-20.17.01:938][  0]LogConfig: Applying CVar settings from Section [Startup] File [../../../Engine/Config/ConsoleVariables.ini]
[2020.10.04-20.17.01:940][  0]LogConfig: Setting CVar [[net.UseAdaptiveNetUpdateFrequency:0]]
[2020.10.04-20.17.01:940][  0]LogConfig: Setting CVar [[p.chaos.AllowCreatePhysxBodies:1]]
[2020.10.04-20.17.01:940][  0]LogConfig: Setting CVar [[fx.SkipVectorVMBackendOptimizations:1]]
[2020.10.04-20.17.01:940][  0]LogConfig: Applying CVar settings from Section [ConsoleVariables] File [C:/Users/Nandita/Desktop/Demo2020/NewUnrealDemo/RobotDemo/SimpleRobotDemo_BP/Saved/Config/Windows/Engine.ini]
[2020.10.04-20.17.01:941][  0]LogInit: Computer: DESKTOP-R9OUND7
[2020.10.04-20.17.01:941][  0]LogInit: User: Nandita
[2020.10.04-20.17.01:941][  0]LogInit: CPU Page size=4096, Cores=2
[2020.10.04-20.17.01:941][  0]LogInit: High frequency timer resolution =10.000000 MHz
[2020.10.04-20.17.01:941][  0]LogMemory: Memory total: Physical=11.9GB (12GB approx)
[2020.10.04-20.17.01:941][  0]LogMemory: Platform Memory Stats for Windows
[2020.10.04-20.17.01:941][  0]LogMemory: Process Physical Memory: 113.73 MB used, 113.74 MB peak
[2020.10.04-20.17.01:941][  0]LogMemory: Process Virtual Memory: 111.23 MB used, 111.23 MB peak
[2020.10.04-20.17.01:941][  0]LogMemory: Physical Memory: 6099.48 MB used,  6118.67 MB free, 12218.15 MB total
[2020.10.04-20.17.01:941][  0]LogMemory: Virtual Memory: 5139.04 MB used,  134212592.00 MB free, 134217728.00 MB total
[2020.10.04-20.17.01:957][  0]LogWindows: WindowsPlatformFeatures enabled
[2020.10.04-20.17.02:064][  0]LogInit: Physics initialised using underlying interface: PhysX
[2020.10.04-20.17.02:064][  0]LogInit: Using OS detected language (en-US).
[2020.10.04-20.17.02:064][  0]LogInit: Using OS detected locale (en-IN).
[2020.10.04-20.17.02:086][  0]LogTextLocalizationManager: No specific localization for 'en-US' exists, so the 'en' localization will be used.
[2020.10.04-20.17.02:978][  0]LogSlate: New Slate User Created.  User Index 0, Is Virtual User: 0
[2020.10.04-20.17.02:978][  0]LogSlate: Slate User Registered.  User Index 0, Is Virtual User: 0
[2020.10.04-20.17.03:095][  0]LogHMD: Failed to initialize OpenVR with code 110
[2020.10.04-20.17.03:095][  0]LogD3D11RHI: D3D11 min allowed feature level: 11_0
[2020.10.04-20.17.03:095][  0]LogD3D11RHI: D3D11 max allowed feature level: 11_0
[2020.10.04-20.17.03:095][  0]LogD3D11RHI: D3D11 adapters:
[2020.10.04-20.17.03:385][  0]LogD3D11RHI:    0. 'NVIDIA GeForce GT 740M' (Feature Level 11_0)
[2020.10.04-20.17.03:385][  0]LogD3D11RHI:       2009/0/6109 MB DedicatedVideo/DedicatedSystem/SharedSystem, Outputs:1, VendorId:0x10de
[2020.10.04-20.17.03:400][  0]LogD3D11RHI:    1. 'Intel(R) HD Graphics Family' (Feature Level 11_0)
[2020.10.04-20.17.03:400][  0]LogD3D11RHI:       112/0/2048 MB DedicatedVideo/DedicatedSystem/SharedSystem, Outputs:0, VendorId:0x8086
[2020.10.04-20.17.03:406][  0]LogD3D11RHI:    2. 'Microsoft Basic Render Driver' (Feature Level 11_0)
[2020.10.04-20.17.03:406][  0]LogD3D11RHI:       0/0/6109 MB DedicatedVideo/DedicatedSystem/SharedSystem, Outputs:0, VendorId:0x1414
[2020.10.04-20.17.03:406][  0]LogD3D11RHI: Chosen D3D11 Adapter: 0
[2020.10.04-20.17.03:489][  0]LogD3D11RHI: Creating new Direct3DDevice
[2020.10.04-20.17.03:489][  0]LogD3D11RHI:     GPU DeviceId: 0x1292 (for the marketing name, search the web for "GPU Device Id")
[2020.10.04-20.17.03:489][  0]LogWindows: EnumDisplayDevices:
[2020.10.04-20.17.03:489][  0]LogWindows:    0. 'Intel(R) HD Graphics Family' (P:1 D:1)
[2020.10.04-20.17.03:490][  0]LogWindows:    1. 'Intel(R) HD Graphics Family' (P:0 D:0)
[2020.10.04-20.17.03:491][  0]LogWindows:    2. 'Intel(R) HD Graphics Family' (P:0 D:0)
[2020.10.04-20.17.03:495][  0]LogWindows: DebugString: PrimaryIsNotTheChoosenAdapter PrimaryIsNotTheChoosenAdapter PrimaryIsNotTheChoosenAdapter FoundDriverCount:0 
[2020.10.04-20.17.03:495][  0]LogD3D11RHI:     Adapter Name: NVIDIA GeForce GT 740M
[2020.10.04-20.17.03:495][  0]LogD3D11RHI:   Driver Version: Unknown (internal:Unknown, unified:Unknown)
[2020.10.04-20.17.03:496][  0]LogD3D11RHI:      Driver Date: Unknown
[2020.10.04-20.17.03:496][  0]LogRHI: Texture pool is 1406 MB (70% of 2009 MB)
[2020.10.04-20.17.03:619][  0]LogD3D11RHI: RHI does not have support for 64 bit atomics
[2020.10.04-20.17.03:619][  0]LogD3D11RHI: Async texture creation enabled
[2020.10.04-20.17.03:671][  0]LogD3D11RHI: GPU Timing Frequency: 1000.000000 (Debug: 2 3)
[2020.10.04-20.17.05:746][  0]LogTargetPlatformManager: Display: Loaded TargetPlatform 'WindowsNoEditor'
[2020.10.04-20.17.05:759][  0]LogTargetPlatformManager: Display: Loaded TargetPlatform 'Windows'
[2020.10.04-20.17.05:795][  0]LogTargetPlatformManager: Display: Loaded TargetPlatform 'WindowsClient'
[2020.10.04-20.17.05:823][  0]LogTargetPlatformManager: Display: Loaded TargetPlatform 'WindowsServer'
[2020.10.04-20.17.05:823][  0]LogTargetPlatformManager: Display: Building Assets For Windows
[2020.10.04-20.17.05:847][  0]LogAudioDebug: Display: Lib vorbis DLL was dynamically loaded.
[2020.10.04-20.17.06:005][  0]LogShaderCompilers: Guid format shader working directory is -43 characters bigger than the processId version (../../../../../../Users/Nandita/Desktop/Demo2020/NewUnrealDemo/RobotDemo/SimpleRobotDemo_BP/Intermediate/Shaders/WorkingDirectory/5680/).
[2020.10.04-20.17.06:005][  0]LogShaderCompilers: Cleaned the shader compiler working directory 'C:/Users/Nandita/AppData/Local/Temp/UnrealShaderWorkingDir/596234E34D6E6FAC18FD0096C8D94E9F/'.
[2020.10.04-20.17.06:007][  0]LogXGEController: Cannot use XGE Controller as Incredibuild is not installed on this machine.
[2020.10.04-20.17.06:007][  0]LogShaderCompilers: Cannot use XGE Shader Compiler as Incredibuild is not installed on this machine.
[2020.10.04-20.17.06:007][  0]LogShaderCompilers: Display: Using Local Shader Compiler.
[2020.10.04-20.17.09:039][  0]LogDerivedDataCache: Display: Max Cache Size: 512 MB
[2020.10.04-20.17.09:181][  0]LogDerivedDataCache: Loaded boot cache 0.14s 76MB C:/Users/Nandita/AppData/Local/UnrealEngine/4.25/DerivedDataCache/Boot.ddc.
[2020.10.04-20.17.09:181][  0]LogDerivedDataCache: Display: Loaded Boot cache: C:/Users/Nandita/AppData/Local/UnrealEngine/4.25/DerivedDataCache/Boot.ddc
[2020.10.04-20.17.09:181][  0]LogDerivedDataCache: FDerivedDataBackendGraph:  Pak pak cache file ../../../../../../Users/Nandita/Desktop/Demo2020/NewUnrealDemo/RobotDemo/SimpleRobotDemo_BP/DerivedDataCache/DDC.ddp not found, will not use a pak cache.
[2020.10.04-20.17.09:181][  0]LogDerivedDataCache: Unable to find inner node Pak for hierarchical cache Hierarchy.
[2020.10.04-20.17.09:181][  0]LogDerivedDataCache: FDerivedDataBackendGraph:  CompressedPak pak cache file ../../../../../../Users/Nandita/Desktop/Demo2020/NewUnrealDemo/RobotDemo/SimpleRobotDemo_BP/DerivedDataCache/Compressed.ddp not found, will not use a pak cache.
[2020.10.04-20.17.09:181][  0]LogDerivedDataCache: Unable to find inner node CompressedPak for hierarchical cache Hierarchy.
[2020.10.04-20.17.09:210][  0]LogDerivedDataCache: Display: Pak cache opened for reading ../../../Engine/DerivedDataCache/Compressed.ddp.
[2020.10.04-20.17.09:210][  0]LogDerivedDataCache: FDerivedDataBackendGraph:  EnterprisePak pak cache file ../../../Enterprise/DerivedDataCache/Compressed.ddp not found, will not use a pak cache.
[2020.10.04-20.17.09:210][  0]LogDerivedDataCache: Unable to find inner node EnterprisePak for hierarchical cache Hierarchy.
[2020.10.04-20.17.09:215][  0]LogDerivedDataCache: Using Local data cache path C:/Users/Nandita/AppData/Local/UnrealEngine/Common/DerivedDataCache: Writable
[2020.10.04-20.17.09:215][  0]LogDerivedDataCache: Shared data cache path not found in *engine.ini, will not use an Shared cache.
[2020.10.04-20.17.09:215][  0]LogDerivedDataCache: Unable to find inner node Shared for hierarchical cache Hierarchy.
[2020.10.04-20.17.09:360][  0]LogSlate: Using FreeType 2.10.0
[2020.10.04-20.17.09:361][  0]LogSlate: SlateFontServices - WITH_FREETYPE: 1, WITH_HARFBUZZ: 1
[2020.10.04-20.17.09:707][  0]LogInit: Using OS detected language (en-US).
[2020.10.04-20.17.09:707][  0]LogInit: Using OS detected locale (en-IN).
[2020.10.04-20.17.09:707][  0]LogTextLocalizationManager: No localization for 'en-US' exists, so 'en' will be used for the language.
[2020.10.04-20.17.09:707][  0]LogTextLocalizationManager: No localization for 'en-IN' exists, so 'en' will be used for the locale.
[2020.10.04-20.17.09:707][  0]LogSlate: FontCache flush requested. Reason: Culture for localization was changed
[2020.10.04-20.17.09:707][  0]LogSlate: FontCache flush requested. Reason: Culture for localization was changed
[2020.10.04-20.17.09:710][  0]LogTextLocalizationManager: Compacting localization data took   0.00ms
[2020.10.04-20.17.09:718][  0]LogAssetRegistry: FAssetRegistry took 0.0050 seconds to start up
[2020.10.04-20.17.10:370][  0]LogPackageLocalizationCache: Processed 19 localized package path(s) for 1 prioritized culture(s) in 0.002615 seconds
[2020.10.04-20.17.10:585][  0]LogInit: Selected Device Profile: [Windows]
[2020.10.04-20.17.10:995][  0]LogMeshReduction: Using QuadricMeshReduction for automatic static mesh reduction
[2020.10.04-20.17.10:995][  0]LogMeshReduction: Using SimplygonMeshReduction for automatic skeletal mesh reduction
[2020.10.04-20.17.10:995][  0]LogMeshReduction: Using ProxyLODMeshReduction for automatic mesh merging
[2020.10.04-20.17.10:995][  0]LogMeshReduction: No distributed automatic mesh merging module available
[2020.10.04-20.17.10:995][  0]LogMeshMerging: No distributed automatic mesh merging module available
[2020.10.04-20.17.11:037][  0]LogNetVersion: SimpleRobotDemo_BP 1.0.0, NetCL: 13144385, EngineNetVer: 14, GameNetVer: 0 (Checksum: 3713622887)
[2020.10.04-20.17.11:999][  0]LogAISub: UAISubsystem::UAISubsystem AISubsystem (000002045682F5C0), frame # 0
[2020.10.04-20.17.11:999][  0]LogAISub: UAISubsystem::UAISubsystem AIPerceptionSystem (00000204568316C0), frame # 0
[2020.10.04-20.17.12:002][  0]LogAISub: UAISubsystem::UAISubsystem EnvQueryManager (000002045385DE00), frame # 0
[2020.10.04-20.17.12:328][  0]LogCollectionManager: Loaded 0 collections in 0.005509 seconds
[2020.10.04-20.17.12:332][  0]LogCollectionManager: Fixed up redirectors for 0 collections in 0.000006 seconds (updated 0 objects)
[2020.10.04-20.17.12:489][  0]LogFileCache: Scanning file cache for directory 'C:/Users/Nandita/Desktop/Demo2020/NewUnrealDemo/RobotDemo/SimpleRobotDemo_BP/Saved/Collections/' took 0.00s
[2020.10.04-20.17.12:489][  0]LogFileCache: Scanning file cache for directory 'C:/Users/Nandita/Desktop/Demo2020/NewUnrealDemo/RobotDemo/SimpleRobotDemo_BP/Content/Developers/Nandita/Collections/' took 0.00s
[2020.10.04-20.17.12:489][  0]LogFileCache: Scanning file cache for directory 'C:/Users/Nandita/Desktop/Demo2020/NewUnrealDemo/RobotDemo/SimpleRobotDemo_BP/Content/Collections/' took 0.00s
[2020.10.04-20.17.12:489][  0]LogMoviePlayer: Initializing movie player
[2020.10.04-20.17.12:913][  0]LogTcpMessaging: Initializing TcpMessaging bridge
[2020.10.04-20.17.12:922][  0]LogUdpMessaging: Initializing bridge on interface 0.0.0.0:0 to multicast group 230.0.0.1:6666.
[2020.10.04-20.17.13:009][  0]LogSteamShared: Display: Loading Steam SDK 1.47
[2020.10.04-20.17.13:010][  0]LogSteamShared: Steam SDK Loaded!
[2020.10.04-20.17.13:047][  0]SourceControl: Source control is disabled
[2020.10.04-20.17.13:047][  0]SourceControl: Source control is disabled
[2020.10.04-20.17.13:064][  0]SourceControl: Source control is disabled
[2020.10.04-20.17.13:454][  0]LogAndroidPermission: UAndroidPermissionCallbackProxy::GetInstance
[2020.10.04-20.17.13:506][  0]LogAudioCaptureCore: Display: No Audio Capture implementations found. Audio input will be silent.
[2020.10.04-20.17.13:506][  0]LogAudioCaptureCore: Display: No Audio Capture implementations found. Audio input will be silent.
[2020.10.04-20.17.13:654][  0]LogOcInput: OculusInput pre-init called
[2020.10.04-20.17.13:671][  0]LogSockets: SteamSockets: Disabled due to no Steam OSS running.
[2020.10.04-20.17.13:713][  0]LogUObjectArray: 19078 objects as part of root set at end of initial load.
[2020.10.04-20.17.13:713][  0]LogUObjectAllocator: 5037456 out of 0 bytes used by permanent object pool.
[2020.10.04-20.17.13:713][  0]LogUObjectArray: CloseDisregardForGC: 0/0 objects in disregard for GC pool
[2020.10.04-20.17.13:857][  0]LogEngine: Initializing Engine...
[2020.10.04-20.17.13:860][  0]LogHMD: Failed to initialize OpenVR with code 110
[2020.10.04-20.17.13:860][  0]LogMagicLeap: Warning: VR disabled because ZI is not enabled.  To enable, in the editor, Edit -> Project Settings -> Plugins -> Magic Leap Plugin -> Enable Zero Iteration
[2020.10.04-20.17.13:870][  0]LogGameplayTags: NetworkGameplayTagNodeIndexHash is e125c222
[2020.10.04-20.17.13:871][  0]LogStats: UGameplayTagsManager::InitializeManager -  0.001 s
[2020.10.04-20.17.14:191][  0]LogInit: Initializing FReadOnlyCVARCache
[2020.10.04-20.17.14:202][  0]LogAudioMixer: Display: Audio Mixer Platform Settings:
[2020.10.04-20.17.14:203][  0]LogAudioMixer: Display: 	Sample Rate:						  48000
[2020.10.04-20.17.14:203][  0]LogAudioMixer: Display: 	Callback Buffer Frame Size Requested: 1024
[2020.10.04-20.17.14:203][  0]LogAudioMixer: Display: 	Callback Buffer Frame Size To Use:	  1024
[2020.10.04-20.17.14:203][  0]LogAudioMixer: Display: 	Number of buffers to queue:			  2
[2020.10.04-20.17.14:203][  0]LogAudioMixer: Display: 	Max Channels (voices):				  32
[2020.10.04-20.17.14:203][  0]LogAudioMixer: Display: 	Number of Async Source Workers:		  0
[2020.10.04-20.17.14:203][  0]LogAudio: Display: AudioDevice MaxSources: 32
[2020.10.04-20.17.14:204][  0]LogAudio: Display: Using built-in audio occlusion.
[2020.10.04-20.17.14:204][  0]LogAudioMixer: Display: Initializing audio mixer.
[2020.10.04-20.17.14:241][  0]LogAudioMixer: Display: 0: FrontLeft
[2020.10.04-20.17.14:241][  0]LogAudioMixer: Display: 1: FrontRight
[2020.10.04-20.17.14:383][  0]LogAudioMixer: Display: Using Audio Device Speaker/HP (Realtek High Definition Audio)
[2020.10.04-20.17.14:395][  0]LogAudioMixer: Display: Initializing Sound Submixes...
[2020.10.04-20.17.14:399][  0]LogAudioMixer: Display: Creating Master Submix 'MasterSubmixDefault'
[2020.10.04-20.17.14:400][  0]LogAudioMixer: Display: Creating Master Submix 'MasterReverbSubmixDefault'
[2020.10.04-20.17.14:402][  0]LogAudioMixer: Display: Creating Master Submix 'MasterEQSubmixDefault'
[2020.10.04-20.17.14:407][  0]LogInit: FAudioDevice initialized.
[2020.10.04-20.17.14:409][  0]LogNetVersion: Set ProjectVersion to 1.0.0.0. Version Checksum will be recalculated on next use.
[2020.10.04-20.17.14:414][  0]LogInit: Texture streaming: Enabled
[2020.10.04-20.17.14:635][  0]LogSlate: Updating window title bar state: overlay mode, drag disabled, window buttons hidden, title bar hidden
[2020.10.04-20.17.14:636][  0]LogInit: Display: Game Engine Initialized.
[2020.10.04-20.17.14:637][  0]LogGameplayTags: NetworkGameplayTagNodeIndexHash is e125c222
[2020.10.04-20.17.14:637][  0]LogNiagaraEditor: Warning: GEditor isn't valid! Particle reset commands will not work for Niagara components!
[2020.10.04-20.17.14:706][  0]LogInit: Display: Starting Game.
[2020.10.04-20.17.14:707][  0]LogNet: Browse: /Game/ThirdPersonBP/Maps/ThirdPersonExampleMap?Name=Player?Listen
[2020.10.04-20.17.14:707][  0]LogLoad: LoadMap: /Game/ThirdPersonBP/Maps/ThirdPersonExampleMap?Name=Player?Listen
[2020.10.04-20.17.14:707][  0]LogWorld: BeginTearingDown for /Temp/Untitled_0
[2020.10.04-20.17.14:710][  0]LogWorld: UWorld::CleanupWorld for Untitled, bSessionEnded=true, bCleanupResources=true
[2020.10.04-20.17.14:711][  0]LogSlate: InvalidateAllWidgets triggered.  All widgets were invalidated
[2020.10.04-20.17.14:741][  0]LogUObjectHash: Compacting FUObjectHashTables data took   1.60ms
[2020.10.04-20.17.15:741][  0]LogAIModule: Creating AISystem for world ThirdPersonExampleMap
[2020.10.04-20.17.15:741][  0]LogAISub: UAISubsystem::UAISubsystem EnvQueryManager (000002045C5B7C00), frame # 0
[2020.10.04-20.17.15:742][  0]LogAISub: UAISubsystem::UAISubsystem AIPerceptionSystem (000002045CB58900), frame # 0
[2020.10.04-20.17.15:763][  0]LogLoad: Game class is 'ThirdPersonGameMode_C'
[2020.10.04-20.17.15:764][  0]LogNet: Applying EmulationProfile Average
[2020.10.04-20.17.15:765][  0]LogNet: Applying EmulationProfile Average
[2020.10.04-20.17.15:766][  0]LogNet: Applying EmulationProfile Average
[2020.10.04-20.17.15:766][  0]LogNet: ReplicationDriverClass is null! Not using ReplicationDriver.
[2020.10.04-20.17.15:767][  0]LogNetCore: DDoS detection status: detection enabled: 0 analytics enabled: 0
[2020.10.04-20.17.15:768][  0]LogInit: WinSock: Socket queue. Rx: 131072 (config 131072) Tx: 131072 (config 131072)
[2020.10.04-20.17.15:768][  0]LogNet: Created socket for bind address: 0.0.0.0 on port 17777
[2020.10.04-20.17.15:768][  0]PacketHandlerLog: Loaded PacketHandler component: Engine.EngineHandlerComponentFactory (StatelessConnectHandlerComponent)
[2020.10.04-20.17.15:769][  0]LogNet: GameNetDriver IpNetDriver_0 IpNetDriver listening on port 17777
[2020.10.04-20.17.15:793][  0]LogWorld: Bringing World /Game/ThirdPersonBP/Maps/ThirdPersonExampleMap.ThirdPersonExampleMap up for play (max tick rate 0) at 2020.10.05-01.47.15
[2020.10.04-20.17.15:794][  0]LogWorld: Bringing up level for play took: 0.023167
[2020.10.04-20.17.15:796][  0]LogOnlineSession: Warning: OSS: No game present to join for session (GameSession)
[2020.10.04-20.17.15:800][  0]LogLoad: Took 1.093151 seconds to LoadMap(/Game/ThirdPersonBP/Maps/ThirdPersonExampleMap)
[2020.10.04-20.17.15:943][  0]LogRenderer: Reallocating scene render targets to support 1280x720 Format 10 NumSamples 1 (Frame:1).
[2020.10.04-20.17.15:943][  0]LogLoad: (Engine Initialization) Total time: 20.07 seconds
[2020.10.04-20.17.15:943][  0]LogLoad: (Engine Initialization) Total Blueprint compile time: 0.00 seconds
[2020.10.04-20.17.16:074][  0]LogSteamShared: Warning: SteamAPI failed to initialize, conditions not met.
[2020.10.04-20.17.16:074][  0]LogSteamController: SteamController is not available
[2020.10.04-20.17.16:079][  0]LogContentStreaming: Texture pool size now 1000 MB
[2020.10.04-20.17.16:085][  0]LogSlate: InvalidateAllWidgets triggered.  All widgets were invalidated
[2020.10.04-20.17.16:825][  0]LogRenderer: Reallocating scene render targets to support 128x128 Format 10 NumSamples 1 (Frame:1).
[2020.10.04-20.17.17:143][  0]LogRenderer: Reallocating scene render targets to support 1280x720 Format 10 NumSamples 1 (Frame:2).
[2020.10.04-20.17.17:207][  1]LogNet: NotifyAcceptingConnection accepted from: 127.0.0.1:64792
[2020.10.04-20.17.17:207][  1]LogHandshake: SendConnectChallenge. Timestamp: 1.168172, Cookie: 203008021050171107232133072077196111000047058059133087216034
[2020.10.04-20.17.17:216][  2]LogNet: NotifyAcceptingConnection accepted from: 127.0.0.1:64792
[2020.10.04-20.17.17:217][  2]LogHandshake: SendChallengeAck. InCookie: 203008021050171107232133072077196111000047058059133087216034
[2020.10.04-20.17.17:217][  2]LogNet: Server accepting post-challenge connection from: 127.0.0.1:64792
[2020.10.04-20.17.17:217][  2]PacketHandlerLog: Loaded PacketHandler component: Engine.EngineHandlerComponentFactory (StatelessConnectHandlerComponent)
[2020.10.04-20.17.17:217][  2]LogNet: NotifyAcceptedConnection: Name: ThirdPersonExampleMap, TimeStamp: 10/05/20 01:47:17, [UNetConnection] RemoteAddr: 127.0.0.1:64792, Name: IpConnection_0, Driver: GameNetDriver IpNetDriver_0, IsServer: YES, PC: NULL, Owner: NULL, UniqueId: INVALID
[2020.10.04-20.17.17:218][  2]LogNet: AddClientConnection: Added client connection: [UNetConnection] RemoteAddr: 127.0.0.1:64792, Name: IpConnection_0, Driver: GameNetDriver IpNetDriver_0, IsServer: YES, PC: NULL, Owner: NULL, UniqueId: INVALID
[2020.10.04-20.17.17:559][  4]LogNet: NotifyAcceptingChannel Control 0 server World /Game/ThirdPersonBP/Maps/ThirdPersonExampleMap.ThirdPersonExampleMap: Accepted
[2020.10.04-20.17.17:559][  4]LogNet: Remote platform little endian=1
[2020.10.04-20.17.17:559][  4]LogNet: This platform little endian=1
[2020.10.04-20.17.17:559][  4]LogNetVersion: SimpleRobotDemo_BP 1.0.0.0, NetCL: 13144385, EngineNetVer: 14, GameNetVer: 0 (Checksum: 733007726)
[2020.10.04-20.17.18:494][  8]LogNet: Login request: ?Name=DESKTOP-R9OUND7-5A4180CA46C0912ABC437FA67B758B46 userId: NULL:DESKTOP-R9OUND7-5A4180CA46C0912ABC437FA67B758B46 platform: NULL
[2020.10.04-20.17.21:157][ 18]LogD3D11RHI: Timed out while waiting for GPU to catch up. (0.5 s) (ErrorCode 00000001)
[2020.10.04-20.17.22:136][ 20]LogD3D11RHI: Timed out while waiting for GPU to catch up. (0.5 s) (ErrorCode 00000001)
[2020.10.04-20.17.22:689][ 21]LogD3D11RHI: Timed out while waiting for GPU to catch up. (0.5 s) (ErrorCode 00000001)
[2020.10.04-20.17.23:777][ 23]LogD3D11RHI: Timed out while waiting for GPU to catch up. (0.5 s) (ErrorCode 00000001)
[2020.10.04-20.17.23:778][ 23]LogNet: Client netspeed is 10000
[2020.10.04-20.17.23:778][ 23]LogNet: Join request: /Game/ThirdPersonBP/Maps/ThirdPersonExampleMap?Name=DESKTOP-R9OUND7-5A4180CA46C0912ABC437FA67B758B46?SplitscreenCount=1
[2020.10.04-20.17.23:778][ 23]LogOnlineSession: Warning: OSS: No game present to join for session (GameSession)
[2020.10.04-20.17.23:783][ 23]LogNet: Join succeeded: DESKTOP-R9OUND7-5A41
[2020.10.04-20.17.29:850][ 80]LogD3D11RHI: Timed out while waiting for GPU to catch up. (0.5 s) (ErrorCode 00000001)
[2020.10.04-20.17.31:089][ 83]LogD3D11RHI: Timed out while waiting for GPU to catch up. (0.5 s) (ErrorCode 00000001)
[2020.10.04-20.17.33:400][ 90]LogD3D11RHI: Timed out while waiting for GPU to catch up. (0.5 s) (ErrorCode 00000001)
[2020.10.04-20.17.35:254][ 94]LogD3D11RHI: Timed out while waiting for GPU to catch up. (0.5 s) (ErrorCode 00000001)
[2020.10.04-20.17.35:955][ 95]LogD3D11RHI: Timed out while waiting for GPU to catch up. (0.5 s) (ErrorCode 00000001)
[2020.10.04-20.17.36:773][ 96]LogD3D11RHI: Timed out while waiting for GPU to catch up. (0.5 s) (ErrorCode 00000001)
[2020.10.04-20.17.38:433][ 99]LogD3D11RHI: Timed out while waiting for GPU to catch up. (0.5 s) (ErrorCode 00000001)
[2020.10.04-20.17.39:459][101]LogD3D11RHI: Timed out while waiting for GPU to catch up. (0.5 s) (ErrorCode 00000001)
[2020.10.04-20.17.40:285][102]LogD3D11RHI: Timed out while waiting for GPU to catch up. (0.5 s) (ErrorCode 00000001)
[2020.10.04-20.17.41:297][104]LogD3D11RHI: Timed out while waiting for GPU to catch up. (0.5 s) (ErrorCode 00000001)
[2020.10.04-20.17.42:122][105]LogD3D11RHI: Timed out while waiting for GPU to catch up. (0.5 s) (ErrorCode 00000001)
[2020.10.04-20.17.42:944][106]LogD3D11RHI: Timed out while waiting for GPU to catch up. (0.5 s) (ErrorCode 00000001)
[2020.10.04-20.17.44:174][108]LogD3D11RHI: Timed out while waiting for GPU to catch up. (0.5 s) (ErrorCode 00000001)
[2020.10.04-20.17.45:297][110]LogD3D11RHI: Timed out while waiting for GPU to catch up. (0.5 s) (ErrorCode 00000001)
[2020.10.04-20.17.46:120][111]LogD3D11RHI: Timed out while waiting for GPU to catch up. (0.5 s) (ErrorCode 00000001)
[2020.10.04-20.17.47:148][113]LogD3D11RHI: Timed out while waiting for GPU to catch up. (0.5 s) (ErrorCode 00000001)
[2020.10.04-20.17.48:185][115]LogD3D11RHI: Timed out while waiting for GPU to catch up. (0.5 s) (ErrorCode 00000001)
[2020.10.04-20.17.49:317][117]LogD3D11RHI: Timed out while waiting for GPU to catch up. (0.5 s) (ErrorCode 00000001)
[2020.10.04-20.17.50:536][119]LogD3D11RHI: Timed out while waiting for GPU to catch up. (0.5 s) (ErrorCode 00000001)
[2020.10.04-20.17.51:467][120]LogD3D11RHI: Timed out while waiting for GPU to catch up. (0.5 s) (ErrorCode 00000001)
[2020.10.04-20.17.52:288][121]LogD3D11RHI: Timed out while waiting for GPU to catch up. (0.5 s) (ErrorCode 00000001)
[2020.10.04-20.17.53:108][122]LogD3D11RHI: Timed out while waiting for GPU to catch up. (0.5 s) (ErrorCode 00000001)
[2020.10.04-20.17.54:553][125]LogD3D11RHI: Timed out while waiting for GPU to catch up. (0.5 s) (ErrorCode 00000001)
[2020.10.04-20.17.55:368][126]LogD3D11RHI: Timed out while waiting for GPU to catch up. (0.5 s) (ErrorCode 00000001)
[2020.10.04-20.17.56:188][127]LogD3D11RHI: Timed out while waiting for GPU to catch up. (0.5 s) (ErrorCode 00000001)
[2020.10.04-20.17.57:007][128]LogD3D11RHI: Timed out while waiting for GPU to catch up. (0.5 s) (ErrorCode 00000001)
[2020.10.04-20.17.57:824][129]LogD3D11RHI: Timed out while waiting for GPU to catch up. (0.5 s) (ErrorCode 00000001)
[2020.10.04-20.17.59:070][131]LogD3D11RHI: Timed out while waiting for GPU to catch up. (0.5 s) (ErrorCode 00000001)
[2020.10.04-20.18.00:829][135]LogD3D11RHI: Timed out while waiting for GPU to catch up. (0.5 s) (ErrorCode 00000001)
[2020.10.04-20.18.01:524][136]LogD3D11RHI: Timed out while waiting for GPU to catch up. (0.5 s) (ErrorCode 00000001)
[2020.10.04-20.18.02:604][138]LogD3D11RHI: Timed out while waiting for GPU to catch up. (0.5 s) (ErrorCode 00000001)
[2020.10.04-20.18.03:625][140]LogD3D11RHI: Timed out while waiting for GPU to catch up. (0.5 s) (ErrorCode 00000001)
[2020.10.04-20.18.05:260][143]LogD3D11RHI: Timed out while waiting for GPU to catch up. (0.5 s) (ErrorCode 00000001)
[2020.10.04-20.18.05:869][144]LogD3D11RHI: Timed out while waiting for GPU to catch up. (0.5 s) (ErrorCode 00000001)
[2020.10.04-20.18.06:687][145]LogD3D11RHI: Timed out while waiting for GPU to catch up. (0.5 s) (ErrorCode 00000001)
[2020.10.04-20.18.07:304][146]LogD3D11RHI: Timed out while waiting for GPU to catch up. (0.5 s) (ErrorCode 00000001)
[2020.10.04-20.18.07:937][147]LogD3D11RHI: Timed out while waiting for GPU to catch up. (0.5 s) (ErrorCode 00000001)
[2020.10.04-20.18.08:736][148]LogD3D11RHI: Timed out while waiting for GPU to catch up. (0.5 s) (ErrorCode 00000001)
[2020.10.04-20.18.09:355][149]LogD3D11RHI: Timed out while waiting for GPU to catch up. (0.5 s) (ErrorCode 00000001)
[2020.10.04-20.18.11:006][152]LogD3D11RHI: Timed out while waiting for GPU to catch up. (0.5 s) (ErrorCode 00000001)
[2020.10.04-20.18.12:245][154]LogD3D11RHI: Timed out while waiting for GPU to catch up. (0.5 s) (ErrorCode 00000001)
[2020.10.04-20.18.12:853][155]LogD3D11RHI: Timed out while waiting for GPU to catch up. (0.5 s) (ErrorCode 00000001)
[2020.10.04-20.18.14:900][159]LogD3D11RHI: Timed out while waiting for GPU to catch up. (0.5 s) (ErrorCode 00000001)
[2020.10.04-20.18.15:509][160]LogD3D11RHI: Timed out while waiting for GPU to catch up. (0.5 s) (ErrorCode 00000001)
[2020.10.04-20.18.16:149][161]LogD3D11RHI: Timed out while waiting for GPU to catch up. (0.5 s) (ErrorCode 00000001)
[2020.10.04-20.18.16:966][162]LogD3D11RHI: Timed out while waiting for GPU to catch up. (0.5 s) (ErrorCode 00000001)
[2020.10.04-20.18.18:387][165]LogD3D11RHI: Timed out while waiting for GPU to catch up. (0.5 s) (ErrorCode 00000001)
[2020.10.04-20.18.18:990][166]LogD3D11RHI: Timed out while waiting for GPU to catch up. (0.5 s) (ErrorCode 00000001)
[2020.10.04-20.18.20:116][168]LogD3D11RHI: Timed out while waiting for GPU to catch up. (0.5 s) (ErrorCode 00000001)
[2020.10.04-20.18.21:065][170]LogD3D11RHI: Timed out while waiting for GPU to catch up. (0.5 s) (ErrorCode 00000001)
[2020.10.04-20.18.22:093][172]LogD3D11RHI: Timed out while waiting for GPU to catch up. (0.5 s) (ErrorCode 00000001)
[2020.10.04-20.18.22:874][173]LogD3D11RHI: Timed out while waiting for GPU to catch up. (0.5 s) (ErrorCode 00000001)
[2020.10.04-20.18.23:836][175]LogD3D11RHI: Timed out while waiting for GPU to catch up. (0.5 s) (ErrorCode 00000001)
[2020.10.04-20.18.25:460][178]LogD3D11RHI: Timed out while waiting for GPU to catch up. (0.5 s) (ErrorCode 00000001)
[2020.10.04-20.18.26:275][179]LogD3D11RHI: Timed out while waiting for GPU to catch up. (0.5 s) (ErrorCode 00000001)
[2020.10.04-20.18.27:316][181]LogD3D11RHI: Timed out while waiting for GPU to catch up. (0.5 s) (ErrorCode 00000001)
[2020.10.04-20.18.28:536][183]LogD3D11RHI: Timed out while waiting for GPU to catch up. (0.5 s) (ErrorCode 00000001)
[2020.10.04-20.18.29:338][184]LogD3D11RHI: Timed out while waiting for GPU to catch up. (0.5 s) (ErrorCode 00000001)
[2020.10.04-20.18.31:394][188]LogD3D11RHI: Timed out while waiting for GPU to catch up. (0.5 s) (ErrorCode 00000001)
[2020.10.04-20.18.32:215][189]LogD3D11RHI: Timed out while waiting for GPU to catch up. (0.5 s) (ErrorCode 00000001)
[2020.10.04-20.18.33:466][191]LogD3D11RHI: Timed out while waiting for GPU to catch up. (0.5 s) (ErrorCode 00000001)
[2020.10.04-20.18.34:688][193]LogD3D11RHI: Timed out while waiting for GPU to catch up. (0.5 s) (ErrorCode 00000001)
[2020.10.04-20.18.35:500][194]LogD3D11RHI: Timed out while waiting for GPU to catch up. (0.5 s) (ErrorCode 00000001)
[2020.10.04-20.18.36:737][196]LogD3D11RHI: Timed out while waiting for GPU to catch up. (0.5 s) (ErrorCode 00000001)
[2020.10.04-20.18.37:355][197]LogD3D11RHI: Timed out while waiting for GPU to catch up. (0.5 s) (ErrorCode 00000001)
