Log file open, 10/06/20 12:25:59
LogInit: Display: Running engine for game: SimpleRobotDemo_BP
LogPlatformFile: Not using cached read wrapper
LogTaskGraph: Started task graph with 5 named threads and 11 total threads with 3 sets of task threads.
LogStats: Stats thread started at 0.899454
LogD3D11RHI: Loaded GFSDK_Aftermath_Lib.x64.dll
LogICUInternationalization: ICU TimeZone Detection - Raw Offset: +5:30, Platform Override: ''
LogPluginManager: Mounting plugin Paper2D
LogPluginManager: Mounting plugin AISupport
LogPluginManager: Mounting plugin LightPropagationVolume
LogPluginManager: Mounting plugin CameraShakePreviewer
LogPluginManager: Mounting plugin ActorLayerUtilities
LogPluginManager: Mounting plugin AnimationSharing
LogPluginManager: Mounting plugin CLionSourceCodeAccess
LogPluginManager: Mounting plugin CodeLiteSourceCodeAccess
LogPluginManager: Mounting plugin GitSourceControl
LogPluginManager: Mounting plugin KDevelopSourceCodeAccess
LogPluginManager: Mounting plugin NullSourceCodeAccess
LogPluginManager: Mounting plugin PerforceSourceControl
LogPluginManager: Mounting plugin PlasticSourceControl
LogPluginManager: Mounting plugin RiderSourceCodeAccess
LogPluginManager: Mounting plugin SubversionSourceControl
LogPluginManager: Mounting plugin UObjectPlugin
LogPluginManager: Mounting plugin VisualStudioCodeSourceCodeAccess
LogPluginManager: Mounting plugin VisualStudioSourceCodeAccess
LogPluginManager: Mounting plugin XCodeSourceCodeAccess
LogPluginManager: Mounting plugin AssetManagerEditor
LogPluginManager: Mounting plugin CryptoKeys
LogPluginManager: Mounting plugin CurveEditorTools
LogPluginManager: Mounting plugin DataValidation
LogPluginManager: Mounting plugin EditorScriptingUtilities
LogPluginManager: Mounting plugin FacialAnimation
LogPluginManager: Mounting plugin GameplayTagsEditor
LogPluginManager: Mounting plugin GeometryMode
LogPluginManager: Mounting plugin MacGraphicsSwitching
LogPluginManager: Mounting plugin MaterialAnalyzer
LogPluginManager: Mounting plugin MobileLauncherProfileWizard
LogPluginManager: Mounting plugin PluginBrowser
LogPluginManager: Mounting plugin SpeedTreeImporter
LogPluginManager: Mounting plugin DatasmithContent
LogPluginManager: Mounting plugin VariantManagerContent
LogPluginManager: Mounting plugin AlembicImporter
LogPluginManager: Mounting plugin AutomationUtils
LogPluginManager: Mounting plugin BackChannel
LogPluginManager: Mounting plugin ChaosCloth
LogPluginManager: Mounting plugin ChaosClothEditor
LogPluginManager: Mounting plugin ChaosEditor
LogPluginManager: Mounting plugin ChaosNiagara
LogPluginManager: Mounting plugin ChaosSolverPlugin
LogPluginManager: Mounting plugin CharacterAI
LogPluginManager: Mounting plugin GeometryCache
LogPluginManager: Mounting plugin GeometryCollectionPlugin
LogPluginManager: Mounting plugin GeometryProcessing
LogPluginManager: Mounting plugin PlanarCut
LogPluginManager: Mounting plugin PlatformCrypto
LogPluginManager: Mounting plugin ProxyLODPlugin
LogPluginManager: Mounting plugin SkeletalReduction
LogPluginManager: Mounting plugin Niagara
LogPluginManager: Mounting plugin MagicLeap
LogPluginManager: Mounting plugin MagicLeapLightEstimation
LogPluginManager: Mounting plugin MagicLeapMedia
LogPluginManager: Mounting plugin MagicLeapPassableWorld
LogPluginManager: Mounting plugin MLSDK
LogPluginManager: Mounting plugin AndroidMedia
LogPluginManager: Mounting plugin AvfMedia
LogPluginManager: Mounting plugin ImgMedia
LogPluginManager: Mounting plugin MediaCompositing
LogPluginManager: Mounting plugin MediaPlayerEditor
LogPluginManager: Mounting plugin WebMMedia
LogPluginManager: Mounting plugin WmfMedia
LogPluginManager: Mounting plugin MeshPainting
LogPluginManager: Mounting plugin TcpMessaging
LogPluginManager: Mounting plugin UdpMessaging
LogPluginManager: Mounting plugin ActorSequence
LogPluginManager: Mounting plugin LevelSequenceEditor
LogPluginManager: Mounting plugin MatineeToLevelSequence
LogPluginManager: Mounting plugin MovieRenderPipeline
LogPluginManager: Mounting plugin TemplateSequence
LogPluginManager: Mounting plugin NetcodeUnitTest
LogPluginManager: Mounting plugin NUTUnrealEngine4
LogPluginManager: Mounting plugin OnlineSubsystemGooglePlay
LogPluginManager: Mounting plugin OnlineSubsystemIOS
LogPluginManager: Mounting plugin OnlineSubsystem
LogPluginManager: Mounting plugin OnlineSubsystemNull
LogPluginManager: Mounting plugin OnlineSubsystemSteam
LogPluginManager: Mounting plugin OnlineSubsystemUtils
LogPluginManager: Mounting plugin LauncherChunkInstaller
LogPluginManager: Mounting plugin AndroidDeviceProfileSelector
LogPluginManager: Mounting plugin AndroidMoviePlayer
LogPluginManager: Mounting plugin AndroidPermission
LogPluginManager: Mounting plugin AppleImageUtils
LogPluginManager: Mounting plugin AppleMoviePlayer
LogPluginManager: Mounting plugin ArchVisCharacter
LogPluginManager: Mounting plugin AssetTags
LogPluginManager: Mounting plugin AudioCapture
LogPluginManager: Mounting plugin CableComponent
LogPluginManager: Mounting plugin CustomMeshComponent
LogPluginManager: Mounting plugin EditableMesh
LogPluginManager: Mounting plugin ExampleDeviceProfileSelector
LogPluginManager: Mounting plugin GoogleCloudMessaging
LogPluginManager: Mounting plugin GooglePAD
LogPluginManager: Mounting plugin IOSDeviceProfileSelector
LogPluginManager: Mounting plugin LinuxDeviceProfileSelector
LogPluginManager: Mounting plugin LocationServicesBPLibrary
LogPluginManager: Mounting plugin MobilePatchingUtils
LogPluginManager: Mounting plugin OculusVR
LogPluginManager: Mounting plugin PhysXVehicles
LogPluginManager: Mounting plugin PostSplashScreen
LogPluginManager: Mounting plugin ProceduralMeshComponent
LogPluginManager: Mounting plugin RuntimePhysXCooking
LogPluginManager: Mounting plugin SignificanceManager
LogPluginManager: Mounting plugin SoundFields
LogPluginManager: Mounting plugin SteamController
LogPluginManager: Mounting plugin SteamShared
LogPluginManager: Mounting plugin SteamSockets
LogPluginManager: Mounting plugin SteamVR
LogPluginManager: Mounting plugin Synthesis
LogPluginManager: Mounting plugin WebMMoviePlayer
LogPluginManager: Mounting plugin WindowsMoviePlayer
LogPluginManager: Mounting plugin ScreenshotTools
LogInit: Using libcurl 7.55.1-DEV
LogInit:  - built for x86_64-pc-win32
LogInit:  - supports SSL with OpenSSL/1.1.1
LogInit:  - supports HTTP deflate (compression) using libz 1.2.8
LogInit:  - other features:
LogInit:      CURL_VERSION_SSL
LogInit:      CURL_VERSION_LIBZ
LogInit:      CURL_VERSION_IPV6
LogInit:      CURL_VERSION_ASYNCHDNS
LogInit:      CURL_VERSION_LARGEFILE
LogInit:      CURL_VERSION_IDN
LogInit:  CurlRequestOptions (configurable via config and command line):
LogInit:  - bVerifyPeer = true  - Libcurl will verify peer certificate
LogInit:  - bUseHttpProxy = false  - Libcurl will NOT use HTTP proxy
LogInit:  - bDontReuseConnections = false  - Libcurl will reuse connections
LogInit:  - MaxHostConnections = 16  - Libcurl will limit the number of connections to a host
LogInit:  - LocalHostAddr = Default
LogInit:  - BufferSize = 65536
LogOnline: OSS: Creating online subsystem instance for: NULL
LogInit: WinSock: version 1.1 (2.2), MaxSocks=32767, MaxUdp=65467
LogOnline: OSS: TryLoadSubsystemAndSetDefault: Loaded subsystem for module [NULL]
LogInit: Build: ++UE4+Release-4.25-CL-13942748
LogInit: Engine Version: 4.25.3-13942748+++UE4+Release-4.25
LogInit: Compatible Engine Version: 4.25.0-13144385+++UE4+Release-4.25
LogInit: Net CL: 13144385
LogInit: OS: Windows 10 (Release 1903) (), CPU: Intel(R) Core(TM) i5-4200U CPU @ 1.60GHz, GPU: Intel(R) HD Graphics Family
LogInit: Compiled (64-bit): Jul 25 2020 02:07:48
LogInit: Compiled with Visual C++: 19.24.28315.00
LogInit: Build Configuration: Development
LogInit: Branch Name: ++UE4+Release-4.25
LogInit: Command Line:  /Game/ThirdPersonBP/Maps/ThirdPersonExampleMap -game -PIEVIACONSOLE -Multiprocess -server -logGameUserSettingsINI=C:/Users/Nandita/Desktop/Demo2020/NewUnrealDemo/RobotDemo/SimpleRobotDemo_BP/Saved/Config/Windows/PIEGameUserSettings0.ini -MultiprocessSaveConfig -MultiprocessOSS -messaging -SessionName="Play in Standalone Game" -port=17777 -PktEmulationProfile=Average -windowed
LogInit: Base Directory: C:/Program Files/Epic Games/UE_4.25/Engine/Binaries/Win64/
LogInit: Allocator: TBB
LogInit: Installed Engine Build: 1
LogDevObjectVersion: Number of dev versions registered: 26
LogDevObjectVersion:   Dev-Blueprints (B0D832E4-1F89-4F0D-ACCF-7EB736FD4AA2): 10
LogDevObjectVersion:   Dev-Build (E1C64328-A22C-4D53-A36C-8E866417BD8C): 0
LogDevObjectVersion:   Dev-Core (375EC13C-06E4-48FB-B500-84F0262A717E): 4
LogDevObjectVersion:   Dev-Editor (E4B068ED-F494-42E9-A231-DA0B2E46BB41): 38
LogDevObjectVersion:   Dev-Framework (CFFC743F-43B0-4480-9391-14DF171D2073): 37
LogDevObjectVersion:   Dev-Mobile (B02B49B5-BB20-44E9-A304-32B752E40360): 2
LogDevObjectVersion:   Dev-Networking (A4E4105C-59A1-49B5-A7C5-40C4547EDFEE): 0
LogDevObjectVersion:   Dev-Online (39C831C9-5AE6-47DC-9A44-9C173E1C8E7C): 0
LogDevObjectVersion:   Dev-Physics (78F01B33-EBEA-4F98-B9B4-84EACCB95AA2): 4
LogDevObjectVersion:   Dev-Platform (6631380F-2D4D-43E0-8009-CF276956A95A): 0
LogDevObjectVersion:   Dev-Rendering (12F88B9F-8875-4AFC-A67C-D90C383ABD29): 43
LogDevObjectVersion:   Dev-Sequencer (7B5AE74C-D270-4C10-A958-57980B212A5A): 12
LogDevObjectVersion:   Dev-VR (D7296918-1DD6-4BDD-9DE2-64A83CC13884): 3
LogDevObjectVersion:   Dev-LoadTimes (C2A15278-BFE7-4AFE-6C17-90FF531DF755): 1
LogDevObjectVersion:   Private-Geometry (6EACA3D4-40EC-4CC1-B786-8BED09428FC5): 3
LogDevObjectVersion:   Dev-AnimPhys (29E575DD-E0A3-4627-9D10-D276232CDCEA): 17
LogDevObjectVersion:   Dev-Anim (AF43A65D-7FD3-4947-9873-3E8ED9C1BB05): 7
LogDevObjectVersion:   Dev-ReflectionCapture (6B266CEC-1EC7-4B8F-A30B-E4D90942FC07): 1
LogDevObjectVersion:   Dev-Automation (0DF73D61-A23F-47EA-B727-89E90C41499A): 1
LogDevObjectVersion:   FortniteMain (601D1886-AC64-4F84-AA16-D3DE0DEAC7D6): 31
LogDevObjectVersion:   Dev-Enterprise (9DFFBCD6-494F-0158-E221-12823C92A888): 10
LogDevObjectVersion:   Dev-Niagara (F2AED0AC-9AFE-416F-8664-AA7FFA26D6FC): 1
LogDevObjectVersion:   Dev-Destruction (174F1F0B-B4C6-45A5-B13F-2EE8D0FB917D): 10
LogDevObjectVersion:   Dev-Physics-Ext (35F94A83-E258-406C-A318-09F59610247C): 37
LogDevObjectVersion:   Dev-PhysicsMaterial-Chaos (B68FC16E-8B1B-42E2-B453-215C058844FE): 1
LogDevObjectVersion:   Dev-CineCamera (B2E18506-4273-CFC2-A54E-F4BB758BBA07): 1
LogInit: Presizing for max 25165824 objects, including 0 objects not considered by GC, pre-allocating 0 bytes for permanent pool.
LogConfig: Applying CVar settings from Section [/Script/Engine.StreamingSettings] File [C:/Users/Nandita/Desktop/Demo2020/NewUnrealDemo/RobotDemo/SimpleRobotDemo_BP/Saved/Config/Windows/Engine.ini]
LogConfig: Setting CVar [[s.MinBulkDataSizeForAsyncLoading:131072]]
LogConfig: Setting CVar [[s.AsyncLoadingThreadEnabled:0]]
LogConfig: Setting CVar [[s.EventDrivenLoaderEnabled:1]]
LogConfig: Setting CVar [[s.WarnIfTimeLimitExceeded:0]]
LogConfig: Setting CVar [[s.TimeLimitExceededMultiplier:1.5]]
LogConfig: Setting CVar [[s.TimeLimitExceededMinTime:0.005]]
LogConfig: Setting CVar [[s.UseBackgroundLevelStreaming:1]]
LogConfig: Setting CVar [[s.PriorityAsyncLoadingExtraTime:15.0]]
LogConfig: Setting CVar [[s.LevelStreamingActorsUpdateTimeLimit:5.0]]
LogConfig: Setting CVar [[s.PriorityLevelStreamingActorsUpdateExtraTime:5.0]]
LogConfig: Setting CVar [[s.LevelStreamingComponentsRegistrationGranularity:10]]
LogConfig: Setting CVar [[s.UnregisterComponentsTimeLimit:1.0]]
LogConfig: Setting CVar [[s.LevelStreamingComponentsUnregistrationGranularity:5]]
LogConfig: Setting CVar [[s.FlushStreamingOnExit:1]]
LogInit: Object subsystem initialized
LogConfig: Setting CVar [[con.DebugEarlyDefault:1]]
LogConfig: Setting CVar [[r.setres:1280x720]]
[2020.10.06-06.56.00:643][  0]LogConfig: Setting CVar [[con.DebugEarlyDefault:1]]
[2020.10.06-06.56.00:644][  0]LogConfig: Setting CVar [[r.setres:1280x720]]
[2020.10.06-06.56.00:644][  0]LogConfig: Applying CVar settings from Section [/Script/Engine.RendererSettings] File [C:/Users/Nandita/Desktop/Demo2020/NewUnrealDemo/RobotDemo/SimpleRobotDemo_BP/Saved/Config/Windows/Engine.ini]
[2020.10.06-06.56.00:644][  0]LogConfig: Setting CVar [[r.GPUCrashDebugging:0]]
[2020.10.06-06.56.00:644][  0]LogConfig: Applying CVar settings from Section [/Script/Engine.RendererOverrideSettings] File [C:/Users/Nandita/Desktop/Demo2020/NewUnrealDemo/RobotDemo/SimpleRobotDemo_BP/Saved/Config/Windows/Engine.ini]
[2020.10.06-06.56.00:644][  0]LogConfig: Applying CVar settings from Section [/Script/Engine.StreamingSettings] File [C:/Users/Nandita/Desktop/Demo2020/NewUnrealDemo/RobotDemo/SimpleRobotDemo_BP/Saved/Config/Windows/Engine.ini]
[2020.10.06-06.56.00:644][  0]LogConfig: Setting CVar [[s.MinBulkDataSizeForAsyncLoading:131072]]
[2020.10.06-06.56.00:644][  0]LogConfig: Setting CVar [[s.AsyncLoadingThreadEnabled:0]]
[2020.10.06-06.56.00:644][  0]LogConfig: Setting CVar [[s.EventDrivenLoaderEnabled:1]]
[2020.10.06-06.56.00:644][  0]LogConfig: Setting CVar [[s.WarnIfTimeLimitExceeded:0]]
[2020.10.06-06.56.00:644][  0]LogConfig: Setting CVar [[s.TimeLimitExceededMultiplier:1.5]]
[2020.10.06-06.56.00:644][  0]LogConfig: Setting CVar [[s.TimeLimitExceededMinTime:0.005]]
[2020.10.06-06.56.00:644][  0]LogConfig: Setting CVar [[s.UseBackgroundLevelStreaming:1]]
[2020.10.06-06.56.00:644][  0]LogConfig: Setting CVar [[s.PriorityAsyncLoadingExtraTime:15.0]]
[2020.10.06-06.56.00:644][  0]LogConfig: Setting CVar [[s.LevelStreamingActorsUpdateTimeLimit:5.0]]
[2020.10.06-06.56.00:644][  0]LogConfig: Setting CVar [[s.PriorityLevelStreamingActorsUpdateExtraTime:5.0]]
[2020.10.06-06.56.00:644][  0]LogConfig: Setting CVar [[s.LevelStreamingComponentsRegistrationGranularity:10]]
[2020.10.06-06.56.00:644][  0]LogConfig: Setting CVar [[s.UnregisterComponentsTimeLimit:1.0]]
[2020.10.06-06.56.00:644][  0]LogConfig: Setting CVar [[s.LevelStreamingComponentsUnregistrationGranularity:5]]
[2020.10.06-06.56.00:644][  0]LogConfig: Setting CVar [[s.FlushStreamingOnExit:1]]
[2020.10.06-06.56.00:644][  0]LogConfig: Applying CVar settings from Section [/Script/Engine.GarbageCollectionSettings] File [C:/Users/Nandita/Desktop/Demo2020/NewUnrealDemo/RobotDemo/SimpleRobotDemo_BP/Saved/Config/Windows/Engine.ini]
[2020.10.06-06.56.00:644][  0]LogConfig: Setting CVar [[gc.MaxObjectsNotConsideredByGC:1]]
[2020.10.06-06.56.00:644][  0]LogConfig: Setting CVar [[gc.SizeOfPermanentObjectPool:0]]
[2020.10.06-06.56.00:644][  0]LogConfig: Setting CVar [[gc.FlushStreamingOnGC:0]]
[2020.10.06-06.56.00:645][  0]LogConfig: Setting CVar [[gc.NumRetriesBeforeForcingGC:10]]
[2020.10.06-06.56.00:645][  0]LogConfig: Setting CVar [[gc.AllowParallelGC:1]]
[2020.10.06-06.56.00:645][  0]LogConfig: Setting CVar [[gc.TimeBetweenPurgingPendingKillObjects:61.1]]
[2020.10.06-06.56.00:645][  0]LogConfig: Setting CVar [[gc.MaxObjectsInEditor:25165824]]
[2020.10.06-06.56.00:645][  0]LogConfig: Setting CVar [[gc.IncrementalBeginDestroyEnabled:1]]
[2020.10.06-06.56.00:645][  0]LogConfig: Setting CVar [[gc.CreateGCClusters:1]]
[2020.10.06-06.56.00:645][  0]LogConfig: Setting CVar [[gc.MinGCClusterSize:5]]
[2020.10.06-06.56.00:645][  0]LogConfig: Setting CVar [[gc.ActorClusteringEnabled:0]]
[2020.10.06-06.56.00:645][  0]LogConfig: Setting CVar [[gc.BlueprintClusteringEnabled:0]]
[2020.10.06-06.56.00:645][  0]LogConfig: Setting CVar [[gc.UseDisregardForGCOnDedicatedServers:0]]
[2020.10.06-06.56.00:645][  0]LogConfig: Applying CVar settings from Section [/Script/Engine.NetworkSettings] File [C:/Users/Nandita/Desktop/Demo2020/NewUnrealDemo/RobotDemo/SimpleRobotDemo_BP/Saved/Config/Windows/Engine.ini]
[2020.10.06-06.56.00:645][  0]LogConfig: Setting CVar [[p.EnableMultiplayerWorldOriginRebasing:1]]
[2020.10.06-06.56.00:645][  0]LogConfig: Applying CVar settings from Section [/Script/UnrealEd.CookerSettings] File [C:/Users/Nandita/Desktop/Demo2020/NewUnrealDemo/RobotDemo/SimpleRobotDemo_BP/Saved/Config/Windows/Engine.ini]
[2020.10.06-06.56.00:645][  0]LogConfig: Applying CVar settings from Section [ViewDistanceQuality@3] File [C:/Users/Nandita/Desktop/Demo2020/NewUnrealDemo/RobotDemo/SimpleRobotDemo_BP/Saved/Config/Windows/Scalability.ini]
[2020.10.06-06.56.00:645][  0]LogConfig: Setting CVar [[r.SkeletalMeshLODBias:0]]
[2020.10.06-06.56.00:645][  0]LogConfig: Setting CVar [[r.ViewDistanceScale:1.0]]
[2020.10.06-06.56.00:645][  0]LogConfig: Applying CVar settings from Section [AntiAliasingQuality@3] File [C:/Users/Nandita/Desktop/Demo2020/NewUnrealDemo/RobotDemo/SimpleRobotDemo_BP/Saved/Config/Windows/Scalability.ini]
[2020.10.06-06.56.00:645][  0]LogConfig: Setting CVar [[r.PostProcessAAQuality:4]]
[2020.10.06-06.56.00:645][  0]LogConfig: Applying CVar settings from Section [ShadowQuality@3] File [C:/Users/Nandita/Desktop/Demo2020/NewUnrealDemo/RobotDemo/SimpleRobotDemo_BP/Saved/Config/Windows/Scalability.ini]
[2020.10.06-06.56.00:645][  0]LogConfig: Setting CVar [[r.LightFunctionQuality:1]]
[2020.10.06-06.56.00:645][  0]LogConfig: Setting CVar [[r.ShadowQuality:5]]
[2020.10.06-06.56.00:646][  0]LogConfig: Setting CVar [[r.Shadow.CSM.MaxCascades:10]]
[2020.10.06-06.56.00:646][  0]LogConfig: Setting CVar [[r.Shadow.MaxResolution:2048]]
[2020.10.06-06.56.00:646][  0]LogConfig: Setting CVar [[r.Shadow.MaxCSMResolution:2048]]
[2020.10.06-06.56.00:646][  0]LogConfig: Setting CVar [[r.Shadow.RadiusThreshold:0.01]]
[2020.10.06-06.56.00:646][  0]LogConfig: Setting CVar [[r.Shadow.DistanceScale:1.0]]
[2020.10.06-06.56.00:646][  0]LogConfig: Setting CVar [[r.Shadow.CSM.TransitionScale:1.0]]
[2020.10.06-06.56.00:646][  0]LogConfig: Setting CVar [[r.Shadow.PreShadowResolutionFactor:1.0]]
[2020.10.06-06.56.00:646][  0]LogConfig: Setting CVar [[r.DistanceFieldShadowing:1]]
[2020.10.06-06.56.00:646][  0]LogConfig: Setting CVar [[r.DistanceFieldAO:1]]
[2020.10.06-06.56.00:646][  0]LogConfig: Setting CVar [[r.AOQuality:2]]
[2020.10.06-06.56.00:646][  0]LogConfig: Setting CVar [[r.VolumetricFog:1]]
[2020.10.06-06.56.00:646][  0]LogConfig: Setting CVar [[r.VolumetricFog.GridPixelSize:8]]
[2020.10.06-06.56.00:646][  0]LogConfig: Setting CVar [[r.VolumetricFog.GridSizeZ:128]]
[2020.10.06-06.56.00:646][  0]LogConfig: Setting CVar [[r.VolumetricFog.HistoryMissSupersampleCount:4]]
[2020.10.06-06.56.00:646][  0]LogConfig: Setting CVar [[r.LightMaxDrawDistanceScale:1]]
[2020.10.06-06.56.00:646][  0]LogConfig: Setting CVar [[r.CapsuleShadows:1]]
[2020.10.06-06.56.00:646][  0]LogConfig: Applying CVar settings from Section [PostProcessQuality@3] File [C:/Users/Nandita/Desktop/Demo2020/NewUnrealDemo/RobotDemo/SimpleRobotDemo_BP/Saved/Config/Windows/Scalability.ini]
[2020.10.06-06.56.00:646][  0]LogConfig: Setting CVar [[r.MotionBlurQuality:4]]
[2020.10.06-06.56.00:646][  0]LogConfig: Setting CVar [[r.AmbientOcclusionMipLevelFactor:0.4]]
[2020.10.06-06.56.00:646][  0]LogConfig: Setting CVar [[r.AmbientOcclusionMaxQuality:100]]
[2020.10.06-06.56.00:646][  0]LogConfig: Setting CVar [[r.AmbientOcclusionLevels:-1]]
[2020.10.06-06.56.00:646][  0]LogConfig: Setting CVar [[r.AmbientOcclusionRadiusScale:1.0]]
[2020.10.06-06.56.00:646][  0]LogConfig: Setting CVar [[r.DepthOfFieldQuality:2]]
[2020.10.06-06.56.00:647][  0]LogConfig: Setting CVar [[r.RenderTargetPoolMin:400]]
[2020.10.06-06.56.00:647][  0]LogConfig: Setting CVar [[r.LensFlareQuality:2]]
[2020.10.06-06.56.00:647][  0]LogConfig: Setting CVar [[r.SceneColorFringeQuality:1]]
[2020.10.06-06.56.00:647][  0]LogConfig: Setting CVar [[r.EyeAdaptationQuality:2]]
[2020.10.06-06.56.00:647][  0]LogConfig: Setting CVar [[r.BloomQuality:5]]
[2020.10.06-06.56.00:647][  0]LogConfig: Setting CVar [[r.FastBlurThreshold:100]]
[2020.10.06-06.56.00:647][  0]LogConfig: Setting CVar [[r.Upscale.Quality:3]]
[2020.10.06-06.56.00:647][  0]LogConfig: Setting CVar [[r.Tonemapper.GrainQuantization:1]]
[2020.10.06-06.56.00:647][  0]LogConfig: Setting CVar [[r.LightShaftQuality:1]]
[2020.10.06-06.56.00:647][  0]LogConfig: Setting CVar [[r.Filter.SizeScale:1]]
[2020.10.06-06.56.00:647][  0]LogConfig: Setting CVar [[r.Tonemapper.Quality:5]]
[2020.10.06-06.56.00:647][  0]LogConfig: Setting CVar [[r.DOF.Gather.AccumulatorQuality:1        ; higher gathering accumulator quality]]
[2020.10.06-06.56.00:647][  0]LogConfig: Setting CVar [[r.DOF.Gather.PostfilterMethod:1          ; Median3x3 postfilering method]]
[2020.10.06-06.56.00:647][  0]LogConfig: Setting CVar [[r.DOF.Gather.EnableBokehSettings:0       ; no bokeh simulation when gathering]]
[2020.10.06-06.56.00:647][  0]LogConfig: Setting CVar [[r.DOF.Gather.RingCount:4                 ; medium number of samples when gathering]]
[2020.10.06-06.56.00:647][  0]LogConfig: Setting CVar [[r.DOF.Scatter.ForegroundCompositing:1    ; additive foreground scattering]]
[2020.10.06-06.56.00:647][  0]LogConfig: Setting CVar [[r.DOF.Scatter.BackgroundCompositing:2    ; additive background scattering]]
[2020.10.06-06.56.00:647][  0]LogConfig: Setting CVar [[r.DOF.Scatter.EnableBokehSettings:1      ; bokeh simulation when scattering]]
[2020.10.06-06.56.00:647][  0]LogConfig: Setting CVar [[r.DOF.Scatter.MaxSpriteRatio:0.1         ; only a maximum of 10% of scattered bokeh]]
[2020.10.06-06.56.00:647][  0]LogConfig: Setting CVar [[r.DOF.Recombine.Quality:1                ; cheap slight out of focus]]
[2020.10.06-06.56.00:647][  0]LogConfig: Setting CVar [[r.DOF.Recombine.EnableBokehSettings:0    ; no bokeh simulation on slight out of focus]]
[2020.10.06-06.56.00:648][  0]LogConfig: Setting CVar [[r.DOF.TemporalAAQuality:1                ; more stable temporal accumulation]]
[2020.10.06-06.56.00:648][  0]LogConfig: Setting CVar [[r.DOF.Kernel.MaxForegroundRadius:0.025]]
[2020.10.06-06.56.00:648][  0]LogConfig: Setting CVar [[r.DOF.Kernel.MaxBackgroundRadius:0.025]]
[2020.10.06-06.56.00:648][  0]LogConfig: Applying CVar settings from Section [TextureQuality@3] File [C:/Users/Nandita/Desktop/Demo2020/NewUnrealDemo/RobotDemo/SimpleRobotDemo_BP/Saved/Config/Windows/Scalability.ini]
[2020.10.06-06.56.00:648][  0]LogConfig: Setting CVar [[r.Streaming.MipBias:0]]
[2020.10.06-06.56.00:648][  0]LogConfig: Setting CVar [[r.Streaming.AmortizeCPUToGPUCopy:0]]
[2020.10.06-06.56.00:648][  0]LogConfig: Setting CVar [[r.Streaming.MaxNumTexturesToStreamPerFrame:0]]
[2020.10.06-06.56.00:648][  0]LogConfig: Setting CVar [[r.Streaming.Boost:1]]
[2020.10.06-06.56.00:648][  0]LogConfig: Setting CVar [[r.MaxAnisotropy:8]]
[2020.10.06-06.56.00:648][  0]LogConfig: Setting CVar [[r.VT.MaxAnisotropy:8]]
[2020.10.06-06.56.00:648][  0]LogConfig: Setting CVar [[r.Streaming.LimitPoolSizeToVRAM:0]]
[2020.10.06-06.56.00:648][  0]LogConfig: Setting CVar [[r.Streaming.PoolSize:1000]]
[2020.10.06-06.56.00:648][  0]LogConfig: Setting CVar [[r.Streaming.MaxEffectiveScreenSize:0]]
[2020.10.06-06.56.00:648][  0]LogConfig: Applying CVar settings from Section [EffectsQuality@3] File [C:/Users/Nandita/Desktop/Demo2020/NewUnrealDemo/RobotDemo/SimpleRobotDemo_BP/Saved/Config/Windows/Scalability.ini]
[2020.10.06-06.56.00:648][  0]LogConfig: Setting CVar [[r.TranslucencyLightingVolumeDim:64]]
[2020.10.06-06.56.00:648][  0]LogConfig: Setting CVar [[r.RefractionQuality:2]]
[2020.10.06-06.56.00:648][  0]LogConfig: Setting CVar [[r.SSR.Quality:3]]
[2020.10.06-06.56.00:648][  0]LogConfig: Setting CVar [[r.SSR.HalfResSceneColor:0]]
[2020.10.06-06.56.00:648][  0]LogConfig: Setting CVar [[r.SceneColorFormat:4]]
[2020.10.06-06.56.00:648][  0]LogConfig: Setting CVar [[r.DetailMode:2]]
[2020.10.06-06.56.00:648][  0]LogConfig: Setting CVar [[r.TranslucencyVolumeBlur:1]]
[2020.10.06-06.56.00:648][  0]LogConfig: Setting CVar [[r.MaterialQualityLevel:1 ; High quality]]
[2020.10.06-06.56.00:648][  0]LogConfig: Setting CVar [[r.SSS.Scale:1]]
[2020.10.06-06.56.00:648][  0]LogConfig: Setting CVar [[r.SSS.SampleSet:2]]
[2020.10.06-06.56.00:649][  0]LogConfig: Setting CVar [[r.SSS.Quality:1]]
[2020.10.06-06.56.00:649][  0]LogConfig: Setting CVar [[r.SSS.HalfRes:0]]
[2020.10.06-06.56.00:649][  0]LogConfig: Setting CVar [[r.SSGI.Quality:3]]
[2020.10.06-06.56.00:649][  0]LogConfig: Setting CVar [[r.EmitterSpawnRateScale:1.0]]
[2020.10.06-06.56.00:649][  0]LogConfig: Setting CVar [[r.ParticleLightQuality:2]]
[2020.10.06-06.56.00:649][  0]LogConfig: Setting CVar [[r.SkyAtmosphere.AerialPerspectiveLUT.FastApplyOnOpaque:1 ; Always have FastSkyLUT 1 in this case to avoid wrong sky]]
[2020.10.06-06.56.00:649][  0]LogConfig: Setting CVar [[r.SkyAtmosphere.AerialPerspectiveLUT.SampleCountPerSlice:1]]
[2020.10.06-06.56.00:649][  0]LogConfig: Setting CVar [[r.SkyAtmosphere.AerialPerspectiveLUT.DepthResolution:16.0]]
[2020.10.06-06.56.00:649][  0]LogConfig: Setting CVar [[r.SkyAtmosphere.FastSkyLUT:1]]
[2020.10.06-06.56.00:649][  0]LogConfig: Setting CVar [[r.SkyAtmosphere.FastSkyLUT.SampleCountMin:4.0]]
[2020.10.06-06.56.00:649][  0]LogConfig: Setting CVar [[r.SkyAtmosphere.FastSkyLUT.SampleCountMax:32.0]]
[2020.10.06-06.56.00:649][  0]LogConfig: Setting CVar [[r.SkyAtmosphere.SampleCountMin:4.0]]
[2020.10.06-06.56.00:649][  0]LogConfig: Setting CVar [[r.SkyAtmosphere.SampleCountMax:32.0]]
[2020.10.06-06.56.00:649][  0]LogConfig: Setting CVar [[r.SkyAtmosphere.TransmittanceLUT.UseSmallFormat:0]]
[2020.10.06-06.56.00:649][  0]LogConfig: Setting CVar [[r.SkyAtmosphere.TransmittanceLUT.SampleCount:10.0]]
[2020.10.06-06.56.00:649][  0]LogConfig: Setting CVar [[r.SkyAtmosphere.MultiScatteringLUT.SampleCount:15.0]]
[2020.10.06-06.56.00:649][  0]LogConfig: Applying CVar settings from Section [FoliageQuality@3] File [C:/Users/Nandita/Desktop/Demo2020/NewUnrealDemo/RobotDemo/SimpleRobotDemo_BP/Saved/Config/Windows/Scalability.ini]
[2020.10.06-06.56.00:649][  0]LogConfig: Setting CVar [[foliage.DensityScale:1.0]]
[2020.10.06-06.56.00:649][  0]LogConfig: Setting CVar [[grass.DensityScale:1.0]]
[2020.10.06-06.56.00:649][  0]LogConfig: Applying CVar settings from Section [ShadingQuality@3] File [C:/Users/Nandita/Desktop/Demo2020/NewUnrealDemo/RobotDemo/SimpleRobotDemo_BP/Saved/Config/Windows/Scalability.ini]
[2020.10.06-06.56.00:649][  0]LogConfig: Setting CVar [[r.HairStrands.SkyLighting.SampleCount:16]]
[2020.10.06-06.56.00:649][  0]LogConfig: Setting CVar [[r.HairStrands.SkyLighting.JitterIntegration:0]]
[2020.10.06-06.56.00:649][  0]LogConfig: Setting CVar [[r.HairStrands.SkyAO.SampleCount:16]]
[2020.10.06-06.56.00:649][  0]LogConfig: Setting CVar [[r.HairStrands.DeepShadow.SuperSampling:0]]
[2020.10.06-06.56.00:650][  0]LogConfig: Setting CVar [[r.HairStrands.VisibilityPPLL:0]]
[2020.10.06-06.56.00:650][  0]LogConfig: Setting CVar [[r.HairStrands.RasterizationScale:0.5]]
[2020.10.06-06.56.00:650][  0]LogConfig: Setting CVar [[r.HairStrands.VelocityRasterizationScale:1]]
[2020.10.06-06.56.00:650][  0]LogInit: Selected Device Profile: [Windows]
[2020.10.06-06.56.00:650][  0]LogInit: Applying CVar settings loaded from the selected device profile: [Windows]
[2020.10.06-06.56.00:650][  0]LogHAL: Display: Platform has ~ 12 GB [12811657216 / 17179869184 / 12], which maps to Larger [LargestMinGB=32, LargerMinGB=12, DefaultMinGB=8, SmallerMinGB=6, SmallestMinGB=0)
[2020.10.06-06.56.00:650][  0]LogInit: Going up to parent DeviceProfile []
[2020.10.06-06.56.00:650][  0]LogConfig: Applying CVar settings from Section [ViewDistanceQuality@3] File [C:/Users/Nandita/Desktop/Demo2020/NewUnrealDemo/RobotDemo/SimpleRobotDemo_BP/Saved/Config/Windows/Scalability.ini]
[2020.10.06-06.56.00:650][  0]LogConfig: Setting CVar [[r.SkeletalMeshLODBias:0]]
[2020.10.06-06.56.00:650][  0]LogConfig: Setting CVar [[r.ViewDistanceScale:1.0]]
[2020.10.06-06.56.00:650][  0]LogConfig: Applying CVar settings from Section [AntiAliasingQuality@3] File [C:/Users/Nandita/Desktop/Demo2020/NewUnrealDemo/RobotDemo/SimpleRobotDemo_BP/Saved/Config/Windows/Scalability.ini]
[2020.10.06-06.56.00:650][  0]LogConfig: Setting CVar [[r.PostProcessAAQuality:4]]
[2020.10.06-06.56.00:650][  0]LogConfig: Applying CVar settings from Section [ShadowQuality@3] File [C:/Users/Nandita/Desktop/Demo2020/NewUnrealDemo/RobotDemo/SimpleRobotDemo_BP/Saved/Config/Windows/Scalability.ini]
[2020.10.06-06.56.00:650][  0]LogConfig: Setting CVar [[r.LightFunctionQuality:1]]
[2020.10.06-06.56.00:650][  0]LogConfig: Setting CVar [[r.ShadowQuality:5]]
[2020.10.06-06.56.00:650][  0]LogConfig: Setting CVar [[r.Shadow.CSM.MaxCascades:10]]
[2020.10.06-06.56.00:650][  0]LogConfig: Setting CVar [[r.Shadow.MaxResolution:2048]]
[2020.10.06-06.56.00:650][  0]LogConfig: Setting CVar [[r.Shadow.MaxCSMResolution:2048]]
[2020.10.06-06.56.00:650][  0]LogConfig: Setting CVar [[r.Shadow.RadiusThreshold:0.01]]
[2020.10.06-06.56.00:651][  0]LogConfig: Setting CVar [[r.Shadow.DistanceScale:1.0]]
[2020.10.06-06.56.00:651][  0]LogConfig: Setting CVar [[r.Shadow.CSM.TransitionScale:1.0]]
[2020.10.06-06.56.00:651][  0]LogConfig: Setting CVar [[r.Shadow.PreShadowResolutionFactor:1.0]]
[2020.10.06-06.56.00:651][  0]LogConfig: Setting CVar [[r.DistanceFieldShadowing:1]]
[2020.10.06-06.56.00:651][  0]LogConfig: Setting CVar [[r.DistanceFieldAO:1]]
[2020.10.06-06.56.00:651][  0]LogConfig: Setting CVar [[r.AOQuality:2]]
[2020.10.06-06.56.00:651][  0]LogConfig: Setting CVar [[r.VolumetricFog:1]]
[2020.10.06-06.56.00:651][  0]LogConfig: Setting CVar [[r.VolumetricFog.GridPixelSize:8]]
[2020.10.06-06.56.00:651][  0]LogConfig: Setting CVar [[r.VolumetricFog.GridSizeZ:128]]
[2020.10.06-06.56.00:651][  0]LogConfig: Setting CVar [[r.VolumetricFog.HistoryMissSupersampleCount:4]]
[2020.10.06-06.56.00:651][  0]LogConfig: Setting CVar [[r.LightMaxDrawDistanceScale:1]]
[2020.10.06-06.56.00:651][  0]LogConfig: Setting CVar [[r.CapsuleShadows:1]]
[2020.10.06-06.56.00:651][  0]LogConfig: Applying CVar settings from Section [PostProcessQuality@3] File [C:/Users/Nandita/Desktop/Demo2020/NewUnrealDemo/RobotDemo/SimpleRobotDemo_BP/Saved/Config/Windows/Scalability.ini]
[2020.10.06-06.56.00:651][  0]LogConfig: Setting CVar [[r.MotionBlurQuality:4]]
[2020.10.06-06.56.00:651][  0]LogConfig: Setting CVar [[r.AmbientOcclusionMipLevelFactor:0.4]]
[2020.10.06-06.56.00:651][  0]LogConfig: Setting CVar [[r.AmbientOcclusionMaxQuality:100]]
[2020.10.06-06.56.00:651][  0]LogConfig: Setting CVar [[r.AmbientOcclusionLevels:-1]]
[2020.10.06-06.56.00:651][  0]LogConfig: Setting CVar [[r.AmbientOcclusionRadiusScale:1.0]]
[2020.10.06-06.56.00:651][  0]LogConfig: Setting CVar [[r.DepthOfFieldQuality:2]]
[2020.10.06-06.56.00:651][  0]LogConfig: Setting CVar [[r.RenderTargetPoolMin:400]]
[2020.10.06-06.56.00:651][  0]LogConfig: Setting CVar [[r.LensFlareQuality:2]]
[2020.10.06-06.56.00:651][  0]LogConfig: Setting CVar [[r.SceneColorFringeQuality:1]]
[2020.10.06-06.56.00:651][  0]LogConfig: Setting CVar [[r.EyeAdaptationQuality:2]]
[2020.10.06-06.56.00:651][  0]LogConfig: Setting CVar [[r.BloomQuality:5]]
[2020.10.06-06.56.00:651][  0]LogConfig: Setting CVar [[r.FastBlurThreshold:100]]
[2020.10.06-06.56.00:651][  0]LogConfig: Setting CVar [[r.Upscale.Quality:3]]
[2020.10.06-06.56.00:651][  0]LogConfig: Setting CVar [[r.Tonemapper.GrainQuantization:1]]
[2020.10.06-06.56.00:652][  0]LogConfig: Setting CVar [[r.LightShaftQuality:1]]
[2020.10.06-06.56.00:652][  0]LogConfig: Setting CVar [[r.Filter.SizeScale:1]]
[2020.10.06-06.56.00:652][  0]LogConfig: Setting CVar [[r.Tonemapper.Quality:5]]
[2020.10.06-06.56.00:652][  0]LogConfig: Setting CVar [[r.DOF.Gather.AccumulatorQuality:1        ; higher gathering accumulator quality]]
[2020.10.06-06.56.00:652][  0]LogConfig: Setting CVar [[r.DOF.Gather.PostfilterMethod:1          ; Median3x3 postfilering method]]
[2020.10.06-06.56.00:652][  0]LogConfig: Setting CVar [[r.DOF.Gather.EnableBokehSettings:0       ; no bokeh simulation when gathering]]
[2020.10.06-06.56.00:652][  0]LogConfig: Setting CVar [[r.DOF.Gather.RingCount:4                 ; medium number of samples when gathering]]
[2020.10.06-06.56.00:652][  0]LogConfig: Setting CVar [[r.DOF.Scatter.ForegroundCompositing:1    ; additive foreground scattering]]
[2020.10.06-06.56.00:652][  0]LogConfig: Setting CVar [[r.DOF.Scatter.BackgroundCompositing:2    ; additive background scattering]]
[2020.10.06-06.56.00:652][  0]LogConfig: Setting CVar [[r.DOF.Scatter.EnableBokehSettings:1      ; bokeh simulation when scattering]]
[2020.10.06-06.56.00:652][  0]LogConfig: Setting CVar [[r.DOF.Scatter.MaxSpriteRatio:0.1         ; only a maximum of 10% of scattered bokeh]]
[2020.10.06-06.56.00:652][  0]LogConfig: Setting CVar [[r.DOF.Recombine.Quality:1                ; cheap slight out of focus]]
[2020.10.06-06.56.00:652][  0]LogConfig: Setting CVar [[r.DOF.Recombine.EnableBokehSettings:0    ; no bokeh simulation on slight out of focus]]
[2020.10.06-06.56.00:652][  0]LogConfig: Setting CVar [[r.DOF.TemporalAAQuality:1                ; more stable temporal accumulation]]
[2020.10.06-06.56.00:652][  0]LogConfig: Setting CVar [[r.DOF.Kernel.MaxForegroundRadius:0.025]]
[2020.10.06-06.56.00:652][  0]LogConfig: Setting CVar [[r.DOF.Kernel.MaxBackgroundRadius:0.025]]
[2020.10.06-06.56.00:652][  0]LogConfig: Applying CVar settings from Section [TextureQuality@3] File [C:/Users/Nandita/Desktop/Demo2020/NewUnrealDemo/RobotDemo/SimpleRobotDemo_BP/Saved/Config/Windows/Scalability.ini]
[2020.10.06-06.56.00:652][  0]LogConfig: Setting CVar [[r.Streaming.MipBias:0]]
[2020.10.06-06.56.00:652][  0]LogConfig: Setting CVar [[r.Streaming.AmortizeCPUToGPUCopy:0]]
[2020.10.06-06.56.00:652][  0]LogConfig: Setting CVar [[r.Streaming.MaxNumTexturesToStreamPerFrame:0]]
[2020.10.06-06.56.00:652][  0]LogConfig: Setting CVar [[r.Streaming.Boost:1]]
[2020.10.06-06.56.00:652][  0]LogConfig: Setting CVar [[r.MaxAnisotropy:8]]
[2020.10.06-06.56.00:652][  0]LogConfig: Setting CVar [[r.VT.MaxAnisotropy:8]]
[2020.10.06-06.56.00:652][  0]LogConfig: Setting CVar [[r.Streaming.LimitPoolSizeToVRAM:0]]
[2020.10.06-06.56.00:653][  0]LogConfig: Setting CVar [[r.Streaming.PoolSize:1000]]
[2020.10.06-06.56.00:653][  0]LogConfig: Setting CVar [[r.Streaming.MaxEffectiveScreenSize:0]]
[2020.10.06-06.56.00:653][  0]LogConfig: Applying CVar settings from Section [EffectsQuality@3] File [C:/Users/Nandita/Desktop/Demo2020/NewUnrealDemo/RobotDemo/SimpleRobotDemo_BP/Saved/Config/Windows/Scalability.ini]
[2020.10.06-06.56.00:653][  0]LogConfig: Setting CVar [[r.TranslucencyLightingVolumeDim:64]]
[2020.10.06-06.56.00:653][  0]LogConfig: Setting CVar [[r.RefractionQuality:2]]
[2020.10.06-06.56.00:653][  0]LogConfig: Setting CVar [[r.SSR.Quality:3]]
[2020.10.06-06.56.00:653][  0]LogConfig: Setting CVar [[r.SSR.HalfResSceneColor:0]]
[2020.10.06-06.56.00:653][  0]LogConfig: Setting CVar [[r.SceneColorFormat:4]]
[2020.10.06-06.56.00:653][  0]LogConfig: Setting CVar [[r.DetailMode:2]]
[2020.10.06-06.56.00:653][  0]LogConfig: Setting CVar [[r.TranslucencyVolumeBlur:1]]
[2020.10.06-06.56.00:653][  0]LogConfig: Setting CVar [[r.MaterialQualityLevel:1 ; High quality]]
[2020.10.06-06.56.00:653][  0]LogConfig: Setting CVar [[r.SSS.Scale:1]]
[2020.10.06-06.56.00:653][  0]LogConfig: Setting CVar [[r.SSS.SampleSet:2]]
[2020.10.06-06.56.00:653][  0]LogConfig: Setting CVar [[r.SSS.Quality:1]]
[2020.10.06-06.56.00:653][  0]LogConfig: Setting CVar [[r.SSS.HalfRes:0]]
[2020.10.06-06.56.00:653][  0]LogConfig: Setting CVar [[r.SSGI.Quality:3]]
[2020.10.06-06.56.00:653][  0]LogConfig: Setting CVar [[r.EmitterSpawnRateScale:1.0]]
[2020.10.06-06.56.00:653][  0]LogConfig: Setting CVar [[r.ParticleLightQuality:2]]
[2020.10.06-06.56.00:653][  0]LogConfig: Setting CVar [[r.SkyAtmosphere.AerialPerspectiveLUT.FastApplyOnOpaque:1 ; Always have FastSkyLUT 1 in this case to avoid wrong sky]]
[2020.10.06-06.56.00:653][  0]LogConfig: Setting CVar [[r.SkyAtmosphere.AerialPerspectiveLUT.SampleCountPerSlice:1]]
[2020.10.06-06.56.00:653][  0]LogConfig: Setting CVar [[r.SkyAtmosphere.AerialPerspectiveLUT.DepthResolution:16.0]]
[2020.10.06-06.56.00:653][  0]LogConfig: Setting CVar [[r.SkyAtmosphere.FastSkyLUT:1]]
[2020.10.06-06.56.00:653][  0]LogConfig: Setting CVar [[r.SkyAtmosphere.FastSkyLUT.SampleCountMin:4.0]]
[2020.10.06-06.56.00:653][  0]LogConfig: Setting CVar [[r.SkyAtmosphere.FastSkyLUT.SampleCountMax:32.0]]
[2020.10.06-06.56.00:653][  0]LogConfig: Setting CVar [[r.SkyAtmosphere.SampleCountMin:4.0]]
[2020.10.06-06.56.00:653][  0]LogConfig: Setting CVar [[r.SkyAtmosphere.SampleCountMax:32.0]]
[2020.10.06-06.56.00:653][  0]LogConfig: Setting CVar [[r.SkyAtmosphere.TransmittanceLUT.UseSmallFormat:0]]
[2020.10.06-06.56.00:653][  0]LogConfig: Setting CVar [[r.SkyAtmosphere.TransmittanceLUT.SampleCount:10.0]]
[2020.10.06-06.56.00:653][  0]LogConfig: Setting CVar [[r.SkyAtmosphere.MultiScatteringLUT.SampleCount:15.0]]
[2020.10.06-06.56.00:654][  0]LogConfig: Applying CVar settings from Section [FoliageQuality@3] File [C:/Users/Nandita/Desktop/Demo2020/NewUnrealDemo/RobotDemo/SimpleRobotDemo_BP/Saved/Config/Windows/Scalability.ini]
[2020.10.06-06.56.00:654][  0]LogConfig: Setting CVar [[foliage.DensityScale:1.0]]
[2020.10.06-06.56.00:654][  0]LogConfig: Setting CVar [[grass.DensityScale:1.0]]
[2020.10.06-06.56.00:654][  0]LogConfig: Applying CVar settings from Section [ShadingQuality@3] File [C:/Users/Nandita/Desktop/Demo2020/NewUnrealDemo/RobotDemo/SimpleRobotDemo_BP/Saved/Config/Windows/Scalability.ini]
[2020.10.06-06.56.00:654][  0]LogConfig: Setting CVar [[r.HairStrands.SkyLighting.SampleCount:16]]
[2020.10.06-06.56.00:654][  0]LogConfig: Setting CVar [[r.HairStrands.SkyLighting.JitterIntegration:0]]
[2020.10.06-06.56.00:654][  0]LogConfig: Setting CVar [[r.HairStrands.SkyAO.SampleCount:16]]
[2020.10.06-06.56.00:654][  0]LogConfig: Setting CVar [[r.HairStrands.DeepShadow.SuperSampling:0]]
[2020.10.06-06.56.00:654][  0]LogConfig: Setting CVar [[r.HairStrands.VisibilityPPLL:0]]
[2020.10.06-06.56.00:654][  0]LogConfig: Setting CVar [[r.HairStrands.RasterizationScale:0.5]]
[2020.10.06-06.56.00:654][  0]LogConfig: Setting CVar [[r.HairStrands.VelocityRasterizationScale:1]]
[2020.10.06-06.56.00:654][  0]LogConfig: Applying CVar settings from Section [Startup] File [../../../Engine/Config/ConsoleVariables.ini]
[2020.10.06-06.56.00:655][  0]LogConfig: Setting CVar [[net.UseAdaptiveNetUpdateFrequency:0]]
[2020.10.06-06.56.00:655][  0]LogConfig: Setting CVar [[p.chaos.AllowCreatePhysxBodies:1]]
[2020.10.06-06.56.00:655][  0]LogConfig: Setting CVar [[fx.SkipVectorVMBackendOptimizations:1]]
[2020.10.06-06.56.00:655][  0]LogConfig: Applying CVar settings from Section [ConsoleVariables] File [C:/Users/Nandita/Desktop/Demo2020/NewUnrealDemo/RobotDemo/SimpleRobotDemo_BP/Saved/Config/Windows/Engine.ini]
[2020.10.06-06.56.00:655][  0]LogInit: Computer: DESKTOP-R9OUND7
[2020.10.06-06.56.00:655][  0]LogInit: User: Nandita
[2020.10.06-06.56.00:655][  0]LogInit: CPU Page size=4096, Cores=2
[2020.10.06-06.56.00:655][  0]LogInit: High frequency timer resolution =10.000000 MHz
[2020.10.06-06.56.00:655][  0]LogMemory: Memory total: Physical=11.9GB (12GB approx)
[2020.10.06-06.56.00:655][  0]LogMemory: Platform Memory Stats for Windows
[2020.10.06-06.56.00:655][  0]LogMemory: Process Physical Memory: 112.16 MB used, 112.16 MB peak
[2020.10.06-06.56.00:655][  0]LogMemory: Process Virtual Memory: 94.89 MB used, 94.89 MB peak
[2020.10.06-06.56.00:655][  0]LogMemory: Physical Memory: 5379.00 MB used,  6839.14 MB free, 12218.15 MB total
[2020.10.06-06.56.00:656][  0]LogMemory: Virtual Memory: 5109.99 MB used,  134212616.00 MB free, 134217728.00 MB total
[2020.10.06-06.56.00:667][  0]LogWindows: WindowsPlatformFeatures disabled or dedicated server build
[2020.10.06-06.56.00:715][  0]LogInit: Physics initialised using underlying interface: PhysX
[2020.10.06-06.56.00:715][  0]LogInit: Using OS detected language (en-US).
[2020.10.06-06.56.00:715][  0]LogInit: Using OS detected locale (en-IN).
[2020.10.06-06.56.00:729][  0]LogTextLocalizationManager: No specific localization for 'en-US' exists, so the 'en' localization will be used.
[2020.10.06-06.56.02:744][  0]LogTargetPlatformManager: Display: Loaded TargetPlatform 'WindowsNoEditor'
[2020.10.06-06.56.02:757][  0]LogTargetPlatformManager: Display: Loaded TargetPlatform 'Windows'
[2020.10.06-06.56.02:784][  0]LogTargetPlatformManager: Display: Loaded TargetPlatform 'WindowsClient'
[2020.10.06-06.56.02:810][  0]LogTargetPlatformManager: Display: Loaded TargetPlatform 'WindowsServer'
[2020.10.06-06.56.02:810][  0]LogTargetPlatformManager: Display: Building Assets For Windows
[2020.10.06-06.56.02:827][  0]LogAudioDebug: Display: Lib vorbis DLL was dynamically loaded.
[2020.10.06-06.56.02:963][  0]LogShaderCompilers: Guid format shader working directory is -44 characters bigger than the processId version (../../../../../../Users/Nandita/Desktop/Demo2020/NewUnrealDemo/RobotDemo/SimpleRobotDemo_BP/Intermediate/Shaders/WorkingDirectory/11920/).
[2020.10.06-06.56.02:964][  0]LogShaderCompilers: Cleaned the shader compiler working directory 'C:/Users/Nandita/AppData/Local/Temp/UnrealShaderWorkingDir/8600F9ED41709A91FD6064A932A01416/'.
[2020.10.06-06.56.02:965][  0]LogXGEController: Cannot use XGE Controller as Incredibuild is not installed on this machine.
[2020.10.06-06.56.02:965][  0]LogShaderCompilers: Cannot use XGE Shader Compiler as Incredibuild is not installed on this machine.
[2020.10.06-06.56.02:965][  0]LogShaderCompilers: Display: Using Local Shader Compiler.
[2020.10.06-06.56.04:473][  0]LogDerivedDataCache: Display: Max Cache Size: 512 MB
[2020.10.06-06.56.04:607][  0]LogDerivedDataCache: Loaded boot cache 0.13s 76MB C:/Users/Nandita/AppData/Local/UnrealEngine/4.25/DerivedDataCache/Boot.ddc.
[2020.10.06-06.56.04:607][  0]LogDerivedDataCache: Display: Loaded Boot cache: C:/Users/Nandita/AppData/Local/UnrealEngine/4.25/DerivedDataCache/Boot.ddc
[2020.10.06-06.56.04:608][  0]LogDerivedDataCache: FDerivedDataBackendGraph:  Pak pak cache file ../../../../../../Users/Nandita/Desktop/Demo2020/NewUnrealDemo/RobotDemo/SimpleRobotDemo_BP/DerivedDataCache/DDC.ddp not found, will not use a pak cache.
[2020.10.06-06.56.04:608][  0]LogDerivedDataCache: Unable to find inner node Pak for hierarchical cache Hierarchy.
[2020.10.06-06.56.04:608][  0]LogDerivedDataCache: FDerivedDataBackendGraph:  CompressedPak pak cache file ../../../../../../Users/Nandita/Desktop/Demo2020/NewUnrealDemo/RobotDemo/SimpleRobotDemo_BP/DerivedDataCache/Compressed.ddp not found, will not use a pak cache.
[2020.10.06-06.56.04:608][  0]LogDerivedDataCache: Unable to find inner node CompressedPak for hierarchical cache Hierarchy.
[2020.10.06-06.56.04:635][  0]LogDerivedDataCache: Display: Pak cache opened for reading ../../../Engine/DerivedDataCache/Compressed.ddp.
[2020.10.06-06.56.04:636][  0]LogDerivedDataCache: FDerivedDataBackendGraph:  EnterprisePak pak cache file ../../../Enterprise/DerivedDataCache/Compressed.ddp not found, will not use a pak cache.
[2020.10.06-06.56.04:636][  0]LogDerivedDataCache: Unable to find inner node EnterprisePak for hierarchical cache Hierarchy.
[2020.10.06-06.56.04:638][  0]LogDerivedDataCache: Using Local data cache path C:/Users/Nandita/AppData/Local/UnrealEngine/Common/DerivedDataCache: Writable
[2020.10.06-06.56.04:638][  0]LogDerivedDataCache: Shared data cache path not found in *engine.ini, will not use an Shared cache.
[2020.10.06-06.56.04:638][  0]LogDerivedDataCache: Unable to find inner node Shared for hierarchical cache Hierarchy.
[2020.10.06-06.56.04:645][  0]LogInit: Using OS detected language (en-US).
[2020.10.06-06.56.04:645][  0]LogInit: Using OS detected locale (en-IN).
[2020.10.06-06.56.04:646][  0]LogTextLocalizationManager: No localization for 'en-US' exists, so 'en' will be used for the language.
[2020.10.06-06.56.04:646][  0]LogTextLocalizationManager: No localization for 'en-IN' exists, so 'en' will be used for the locale.
[2020.10.06-06.56.04:648][  0]LogTextLocalizationManager: Compacting localization data took   0.00ms
[2020.10.06-06.56.04:656][  0]LogAssetRegistry: FAssetRegistry took 0.0047 seconds to start up
[2020.10.06-06.56.05:129][  0]LogPackageLocalizationCache: Processed 19 localized package path(s) for 1 prioritized culture(s) in 0.001995 seconds
[2020.10.06-06.56.05:252][  0]LogInit: Selected Device Profile: [Windows]
[2020.10.06-06.56.05:337][  0]LogMeshReduction: Using QuadricMeshReduction for automatic static mesh reduction
[2020.10.06-06.56.05:337][  0]LogMeshReduction: Using SimplygonMeshReduction for automatic skeletal mesh reduction
[2020.10.06-06.56.05:337][  0]LogMeshReduction: Using ProxyLODMeshReduction for automatic mesh merging
[2020.10.06-06.56.05:337][  0]LogMeshReduction: No distributed automatic mesh merging module available
[2020.10.06-06.56.05:337][  0]LogMeshMerging: No distributed automatic mesh merging module available
[2020.10.06-06.56.05:373][  0]LogNetVersion: SimpleRobotDemo_BP 1.0.0, NetCL: 13144385, EngineNetVer: 14, GameNetVer: 0 (Checksum: 3713622887)
[2020.10.06-06.56.05:622][  0]LogAISub: UAISubsystem::UAISubsystem AISubsystem (000002193A96B500), frame # 0
[2020.10.06-06.56.05:622][  0]LogAISub: UAISubsystem::UAISubsystem AIPerceptionSystem (000002193A93F380), frame # 0
[2020.10.06-06.56.05:626][  0]LogAISub: UAISubsystem::UAISubsystem EnvQueryManager (000002193A9F0600), frame # 0
[2020.10.06-06.56.05:828][  0]LogCollectionManager: Loaded 0 collections in 0.004633 seconds
[2020.10.06-06.56.05:845][  0]LogCollectionManager: Fixed up redirectors for 0 collections in 0.000006 seconds (updated 0 objects)
[2020.10.06-06.56.06:288][  0]LogFileCache: Scanning file cache for directory 'C:/Users/Nandita/Desktop/Demo2020/NewUnrealDemo/RobotDemo/SimpleRobotDemo_BP/Saved/Collections/' took 0.02s
[2020.10.06-06.56.06:288][  0]LogFileCache: Scanning file cache for directory 'C:/Users/Nandita/Desktop/Demo2020/NewUnrealDemo/RobotDemo/SimpleRobotDemo_BP/Content/Developers/Nandita/Collections/' took 0.01s
[2020.10.06-06.56.06:288][  0]LogFileCache: Scanning file cache for directory 'C:/Users/Nandita/Desktop/Demo2020/NewUnrealDemo/RobotDemo/SimpleRobotDemo_BP/Content/Collections/' took 0.01s
[2020.10.06-06.56.06:288][  0]LogTcpMessaging: Initializing TcpMessaging bridge
[2020.10.06-06.56.06:298][  0]LogUdpMessaging: Initializing bridge on interface 0.0.0.0:0 to multicast group 230.0.0.1:6666.
[2020.10.06-06.56.06:370][  0]LogSteamShared: Display: Loading Steam SDK 1.47
[2020.10.06-06.56.06:372][  0]LogSteamShared: Steam SDK Loaded!
[2020.10.06-06.56.06:403][  0]SourceControl: Source control is disabled
[2020.10.06-06.56.06:403][  0]SourceControl: Source control is disabled
[2020.10.06-06.56.06:421][  0]SourceControl: Source control is disabled
[2020.10.06-06.56.06:713][  0]LogAndroidPermission: UAndroidPermissionCallbackProxy::GetInstance
[2020.10.06-06.56.06:753][  0]LogAudioCaptureCore: Display: No Audio Capture implementations found. Audio input will be silent.
[2020.10.06-06.56.06:753][  0]LogAudioCaptureCore: Display: No Audio Capture implementations found. Audio input will be silent.
[2020.10.06-06.56.06:843][  0]LogOcInput: OculusInput pre-init called
[2020.10.06-06.56.06:857][  0]LogSockets: SteamSockets: Disabled due to no Steam OSS running.
[2020.10.06-06.56.06:899][  0]LogUObjectArray: 18917 objects as part of root set at end of initial load.
[2020.10.06-06.56.06:899][  0]LogUObjectAllocator: 4977760 out of 0 bytes used by permanent object pool.
[2020.10.06-06.56.06:899][  0]LogUObjectArray: CloseDisregardForGC: 0/0 objects in disregard for GC pool
[2020.10.06-06.56.06:998][  0]LogEngine: Initializing Engine...
[2020.10.06-06.56.07:003][  0]LogGameplayTags: NetworkGameplayTagNodeIndexHash is e125c222
[2020.10.06-06.56.07:003][  0]LogStats: UGameplayTagsManager::InitializeManager -  0.001 s
[2020.10.06-06.56.07:033][  0]LogInit: Initializing FReadOnlyCVARCache
[2020.10.06-06.56.07:033][  0]LogNetVersion: Set ProjectVersion to 1.0.0.0. Version Checksum will be recalculated on next use.
[2020.10.06-06.56.07:042][  0]LogInit: Texture streaming: Disabled
[2020.10.06-06.56.07:113][  0]LogInit: Display: Game Engine Initialized.
[2020.10.06-06.56.07:114][  0]LogGameplayTags: NetworkGameplayTagNodeIndexHash is e125c222
[2020.10.06-06.56.07:114][  0]LogNiagaraEditor: Warning: GEditor isn't valid! Particle reset commands will not work for Niagara components!
[2020.10.06-06.56.07:176][  0]LogInit: Display: Starting Game.
[2020.10.06-06.56.07:176][  0]LogNet: Browse: /Game/ThirdPersonBP/Maps/ThirdPersonExampleMap?Name=Player
[2020.10.06-06.56.07:176][  0]LogLoad: LoadMap: /Game/ThirdPersonBP/Maps/ThirdPersonExampleMap?Name=Player
[2020.10.06-06.56.07:176][  0]LogWorld: BeginTearingDown for /Temp/Untitled_0
[2020.10.06-06.56.07:178][  0]LogWorld: UWorld::CleanupWorld for Untitled, bSessionEnded=true, bCleanupResources=true
[2020.10.06-06.56.07:197][  0]LogUObjectHash: Compacting FUObjectHashTables data took   1.47ms
[2020.10.06-06.56.07:843][  0]LogAIModule: Creating AISystem for world ThirdPersonExampleMap
[2020.10.06-06.56.07:843][  0]LogAISub: UAISubsystem::UAISubsystem EnvQueryManager (0000021931EB6C00), frame # 0
[2020.10.06-06.56.07:843][  0]LogAISub: UAISubsystem::UAISubsystem AIPerceptionSystem (000002193B2874C0), frame # 0
[2020.10.06-06.56.10:226][  0]LogBlueprint: Warning: [Compiler RenderToTexture_LevelBP] Component class is not set for 'Debug' - this component will not be instanced, and additional warnings or errors may occur when compiling Blueprint 'RenderToTexture_LevelBP'.
[2020.10.06-06.56.11:251][  0]LogBlueprint: Error: [Compiler RenderToTexture_LevelBP] Can't connect pins  ReturnValue  and  Target : Actor Component Object Reference is not compatible with Text Render Component Object Reference.
[2020.10.06-06.56.11:252][  0]LogBlueprint: Error: [Compiler RenderToTexture_LevelBP] Unknown template referenced by 'Add Component
Target is Actor' for  Add Component
[2020.10.06-06.56.11:253][  0]LogBlueprint: Error: [Compiler RenderToTexture_LevelBP] Can't connect pins  ReturnValue  and  Target : Actor Component Object Reference is not compatible with Text Render Component Object Reference.
[2020.10.06-06.56.11:253][  0]LogBlueprint: Error: [Compiler RenderToTexture_LevelBP] Unknown template referenced by 'Add Component
Target is Actor' for  Add Component
[2020.10.06-06.56.11:283][  0]LogBlueprint: Error: [Compiler RenderToTexture_LevelBP] Can't connect pins  Target  and  ReturnValue : Text Render Component Object Reference is not compatible with Actor Component Object Reference.
[2020.10.06-06.56.11:285][  0]LogBlueprint: Error: [Compiler RenderToTexture_LevelBP] Can't connect pins  Target  and  ReturnValue : Text Render Component Object Reference is not compatible with Actor Component Object Reference.
[2020.10.06-06.56.11:575][  0]LogBlueprint: Error: [Compiler RenderToTexture_LevelBP] Can't connect pins  ReturnValue  and  Target : Actor Component Object Reference is not compatible with Text Render Component Object Reference.
[2020.10.06-06.56.11:575][  0]LogBlueprint: Error: [Compiler RenderToTexture_LevelBP] Unknown template referenced by 'Add Component
Target is Actor' for  Add Component
[2020.10.06-06.56.11:578][  0]LogBlueprint: Error: [Compiler RenderToTexture_LevelBP] Can't connect pins  ReturnValue  and  Target : Actor Component Object Reference is not compatible with Text Render Component Object Reference.
[2020.10.06-06.56.11:579][  0]LogBlueprint: Error: [Compiler RenderToTexture_LevelBP] Unknown template referenced by 'Add Component
Target is Actor' for  Add Component
[2020.10.06-06.56.11:583][  0]LogBlueprint: Error: [Compiler RenderToTexture_LevelBP] Can't connect pins  Target  and  ReturnValue : Text Render Component Object Reference is not compatible with Actor Component Object Reference.
[2020.10.06-06.56.11:585][  0]LogBlueprint: Error: [Compiler RenderToTexture_LevelBP] Can't connect pins  Target  and  ReturnValue : Text Render Component Object Reference is not compatible with Actor Component Object Reference.
[2020.10.06-06.56.11:775][  0]LogBlueprint: Error: [Compiler RenderToTexture_LevelBP] Can't connect pins  ReturnValue  and  Target : Actor Component Object Reference is not compatible with Text Render Component Object Reference.
[2020.10.06-06.56.11:775][  0]LogBlueprint: Error: [Compiler RenderToTexture_LevelBP] Unknown template referenced by 'Add Component
Target is Actor' for  Add Component
[2020.10.06-06.56.11:777][  0]LogBlueprint: Error: [Compiler RenderToTexture_LevelBP] Can't connect pins  ReturnValue  and  Target : Actor Component Object Reference is not compatible with Text Render Component Object Reference.
[2020.10.06-06.56.11:779][  0]LogBlueprint: Error: [Compiler RenderToTexture_LevelBP] Unknown template referenced by 'Add Component
Target is Actor' for  Add Component
[2020.10.06-06.56.11:798][  0]LogBlueprint: Error: [Compiler RenderToTexture_LevelBP] Can't connect pins  Target  and  ReturnValue : Text Render Component Object Reference is not compatible with Actor Component Object Reference.
[2020.10.06-06.56.11:800][  0]LogBlueprint: Error: [Compiler RenderToTexture_LevelBP] Can't connect pins  Target  and  ReturnValue : Text Render Component Object Reference is not compatible with Actor Component Object Reference.
[2020.10.06-06.56.15:191][  0]LogLoad: Game class is 'RenderToTexture_Game_C'
[2020.10.06-06.56.15:192][  0]LogNet: Applying EmulationProfile Average
[2020.10.06-06.56.15:193][  0]LogNet: Applying EmulationProfile Average
[2020.10.06-06.56.15:193][  0]LogNet: Applying EmulationProfile Average
[2020.10.06-06.56.15:194][  0]LogNet: ReplicationDriverClass is null! Not using ReplicationDriver.
[2020.10.06-06.56.15:195][  0]LogNetCore: DDoS detection status: detection enabled: 0 analytics enabled: 0
[2020.10.06-06.56.15:195][  0]LogInit: WinSock: Socket queue. Rx: 131072 (config 131072) Tx: 131072 (config 131072)
[2020.10.06-06.56.15:195][  0]LogNet: Created socket for bind address: 0.0.0.0 on port 17777
[2020.10.06-06.56.15:196][  0]PacketHandlerLog: Loaded PacketHandler component: Engine.EngineHandlerComponentFactory (StatelessConnectHandlerComponent)
[2020.10.06-06.56.15:196][  0]LogNet: GameNetDriver IpNetDriver_0 IpNetDriver listening on port 17777
[2020.10.06-06.56.15:221][  0]LogWorld: Bringing World /Game/ThirdPersonBP/Maps/ThirdPersonExampleMap.ThirdPersonExampleMap up for play (max tick rate 30) at 2020.10.06-12.26.15
[2020.10.06-06.56.15:222][  0]LogWorld: Bringing up level for play took: 0.024535
[2020.10.06-06.56.15:224][  0]LogGameMode: Display: Match State Changed from EnteringMap to WaitingToStart
[2020.10.06-06.56.15:226][  0]LogGameState: Match State Changed from EnteringMap to WaitingToStart
[2020.10.06-06.56.15:226][  0]LogLoad: Took 8.050877 seconds to LoadMap(/Game/ThirdPersonBP/Maps/ThirdPersonExampleMap)
[2020.10.06-06.56.15:342][  0]LogLoad: (Engine Initialization) Total time: 19.78 seconds
[2020.10.06-06.56.15:343][  0]LogLoad: (Engine Initialization) Total Blueprint compile time: 0.00 seconds
[2020.10.06-06.56.15:500][  3]LogNet: NotifyAcceptingConnection accepted from: 127.0.0.1:50690
[2020.10.06-06.56.15:500][  3]LogHandshake: SendConnectChallenge. Timestamp: 0.152521, Cookie: 201068087238236137043083059170125230062206078076231116189240
[2020.10.06-06.56.15:536][  4]LogNet: NotifyAcceptingConnection accepted from: 127.0.0.1:50690
[2020.10.06-06.56.15:536][  4]LogHandshake: SendChallengeAck. InCookie: 201068087238236137043083059170125230062206078076231116189240
[2020.10.06-06.56.15:537][  4]LogNet: Server accepting post-challenge connection from: 127.0.0.1:50690
[2020.10.06-06.56.15:539][  4]PacketHandlerLog: Loaded PacketHandler component: Engine.EngineHandlerComponentFactory (StatelessConnectHandlerComponent)
[2020.10.06-06.56.15:539][  4]LogNet: NotifyAcceptedConnection: Name: ThirdPersonExampleMap, TimeStamp: 10/06/20 12:26:15, [UNetConnection] RemoteAddr: 127.0.0.1:50690, Name: IpConnection_0, Driver: GameNetDriver IpNetDriver_0, IsServer: YES, PC: NULL, Owner: NULL, UniqueId: INVALID
[2020.10.06-06.56.15:540][  4]LogNet: AddClientConnection: Added client connection: [UNetConnection] RemoteAddr: 127.0.0.1:50690, Name: IpConnection_0, Driver: GameNetDriver IpNetDriver_0, IsServer: YES, PC: NULL, Owner: NULL, UniqueId: INVALID
[2020.10.06-06.56.15:637][  7]LogNet: NotifyAcceptingConnection accepted from: 127.0.0.1:50691
[2020.10.06-06.56.15:638][  7]LogHandshake: SendConnectChallenge. Timestamp: 0.289379, Cookie: 102109048244149076001195252020193073076112030022031134104096
[2020.10.06-06.56.15:638][  7]LogNet: NotifyAcceptingChannel Control 0 server World /Game/ThirdPersonBP/Maps/ThirdPersonExampleMap.ThirdPersonExampleMap: Accepted
[2020.10.06-06.56.15:639][  7]LogNet: Remote platform little endian=1
[2020.10.06-06.56.15:639][  7]LogNet: This platform little endian=1
[2020.10.06-06.56.15:639][  7]LogNetVersion: SimpleRobotDemo_BP 1.0.0.0, NetCL: 13144385, EngineNetVer: 14, GameNetVer: 0 (Checksum: 733007726)
[2020.10.06-06.56.15:672][  8]LogNet: NotifyAcceptingConnection accepted from: 127.0.0.1:50691
[2020.10.06-06.56.15:672][  8]LogHandshake: SendChallengeAck. InCookie: 102109048244149076001195252020193073076112030022031134104096
[2020.10.06-06.56.15:672][  8]LogNet: Server accepting post-challenge connection from: 127.0.0.1:50691
[2020.10.06-06.56.15:673][  8]PacketHandlerLog: Loaded PacketHandler component: Engine.EngineHandlerComponentFactory (StatelessConnectHandlerComponent)
[2020.10.06-06.56.15:674][  8]LogNet: NotifyAcceptedConnection: Name: ThirdPersonExampleMap, TimeStamp: 10/06/20 12:26:15, [UNetConnection] RemoteAddr: 127.0.0.1:50691, Name: IpConnection_1, Driver: GameNetDriver IpNetDriver_0, IsServer: YES, PC: NULL, Owner: NULL, UniqueId: INVALID
[2020.10.06-06.56.15:674][  8]LogNet: AddClientConnection: Added client connection: [UNetConnection] RemoteAddr: 127.0.0.1:50691, Name: IpConnection_1, Driver: GameNetDriver IpNetDriver_0, IsServer: YES, PC: NULL, Owner: NULL, UniqueId: INVALID
[2020.10.06-06.56.15:740][ 10]LogNet: NotifyAcceptingChannel Control 0 server World /Game/ThirdPersonBP/Maps/ThirdPersonExampleMap.ThirdPersonExampleMap: Accepted
[2020.10.06-06.56.15:740][ 10]LogNet: Remote platform little endian=1
[2020.10.06-06.56.15:740][ 10]LogNet: This platform little endian=1
[2020.10.06-06.56.15:812][ 12]LogNet: Login request: ?Name=DESKTOP-R9OUND7-25996F3146E79272B7E8E8963C36AA9F userId: NULL:DESKTOP-R9OUND7-25996F3146E79272B7E8E8963C36AA9F platform: NULL
[2020.10.06-06.56.15:916][ 15]LogNet: Login request: ?Name=DESKTOP-R9OUND7-EFAEFC184DB738CE8641C89D5452CC91 userId: NULL:DESKTOP-R9OUND7-EFAEFC184DB738CE8641C89D5452CC91 platform: NULL
[2020.10.06-06.56.15:983][ 17]LogNet: Client netspeed is 10000
[2020.10.06-06.56.16:757][ 40]LogNet: Join request: /Engine/Maps/Entry?Name=DESKTOP-R9OUND7-25996F3146E79272B7E8E8963C36AA9F?SplitscreenCount=1
[2020.10.06-06.56.16:758][ 40]LogOnlineSession: Warning: OSS: No game present to join for session (GameSession)
[2020.10.06-06.56.16:762][ 40]LogGameMode: Display: Match State Changed from WaitingToStart to InProgress
[2020.10.06-06.56.16:764][ 40]LogGameState: Match State Changed from WaitingToStart to InProgress
[2020.10.06-06.56.16:764][ 40]LogNet: Join succeeded: DESKTOP-R9OUND7-2599
[2020.10.06-06.56.16:824][ 42]LogNet: Client netspeed is 10000
[2020.10.06-06.56.16:824][ 42]LogNet: Join request: /Engine/Maps/Entry?Name=DESKTOP-R9OUND7-EFAEFC184DB738CE8641C89D5452CC91?SplitscreenCount=1
[2020.10.06-06.56.16:827][ 42]LogOnlineSession: Warning: OSS: No game present to join for session (GameSession)
[2020.10.06-06.56.16:829][ 42]LogNet: Join succeeded: DESKTOP-R9OUND7-EFAE
[2020.10.06-06.56.16:927][ 45]LogScript: Warning: Script Msg: Attempted to access index 0 from array 'CallFunc_GetAllActorsOfClass_OutActors' of length 0 in '/Engine/ArtTools/RenderToTexture/Blueprints/RenderToTexture_Pawn.RenderToTexture_Pawn_C:ExecuteUbergraph_RenderToTexture_Pawn'!
[2020.10.06-06.56.16:927][ 45]LogScript: Warning: Script Msg: Attempted to access index 0 from array 'CallFunc_GetAllActorsOfClass_OutActors' of length 0 in '/Engine/ArtTools/RenderToTexture/Blueprints/RenderToTexture_Pawn.RenderToTexture_Pawn_C:ExecuteUbergraph_RenderToTexture_Pawn'!
[2020.10.06-06.56.16:927][ 45]LogScript: Warning: Accessed None trying to read property CallFunc_Array_Get_Item
	RenderToTexture_Pawn_C /Game/ThirdPersonBP/Maps/ThirdPersonExampleMap.ThirdPersonExampleMap:PersistentLevel.RenderToTexture_Pawn_C_0
	Function /Engine/ArtTools/RenderToTexture/Blueprints/RenderToTexture_Pawn.RenderToTexture_Pawn_C:ExecuteUbergraph_RenderToTexture_Pawn:16F0
[2020.10.06-06.56.16:927][ 45]LogScript: Warning: Script call stack:
	Function /Engine/ArtTools/RenderToTexture/Blueprints/RenderToTexture_Pawn.RenderToTexture_Pawn_C:ExecuteUbergraph_RenderToTexture_Pawn

[2020.10.06-06.56.16:927][ 45]LogScript: Warning: Script Msg: Attempted to access index 0 from array 'CallFunc_GetAllActorsOfClass_OutActors' of length 0 in '/Engine/ArtTools/RenderToTexture/Blueprints/RenderToTexture_Pawn.RenderToTexture_Pawn_C:ExecuteUbergraph_RenderToTexture_Pawn'!
[2020.10.06-06.56.16:927][ 45]LogScript: Warning: Accessed None trying to read property CallFunc_Array_Get_Item
	RenderToTexture_Pawn_C /Game/ThirdPersonBP/Maps/ThirdPersonExampleMap.ThirdPersonExampleMap:PersistentLevel.RenderToTexture_Pawn_C_0
	Function /Engine/ArtTools/RenderToTexture/Blueprints/RenderToTexture_Pawn.RenderToTexture_Pawn_C:ExecuteUbergraph_RenderToTexture_Pawn:1759
[2020.10.06-06.56.16:927][ 45]LogScript: Warning: Script call stack:
	Function /Engine/ArtTools/RenderToTexture/Blueprints/RenderToTexture_Pawn.RenderToTexture_Pawn_C:ExecuteUbergraph_RenderToTexture_Pawn

[2020.10.06-06.56.16:928][ 45]LogScript: Warning: Accessed None
	RenderToTexture_Pawn_C /Game/ThirdPersonBP/Maps/ThirdPersonExampleMap.ThirdPersonExampleMap:PersistentLevel.RenderToTexture_Pawn_C_0
	Function /Engine/ArtTools/RenderToTexture/Blueprints/RenderToTexture_Pawn.RenderToTexture_Pawn_C:ExecuteUbergraph_RenderToTexture_Pawn:176E
[2020.10.06-06.56.16:928][ 45]LogScript: Warning: Script call stack:
	Function /Engine/ArtTools/RenderToTexture/Blueprints/RenderToTexture_Pawn.RenderToTexture_Pawn_C:ExecuteUbergraph_RenderToTexture_Pawn

[2020.10.06-06.56.16:928][ 45]LogScript: Warning: Script Msg: Attempted to access index 0 from array 'CallFunc_GetAllActorsOfClass_OutActors' of length 0 in '/Engine/ArtTools/RenderToTexture/Blueprints/RenderToTexture_Pawn.RenderToTexture_Pawn_C:ExecuteUbergraph_RenderToTexture_Pawn'!
[2020.10.06-06.56.16:928][ 45]LogScript: Warning: Accessed None trying to read property CallFunc_Array_Get_Item
	RenderToTexture_Pawn_C /Game/ThirdPersonBP/Maps/ThirdPersonExampleMap.ThirdPersonExampleMap:PersistentLevel.RenderToTexture_Pawn_C_0
	Function /Engine/ArtTools/RenderToTexture/Blueprints/RenderToTexture_Pawn.RenderToTexture_Pawn_C:ExecuteUbergraph_RenderToTexture_Pawn:180C
[2020.10.06-06.56.16:928][ 45]LogScript: Warning: Script call stack:
	Function /Engine/ArtTools/RenderToTexture/Blueprints/RenderToTexture_Pawn.RenderToTexture_Pawn_C:ExecuteUbergraph_RenderToTexture_Pawn

[2020.10.06-06.56.16:928][ 45]LogScript: Warning: Accessed None
	RenderToTexture_Pawn_C /Game/ThirdPersonBP/Maps/ThirdPersonExampleMap.ThirdPersonExampleMap:PersistentLevel.RenderToTexture_Pawn_C_0
	Function /Engine/ArtTools/RenderToTexture/Blueprints/RenderToTexture_Pawn.RenderToTexture_Pawn_C:ExecuteUbergraph_RenderToTexture_Pawn:1821
[2020.10.06-06.56.16:928][ 45]LogScript: Warning: Script call stack:
	Function /Engine/ArtTools/RenderToTexture/Blueprints/RenderToTexture_Pawn.RenderToTexture_Pawn_C:ExecuteUbergraph_RenderToTexture_Pawn

[2020.10.06-06.56.16:929][ 45]r.BufferVisualizationDumpFrames = "1"
[2020.10.06-06.56.16:929][ 45]LogScript: Warning: Accessed None trying to read property Generator
	RenderToTexture_Pawn_C /Game/ThirdPersonBP/Maps/ThirdPersonExampleMap.ThirdPersonExampleMap:PersistentLevel.RenderToTexture_Pawn_C_0
	Function /Engine/ArtTools/RenderToTexture/Blueprints/RenderToTexture_Pawn.RenderToTexture_Pawn_C:ExecuteUbergraph_RenderToTexture_Pawn:18AE
[2020.10.06-06.56.16:929][ 45]LogScript: Warning: Script call stack:
	Function /Engine/ArtTools/RenderToTexture/Blueprints/RenderToTexture_Pawn.RenderToTexture_Pawn_C:ExecuteUbergraph_RenderToTexture_Pawn

[2020.10.06-06.56.16:929][ 45]LogScript: Warning: Script Msg: Attempted to access index 0 from array 'CallFunc_GetAllActorsOfClass_OutActors' of length 0 in '/Engine/ArtTools/RenderToTexture/Blueprints/RenderToTexture_Pawn.RenderToTexture_Pawn_C:ExecuteUbergraph_RenderToTexture_Pawn'!
[2020.10.06-06.56.16:929][ 45]LogScript: Warning: Accessed None trying to read property CallFunc_Array_Get_Item
	RenderToTexture_Pawn_C /Game/ThirdPersonBP/Maps/ThirdPersonExampleMap.ThirdPersonExampleMap:PersistentLevel.RenderToTexture_Pawn_C_0
	Function /Engine/ArtTools/RenderToTexture/Blueprints/RenderToTexture_Pawn.RenderToTexture_Pawn_C:ExecuteUbergraph_RenderToTexture_Pawn:190B
[2020.10.06-06.56.16:929][ 45]LogScript: Warning: Script call stack:
	Function /Engine/ArtTools/RenderToTexture/Blueprints/RenderToTexture_Pawn.RenderToTexture_Pawn_C:ExecuteUbergraph_RenderToTexture_Pawn

[2020.10.06-06.56.16:929][ 45]r.BufferVisualizationDumpFramesAsHDR = "0"
[2020.10.06-06.56.17:014][ 47]LogScript: Warning: Script Msg: Attempted to access index 0 from array 'CallFunc_GetAllActorsOfClass_OutActors' of length 0 in '/Engine/ArtTools/RenderToTexture/Blueprints/RenderToTexture_Pawn.RenderToTexture_Pawn_C:ExecuteUbergraph_RenderToTexture_Pawn'!
[2020.10.06-06.56.17:014][ 47]LogScript: Warning: Script Msg: Attempted to access index 0 from array 'CallFunc_GetAllActorsOfClass_OutActors' of length 0 in '/Engine/ArtTools/RenderToTexture/Blueprints/RenderToTexture_Pawn.RenderToTexture_Pawn_C:ExecuteUbergraph_RenderToTexture_Pawn'!
[2020.10.06-06.56.17:014][ 47]LogScript: Warning: Accessed None trying to read property CallFunc_Array_Get_Item
	RenderToTexture_Pawn_C /Game/ThirdPersonBP/Maps/ThirdPersonExampleMap.ThirdPersonExampleMap:PersistentLevel.RenderToTexture_Pawn_C_1
	Function /Engine/ArtTools/RenderToTexture/Blueprints/RenderToTexture_Pawn.RenderToTexture_Pawn_C:ExecuteUbergraph_RenderToTexture_Pawn:16F0
[2020.10.06-06.56.17:014][ 47]LogScript: Warning: Script call stack:
	Function /Engine/ArtTools/RenderToTexture/Blueprints/RenderToTexture_Pawn.RenderToTexture_Pawn_C:ExecuteUbergraph_RenderToTexture_Pawn

[2020.10.06-06.56.17:014][ 47]LogScript: Warning: Script Msg: Attempted to access index 0 from array 'CallFunc_GetAllActorsOfClass_OutActors' of length 0 in '/Engine/ArtTools/RenderToTexture/Blueprints/RenderToTexture_Pawn.RenderToTexture_Pawn_C:ExecuteUbergraph_RenderToTexture_Pawn'!
[2020.10.06-06.56.17:014][ 47]LogScript: Warning: Accessed None trying to read property CallFunc_Array_Get_Item
	RenderToTexture_Pawn_C /Game/ThirdPersonBP/Maps/ThirdPersonExampleMap.ThirdPersonExampleMap:PersistentLevel.RenderToTexture_Pawn_C_1
	Function /Engine/ArtTools/RenderToTexture/Blueprints/RenderToTexture_Pawn.RenderToTexture_Pawn_C:ExecuteUbergraph_RenderToTexture_Pawn:1759
[2020.10.06-06.56.17:014][ 47]LogScript: Warning: Script call stack:
	Function /Engine/ArtTools/RenderToTexture/Blueprints/RenderToTexture_Pawn.RenderToTexture_Pawn_C:ExecuteUbergraph_RenderToTexture_Pawn

[2020.10.06-06.56.17:014][ 47]LogScript: Warning: Accessed None
	RenderToTexture_Pawn_C /Game/ThirdPersonBP/Maps/ThirdPersonExampleMap.ThirdPersonExampleMap:PersistentLevel.RenderToTexture_Pawn_C_1
	Function /Engine/ArtTools/RenderToTexture/Blueprints/RenderToTexture_Pawn.RenderToTexture_Pawn_C:ExecuteUbergraph_RenderToTexture_Pawn:176E
[2020.10.06-06.56.17:014][ 47]LogScript: Warning: Script call stack:
	Function /Engine/ArtTools/RenderToTexture/Blueprints/RenderToTexture_Pawn.RenderToTexture_Pawn_C:ExecuteUbergraph_RenderToTexture_Pawn

[2020.10.06-06.56.17:014][ 47]LogScript: Warning: Script Msg: Attempted to access index 0 from array 'CallFunc_GetAllActorsOfClass_OutActors' of length 0 in '/Engine/ArtTools/RenderToTexture/Blueprints/RenderToTexture_Pawn.RenderToTexture_Pawn_C:ExecuteUbergraph_RenderToTexture_Pawn'!
[2020.10.06-06.56.17:014][ 47]LogScript: Warning: Accessed None trying to read property CallFunc_Array_Get_Item
	RenderToTexture_Pawn_C /Game/ThirdPersonBP/Maps/ThirdPersonExampleMap.ThirdPersonExampleMap:PersistentLevel.RenderToTexture_Pawn_C_1
	Function /Engine/ArtTools/RenderToTexture/Blueprints/RenderToTexture_Pawn.RenderToTexture_Pawn_C:ExecuteUbergraph_RenderToTexture_Pawn:180C
[2020.10.06-06.56.17:015][ 47]LogScript: Warning: Script call stack:
	Function /Engine/ArtTools/RenderToTexture/Blueprints/RenderToTexture_Pawn.RenderToTexture_Pawn_C:ExecuteUbergraph_RenderToTexture_Pawn

[2020.10.06-06.56.17:015][ 47]LogScript: Warning: Accessed None
	RenderToTexture_Pawn_C /Game/ThirdPersonBP/Maps/ThirdPersonExampleMap.ThirdPersonExampleMap:PersistentLevel.RenderToTexture_Pawn_C_1
	Function /Engine/ArtTools/RenderToTexture/Blueprints/RenderToTexture_Pawn.RenderToTexture_Pawn_C:ExecuteUbergraph_RenderToTexture_Pawn:1821
[2020.10.06-06.56.17:015][ 47]LogScript: Warning: Script call stack:
	Function /Engine/ArtTools/RenderToTexture/Blueprints/RenderToTexture_Pawn.RenderToTexture_Pawn_C:ExecuteUbergraph_RenderToTexture_Pawn

[2020.10.06-06.56.17:015][ 47]r.BufferVisualizationDumpFrames = "1"
[2020.10.06-06.56.17:015][ 47]LogScript: Warning: Accessed None trying to read property Generator
	RenderToTexture_Pawn_C /Game/ThirdPersonBP/Maps/ThirdPersonExampleMap.ThirdPersonExampleMap:PersistentLevel.RenderToTexture_Pawn_C_1
	Function /Engine/ArtTools/RenderToTexture/Blueprints/RenderToTexture_Pawn.RenderToTexture_Pawn_C:ExecuteUbergraph_RenderToTexture_Pawn:18AE
[2020.10.06-06.56.17:015][ 47]LogScript: Warning: Script call stack:
	Function /Engine/ArtTools/RenderToTexture/Blueprints/RenderToTexture_Pawn.RenderToTexture_Pawn_C:ExecuteUbergraph_RenderToTexture_Pawn

[2020.10.06-06.56.17:015][ 47]LogScript: Warning: Script Msg: Attempted to access index 0 from array 'CallFunc_GetAllActorsOfClass_OutActors' of length 0 in '/Engine/ArtTools/RenderToTexture/Blueprints/RenderToTexture_Pawn.RenderToTexture_Pawn_C:ExecuteUbergraph_RenderToTexture_Pawn'!
[2020.10.06-06.56.17:015][ 47]LogScript: Warning: Accessed None trying to read property CallFunc_Array_Get_Item
	RenderToTexture_Pawn_C /Game/ThirdPersonBP/Maps/ThirdPersonExampleMap.ThirdPersonExampleMap:PersistentLevel.RenderToTexture_Pawn_C_1
	Function /Engine/ArtTools/RenderToTexture/Blueprints/RenderToTexture_Pawn.RenderToTexture_Pawn_C:ExecuteUbergraph_RenderToTexture_Pawn:190B
[2020.10.06-06.56.17:015][ 47]LogScript: Warning: Script call stack:
	Function /Engine/ArtTools/RenderToTexture/Blueprints/RenderToTexture_Pawn.RenderToTexture_Pawn_C:ExecuteUbergraph_RenderToTexture_Pawn

[2020.10.06-06.56.17:015][ 47]r.BufferVisualizationDumpFramesAsHDR = "0"
[2020.10.06-06.57.41:900][589]LogNet: UNetConnection::Cleanup: Closing open connection. [UNetConnection] RemoteAddr: 127.0.0.1:50690, Name: IpConnection_0, Driver: GameNetDriver IpNetDriver_0, IsServer: YES, PC: PlayerController_0, Owner: PlayerController_0, UniqueId: NULL:DESKTOP-R9OUND7-25996F3146E79272B7E8E8963C36AA9F
[2020.10.06-06.57.41:900][589]LogNet: UNetConnection::Close: [UNetConnection] RemoteAddr: 127.0.0.1:50690, Name: IpConnection_0, Driver: GameNetDriver IpNetDriver_0, IsServer: YES, PC: PlayerController_0, Owner: PlayerController_0, UniqueId: NULL:DESKTOP-R9OUND7-25996F3146E79272B7E8E8963C36AA9F, Channels: 14, Time: 2020.10.06-06.57.41
[2020.10.06-06.57.41:900][589]LogNet: UChannel::Close: Sending CloseBunch. ChIndex == 0. Name: [UChannel] ChIndex: 0, Closing: 0 [UNetConnection] RemoteAddr: 127.0.0.1:50690, Name: IpConnection_0, Driver: GameNetDriver IpNetDriver_0, IsServer: YES, PC: PlayerController_0, Owner: PlayerController_0, UniqueId: NULL:DESKTOP-R9OUND7-25996F3146E79272B7E8E8963C36AA9F
[2020.10.06-06.57.41:903][589]LogOnlineSession: Warning: OSS: No game present to leave for session (GameSession)
[2020.10.06-06.57.43:246][629]LogNet: UNetConnection::Cleanup: Closing open connection. [UNetConnection] RemoteAddr: 127.0.0.1:50691, Name: IpConnection_1, Driver: GameNetDriver IpNetDriver_0, IsServer: YES, PC: PlayerController_1, Owner: PlayerController_1, UniqueId: NULL:DESKTOP-R9OUND7-EFAEFC184DB738CE8641C89D5452CC91
[2020.10.06-06.57.43:246][629]LogNet: UNetConnection::Close: [UNetConnection] RemoteAddr: 127.0.0.1:50691, Name: IpConnection_1, Driver: GameNetDriver IpNetDriver_0, IsServer: YES, PC: PlayerController_1, Owner: PlayerController_1, UniqueId: NULL:DESKTOP-R9OUND7-EFAEFC184DB738CE8641C89D5452CC91, Channels: 12, Time: 2020.10.06-06.57.43
[2020.10.06-06.57.43:246][629]LogNet: UChannel::Close: Sending CloseBunch. ChIndex == 0. Name: [UChannel] ChIndex: 0, Closing: 0 [UNetConnection] RemoteAddr: 127.0.0.1:50691, Name: IpConnection_1, Driver: GameNetDriver IpNetDriver_0, IsServer: YES, PC: PlayerController_1, Owner: PlayerController_1, UniqueId: NULL:DESKTOP-R9OUND7-EFAEFC184DB738CE8641C89D5452CC91
[2020.10.06-06.57.43:246][629]LogOnlineSession: Warning: OSS: No game present to leave for session (GameSession)
